
--- Date: 2023-7-27 (Thu Jul 2023) UTC+03:00

19:22:48.936         | CreateDevice() using 'NVIDIA GeForce GTX 1650' adapter
19:22:48.936         | Adapter vendorId:                0x10de
19:22:48.936         | Adapter deviceId:                0x1f99
19:22:48.936         | Adapter driver date:             20.7.2022
19:22:48.936         | Adapter driver version:          31.00.15.1691
19:22:48.936         | Adapter dedicated video memory:  4154458112
19:22:48.936         | Adapter dedicated system memory: 0
19:22:48.936         | Adapter shared system memory:    4209512448
19:22:49.071         | NvApi initialized. Interface version: NVidia Complete Version 1.10. Driver version: 51691. Build branch: r515_00
19:22:49.740         | Driver features:
19:22:49.740         | 	DriverConcurrentCreates: true
19:22:49.740         | 	DriverCommandLists: true
19:22:49.740         | 	MapNoOverwriteOnDynamicConstantBuffer: true
19:22:49.740         | 	MapNoOverwriteOnDynamicSrv: true
19:22:49.741         | Gpu counters activated
19:22:49.741         | 
19:22:49.741         | ------------ Autodetecting defaults ------------
19:22:49.741         | OS: Windows 10 Home 22H2 (10.0.22621.1992) x64
19:22:49.741         | CPU: Intel(R) Core(TM) i5-10300H CPU @ 2.50GHz
19:22:49.741         | CPU cores: 4
19:22:49.741         | CPU threads: 8
19:22:49.741         | RAM: 8029 MB
19:22:49.741         | Memory Load: 84%
19:22:49.741         | Page File: 10219 MB used, 9285 MB available
19:22:49.741         | Log disk free space: 31.1 GB (12.83%)
19:22:49.741         | GPU: NVIDIA GeForce GTX 1650
19:22:49.741         | VRAM: 3962 MB
19:22:49.741         | Feature level: 11_1
19:22:49.741         | Auto-detected default graphics quality: [Good]
19:22:49.741         | ------------------------------------------------
19:22:49.741         | 
19:22:49.844         | CreateSwapChain(ModeDesc.Width = 1422, ModeDesc.Height = 693, BufferCount = 2, Flags = 0x802, SwapEffect = FlipSequential)
19:22:50.960         | Gpu temperature: 54
19:22:50.961         | Gpu P-State: 0
19:22:50.961         | ResizeBuffers(Width = 1422, Height = 720, Flags = 0x802)
19:22:50.975         | ChangeMode(DeviceMode(0, 0, 0, 0), BorderlessFullscreen, prevMode: Windowed)
19:22:51.016         | OutputRect: {x: 0, y: 0, width: 1920, height: 1080}
19:22:51.016         | WorkRect for reshape: {x: 0, y: 0, width: 1920, height: 1080, flags: 0}
19:22:51.019         | ResizeBuffers(Width = 1920, Height = 1080, Flags = 0x802)
19:22:51.932  WARNING| NVIDIA NGX not available on this hardware/platform., code = 0xbad00001, info: NVSDK_NGX_Result_FAIL_FeatureNotSupported
19:22:51.980         | Main view color buffer size changed to: {width: 1920, height: 1080}
19:22:56.270         | Gpu temperature: 53
19:22:56.270         | Gpu P-State: 8
19:22:57.583         | Initial settings:
    r_vsync = 0
    MainView.RenderScale = 1
    r_textureQuality = 1
    r_anisoLevel = 4
    car_skidmarks = 2
    cl_debrisQuality = 1
    cl_shellsQuality = 0
    Client.LightsQuality = 0
    Game.ImpactDecals = 1
    g_lodDistanceFactor = 100
    g_grassDensity = 0.35
    MainView.GrassMaxDistance = 300
    Client.PostEffectAntiAliasing = FxaaLow
    MainView.EnableShadows = 1
    MainView.EnableShadowsFiltering = 0
    MainView.ShadowMapResolution = 512
    MainView.LightsShadowsQuality = 1
    MainView.SSAO = 0
    Particles.RateFactorPreset = 1
    Client.UltraLowQuality = 0
    MainView.LightShaft = 1
    MainView.FSR = 0
    MainView.FSR.Sharpness = 0.2
    MainView.TAA = 0
    MainView.Sharpness = 2
    MainView.GI = 0
    MainView.SSLR = 2
    MainView.SSLR.Mode = 1
    MainView.ContactShadows = 2
    MainView.MotionBlur = 0
    MainView.MotionBlur.Intensity = 0.5
    MainView.PostProcessing.LensFlare = 1
    MainView.PostProcessing.Vignetting = 1
    MainView.DLSS.Mode = 1
    MainView.DLSS.RegularSharpness = 1

19:23:25.802         | Gpu temperature: 67
19:23:25.803         | Gpu P-State: 0
19:24:25.910         | Gpu temperature: 60
19:24:25.910         | Gpu P-State: 5
19:25:14.384         | Gpu temperature: 68
19:25:14.384         | Gpu P-State: 0
19:25:20.106         | Gpu temperature: 72
19:25:20.106         | Gpu P-State: 0
19:26:20.060         | Gpu temperature: 74
19:26:20.060         | Gpu P-State: 0
19:27:20.070         | Gpu temperature: 74
19:27:20.070         | Gpu P-State: 0
19:28:08.182         | Gpu temperature: 74
19:28:08.182         | Gpu P-State: 0
19:28:32.672         | Gpu temperature: 74
19:28:32.673         | Gpu P-State: 0
19:29:32.743         | Gpu temperature: 75
19:29:32.743         | Gpu P-State: 0
19:30:08.917         | Gpu temperature: 71
19:30:08.917         | Gpu P-State: 0
19:31:07.869         | Gpu temperature: 74
19:31:07.869         | Gpu P-State: 0
19:32:07.810         | Gpu temperature: 75
19:32:07.810         | Gpu P-State: 0
19:33:00.550         | Gpu temperature: 72
19:33:00.550         | Gpu P-State: 3
19:33:35.771         | Gpu temperature: 75
19:33:35.771         | Gpu P-State: 0
19:34:07.589         | Gpu temperature: 76
19:34:07.589         | Gpu P-State: 0
19:35:07.696         | Gpu temperature: 77
19:35:07.696         | Gpu P-State: 0
19:36:07.603         | Gpu temperature: 78
19:36:07.603         | Gpu P-State: 0
19:36:53.640         | Gpu temperature: 77
19:36:53.640         | Gpu P-State: 0
19:37:14.684         | Gpu temperature: 78
19:37:14.684         | Gpu P-State: 0
19:38:14.765         | Gpu temperature: 77
19:38:14.765         | Gpu P-State: 0
19:39:14.786         | Gpu temperature: 78
19:39:14.786         | Gpu P-State: 0
19:40:07.383         | Gpu temperature: 72
19:40:07.383         | Gpu P-State: 5
19:41:07.401         | Gpu temperature: 66
19:41:07.401         | Gpu P-State: 0
19:42:07.352         | Gpu temperature: 60
19:42:07.353         | Gpu P-State: 5
19:43:07.357         | Gpu temperature: 55
19:43:07.357         | Gpu P-State: 5
19:44:07.363         | Gpu temperature: 54
19:44:07.364         | Gpu P-State: 0
19:45:07.380         | Gpu temperature: 57
19:45:07.380         | Gpu P-State: 0
19:46:07.428         | Gpu temperature: 58
19:46:07.430         | Gpu P-State: 5
19:47:07.442         | Gpu temperature: 57
19:47:07.442         | Gpu P-State: 5
19:48:07.441         | Gpu temperature: 58
19:48:07.441         | Gpu P-State: 5
19:49:07.453         | Gpu temperature: 57
19:49:07.453         | Gpu P-State: 5
19:50:07.400         | Gpu temperature: 57
19:50:07.400         | Gpu P-State: 5
19:51:07.396         | Gpu temperature: 56
19:51:07.398         | Gpu P-State: 5
19:52:07.304         | Gpu temperature: 58
19:52:07.304         | Gpu P-State: 5
19:53:07.316         | Gpu temperature: 58
19:53:07.316         | Gpu P-State: 8
19:54:07.374         | Gpu temperature: 56
19:54:07.374         | Gpu P-State: 5
19:55:07.425         | Gpu temperature: 60
19:55:07.425         | Gpu P-State: 5
19:56:07.459         | Gpu temperature: 58
19:56:07.459         | Gpu P-State: 0
19:57:07.500         | Gpu temperature: 58
19:57:07.500         | Gpu P-State: 0
19:58:07.568         | Gpu temperature: 68
19:58:07.568         | Gpu P-State: 5
19:59:07.580         | Gpu temperature: 61
19:59:07.580         | Gpu P-State: 0
20:00:07.623         | Gpu temperature: 58
20:00:07.623         | Gpu P-State: 0
20:01:07.591         | Gpu temperature: 54
20:01:07.591         | Gpu P-State: 5
20:02:07.623         | Gpu temperature: 53
20:02:07.623         | Gpu P-State: 5
20:03:07.652         | Gpu temperature: 56
20:03:07.652         | Gpu P-State: 5
20:04:07.754         | Gpu temperature: 57
20:04:07.754         | Gpu P-State: 5
20:05:07.716         | Gpu temperature: 75
20:05:07.717         | Gpu P-State: 0
20:06:07.514         | Gpu temperature: 74
20:06:07.514         | Gpu P-State: 0
