
--- Date: 2023-7-27 (Thu Jul 2023) UTC+03:00

19:22:59.535      NET| TSConnectionManager::ChangeState: OFFLINE -> AUTHING
19:22:59.535      NET| TSAuthManager::ChangeState: OFFLINE -> AUTHING
19:23:00.027      NET| TargemService::WebApiRequest(6): https://crank.crossout.net/live/Auth/login
19:23:02.298      NET| TargemService::WebApiRequest(6): finished with e = ErrorCode::OK (status 200)
19:23:02.298      NET| TargemService::SetAvailableProtoEndpoints: soServices: ["wss://crank.crossout.net/live/AuthProtoServer"], chats: ["wss://crank.crossout.net/live/ChatServiceProtoServer"]
19:23:02.298      NET| TSAuthManager::ChangeState: AUTHING -> ONLINE
19:23:02.298      NET| TSConnectionManager::ChangeState: AUTHING -> CONNECTING
19:23:02.298      NET| chat: Connect() requested
19:23:02.298      NET| TSConnectionManager::StateCONNECTING: (re)connecting to 'wss://crank.crossout.net/live/AuthProtoServer' (of 1 options)
19:23:02.298      NET| ProtoServer::Connect: url = 'wss://crank.crossout.net/live/AuthProtoServer'
19:23:02.302      NET| chat: channel opened, waiting for connection (select addr 'wss://crank.crossout.net/live/ChatServiceProtoServer' from total 1 addrs)
19:23:02.302      NET| ProtoServer::Connect: url = 'wss://crank.crossout.net/live/ChatServiceProtoServer'
19:23:02.488      NET| ProtoServer::OnPeerConnected: |142.91.120.40:443-wss://crank.crossout.net/live/ChatServiceProtoServer@00000242811004D0(out,ws,TLS,st=1)
19:23:02.489      NET| ProtoServer::OnPeerConnected: |142.91.120.40:443-wss://crank.crossout.net/live/AuthProtoServer@0000024281100030(out,ws,TLS,st=1)
19:23:03.038      NET| ProtoServer::RenameLink: 142.91.120.40:443-wss://crank.crossout.net/live/AuthProtoServer -> cabin-lw-nl-09/auth_4
19:23:03.038      NET| ProtoServer::ProcessHandshakeHelloAck: accepting new PeerId 172.22.130.128:34132-ws-85725
19:23:03.038      NET| ProtoServer: link live|cabin-lw-nl-09/auth_4@0000024281100030(out,ws,TLS,st=4) is ready
19:23:03.038      NET| TargemService: OnPeerConnected 'live|cabin-lw-nl-09/auth_4@0000024281100030(out,ws,TLS,st=4)'
19:23:03.038      NET| TSConnectionManager::ChangeState: CONNECTING -> NEGOTIATING
19:23:03.039      NET| ProtoServer::RenameLink: 142.91.120.40:443-wss://crank.crossout.net/live/ChatServiceProtoServer -> cabin-lw-nl-13/chat_1
19:23:03.039      NET| ProtoServer::ProcessHandshakeHelloAck: accepting new PeerId 172.22.131.118:59230-ws-186024
19:23:03.039      NET| ProtoServer: link live|cabin-lw-nl-13/chat_1@00000242811004D0(out,ws,TLS,st=4) is ready
19:23:03.041      NET| chat: OnConnect(): sending authorization data
19:23:03.570      NET| chat: server authorization: ok
19:23:04.302      NET| CL_SOContainer::ReplicaHandler: got replica of live:so:RichPresence:4424378@cabin-lw-nl-09/auth_4 (~487b)
19:23:04.570      NET| CL_SOContainer::ReplicaHandler: got replica of live:so:EmoUser:4424378@cabin-lw-nl-09/auth_4 (~86Kb)
19:23:04.636      NET| CL_SOContainer::ReplicaHandler: got PARTIAL(1) replica of live:so:EmoUser:4424378@cabin-lw-nl-09/auth_4 (~26b)
19:23:04.703      NET| CL_SOContainer::ReplicaHandler: got PARTIAL(2) replica of live:so:RichPresence:4424378@cabin-lw-nl-09/auth_4 (~47b)
19:23:04.769      NET| CL_SOContainer::ReplicaHandler: got replica of live:so:Achievements:4424378@cabin-lw-nl-09/auth_4 (~5.9Kb)
19:23:04.836      NET| CL_SOContainer::ReplicaHandler: got PARTIAL(1) replica of live:so:Achievements:4424378@cabin-lw-nl-09/auth_4 (~26b)
19:23:04.923      NET| CL_SOContainer::ReplicaHandler: got replica of live:so:UserOffers:4424378@cabin-lw-nl-09/auth_4 (~121b)
19:23:04.923      NET| CL_SOContainer::ReplicaHandler: got replica of live:so:SubscriptionList:4424378@cabin-lw-nl-09/auth_4 (~208b)
19:23:04.924      NET| CL_SOContainer::ReplicaHandler: got replica of live:so:FriendList:4424378@cabin-lw-nl-09/auth_4 (~4.3Kb)
19:23:04.993      NET| CL_SOContainer::ReplicaHandler: got replica of live:so:Mailbox:4424378@cabin-lw-nl-09/auth_4 (~237b)
19:23:05.121      NET| CL_SOContainer::ReplicaHandler: got replica of live:so:UserProfile:4424378@cabin-lw-nl-09/auth_4 (~62Kb)
19:23:05.186      NET| TSConnectionManager::ChangeState: NEGOTIATING -> ONLINE
19:23:05.782      NET| CL_SOContainer::ReplicaHandler: got replica of live:so:RichPresence:13035837@cabin-lw-nl-09/auth_4 (~477b)
19:23:05.782      NET| CL_SOContainer::ReplicaHandler: got replica of live:so:RichPresence:9785583@cabin-lw-nl-09/auth_4 (~491b)
19:23:05.782      NET| CL_SOContainer::ReplicaHandler: got replica of live:so:RichPresence:3968256@cabin-lw-nl-09/auth_4 (~498b)
19:23:05.782      NET| CL_SOContainer::ReplicaHandler: got replica of live:so:RichPresence:5703146@cabin-lw-nl-09/auth_4 (~499b)
19:23:05.782      NET| CL_SOContainer::ReplicaHandler: got replica of live:so:RichPresence:9808202@cabin-lw-nl-09/auth_4 (~469b)
19:23:05.782      NET| CL_SOContainer::ReplicaHandler: got replica of live:so:RichPresence:3839373@cabin-lw-nl-09/auth_4 (~489b)
19:23:05.782      NET| CL_SOContainer::ReplicaHandler: got replica of live:so:RichPresence:11780529@cabin-lw-nl-09/auth_4 (~496b)
19:23:05.782      NET| CL_SOContainer::ReplicaHandler: got replica of live:so:RichPresence:3648744@cabin-lw-nl-09/auth_4 (~488b)
19:23:05.782      NET| CL_SOContainer::ReplicaHandler: got replica of live:so:RichPresence:1092595@cabin-lw-nl-09/auth_4 (~485b)
19:23:05.782      NET| CL_SOContainer::ReplicaHandler: got replica of live:so:RichPresence:11961235@cabin-lw-nl-09/auth_4 (~494b)
19:23:05.782      NET| CL_SOContainer::ReplicaHandler: got replica of live:so:RichPresence:4925938@cabin-lw-nl-09/auth_4 (~503b)
19:23:05.783      NET| CL_SOContainer::ReplicaHandler: got replica of live:so:RichPresence:3299371@cabin-lw-nl-09/auth_4 (~468b)
19:23:05.822      NET| CL_SOContainer::ReplicaHandler: got replica of live:so:RichPresence:7585151@cabin-lw-nl-09/auth_4 (~470b)
19:23:05.822      NET| CL_SOContainer::ReplicaHandler: got replica of live:so:RichPresence:1128853@cabin-lw-nl-09/auth_4 (~505b)
19:23:05.822      NET| CL_SOContainer::ReplicaHandler: got replica of live:so:RichPresence:1423449@cabin-lw-nl-09/auth_4 (~486b)
19:23:05.822      NET| CL_SOContainer::ReplicaHandler: got replica of live:so:RichPresence:5233487@cabin-lw-nl-09/auth_4 (~492b)
19:23:05.889      NET| CL_SOContainer::ReplicaHandler: got replica of live:so:RichPresence:6471644@cabin-lw-nl-09/auth_4 (~462b)
19:23:05.889      NET| CL_SOContainer::ReplicaHandler: got replica of live:so:RichPresence:6928978@cabin-lw-nl-09/auth_4 (~529b)
19:23:05.889      NET| CL_SOContainer::ReplicaHandler: got replica of live:so:RichPresence:10704968@cabin-lw-nl-09/auth_4 (~496b)
19:23:05.889      NET| CL_SOContainer::ReplicaHandler: got replica of live:so:RichPresence:11660614@cabin-lw-nl-09/auth_4 (~498b)
19:23:05.889      NET| CL_SOContainer::ReplicaHandler: got replica of live:so:RichPresence:9081862@cabin-lw-nl-09/auth_4 (~503b)
19:23:05.889      NET| CL_SOContainer::ReplicaHandler: got replica of live:so:RichPresence:1430273@cabin-lw-nl-09/auth_4 (~480b)
19:23:05.889      NET| CL_SOContainer::ReplicaHandler: got replica of live:so:RichPresence:6265535@cabin-lw-nl-09/auth_4 (~481b)
19:23:05.889      NET| CL_SOContainer::ReplicaHandler: got replica of live:so:RichPresence:8322821@cabin-lw-nl-09/auth_4 (~488b)
19:23:05.889      NET| CL_SOContainer::ReplicaHandler: got replica of live:so:RichPresence:7390116@cabin-lw-nl-09/auth_4 (~467b)
19:23:05.889      NET| CL_SOContainer::ReplicaHandler: got replica of live:so:RichPresence:2599753@cabin-lw-nl-09/auth_4 (~480b)
19:23:05.889      NET| CL_SOContainer::ReplicaHandler: got replica of live:so:RichPresence:6656432@cabin-lw-nl-09/auth_4 (~471b)
19:23:05.889      NET| CL_SOContainer::ReplicaHandler: got replica of live:so:RichPresence:5193768@cabin-lw-nl-09/auth_4 (~477b)
19:23:05.889      NET| CL_SOContainer::ReplicaHandler: got replica of live:so:RichPresence:4384745@cabin-lw-nl-09/auth_4 (~488b)
19:23:05.889      NET| CL_SOContainer::ReplicaHandler: got replica of live:so:RichPresence:7211359@cabin-lw-nl-09/auth_4 (~477b)
19:23:05.985      NET| CL_SOContainer::ReplicaHandler: got replica of live:so:RichPresence:11464769@cabin-lw-nl-09/auth_4 (~481b)
19:23:05.985      NET| CL_SOContainer::ReplicaHandler: got replica of live:so:RichPresence:6924792@cabin-lw-nl-09/auth_4 (~473b)
19:23:05.985      NET| CL_SOContainer::ReplicaHandler: got replica of live:so:RichPresence:7080235@cabin-lw-nl-09/auth_4 (~472b)
19:23:05.985      NET| CL_SOContainer::ReplicaHandler: got replica of live:so:RichPresence:56376@cabin-lw-nl-09/auth_4 (~479b)
19:23:05.985      NET| CL_SOContainer::ReplicaHandler: got replica of live:so:RichPresence:7349533@cabin-lw-nl-09/auth_4 (~480b)
19:23:05.985      NET| CL_SOContainer::ReplicaHandler: got replica of live:so:RichPresence:1006085@cabin-lw-nl-09/auth_4 (~469b)
19:23:05.985      NET| CL_SOContainer::ReplicaHandler: got replica of live:so:RichPresence:1650487@cabin-lw-nl-09/auth_4 (~491b)
19:23:05.985      NET| CL_SOContainer::ReplicaHandler: got replica of live:so:RichPresence:3027709@cabin-lw-nl-09/auth_4 (~483b)
19:23:05.985      NET| CL_SOContainer::ReplicaHandler: got replica of live:so:RichPresence:2537492@cabin-lw-nl-09/auth_4 (~482b)
19:23:05.985      NET| CL_SOContainer::ReplicaHandler: got replica of live:so:RichPresence:6362242@cabin-lw-nl-09/auth_4 (~483b)
19:23:05.985      NET| CL_SOContainer::ReplicaHandler: got replica of live:so:RichPresence:61435@cabin-lw-nl-09/auth_4 (~454b)
19:23:05.985      NET| CL_SOContainer::ReplicaHandler: got replica of live:so:RichPresence:4309561@cabin-lw-nl-09/auth_4 (~506b)
19:23:05.985      NET| CL_SOContainer::ReplicaHandler: got replica of live:so:RichPresence:4778315@cabin-lw-nl-09/auth_4 (~474b)
19:23:05.985      NET| CL_SOContainer::ReplicaHandler: got replica of live:so:RichPresence:1188947@cabin-lw-nl-09/auth_4 (~472b)
19:23:05.985      NET| CL_SOContainer::ReplicaHandler: got replica of live:so:RichPresence:10483801@cabin-lw-nl-09/auth_4 (~495b)
19:23:05.985      NET| CL_SOContainer::ReplicaHandler: got replica of live:so:RichPresence:11885615@cabin-lw-nl-09/auth_4 (~495b)
19:23:05.986      NET| CL_SOContainer::ReplicaHandler: got replica of live:so:RichPresence:5639886@cabin-lw-nl-09/auth_4 (~486b)
19:23:05.986      NET| CL_SOContainer::ReplicaHandler: got replica of live:so:RichPresence:11020632@cabin-lw-nl-09/auth_4 (~472b)
19:23:05.986      NET| CL_SOContainer::ReplicaHandler: got replica of live:so:RichPresence:8217368@cabin-lw-nl-09/auth_4 (~455b)
19:23:05.986      NET| CL_SOContainer::ReplicaHandler: got replica of live:so:RichPresence:9396343@cabin-lw-nl-09/auth_4 (~493b)
19:23:06.019      NET| CL_SOContainer::ReplicaHandler: got replica of live:so:RichPresence:9600177@cabin-lw-nl-09/auth_4 (~478b)
19:23:06.019      NET| CL_SOContainer::ReplicaHandler: got replica of live:so:RichPresence:11091037@cabin-lw-nl-09/auth_4 (~490b)
19:23:06.019      NET| CL_SOContainer::ReplicaHandler: got replica of live:so:RichPresence:3592923@cabin-lw-nl-09/auth_4 (~469b)
19:23:06.413      NET| CL_SOContainer::ReplicaHandler: got replica of live:so:RichPresence:4404333@cabin-lw-nl-09/auth_4 (~504b)
19:23:06.413      NET| CL_SOContainer::ReplicaHandler: got replica of live:so:RichPresence:6962172@cabin-lw-nl-09/auth_4 (~486b)
19:23:06.413      NET| CL_SOContainer::ReplicaHandler: got replica of live:so:RichPresence:2714878@cabin-lw-nl-09/auth_4 (~453b)
19:23:06.413      NET| CL_SOContainer::ReplicaHandler: got replica of live:so:RichPresence:11086268@cabin-lw-nl-09/auth_4 (~472b)
19:23:06.413      NET| CL_SOContainer::ReplicaHandler: got replica of live:so:RichPresence:10471556@cabin-lw-nl-09/auth_4 (~482b)
19:23:06.413      NET| CL_SOContainer::ReplicaHandler: got replica of live:so:RichPresence:7399909@cabin-lw-nl-09/auth_4 (~479b)
19:23:06.413      NET| CL_SOContainer::ReplicaHandler: got replica of live:so:RichPresence:2574699@cabin-lw-nl-09/auth_4 (~467b)
19:23:06.413      NET| CL_SOContainer::ReplicaHandler: got replica of live:so:RichPresence:7617264@cabin-lw-nl-09/auth_4 (~473b)
19:23:06.447      NET| CL_SOContainer::ReplicaHandler: got replica of live:so:RichPresence:2907156@cabin-lw-nl-09/auth_4 (~478b)
19:23:06.448      NET| CL_SOContainer::ReplicaHandler: got replica of live:so:RichPresence:3431885@cabin-lw-nl-09/auth_4 (~488b)
19:23:06.448      NET| CL_SOContainer::ReplicaHandler: got replica of live:so:RichPresence:12110010@cabin-lw-nl-09/auth_4 (~508b)
19:23:06.448      NET| CL_SOContainer::ReplicaHandler: got replica of live:so:RichPresence:2579964@cabin-lw-nl-09/auth_4 (~483b)
19:23:06.448      NET| CL_SOContainer::ReplicaHandler: got replica of live:so:RichPresence:3622901@cabin-lw-nl-09/auth_4 (~475b)
19:23:06.448      NET| CL_SOContainer::ReplicaHandler: got replica of live:so:RichPresence:4814328@cabin-lw-nl-09/auth_4 (~473b)
19:23:06.448      NET| CL_SOContainer::ReplicaHandler: got replica of live:so:RichPresence:7455785@cabin-lw-nl-09/auth_4 (~475b)
19:23:06.448      NET| CL_SOContainer::ReplicaHandler: got replica of live:so:RichPresence:4159658@cabin-lw-nl-09/auth_4 (~475b)
19:23:06.448      NET| CL_SOContainer::ReplicaHandler: got replica of live:so:RichPresence:9336852@cabin-lw-nl-09/auth_4 (~494b)
19:23:06.448      NET| CL_SOContainer::ReplicaHandler: got replica of live:so:RichPresence:11813610@cabin-lw-nl-09/auth_4 (~487b)
19:23:06.448      NET| CL_SOContainer::ReplicaHandler: got replica of live:so:RichPresence:1324121@cabin-lw-nl-09/auth_4 (~462b)
19:23:06.448      NET| CL_SOContainer::ReplicaHandler: got replica of live:so:RichPresence:7120042@cabin-lw-nl-09/auth_4 (~466b)
19:23:08.824      NET| CL_SOContainer::ReplicaHandler: got PARTIAL(3) replica of live:so:SubscriptionList:4424378@cabin-lw-nl-09/auth_4 (~37b)
19:23:09.693      NET| CL_SOContainer::ReplicaHandler: got PARTIAL(1) replica of live:so:EmoUser:4424378@cabin-lw-nl-09/auth_4 (~142b)
19:23:30.743      NET| CL_SOContainer::ReplicaHandler: got PARTIAL(2) replica of live:so:RichPresence:11780529@cabin-lw-nl-09/auth_4 (~47b)
19:23:32.698      NET| CL_SOContainer::ReplicaHandler: got PARTIAL(1) replica of live:so:RichPresence:11780529@cabin-lw-nl-09/auth_4 (~24b)
19:23:32.899      NET| CL_SOContainer::ReplicaHandler: got PARTIAL(1) replica of live:so:RichPresence:11780529@cabin-lw-nl-09/auth_4 (~24b)
19:23:33.498      NET| CL_SOContainer::ReplicaHandler: got PARTIAL(1) replica of live:so:RichPresence:11780529@cabin-lw-nl-09/auth_4 (~24b)
19:24:50.955      NET| CL_SOContainer::ReplicaHandler: got PARTIAL(2) replica of live:so:RichPresence:7390116@cabin-lw-nl-09/auth_4 (~47b)
19:24:53.689      NET| CL_SOContainer::ReplicaHandler: got PARTIAL(1) replica of live:so:RichPresence:7390116@cabin-lw-nl-09/auth_4 (~24b)
19:24:55.089      NET| CL_SOContainer::ReplicaHandler: got PARTIAL(2) replica of live:so:RichPresence:11780529@cabin-lw-nl-09/auth_4 (~47b)
19:24:56.689      NET| CL_SOContainer::ReplicaHandler: got PARTIAL(1) replica of live:so:RichPresence:11780529@cabin-lw-nl-09/auth_4 (~24b)
19:24:59.112      NET| CL_SOContainer::ReplicaHandler: got PARTIAL(1) replica of live:so:RichPresence:7390116@cabin-lw-nl-09/auth_4 (~24b)
19:24:59.572      NET| CL_SOContainer::ReplicaHandler: got PARTIAL(1) replica of live:so:RichPresence:7390116@cabin-lw-nl-09/auth_4 (~24b)
19:25:01.716      NET| CL_SOContainer::ReplicaHandler: got PARTIAL(2) replica of live:so:RichPresence:4424378@cabin-lw-nl-09/auth_4 (~47b)
19:25:03.514      NET| CL_SOContainer::ReplicaHandler: got replica of live:so:UserProfile:9081862@cabin-lw-nl-09/auth_4 (~58Kb)
19:25:05.503      NET| CL_SOContainer::ReplicaHandler: got PARTIAL(1) replica of live:so:RichPresence:11780529@cabin-lw-nl-09/auth_4 (~24b)
19:25:06.135      NET| CL_SOContainer::ReplicaHandler: got PARTIAL(1) replica of live:so:RichPresence:11780529@cabin-lw-nl-09/auth_4 (~24b)
19:25:12.886      NET| CL_SOContainer::ReplicaHandler: got PARTIAL(1) replica of live:so:RichPresence:4424378@cabin-lw-nl-09/auth_4 (~24b)
19:25:13.649      NET| CL_SOContainer::ReplicaHandler: got PARTIAL(1) replica of live:so:RichPresence:4424378@cabin-lw-nl-09/auth_4 (~24b)
19:25:15.257      NET| CL_SOContainer::ReplicaHandler: got replica of live:so:RichPresence:13547490@cabin-lw-nl-09/auth_4 (~464b)
19:25:15.257      NET| CL_SOContainer::ReplicaHandler: got replica of live:so:RichPresence:5135756@cabin-lw-nl-09/auth_4 (~475b)
19:25:15.257      NET| CL_SOContainer::ReplicaHandler: got replica of live:so:RichPresence:1848045@cabin-lw-nl-09/auth_4 (~464b)
19:25:15.257      NET| CL_SOContainer::ReplicaHandler: got replica of live:so:RichPresence:2459403@cabin-lw-nl-09/auth_4 (~492b)
19:25:15.257      NET| CL_SOContainer::ReplicaHandler: got replica of live:so:RichPresence:1365484@cabin-lw-nl-09/auth_4 (~482b)
19:25:15.257      NET| CL_SOContainer::ReplicaHandler: got replica of live:so:RichPresence:6345971@cabin-lw-nl-09/auth_4 (~505b)
19:25:15.481      NET| CL_SOContainer::ReplicaHandler: got PARTIAL(1) replica of live:so:RichPresence:13547490@cabin-lw-nl-09/auth_4 (~24b)
19:25:15.558      NET| CL_SOContainer::ReplicaHandler: got replica of live:so:RichPresence:2330989@cabin-lw-nl-09/auth_4 (~476b)
19:25:15.558      NET| CL_SOContainer::ReplicaHandler: got replica of live:so:RichPresence:10795296@cabin-lw-nl-09/auth_4 (~478b)
19:25:15.609      NET| CL_SOContainer::ReplicaHandler: got replica of live:so:RichPresence:4460668@cabin-lw-nl-09/auth_4 (~459b)
19:25:15.609      NET| CL_SOContainer::ReplicaHandler: got replica of live:so:RichPresence:4936942@cabin-lw-nl-09/auth_4 (~486b)
19:25:15.609      NET| CL_SOContainer::ReplicaHandler: got replica of live:so:RichPresence:3661804@cabin-lw-nl-09/auth_4 (~474b)
19:25:15.638      NET| CL_SOContainer::ReplicaHandler: got PARTIAL(1) replica of live:so:RichPresence:1365484@cabin-lw-nl-09/auth_4 (~24b)
19:25:15.718      NET| CL_SOContainer::ReplicaHandler: got PARTIAL(1) replica of live:so:RichPresence:1848045@cabin-lw-nl-09/auth_4 (~24b)
19:25:20.595      NET| CL_SOContainer::ReplicaHandler: got replica of live:so:RichPresence:12642724@cabin-lw-nl-09/auth_4 (~484b)
19:25:20.636      NET| CL_SOContainer::ReplicaHandler: got PARTIAL(1) replica of live:so:RichPresence:12642724@cabin-lw-nl-09/auth_4 (~24b)
19:25:20.926      NET| CL_SOContainer::ReplicaHandler: got PARTIAL(1) replica of live:so:RichPresence:12642724@cabin-lw-nl-09/auth_4 (~24b)
19:25:21.077      NET| CL_SOContainer::ReplicaHandler: got replica of live:so:RichPresence:3981505@cabin-lw-nl-09/auth_4 (~469b)
19:25:21.260      NET| CL_SOContainer::ReplicaHandler: got PARTIAL(1) replica of live:so:RichPresence:3981505@cabin-lw-nl-09/auth_4 (~24b)
19:25:21.367      NET| CL_SOContainer::ReplicaHandler: got PARTIAL(1) replica of live:so:RichPresence:12642724@cabin-lw-nl-09/auth_4 (~24b)
19:25:50.487      NET| CL_SOContainer::ReplicaHandler: got PARTIAL(1) replica of live:so:UserProfile:4424378@cabin-lw-nl-09/auth_4 (~85b)
19:25:50.874      NET| CL_SOContainer::ReplicaHandler: got PARTIAL(1) replica of live:so:EmoUser:4424378@cabin-lw-nl-09/auth_4 (~400b)
19:26:31.019      NET| CL_SOContainer::ReplicaHandler: got PARTIAL(1) replica of live:so:UserProfile:4424378@cabin-lw-nl-09/auth_4 (~64b)
19:26:32.788      NET| CL_SOContainer::ReplicaHandler: got PARTIAL(1) replica of live:so:UserProfile:4424378@cabin-lw-nl-09/auth_4 (~109b)
19:26:51.605      NET| CL_SOContainer::ReplicaHandler: got PARTIAL(1) replica of live:so:UserProfile:4424378@cabin-lw-nl-09/auth_4 (~64b)
19:27:06.585      NET| CL_SOContainer::ReplicaHandler: got PARTIAL(2) replica of live:so:RichPresence:11780529@cabin-lw-nl-09/auth_4 (~47b)
19:27:09.695      NET| CL_SOContainer::ReplicaHandler: got PARTIAL(1) replica of live:so:RichPresence:11780529@cabin-lw-nl-09/auth_4 (~24b)
19:27:14.282      NET| CL_SOContainer::ReplicaHandler: got PARTIAL(1) replica of live:so:RichPresence:11780529@cabin-lw-nl-09/auth_4 (~24b)
19:27:14.976      NET| CL_SOContainer::ReplicaHandler: got PARTIAL(1) replica of live:so:RichPresence:11780529@cabin-lw-nl-09/auth_4 (~24b)
19:27:16.735      NET| CL_SOContainer::ReplicaHandler: got PARTIAL(1) replica of live:so:UserProfile:4424378@cabin-lw-nl-09/auth_4 (~136b)
19:27:36.805      NET| CL_SOContainer::ReplicaHandler: got PARTIAL(1) replica of live:so:UserProfile:4424378@cabin-lw-nl-09/auth_4 (~64b)
19:27:37.927      NET| CL_SOContainer::ReplicaHandler: got PARTIAL(1) replica of live:so:UserProfile:4424378@cabin-lw-nl-09/auth_4 (~95b)
19:27:56.456      NET| CL_SOContainer::ReplicaHandler: got replica of live:so:RichPresence:1848045@cabin-lw-nl-09/auth_4 (~464b)
19:27:56.456      NET| CL_SOContainer::ReplicaHandler: got replica of live:so:RichPresence:2459403@cabin-lw-nl-09/auth_4 (~492b)
19:27:56.456      NET| CL_SOContainer::ReplicaHandler: got replica of live:so:RichPresence:1365484@cabin-lw-nl-09/auth_4 (~482b)
19:27:56.456      NET| CL_SOContainer::ReplicaHandler: got replica of live:so:RichPresence:6345971@cabin-lw-nl-09/auth_4 (~505b)
19:27:56.615      NET| CL_SOContainer::ReplicaHandler: got PARTIAL(1) replica of live:so:UserProfile:4424378@cabin-lw-nl-09/auth_4 (~96b)
19:27:56.650      NET| CL_SOContainer::ReplicaHandler: got PARTIAL(1) replica of live:so:Achievements:4424378@cabin-lw-nl-09/auth_4 (~66b)
19:27:56.650      NET| CL_SOContainer::ReplicaHandler: got PARTIAL(9) replica of live:so:EmoUser:4424378@cabin-lw-nl-09/auth_4 (~541b)
19:27:56.730      NET| CL_SOContainer::ReplicaHandler: got replica of live:so:RichPresence:4460668@cabin-lw-nl-09/auth_4 (~459b)
19:27:56.731      NET| CL_SOContainer::ReplicaHandler: got replica of live:so:RichPresence:13547490@cabin-lw-nl-09/auth_4 (~464b)
19:27:56.731      NET| CL_SOContainer::ReplicaHandler: got replica of live:so:RichPresence:4936942@cabin-lw-nl-09/auth_4 (~486b)
19:27:56.731      NET| CL_SOContainer::ReplicaHandler: got replica of live:so:RichPresence:12642724@cabin-lw-nl-09/auth_4 (~484b)
19:27:56.731      NET| CL_SOContainer::ReplicaHandler: got replica of live:so:RichPresence:3981505@cabin-lw-nl-09/auth_4 (~469b)
19:27:56.731      NET| CL_SOContainer::ReplicaHandler: got replica of live:so:RichPresence:3661804@cabin-lw-nl-09/auth_4 (~474b)
19:27:56.731      NET| CL_SOContainer::ReplicaHandler: got replica of live:so:RichPresence:5135756@cabin-lw-nl-09/auth_4 (~475b)
19:27:56.731      NET| CL_SOContainer::ReplicaHandler: got replica of live:so:RichPresence:10795296@cabin-lw-nl-09/auth_4 (~478b)
19:27:56.731      NET| CL_SOContainer::ReplicaHandler: got replica of live:so:RichPresence:2330989@cabin-lw-nl-09/auth_4 (~476b)
19:27:57.121      NET| CL_SOContainer::ReplicaHandler: got PARTIAL(6) replica of live:so:UserProfile:4424378@cabin-lw-nl-09/auth_4 (~739b)
19:27:59.772      NET| CL_SOContainer::ReplicaHandler: got PARTIAL(2) replica of live:so:RichPresence:2459403@cabin-lw-nl-09/auth_4 (~47b)
19:28:02.468      NET| CL_SOContainer::ReplicaHandler: got PARTIAL(2) replica of live:so:RichPresence:1848045@cabin-lw-nl-09/auth_4 (~47b)
19:28:02.613      NET| CL_SOContainer::ReplicaHandler: got PARTIAL(2) replica of live:so:RichPresence:3981505@cabin-lw-nl-09/auth_4 (~47b)
19:28:02.694      NET| CL_SOContainer::ReplicaHandler: got PARTIAL(1) replica of live:so:RichPresence:2459403@cabin-lw-nl-09/auth_4 (~24b)
19:28:02.808      NET| CL_SOContainer::ReplicaHandler: got PARTIAL(2) replica of live:so:RichPresence:12642724@cabin-lw-nl-09/auth_4 (~47b)
19:28:02.842      NET| CL_SOContainer::ReplicaHandler: got PARTIAL(2) replica of live:so:RichPresence:13547490@cabin-lw-nl-09/auth_4 (~47b)
19:28:02.842      NET| CL_SOContainer::ReplicaHandler: got PARTIAL(1) replica of live:so:RichPresence:2459403@cabin-lw-nl-09/auth_4 (~24b)
19:28:03.345      NET| CL_SOContainer::ReplicaHandler: got PARTIAL(1) replica of live:so:RichPresence:2459403@cabin-lw-nl-09/auth_4 (~24b)
19:28:03.699      NET| CL_SOContainer::ReplicaHandler: got PARTIAL(2) replica of live:so:RichPresence:2330989@cabin-lw-nl-09/auth_4 (~47b)
19:28:04.115      NET| CL_SOContainer::ReplicaHandler: got PARTIAL(2) replica of live:so:RichPresence:10795296@cabin-lw-nl-09/auth_4 (~47b)
19:28:04.115      NET| CL_SOContainer::ReplicaHandler: got PARTIAL(2) replica of live:so:RichPresence:6345971@cabin-lw-nl-09/auth_4 (~47b)
19:28:04.644      NET| CL_SOContainer::ReplicaHandler: got PARTIAL(2) replica of live:so:RichPresence:1365484@cabin-lw-nl-09/auth_4 (~47b)
19:28:04.680      NET| CL_SOContainer::ReplicaHandler: got PARTIAL(2) replica of live:so:RichPresence:4424378@cabin-lw-nl-09/auth_4 (~47b)
19:28:04.751      NET| CL_SOContainer::ReplicaHandler: got PARTIAL(1) replica of live:so:RichPresence:3981505@cabin-lw-nl-09/auth_4 (~24b)
19:28:05.006      NET| CL_SOContainer::ReplicaHandler: got PARTIAL(2) replica of live:so:RichPresence:4460668@cabin-lw-nl-09/auth_4 (~47b)
19:28:05.072      NET| CL_SOContainer::ReplicaHandler: got PARTIAL(1) replica of live:so:RichPresence:13547490@cabin-lw-nl-09/auth_4 (~24b)
19:28:05.072      NET| CL_SOContainer::ReplicaHandler: got PARTIAL(1) replica of live:so:RichPresence:12642724@cabin-lw-nl-09/auth_4 (~24b)
19:28:05.339      NET| CL_SOContainer::ReplicaHandler: got PARTIAL(2) replica of live:so:RichPresence:4936942@cabin-lw-nl-09/auth_4 (~47b)
19:28:05.712      NET| CL_SOContainer::ReplicaHandler: got PARTIAL(3) replica of live:so:SubscriptionList:4424378@cabin-lw-nl-09/auth_4 (~37b)
19:28:06.706      NET| CL_SOContainer::ReplicaHandler: got PARTIAL(1) replica of live:so:RichPresence:4424378@cabin-lw-nl-09/auth_4 (~24b)
19:28:06.745      NET| CL_SOContainer::ReplicaHandler: got PARTIAL(1) replica of live:so:RichPresence:10795296@cabin-lw-nl-09/auth_4 (~24b)
19:28:06.749      NET| CL_SOContainer::ReplicaHandler: got PARTIAL(1) replica of live:so:RichPresence:2330989@cabin-lw-nl-09/auth_4 (~24b)
19:28:06.775      NET| CL_SOContainer::ReplicaHandler: got PARTIAL(1) replica of live:so:RichPresence:6345971@cabin-lw-nl-09/auth_4 (~24b)
19:28:06.928      NET| CL_SOContainer::ReplicaHandler: got PARTIAL(1) replica of live:so:RichPresence:6345971@cabin-lw-nl-09/auth_4 (~24b)
19:28:06.931      NET| CL_SOContainer::ReplicaHandler: got PARTIAL(1) replica of live:so:RichPresence:4424378@cabin-lw-nl-09/auth_4 (~24b)
19:28:07.507      NET| CL_SOContainer::ReplicaHandler: got PARTIAL(1) replica of live:so:RichPresence:6345971@cabin-lw-nl-09/auth_4 (~24b)
19:28:07.695      NET| CL_SOContainer::ReplicaHandler: got PARTIAL(1) replica of live:so:RichPresence:4424378@cabin-lw-nl-09/auth_4 (~24b)
19:28:07.764      NET| CL_SOContainer::ReplicaHandler: got PARTIAL(1) replica of live:so:RichPresence:4460668@cabin-lw-nl-09/auth_4 (~24b)
19:28:08.620      NET| CL_SOContainer::ReplicaHandler: got PARTIAL(1) replica of live:so:RichPresence:3981505@cabin-lw-nl-09/auth_4 (~24b)
19:28:08.653      NET| CL_SOContainer::ReplicaHandler: got PARTIAL(1) replica of live:so:RichPresence:4460668@cabin-lw-nl-09/auth_4 (~24b)
19:28:08.962      NET| CL_SOContainer::ReplicaHandler: got replica of live:so:RichPresence:13361570@cabin-lw-nl-09/auth_4 (~472b)
19:28:08.962      NET| CL_SOContainer::ReplicaHandler: got replica of live:so:RichPresence:12287811@cabin-lw-nl-09/auth_4 (~465b)
19:28:08.963      NET| CL_SOContainer::ReplicaHandler: got replica of live:so:RichPresence:13363438@cabin-lw-nl-09/auth_4 (~463b)
19:28:08.963      NET| CL_SOContainer::ReplicaHandler: got replica of live:so:RichPresence:3886580@cabin-lw-nl-09/auth_4 (~471b)
19:28:08.963      NET| CL_SOContainer::ReplicaHandler: got replica of live:so:RichPresence:11209675@cabin-lw-nl-09/auth_4 (~499b)
19:28:08.963      NET| CL_SOContainer::ReplicaHandler: got replica of live:so:RichPresence:12919922@cabin-lw-nl-09/auth_4 (~495b)
19:28:08.963      NET| CL_SOContainer::ReplicaHandler: got replica of live:so:RichPresence:77934@cabin-lw-nl-09/auth_4 (~483b)
19:28:08.963      NET| CL_SOContainer::ReplicaHandler: got replica of live:so:RichPresence:8454876@cabin-lw-nl-09/auth_4 (~467b)
19:28:08.963      NET| CL_SOContainer::ReplicaHandler: got replica of live:so:RichPresence:12737972@cabin-lw-nl-09/auth_4 (~482b)
19:28:09.028      NET| CL_SOContainer::ReplicaHandler: got PARTIAL(1) replica of live:so:RichPresence:3981505@cabin-lw-nl-09/auth_4 (~24b)
19:28:09.162      NET| CL_SOContainer::ReplicaHandler: got PARTIAL(1) replica of live:so:RichPresence:4460668@cabin-lw-nl-09/auth_4 (~24b)
19:28:14.362      NET| CL_SOContainer::ReplicaHandler: got PARTIAL(2) replica of live:so:RichPresence:7390116@cabin-lw-nl-09/auth_4 (~47b)
19:28:17.676      NET| CL_SOContainer::ReplicaHandler: got PARTIAL(1) replica of live:so:RichPresence:7390116@cabin-lw-nl-09/auth_4 (~24b)
19:28:18.042      NET| CL_SOContainer::ReplicaHandler: got PARTIAL(1) replica of live:so:RichPresence:7390116@cabin-lw-nl-09/auth_4 (~24b)
19:28:19.078      NET| CL_SOContainer::ReplicaHandler: got PARTIAL(1) replica of live:so:RichPresence:2330989@cabin-lw-nl-09/auth_4 (~27b)
19:28:20.046      NET| CL_SOContainer::ReplicaHandler: got PARTIAL(1) replica of live:so:RichPresence:10795296@cabin-lw-nl-09/auth_4 (~27b)
19:28:20.363      NET| CL_SOContainer::ReplicaHandler: got PARTIAL(2) replica of live:so:RichPresence:7390116@cabin-lw-nl-09/auth_4 (~47b)
19:28:22.516      NET| CL_SOContainer::ReplicaHandler: got PARTIAL(2) replica of live:so:RichPresence:1365484@cabin-lw-nl-09/auth_4 (~47b)
19:28:35.054      NET| CL_SOContainer::ReplicaHandler: got PARTIAL(1) replica of live:so:RichPresence:10795296@cabin-lw-nl-09/auth_4 (~27b)
19:28:35.054      NET| CL_SOContainer::ReplicaHandler: got PARTIAL(1) replica of live:so:RichPresence:2330989@cabin-lw-nl-09/auth_4 (~27b)
19:28:51.044      NET| CL_SOContainer::ReplicaHandler: got PARTIAL(1) replica of live:so:RichPresence:2330989@cabin-lw-nl-09/auth_4 (~27b)
19:28:51.044      NET| CL_SOContainer::ReplicaHandler: got PARTIAL(1) replica of live:so:RichPresence:10795296@cabin-lw-nl-09/auth_4 (~27b)
19:28:54.353      NET| CL_SOContainer::ReplicaHandler: got PARTIAL(1) replica of live:so:RichPresence:2330989@cabin-lw-nl-09/auth_4 (~24b)
19:28:54.353      NET| CL_SOContainer::ReplicaHandler: got PARTIAL(1) replica of live:so:RichPresence:10795296@cabin-lw-nl-09/auth_4 (~24b)
19:28:54.762      NET| CL_SOContainer::ReplicaHandler: got PARTIAL(1) replica of live:so:RichPresence:10795296@cabin-lw-nl-09/auth_4 (~24b)
19:28:55.095      NET| CL_SOContainer::ReplicaHandler: got PARTIAL(1) replica of live:so:RichPresence:2330989@cabin-lw-nl-09/auth_4 (~24b)
19:29:03.305      NET| CL_SOContainer::ReplicaHandler: got PARTIAL(1) replica of live:so:UserProfile:4424378@cabin-lw-nl-09/auth_4 (~66b)
19:29:25.495      NET| CL_SOContainer::ReplicaHandler: got replica of live:so:RichPresence:4460668@cabin-lw-nl-09/auth_4 (~459b)
19:29:30.475      NET| CL_SOContainer::ReplicaHandler: got replica of live:so:RichPresence:13547490@cabin-lw-nl-09/auth_4 (~464b)
19:29:33.463      NET| CL_SOContainer::ReplicaHandler: got replica of live:so:RichPresence:13361570@cabin-lw-nl-09/auth_4 (~472b)
19:29:33.463      NET| CL_SOContainer::ReplicaHandler: got replica of live:so:RichPresence:13363438@cabin-lw-nl-09/auth_4 (~463b)
19:29:33.463      NET| CL_SOContainer::ReplicaHandler: got replica of live:so:RichPresence:6345971@cabin-lw-nl-09/auth_4 (~505b)
19:29:33.463      NET| CL_SOContainer::ReplicaHandler: got replica of live:so:RichPresence:2459403@cabin-lw-nl-09/auth_4 (~492b)
19:29:33.463      NET| CL_SOContainer::ReplicaHandler: got replica of live:so:RichPresence:8454876@cabin-lw-nl-09/auth_4 (~467b)
19:29:33.463      NET| CL_SOContainer::ReplicaHandler: got replica of live:so:RichPresence:12737972@cabin-lw-nl-09/auth_4 (~482b)
19:29:33.721      NET| CL_SOContainer::ReplicaHandler: got replica of live:so:RichPresence:11209675@cabin-lw-nl-09/auth_4 (~499b)
19:29:33.721      NET| CL_SOContainer::ReplicaHandler: got replica of live:so:RichPresence:12919922@cabin-lw-nl-09/auth_4 (~495b)
19:29:33.721      NET| CL_SOContainer::ReplicaHandler: got replica of live:so:RichPresence:3886580@cabin-lw-nl-09/auth_4 (~471b)
19:29:33.721      NET| CL_SOContainer::ReplicaHandler: got replica of live:so:RichPresence:12642724@cabin-lw-nl-09/auth_4 (~484b)
19:29:33.721      NET| CL_SOContainer::ReplicaHandler: got replica of live:so:RichPresence:3981505@cabin-lw-nl-09/auth_4 (~469b)
19:29:33.721      NET| CL_SOContainer::ReplicaHandler: got replica of live:so:RichPresence:12287811@cabin-lw-nl-09/auth_4 (~465b)
19:29:37.735      NET| CL_SOContainer::ReplicaHandler: got PARTIAL(1) replica of live:so:RichPresence:12919922@cabin-lw-nl-09/auth_4 (~24b)
19:29:38.953      NET| CL_SOContainer::ReplicaHandler: got PARTIAL(2) replica of live:so:RichPresence:12737972@cabin-lw-nl-09/auth_4 (~47b)
19:29:39.056      NET| CL_SOContainer::ReplicaHandler: got PARTIAL(2) replica of live:so:RichPresence:12737972@cabin-lw-nl-09/auth_4 (~47b)
19:29:45.070      NET| CL_SOContainer::ReplicaHandler: got PARTIAL(1) replica of live:so:RichPresence:12919922@cabin-lw-nl-09/auth_4 (~27b)
19:29:49.406      NET| CL_SOContainer::ReplicaHandler: got PARTIAL(9) replica of live:so:EmoUser:4424378@cabin-lw-nl-09/auth_4 (~520b)
19:29:49.737      NET| CL_SOContainer::ReplicaHandler: got PARTIAL(5) replica of live:so:UserProfile:4424378@cabin-lw-nl-09/auth_4 (~627b)
19:29:51.271      NET| CL_SOContainer::ReplicaHandler: got PARTIAL(2) replica of live:so:RichPresence:2459403@cabin-lw-nl-09/auth_4 (~47b)
19:29:54.671      NET| CL_SOContainer::ReplicaHandler: got PARTIAL(1) replica of live:so:RichPresence:2459403@cabin-lw-nl-09/auth_4 (~24b)
19:29:55.671      NET| CL_SOContainer::ReplicaHandler: got PARTIAL(2) replica of live:so:RichPresence:3981505@cabin-lw-nl-09/auth_4 (~47b)
19:29:55.738      NET| CL_SOContainer::ReplicaHandler: got PARTIAL(2) replica of live:so:RichPresence:13547490@cabin-lw-nl-09/auth_4 (~47b)
19:29:56.206      NET| CL_SOContainer::ReplicaHandler: got PARTIAL(2) replica of live:so:RichPresence:12642724@cabin-lw-nl-09/auth_4 (~47b)
19:29:56.471      NET| CL_SOContainer::ReplicaHandler: got PARTIAL(2) replica of live:so:RichPresence:12287811@cabin-lw-nl-09/auth_4 (~47b)
19:29:57.600      NET| CL_SOContainer::ReplicaHandler: got PARTIAL(2) replica of live:so:RichPresence:3886580@cabin-lw-nl-09/auth_4 (~47b)
19:29:57.746      NET| CL_SOContainer::ReplicaHandler: got PARTIAL(1) replica of live:so:RichPresence:3981505@cabin-lw-nl-09/auth_4 (~24b)
19:29:57.787      NET| CL_SOContainer::ReplicaHandler: got PARTIAL(1) replica of live:so:RichPresence:13547490@cabin-lw-nl-09/auth_4 (~24b)
19:29:58.174      NET| CL_SOContainer::ReplicaHandler: got PARTIAL(2) replica of live:so:RichPresence:11209675@cabin-lw-nl-09/auth_4 (~47b)
19:29:58.713      NET| CL_SOContainer::ReplicaHandler: got PARTIAL(1) replica of live:so:RichPresence:12287811@cabin-lw-nl-09/auth_4 (~24b)
19:29:58.804      NET| CL_SOContainer::ReplicaHandler: got PARTIAL(1) replica of live:so:RichPresence:12642724@cabin-lw-nl-09/auth_4 (~24b)
19:29:58.842      NET| CL_SOContainer::ReplicaHandler: got PARTIAL(2) replica of live:so:RichPresence:4424378@cabin-lw-nl-09/auth_4 (~47b)
19:29:58.876      NET| CL_SOContainer::ReplicaHandler: got PARTIAL(2) replica of live:so:RichPresence:13363438@cabin-lw-nl-09/auth_4 (~47b)
19:29:59.349      NET| CL_SOContainer::ReplicaHandler: got PARTIAL(2) replica of live:so:RichPresence:13361570@cabin-lw-nl-09/auth_4 (~47b)
19:29:59.675      NET| CL_SOContainer::ReplicaHandler: got PARTIAL(1) replica of live:so:RichPresence:3886580@cabin-lw-nl-09/auth_4 (~24b)
19:29:59.998      NET| CL_SOContainer::ReplicaHandler: got PARTIAL(3) replica of live:so:SubscriptionList:4424378@cabin-lw-nl-09/auth_4 (~37b)
19:30:00.441      NET| CL_SOContainer::ReplicaHandler: got PARTIAL(2) replica of live:so:RichPresence:6345971@cabin-lw-nl-09/auth_4 (~47b)
19:30:00.738      NET| CL_SOContainer::ReplicaHandler: got PARTIAL(1) replica of live:so:RichPresence:4424378@cabin-lw-nl-09/auth_4 (~24b)
19:30:01.040      NET| CL_SOContainer::ReplicaHandler: got PARTIAL(1) replica of live:so:RichPresence:12919922@cabin-lw-nl-09/auth_4 (~27b)
19:30:01.252      NET| CL_SOContainer::ReplicaHandler: got PARTIAL(1) replica of live:so:RichPresence:2459403@cabin-lw-nl-09/auth_4 (~24b)
19:30:01.252      NET| CL_SOContainer::ReplicaHandler: got PARTIAL(1) replica of live:so:RichPresence:3981505@cabin-lw-nl-09/auth_4 (~24b)
19:30:01.651      NET| CL_SOContainer::ReplicaHandler: got PARTIAL(1) replica of live:so:RichPresence:3981505@cabin-lw-nl-09/auth_4 (~24b)
19:30:01.717      NET| CL_SOContainer::ReplicaHandler: got PARTIAL(1) replica of live:so:RichPresence:2459403@cabin-lw-nl-09/auth_4 (~24b)
19:30:01.718      NET| CL_SOContainer::ReplicaHandler: got PARTIAL(1) replica of live:so:RichPresence:13361570@cabin-lw-nl-09/auth_4 (~24b)
19:30:01.851      NET| CL_SOContainer::ReplicaHandler: got PARTIAL(1) replica of live:so:RichPresence:13363438@cabin-lw-nl-09/auth_4 (~24b)
19:30:02.145      NET| CL_SOContainer::ReplicaHandler: got PARTIAL(2) replica of live:so:RichPresence:4460668@cabin-lw-nl-09/auth_4 (~47b)
19:30:02.545      NET| CL_SOContainer::ReplicaHandler: got PARTIAL(1) replica of live:so:RichPresence:13547490@cabin-lw-nl-09/auth_4 (~24b)
19:30:02.745      NET| CL_SOContainer::ReplicaHandler: got PARTIAL(1) replica of live:so:RichPresence:6345971@cabin-lw-nl-09/auth_4 (~24b)
19:30:04.679      NET| CL_SOContainer::ReplicaHandler: got PARTIAL(1) replica of live:so:RichPresence:4460668@cabin-lw-nl-09/auth_4 (~24b)
19:30:05.012      NET| CL_SOContainer::ReplicaHandler: got PARTIAL(1) replica of live:so:RichPresence:12642724@cabin-lw-nl-09/auth_4 (~24b)
19:30:05.479      NET| CL_SOContainer::ReplicaHandler: got PARTIAL(1) replica of live:so:RichPresence:12642724@cabin-lw-nl-09/auth_4 (~24b)
19:30:07.082      NET| CL_SOContainer::ReplicaHandler: got PARTIAL(1) replica of live:so:RichPresence:6345971@cabin-lw-nl-09/auth_4 (~24b)
19:30:07.100      NET| CL_SOContainer::ReplicaHandler: got PARTIAL(1) replica of live:so:RichPresence:13361570@cabin-lw-nl-09/auth_4 (~24b)
19:30:07.101      NET| CL_SOContainer::ReplicaHandler: got PARTIAL(1) replica of live:so:RichPresence:13363438@cabin-lw-nl-09/auth_4 (~24b)
19:30:07.278      NET| CL_SOContainer::ReplicaHandler: got PARTIAL(1) replica of live:so:RichPresence:3886580@cabin-lw-nl-09/auth_4 (~24b)
19:30:07.278      NET| CL_SOContainer::ReplicaHandler: got PARTIAL(1) replica of live:so:RichPresence:4424378@cabin-lw-nl-09/auth_4 (~24b)
19:30:07.278      NET| CL_SOContainer::ReplicaHandler: got PARTIAL(1) replica of live:so:RichPresence:12287811@cabin-lw-nl-09/auth_4 (~24b)
19:30:07.663      NET| CL_SOContainer::ReplicaHandler: got PARTIAL(1) replica of live:so:RichPresence:13361570@cabin-lw-nl-09/auth_4 (~24b)
19:30:07.663      NET| CL_SOContainer::ReplicaHandler: got PARTIAL(1) replica of live:so:RichPresence:6345971@cabin-lw-nl-09/auth_4 (~24b)
19:30:07.703      NET| CL_SOContainer::ReplicaHandler: got PARTIAL(1) replica of live:so:RichPresence:12287811@cabin-lw-nl-09/auth_4 (~24b)
19:30:07.823      NET| CL_SOContainer::ReplicaHandler: got PARTIAL(1) replica of live:so:RichPresence:13363438@cabin-lw-nl-09/auth_4 (~24b)
19:30:07.823      NET| CL_SOContainer::ReplicaHandler: got PARTIAL(1) replica of live:so:RichPresence:3886580@cabin-lw-nl-09/auth_4 (~24b)
19:30:07.990      NET| CL_SOContainer::ReplicaHandler: got PARTIAL(1) replica of live:so:RichPresence:4424378@cabin-lw-nl-09/auth_4 (~24b)
19:30:09.404      NET| CL_SOContainer::ReplicaHandler: got replica of live:so:RichPresence:9719555@cabin-lw-nl-09/auth_4 (~479b)
19:30:09.405      NET| CL_SOContainer::ReplicaHandler: got replica of live:so:RichPresence:7067575@cabin-lw-nl-09/auth_4 (~485b)
19:30:09.405      NET| CL_SOContainer::ReplicaHandler: got replica of live:so:RichPresence:5592118@cabin-lw-nl-09/auth_4 (~494b)
19:30:09.405      NET| CL_SOContainer::ReplicaHandler: got replica of live:so:RichPresence:13240586@cabin-lw-nl-09/auth_4 (~498b)
19:30:09.438      NET| CL_SOContainer::ReplicaHandler: got replica of live:so:RichPresence:13467788@cabin-lw-nl-09/auth_4 (~462b)
19:30:09.799      NET| CL_SOContainer::ReplicaHandler: got PARTIAL(1) replica of live:so:RichPresence:12919922@cabin-lw-nl-09/auth_4 (~24b)
19:30:10.761      NET| CL_SOContainer::ReplicaHandler: got PARTIAL(1) replica of live:so:RichPresence:12919922@cabin-lw-nl-09/auth_4 (~24b)
19:30:13.346      NET| CL_SOContainer::ReplicaHandler: got replica of live:so:RichPresence:7226012@cabin-lw-nl-09/auth_4 (~469b)
19:30:13.592      NET| CL_SOContainer::ReplicaHandler: got PARTIAL(1) replica of live:so:RichPresence:4460668@cabin-lw-nl-09/auth_4 (~24b)
19:30:13.889      NET| CL_SOContainer::ReplicaHandler: got PARTIAL(1) replica of live:so:RichPresence:7226012@cabin-lw-nl-09/auth_4 (~24b)
19:30:13.995      NET| CL_SOContainer::ReplicaHandler: got PARTIAL(2) replica of live:so:RichPresence:11780529@cabin-lw-nl-09/auth_4 (~47b)
19:30:14.210      NET| CL_SOContainer::ReplicaHandler: got PARTIAL(1) replica of live:so:RichPresence:4460668@cabin-lw-nl-09/auth_4 (~24b)
19:30:15.736      NET| CL_SOContainer::ReplicaHandler: got replica of live:so:RichPresence:7055969@cabin-lw-nl-09/auth_4 (~484b)
19:30:15.815      NET| CL_SOContainer::ReplicaHandler: got PARTIAL(2) replica of live:so:RichPresence:7055969@cabin-lw-nl-09/auth_4 (~47b)
19:30:15.881      NET| CL_SOContainer::ReplicaHandler: got replica of live:so:RichPresence:5460879@cabin-lw-nl-09/auth_4 (~497b)
19:30:15.988      NET| CL_SOContainer::ReplicaHandler: got PARTIAL(1) replica of live:so:RichPresence:7055969@cabin-lw-nl-09/auth_4 (~24b)
19:30:16.029      NET| CL_SOContainer::ReplicaHandler: got PARTIAL(1) replica of live:so:RichPresence:5460879@cabin-lw-nl-09/auth_4 (~24b)
19:30:16.072      NET| CL_SOContainer::ReplicaHandler: got PARTIAL(1) replica of live:so:RichPresence:5460879@cabin-lw-nl-09/auth_4 (~27b)
19:30:16.430      NET| CL_SOContainer::ReplicaHandler: got PARTIAL(1) replica of live:so:RichPresence:7055969@cabin-lw-nl-09/auth_4 (~24b)
19:30:16.938      NET| CL_SOContainer::ReplicaHandler: got PARTIAL(1) replica of live:so:RichPresence:5460879@cabin-lw-nl-09/auth_4 (~24b)
19:30:18.002      NET| CL_SOContainer::ReplicaHandler: got PARTIAL(2) replica of live:so:RichPresence:13547490@cabin-lw-nl-09/auth_4 (~47b)
19:30:19.101      NET| CL_SOContainer::ReplicaHandler: got PARTIAL(1) replica of live:so:RichPresence:13547490@cabin-lw-nl-09/auth_4 (~24b)
19:30:19.606      NET| CL_SOContainer::ReplicaHandler: got PARTIAL(1) replica of live:so:RichPresence:13547490@cabin-lw-nl-09/auth_4 (~24b)
19:31:06.005      NET| CL_SOContainer::ReplicaHandler: got PARTIAL(2) replica of live:so:RichPresence:11780529@cabin-lw-nl-09/auth_4 (~47b)
19:31:27.012      NET| CL_SOContainer::ReplicaHandler: got PARTIAL(1) replica of live:so:UserProfile:4424378@cabin-lw-nl-09/auth_4 (~64b)
19:31:31.994      NET| CL_SOContainer::ReplicaHandler: got PARTIAL(1) replica of live:so:UserProfile:4424378@cabin-lw-nl-09/auth_4 (~95b)
19:31:41.649      NET| CL_SOContainer::ReplicaHandler: got PARTIAL(1) replica of live:so:UserProfile:4424378@cabin-lw-nl-09/auth_4 (~95b)
19:31:42.499      NET| CL_SOContainer::ReplicaHandler: got PARTIAL(1) replica of live:so:UserProfile:4424378@cabin-lw-nl-09/auth_4 (~64b)
19:32:16.531      NET| CL_SOContainer::ReplicaHandler: got PARTIAL(1) replica of live:so:UserProfile:4424378@cabin-lw-nl-09/auth_4 (~82b)
19:32:40.339      NET| CL_SOContainer::ReplicaHandler: got replica of live:so:RichPresence:7055969@cabin-lw-nl-09/auth_4 (~484b)
19:32:40.340      NET| CL_SOContainer::ReplicaHandler: got replica of live:so:RichPresence:12287811@cabin-lw-nl-09/auth_4 (~465b)
19:32:40.340      NET| CL_SOContainer::ReplicaHandler: got replica of live:so:RichPresence:5592118@cabin-lw-nl-09/auth_4 (~494b)
19:32:40.623      NET| CL_SOContainer::ReplicaHandler: got replica of live:so:RichPresence:7067575@cabin-lw-nl-09/auth_4 (~485b)
19:32:40.623      NET| CL_SOContainer::ReplicaHandler: got replica of live:so:RichPresence:3886580@cabin-lw-nl-09/auth_4 (~471b)
19:32:40.623      NET| CL_SOContainer::ReplicaHandler: got replica of live:so:RichPresence:13467788@cabin-lw-nl-09/auth_4 (~462b)
19:32:40.623      NET| CL_SOContainer::ReplicaHandler: got replica of live:so:RichPresence:5460879@cabin-lw-nl-09/auth_4 (~497b)
19:32:40.623      NET| CL_SOContainer::ReplicaHandler: got replica of live:so:RichPresence:7226012@cabin-lw-nl-09/auth_4 (~469b)
19:32:40.623      NET| CL_SOContainer::ReplicaHandler: got replica of live:so:RichPresence:9719555@cabin-lw-nl-09/auth_4 (~479b)
19:32:40.623      NET| CL_SOContainer::ReplicaHandler: got replica of live:so:RichPresence:4460668@cabin-lw-nl-09/auth_4 (~459b)
19:32:40.661      NET| CL_SOContainer::ReplicaHandler: got replica of live:so:RichPresence:13240586@cabin-lw-nl-09/auth_4 (~498b)
19:32:42.792      NET| CL_SOContainer::ReplicaHandler: got PARTIAL(9) replica of live:so:EmoUser:4424378@cabin-lw-nl-09/auth_4 (~520b)
19:32:43.186      NET| CL_SOContainer::ReplicaHandler: got PARTIAL(6) replica of live:so:UserProfile:4424378@cabin-lw-nl-09/auth_4 (~666b)
19:32:44.419      NET| CL_SOContainer::ReplicaHandler: got PARTIAL(2) replica of live:so:RichPresence:13467788@cabin-lw-nl-09/auth_4 (~47b)
19:32:47.806      NET| CL_SOContainer::ReplicaHandler: got PARTIAL(1) replica of live:so:RichPresence:13467788@cabin-lw-nl-09/auth_4 (~24b)
19:32:48.085      NET| CL_SOContainer::ReplicaHandler: got PARTIAL(1) replica of live:so:RichPresence:13467788@cabin-lw-nl-09/auth_4 (~24b)
19:32:48.657      NET| CL_SOContainer::ReplicaHandler: got PARTIAL(1) replica of live:so:RichPresence:13467788@cabin-lw-nl-09/auth_4 (~24b)
19:32:48.855      NET| CL_SOContainer::ReplicaHandler: got PARTIAL(2) replica of live:so:RichPresence:4424378@cabin-lw-nl-09/auth_4 (~47b)
19:32:48.889      NET| CL_SOContainer::ReplicaHandler: got PARTIAL(2) replica of live:so:RichPresence:7226012@cabin-lw-nl-09/auth_4 (~47b)
19:32:50.277      NET| CL_SOContainer::ReplicaHandler: got PARTIAL(3) replica of live:so:SubscriptionList:4424378@cabin-lw-nl-09/auth_4 (~37b)
19:32:50.544      NET| CL_SOContainer::ReplicaHandler: got PARTIAL(2) replica of live:so:RichPresence:12287811@cabin-lw-nl-09/auth_4 (~47b)
19:32:51.544      NET| CL_SOContainer::ReplicaHandler: got PARTIAL(2) replica of live:so:RichPresence:7067575@cabin-lw-nl-09/auth_4 (~47b)
19:32:51.744      NET| CL_SOContainer::ReplicaHandler: got PARTIAL(2) replica of live:so:RichPresence:13240586@cabin-lw-nl-09/auth_4 (~47b)
19:32:52.744      NET| CL_SOContainer::ReplicaHandler: got PARTIAL(1) replica of live:so:RichPresence:12287811@cabin-lw-nl-09/auth_4 (~24b)
19:32:53.610      NET| CL_SOContainer::ReplicaHandler: got PARTIAL(1) replica of live:so:RichPresence:13240586@cabin-lw-nl-09/auth_4 (~24b)
19:32:53.677      NET| CL_SOContainer::ReplicaHandler: got PARTIAL(1) replica of live:so:RichPresence:7067575@cabin-lw-nl-09/auth_4 (~24b)
19:32:57.411      NET| CL_SOContainer::ReplicaHandler: got PARTIAL(2) replica of live:so:RichPresence:7055969@cabin-lw-nl-09/auth_4 (~47b)
19:32:59.544      NET| CL_SOContainer::ReplicaHandler: got PARTIAL(2) replica of live:so:RichPresence:5460879@cabin-lw-nl-09/auth_4 (~47b)
19:32:59.811      NET| CL_SOContainer::ReplicaHandler: got PARTIAL(1) replica of live:so:RichPresence:13240586@cabin-lw-nl-09/auth_4 (~24b)
19:33:01.744      NET| CL_SOContainer::ReplicaHandler: got PARTIAL(1) replica of live:so:RichPresence:5460879@cabin-lw-nl-09/auth_4 (~24b)
19:33:03.944      NET| CL_SOContainer::ReplicaHandler: got PARTIAL(2) replica of live:so:RichPresence:5592118@cabin-lw-nl-09/auth_4 (~47b)
19:33:06.078      NET| CL_SOContainer::ReplicaHandler: got PARTIAL(1) replica of live:so:RichPresence:12287811@cabin-lw-nl-09/auth_4 (~27b)
19:33:07.090      NET| CL_SOContainer::ReplicaHandler: got PARTIAL(1) replica of live:so:RichPresence:7067575@cabin-lw-nl-09/auth_4 (~27b)
19:33:07.784      NET| CL_SOContainer::ReplicaHandler: got PARTIAL(1) replica of live:so:RichPresence:7067575@cabin-lw-nl-09/auth_4 (~24b)
19:33:07.784      NET| CL_SOContainer::ReplicaHandler: got PARTIAL(1) replica of live:so:RichPresence:12287811@cabin-lw-nl-09/auth_4 (~24b)
19:33:08.195      NET| CL_SOContainer::ReplicaHandler: got PARTIAL(1) replica of live:so:RichPresence:12287811@cabin-lw-nl-09/auth_4 (~24b)
19:33:08.440      NET| CL_SOContainer::ReplicaHandler: got PARTIAL(1) replica of live:so:RichPresence:7067575@cabin-lw-nl-09/auth_4 (~24b)
19:33:08.711      NET| CL_SOContainer::ReplicaHandler: got PARTIAL(2) replica of live:so:RichPresence:4460668@cabin-lw-nl-09/auth_4 (~47b)
19:33:15.058      NET| CL_SOContainer::ReplicaHandler: got PARTIAL(1) replica of live:so:RichPresence:5460879@cabin-lw-nl-09/auth_4 (~27b)
19:33:24.106      NET| CL_SOContainer::ReplicaHandler: got PARTIAL(1) replica of live:so:RichPresence:4460668@cabin-lw-nl-09/auth_4 (~27b)
19:33:25.246      NET| CL_SOContainer::ReplicaHandler: got PARTIAL(1) replica of live:so:RichPresence:4460668@cabin-lw-nl-09/auth_4 (~24b)
19:33:25.824      NET| CL_SOContainer::ReplicaHandler: got PARTIAL(1) replica of live:so:RichPresence:4460668@cabin-lw-nl-09/auth_4 (~24b)
19:33:30.712      NET| CL_SOContainer::ReplicaHandler: got PARTIAL(2) replica of live:so:RichPresence:4424378@cabin-lw-nl-09/auth_4 (~47b)
19:33:31.072      NET| CL_SOContainer::ReplicaHandler: got PARTIAL(1) replica of live:so:RichPresence:5460879@cabin-lw-nl-09/auth_4 (~27b)
19:33:34.712      NET| CL_SOContainer::ReplicaHandler: got PARTIAL(1) replica of live:so:RichPresence:4424378@cabin-lw-nl-09/auth_4 (~24b)
19:33:34.712      NET| CL_SOContainer::ReplicaHandler: got PARTIAL(1) replica of live:so:RichPresence:5460879@cabin-lw-nl-09/auth_4 (~24b)
19:33:34.848      NET| CL_SOContainer::ReplicaHandler: got replica of live:so:UserProfile:9081862@cabin-lw-nl-09/auth_4 (~58Kb)
19:33:35.455      NET| CL_SOContainer::ReplicaHandler: got PARTIAL(1) replica of live:so:RichPresence:4424378@cabin-lw-nl-09/auth_4 (~24b)
19:33:35.731      NET| CL_SOContainer::ReplicaHandler: got PARTIAL(1) replica of live:so:RichPresence:5460879@cabin-lw-nl-09/auth_4 (~24b)
19:33:36.334      NET| CL_SOContainer::ReplicaHandler: got replica of live:so:RichPresence:10795296@cabin-lw-nl-09/auth_4 (~475b)
19:33:36.334      NET| CL_SOContainer::ReplicaHandler: got replica of live:so:RichPresence:2330989@cabin-lw-nl-09/auth_4 (~476b)
19:33:36.334      NET| CL_SOContainer::ReplicaHandler: got replica of live:so:RichPresence:8442134@cabin-lw-nl-09/auth_4 (~472b)
19:33:36.334      NET| CL_SOContainer::ReplicaHandler: got replica of live:so:RichPresence:8746018@cabin-lw-nl-09/auth_4 (~473b)
19:33:36.334      NET| CL_SOContainer::ReplicaHandler: got replica of live:so:RichPresence:1263630@cabin-lw-nl-09/auth_4 (~477b)
19:33:36.334      NET| CL_SOContainer::ReplicaHandler: got replica of live:so:RichPresence:4986334@cabin-lw-nl-09/auth_4 (~485b)
19:33:36.940      NET| CL_SOContainer::ReplicaHandler: got replica of live:so:RichPresence:2434629@cabin-lw-nl-09/auth_4 (~460b)
19:33:36.940      NET| CL_SOContainer::ReplicaHandler: got replica of live:so:RichPresence:6117731@cabin-lw-nl-09/auth_4 (~469b)
19:33:37.295      NET| CL_SOContainer::ReplicaHandler: got PARTIAL(1) replica of live:so:RichPresence:6117731@cabin-lw-nl-09/auth_4 (~24b)
19:33:37.501      NET| CL_SOContainer::ReplicaHandler: got PARTIAL(1) replica of live:so:RichPresence:2434629@cabin-lw-nl-09/auth_4 (~24b)
19:33:47.743      NET| CL_SOContainer::ReplicaHandler: got replica of live:so:RichPresence:9701792@cabin-lw-nl-09/auth_4 (~473b)
19:33:47.995      NET| CL_SOContainer::ReplicaHandler: got PARTIAL(1) replica of live:so:RichPresence:9701792@cabin-lw-nl-09/auth_4 (~24b)
19:33:48.093      NET| CL_SOContainer::ReplicaHandler: got replica of live:so:RichPresence:6292292@cabin-lw-nl-09/auth_4 (~477b)
19:33:48.476      NET| CL_SOContainer::ReplicaHandler: got PARTIAL(1) replica of live:so:RichPresence:6292292@cabin-lw-nl-09/auth_4 (~24b)
19:33:48.985      NET| CL_SOContainer::ReplicaHandler: got PARTIAL(1) replica of live:so:RichPresence:9701792@cabin-lw-nl-09/auth_4 (~24b)
19:34:07.273      NET| CL_SOContainer::ReplicaHandler: got PARTIAL(1) replica of live:so:UserProfile:4424378@cabin-lw-nl-09/auth_4 (~64b)
19:34:13.903      NET| CL_SOContainer::ReplicaHandler: got PARTIAL(1) replica of live:so:UserProfile:4424378@cabin-lw-nl-09/auth_4 (~95b)
19:34:34.410      NET| CL_SOContainer::ReplicaHandler: got PARTIAL(1) replica of live:so:UserProfile:4424378@cabin-lw-nl-09/auth_4 (~68b)
19:34:50.880      NET| CL_SOContainer::ReplicaHandler: got PARTIAL(1) replica of live:so:UserProfile:4424378@cabin-lw-nl-09/auth_4 (~74b)
19:34:51.001      NET| CL_SOContainer::ReplicaHandler: got PARTIAL(1) replica of live:so:UserProfile:4424378@cabin-lw-nl-09/auth_4 (~64b)
19:34:51.241      NET| CL_SOContainer::ReplicaHandler: got PARTIAL(1) replica of live:so:UserProfile:4424378@cabin-lw-nl-09/auth_4 (~95b)
19:35:20.172      NET| CL_SOContainer::ReplicaHandler: got PARTIAL(1) replica of live:so:UserProfile:4424378@cabin-lw-nl-09/auth_4 (~95b)
19:35:43.362      NET| CL_SOContainer::ReplicaHandler: got PARTIAL(1) replica of live:so:UserProfile:4424378@cabin-lw-nl-09/auth_4 (~178b)
19:35:43.781      NET| CL_SOContainer::ReplicaHandler: got PARTIAL(1) replica of live:so:EmoUser:4424378@cabin-lw-nl-09/auth_4 (~322b)
19:36:38.417      NET| CL_SOContainer::ReplicaHandler: got replica of live:so:RichPresence:8442134@cabin-lw-nl-09/auth_4 (~472b)
19:36:38.417      NET| CL_SOContainer::ReplicaHandler: got replica of live:so:RichPresence:9701792@cabin-lw-nl-09/auth_4 (~473b)
19:36:38.629      NET| CL_SOContainer::ReplicaHandler: got replica of live:so:RichPresence:6117731@cabin-lw-nl-09/auth_4 (~469b)
19:36:38.630      NET| CL_SOContainer::ReplicaHandler: got PARTIAL(1) replica of live:so:UserProfile:4424378@cabin-lw-nl-09/auth_4 (~204b)
19:36:38.712      NET| CL_SOContainer::ReplicaHandler: got replica of live:so:EmoUser:4424378@cabin-lw-nl-09/auth_4 (~86Kb)
19:36:38.731      NET| CL_SOContainer::ReplicaHandler: got PARTIAL(1) replica of live:so:Achievements:4424378@cabin-lw-nl-09/auth_4 (~66b)
19:36:38.731      NET| CL_SOContainer::ReplicaHandler: got replica of live:so:RichPresence:10795296@cabin-lw-nl-09/auth_4 (~475b)
19:36:38.731      NET| CL_SOContainer::ReplicaHandler: got replica of live:so:RichPresence:2330989@cabin-lw-nl-09/auth_4 (~476b)
19:36:38.741      NET| CL_SOContainer::ReplicaHandler: got replica of live:so:RichPresence:1263630@cabin-lw-nl-09/auth_4 (~477b)
19:36:38.741      NET| CL_SOContainer::ReplicaHandler: got replica of live:so:RichPresence:5460879@cabin-lw-nl-09/auth_4 (~497b)
19:36:38.741      NET| CL_SOContainer::ReplicaHandler: got replica of live:so:RichPresence:2434629@cabin-lw-nl-09/auth_4 (~460b)
19:36:38.741      NET| CL_SOContainer::ReplicaHandler: got replica of live:so:RichPresence:8746018@cabin-lw-nl-09/auth_4 (~473b)
19:36:38.741      NET| CL_SOContainer::ReplicaHandler: got replica of live:so:RichPresence:4986334@cabin-lw-nl-09/auth_4 (~485b)
19:36:38.741      NET| CL_SOContainer::ReplicaHandler: got replica of live:so:RichPresence:6292292@cabin-lw-nl-09/auth_4 (~477b)
19:36:38.950      NET| CL_SOContainer::ReplicaHandler: got PARTIAL(7) replica of live:so:UserProfile:4424378@cabin-lw-nl-09/auth_4 (~900b)
19:36:39.067      NET| CL_SOContainer::ReplicaHandler: got PARTIAL(1) replica of live:so:EmoUser:4424378@cabin-lw-nl-09/auth_4 (~322b)
19:36:45.699      NET| CL_SOContainer::ReplicaHandler: got PARTIAL(2) replica of live:so:RichPresence:2330989@cabin-lw-nl-09/auth_4 (~47b)
19:36:45.922      NET| CL_SOContainer::ReplicaHandler: got PARTIAL(2) replica of live:so:RichPresence:6292292@cabin-lw-nl-09/auth_4 (~47b)
19:36:46.197      NET| CL_SOContainer::ReplicaHandler: got PARTIAL(2) replica of live:so:RichPresence:9701792@cabin-lw-nl-09/auth_4 (~47b)
19:36:46.197      NET| CL_SOContainer::ReplicaHandler: got PARTIAL(2) replica of live:so:RichPresence:6117731@cabin-lw-nl-09/auth_4 (~47b)
19:36:46.270      NET| CL_SOContainer::ReplicaHandler: got PARTIAL(2) replica of live:so:RichPresence:4424378@cabin-lw-nl-09/auth_4 (~47b)
19:36:46.270      NET| CL_SOContainer::ReplicaHandler: got PARTIAL(2) replica of live:so:RichPresence:10795296@cabin-lw-nl-09/auth_4 (~47b)
19:36:46.770      NET| CL_SOContainer::ReplicaHandler: got PARTIAL(2) replica of live:so:RichPresence:5460879@cabin-lw-nl-09/auth_4 (~47b)
19:36:47.101      NET| CL_SOContainer::ReplicaHandler: got PARTIAL(2) replica of live:so:RichPresence:4986334@cabin-lw-nl-09/auth_4 (~47b)
19:36:47.540      NET| CL_SOContainer::ReplicaHandler: got PARTIAL(3) replica of live:so:SubscriptionList:4424378@cabin-lw-nl-09/auth_4 (~37b)
19:36:47.586      NET| CL_SOContainer::ReplicaHandler: got PARTIAL(2) replica of live:so:RichPresence:1263630@cabin-lw-nl-09/auth_4 (~47b)
19:36:48.401      NET| CL_SOContainer::ReplicaHandler: got PARTIAL(1) replica of live:so:RichPresence:6117731@cabin-lw-nl-09/auth_4 (~24b)
19:36:48.725      NET| CL_SOContainer::ReplicaHandler: got PARTIAL(1) replica of live:so:RichPresence:2330989@cabin-lw-nl-09/auth_4 (~24b)
19:36:48.726      NET| CL_SOContainer::ReplicaHandler: got PARTIAL(1) replica of live:so:RichPresence:6292292@cabin-lw-nl-09/auth_4 (~24b)
19:36:48.761      NET| CL_SOContainer::ReplicaHandler: got PARTIAL(1) replica of live:so:RichPresence:4424378@cabin-lw-nl-09/auth_4 (~24b)
19:36:48.802      NET| CL_SOContainer::ReplicaHandler: got PARTIAL(1) replica of live:so:RichPresence:10795296@cabin-lw-nl-09/auth_4 (~24b)
19:36:48.802      NET| CL_SOContainer::ReplicaHandler: got PARTIAL(1) replica of live:so:RichPresence:9701792@cabin-lw-nl-09/auth_4 (~24b)
19:36:50.169      NET| CL_SOContainer::ReplicaHandler: got PARTIAL(2) replica of live:so:RichPresence:2434629@cabin-lw-nl-09/auth_4 (~47b)
19:36:51.535      NET| CL_SOContainer::ReplicaHandler: got PARTIAL(2) replica of live:so:RichPresence:8746018@cabin-lw-nl-09/auth_4 (~47b)
19:36:51.932      NET| CL_SOContainer::ReplicaHandler: got PARTIAL(2) replica of live:so:RichPresence:8442134@cabin-lw-nl-09/auth_4 (~47b)
19:36:52.510      NET| CL_SOContainer::ReplicaHandler: got PARTIAL(1) replica of live:so:RichPresence:6117731@cabin-lw-nl-09/auth_4 (~24b)
19:36:52.515      NET| CL_SOContainer::ReplicaHandler: got PARTIAL(1) replica of live:so:RichPresence:4424378@cabin-lw-nl-09/auth_4 (~24b)
19:36:52.515      NET| CL_SOContainer::ReplicaHandler: got PARTIAL(1) replica of live:so:RichPresence:2330989@cabin-lw-nl-09/auth_4 (~24b)
19:36:52.515      NET| CL_SOContainer::ReplicaHandler: got PARTIAL(1) replica of live:so:RichPresence:9701792@cabin-lw-nl-09/auth_4 (~24b)
19:36:52.515      NET| CL_SOContainer::ReplicaHandler: got PARTIAL(1) replica of live:so:RichPresence:10795296@cabin-lw-nl-09/auth_4 (~24b)
19:36:52.565      NET| CL_SOContainer::ReplicaHandler: got PARTIAL(1) replica of live:so:RichPresence:6292292@cabin-lw-nl-09/auth_4 (~24b)
19:36:52.804      NET| CL_SOContainer::ReplicaHandler: got PARTIAL(1) replica of live:so:RichPresence:8746018@cabin-lw-nl-09/auth_4 (~24b)
19:36:52.902      NET| CL_SOContainer::ReplicaHandler: got PARTIAL(1) replica of live:so:RichPresence:6117731@cabin-lw-nl-09/auth_4 (~24b)
19:36:52.946      NET| CL_SOContainer::ReplicaHandler: got PARTIAL(1) replica of live:so:RichPresence:10795296@cabin-lw-nl-09/auth_4 (~24b)
19:36:53.056      NET| CL_SOContainer::ReplicaHandler: got PARTIAL(1) replica of live:so:RichPresence:9701792@cabin-lw-nl-09/auth_4 (~24b)
19:36:53.166      NET| CL_SOContainer::ReplicaHandler: got PARTIAL(1) replica of live:so:RichPresence:6292292@cabin-lw-nl-09/auth_4 (~24b)
19:36:53.201      NET| CL_SOContainer::ReplicaHandler: got PARTIAL(1) replica of live:so:RichPresence:4424378@cabin-lw-nl-09/auth_4 (~24b)
19:36:53.235      NET| CL_SOContainer::ReplicaHandler: got PARTIAL(1) replica of live:so:RichPresence:2330989@cabin-lw-nl-09/auth_4 (~24b)
19:36:53.413      NET| CL_SOContainer::ReplicaHandler: got replica of live:so:UserProfile:9081862@cabin-lw-nl-09/auth_4 (~58Kb)
19:36:54.249      NET| CL_SOContainer::ReplicaHandler: got replica of live:so:RichPresence:1362862@cabin-lw-nl-09/auth_4 (~487b)
19:36:54.249      NET| CL_SOContainer::ReplicaHandler: got replica of live:so:RichPresence:3661804@cabin-lw-nl-09/auth_4 (~474b)
19:36:54.249      NET| CL_SOContainer::ReplicaHandler: got replica of live:so:RichPresence:3139397@cabin-lw-nl-09/auth_4 (~476b)
19:36:54.615      NET| CL_SOContainer::ReplicaHandler: got replica of live:so:RichPresence:3132507@cabin-lw-nl-09/auth_4 (~476b)
19:36:54.838      NET| CL_SOContainer::ReplicaHandler: got PARTIAL(1) replica of live:so:RichPresence:8746018@cabin-lw-nl-09/auth_4 (~24b)
19:36:55.162      NET| CL_SOContainer::ReplicaHandler: got PARTIAL(1) replica of live:so:RichPresence:8442134@cabin-lw-nl-09/auth_4 (~24b)
19:36:57.375      NET| CL_SOContainer::ReplicaHandler: got PARTIAL(1) replica of live:so:RichPresence:8746018@cabin-lw-nl-09/auth_4 (~24b)
19:36:59.493      NET| CL_SOContainer::ReplicaHandler: got PARTIAL(2) replica of live:so:RichPresence:3139397@cabin-lw-nl-09/auth_4 (~47b)
19:37:04.585      NET| CL_SOContainer::ReplicaHandler: got PARTIAL(2) replica of live:so:RichPresence:1263630@cabin-lw-nl-09/auth_4 (~47b)
19:37:08.768      NET| CL_SOContainer::ReplicaHandler: got PARTIAL(2) replica of live:so:RichPresence:4986334@cabin-lw-nl-09/auth_4 (~47b)
19:37:24.070      NET| CL_SOContainer::ReplicaHandler: got PARTIAL(1) replica of live:so:RichPresence:4986334@cabin-lw-nl-09/auth_4 (~27b)
19:37:26.432      NET| CL_SOContainer::ReplicaHandler: got PARTIAL(1) replica of live:so:RichPresence:4986334@cabin-lw-nl-09/auth_4 (~24b)
19:37:27.084      NET| CL_SOContainer::ReplicaHandler: got PARTIAL(1) replica of live:so:RichPresence:4986334@cabin-lw-nl-09/auth_4 (~24b)
19:37:28.734      NET| CL_SOContainer::ReplicaHandler: got PARTIAL(2) replica of live:so:RichPresence:4925938@cabin-lw-nl-09/auth_4 (~47b)
19:37:28.896      NET| CL_SOContainer::ReplicaHandler: got PARTIAL(1) replica of live:so:RichPresence:4925938@cabin-lw-nl-09/auth_4 (~24b)
19:37:29.438      NET| CL_SOContainer::ReplicaHandler: got PARTIAL(1) replica of live:so:RichPresence:4925938@cabin-lw-nl-09/auth_4 (~24b)
19:37:54.857      NET| CL_SOContainer::ReplicaHandler: got PARTIAL(1) replica of live:so:UserProfile:4424378@cabin-lw-nl-09/auth_4 (~110b)
19:37:55.221      NET| CL_SOContainer::ReplicaHandler: got PARTIAL(1) replica of live:so:EmoUser:4424378@cabin-lw-nl-09/auth_4 (~506b)
19:38:02.312      NET| TargemService::WebApiRequest(9): https://crank.crossout.net/live/Auth/RefreshToken?token=uoJDAAAAAAAMzYqFAt84xoHmRJiJAQAAP2tamARub25lBGxpdmU
19:38:02.838      NET| TargemService::WebApiRequest(9): finished with e = ErrorCode::OK (status 200)
19:38:02.838      NET| TargemService::SetAvailableProtoEndpoints: soServices: ["wss://crank.crossout.net/live/AuthProtoServer"], chats: ["wss://crank.crossout.net/live/ChatServiceProtoServer"]
19:38:26.766      NET| CL_SOContainer::ReplicaHandler: got PARTIAL(1) replica of live:so:UserProfile:4424378@cabin-lw-nl-09/auth_4 (~64b)
19:38:51.071      NET| CL_SOContainer::ReplicaHandler: got PARTIAL(1) replica of live:so:UserProfile:4424378@cabin-lw-nl-09/auth_4 (~95b)
19:38:55.139      NET| CL_SOContainer::ReplicaHandler: got PARTIAL(1) replica of live:so:UserProfile:4424378@cabin-lw-nl-09/auth_4 (~156b)
19:39:04.161      NET| CL_SOContainer::ReplicaHandler: got PARTIAL(1) replica of live:so:UserProfile:4424378@cabin-lw-nl-09/auth_4 (~126b)
19:39:04.526      NET| CL_SOContainer::ReplicaHandler: got PARTIAL(1) replica of live:so:EmoUser:4424378@cabin-lw-nl-09/auth_4 (~400b)
19:39:17.956      NET| CL_SOContainer::ReplicaHandler: got replica of live:so:RichPresence:1362862@cabin-lw-nl-09/auth_4 (~487b)
19:39:17.956      NET| CL_SOContainer::ReplicaHandler: got replica of live:so:RichPresence:8746018@cabin-lw-nl-09/auth_4 (~473b)
19:39:17.956      NET| CL_SOContainer::ReplicaHandler: got replica of live:so:RichPresence:6292292@cabin-lw-nl-09/auth_4 (~477b)
19:39:17.956      NET| CL_SOContainer::ReplicaHandler: got replica of live:so:RichPresence:8442134@cabin-lw-nl-09/auth_4 (~472b)
19:39:17.956      NET| CL_SOContainer::ReplicaHandler: got replica of live:so:RichPresence:9701792@cabin-lw-nl-09/auth_4 (~473b)
19:39:17.956      NET| CL_SOContainer::ReplicaHandler: got replica of live:so:RichPresence:3139397@cabin-lw-nl-09/auth_4 (~476b)
19:39:18.023      NET| CL_SOContainer::ReplicaHandler: got PARTIAL(1) replica of live:so:UserProfile:4424378@cabin-lw-nl-09/auth_4 (~69b)
19:39:18.080      NET| CL_SOContainer::ReplicaHandler: got PARTIAL(1) replica of live:so:Achievements:4424378@cabin-lw-nl-09/auth_4 (~66b)
19:39:18.080      NET| CL_SOContainer::ReplicaHandler: got PARTIAL(9) replica of live:so:EmoUser:4424378@cabin-lw-nl-09/auth_4 (~541b)
19:39:18.271      NET| CL_SOContainer::ReplicaHandler: got replica of live:so:RichPresence:6117731@cabin-lw-nl-09/auth_4 (~469b)
19:39:18.271      NET| CL_SOContainer::ReplicaHandler: got replica of live:so:RichPresence:3661804@cabin-lw-nl-09/auth_4 (~474b)
19:39:18.271      NET| CL_SOContainer::ReplicaHandler: got replica of live:so:RichPresence:2330989@cabin-lw-nl-09/auth_4 (~476b)
19:39:18.271      NET| CL_SOContainer::ReplicaHandler: got replica of live:so:RichPresence:10795296@cabin-lw-nl-09/auth_4 (~475b)
19:39:18.271      NET| CL_SOContainer::ReplicaHandler: got replica of live:so:RichPresence:3132507@cabin-lw-nl-09/auth_4 (~476b)
19:39:18.472      NET| CL_SOContainer::ReplicaHandler: got PARTIAL(6) replica of live:so:UserProfile:4424378@cabin-lw-nl-09/auth_4 (~732b)
19:39:24.810      NET| CL_SOContainer::ReplicaHandler: got PARTIAL(2) replica of live:so:RichPresence:2330989@cabin-lw-nl-09/auth_4 (~47b)
19:39:25.085      NET| CL_SOContainer::ReplicaHandler: got PARTIAL(2) replica of live:so:RichPresence:6117731@cabin-lw-nl-09/auth_4 (~47b)
19:39:25.210      NET| CL_SOContainer::ReplicaHandler: got PARTIAL(2) replica of live:so:RichPresence:10795296@cabin-lw-nl-09/auth_4 (~47b)
19:39:25.344      NET| CL_SOContainer::ReplicaHandler: got PARTIAL(2) replica of live:so:RichPresence:9701792@cabin-lw-nl-09/auth_4 (~47b)
19:39:27.411      NET| CL_SOContainer::ReplicaHandler: got PARTIAL(1) replica of live:so:RichPresence:6117731@cabin-lw-nl-09/auth_4 (~24b)
19:39:27.810      NET| CL_SOContainer::ReplicaHandler: got PARTIAL(1) replica of live:so:RichPresence:2330989@cabin-lw-nl-09/auth_4 (~24b)
19:39:27.810      NET| CL_SOContainer::ReplicaHandler: got PARTIAL(1) replica of live:so:RichPresence:10795296@cabin-lw-nl-09/auth_4 (~24b)
19:39:27.810      NET| CL_SOContainer::ReplicaHandler: got PARTIAL(1) replica of live:so:RichPresence:9701792@cabin-lw-nl-09/auth_4 (~24b)
19:39:30.477      NET| CL_SOContainer::ReplicaHandler: got PARTIAL(1) replica of live:so:RichPresence:6117731@cabin-lw-nl-09/auth_4 (~24b)
19:39:30.544      NET| CL_SOContainer::ReplicaHandler: got PARTIAL(1) replica of live:so:RichPresence:9701792@cabin-lw-nl-09/auth_4 (~24b)
19:39:30.544      NET| CL_SOContainer::ReplicaHandler: got PARTIAL(1) replica of live:so:RichPresence:10795296@cabin-lw-nl-09/auth_4 (~24b)
19:39:30.544      NET| CL_SOContainer::ReplicaHandler: got PARTIAL(1) replica of live:so:RichPresence:2330989@cabin-lw-nl-09/auth_4 (~24b)
19:39:31.010      NET| CL_SOContainer::ReplicaHandler: got PARTIAL(1) replica of live:so:RichPresence:10795296@cabin-lw-nl-09/auth_4 (~24b)
19:39:31.010      NET| CL_SOContainer::ReplicaHandler: got PARTIAL(1) replica of live:so:RichPresence:6117731@cabin-lw-nl-09/auth_4 (~24b)
19:39:31.277      NET| CL_SOContainer::ReplicaHandler: got PARTIAL(1) replica of live:so:RichPresence:9701792@cabin-lw-nl-09/auth_4 (~24b)
19:39:31.343      NET| CL_SOContainer::ReplicaHandler: got PARTIAL(1) replica of live:so:RichPresence:2330989@cabin-lw-nl-09/auth_4 (~24b)
19:39:40.776      NET| CL_SOContainer::ReplicaHandler: got PARTIAL(2) replica of live:so:RichPresence:3139397@cabin-lw-nl-09/auth_4 (~47b)
19:39:42.442      NET| CL_SOContainer::ReplicaHandler: got PARTIAL(2) replica of live:so:RichPresence:1362862@cabin-lw-nl-09/auth_4 (~47b)
19:39:42.855      NET| CL_SOContainer::ReplicaHandler: got PARTIAL(1) replica of live:so:RichPresence:3139397@cabin-lw-nl-09/auth_4 (~24b)
19:39:42.975      NET| CL_SOContainer::ReplicaHandler: got PARTIAL(2) replica of live:so:RichPresence:8442134@cabin-lw-nl-09/auth_4 (~47b)
19:39:44.776      NET| CL_SOContainer::ReplicaHandler: got PARTIAL(1) replica of live:so:RichPresence:1362862@cabin-lw-nl-09/auth_4 (~24b)
19:39:45.709      NET| CL_SOContainer::ReplicaHandler: got PARTIAL(1) replica of live:so:RichPresence:8442134@cabin-lw-nl-09/auth_4 (~24b)
19:39:49.436      NET| CL_SOContainer::ReplicaHandler: got PARTIAL(2) replica of live:so:RichPresence:4424378@cabin-lw-nl-09/auth_4 (~47b)
19:39:50.628      NET| CL_SOContainer::ReplicaHandler: got PARTIAL(3) replica of live:so:SubscriptionList:4424378@cabin-lw-nl-09/auth_4 (~37b)
19:39:52.660      NET| CL_SOContainer::ReplicaHandler: got PARTIAL(1) replica of live:so:RichPresence:1362862@cabin-lw-nl-09/auth_4 (~24b)
19:39:52.660      NET| CL_SOContainer::ReplicaHandler: got PARTIAL(1) replica of live:so:RichPresence:8442134@cabin-lw-nl-09/auth_4 (~24b)
19:39:52.994      NET| CL_SOContainer::ReplicaHandler: got PARTIAL(1) replica of live:so:RichPresence:8442134@cabin-lw-nl-09/auth_4 (~24b)
19:39:53.395      NET| CL_SOContainer::ReplicaHandler: got PARTIAL(1) replica of live:so:RichPresence:1362862@cabin-lw-nl-09/auth_4 (~24b)
19:39:56.087      NET| CL_SOContainer::ReplicaHandler: got PARTIAL(1) replica of live:so:RichPresence:3139397@cabin-lw-nl-09/auth_4 (~27b)
19:40:05.040      NET| CL_SOContainer::ReplicaHandler: got PARTIAL(1) replica of live:so:RichPresence:3139397@cabin-lw-nl-09/auth_4 (~24b)
19:40:05.775      NET| CL_SOContainer::ReplicaHandler: got PARTIAL(1) replica of live:so:RichPresence:3139397@cabin-lw-nl-09/auth_4 (~24b)
19:40:34.469      NET| CL_SOContainer::ReplicaHandler: got PARTIAL(2) replica of live:so:RichPresence:4925938@cabin-lw-nl-09/auth_4 (~47b)
19:40:40.735      NET| CL_SOContainer::ReplicaHandler: got PARTIAL(1) replica of live:so:RichPresence:4925938@cabin-lw-nl-09/auth_4 (~24b)
19:40:40.802      NET| CL_SOContainer::ReplicaHandler: got PARTIAL(1) replica of live:so:RichPresence:4925938@cabin-lw-nl-09/auth_4 (~24b)
19:40:41.202      NET| CL_SOContainer::ReplicaHandler: got PARTIAL(1) replica of live:so:RichPresence:4925938@cabin-lw-nl-09/auth_4 (~24b)
19:41:09.722      NET| CL_SOContainer::ReplicaHandler: got PARTIAL(2) replica of live:so:RichPresence:4925938@cabin-lw-nl-09/auth_4 (~47b)
19:41:14.656      NET| CL_SOContainer::ReplicaHandler: got PARTIAL(1) replica of live:so:RichPresence:4925938@cabin-lw-nl-09/auth_4 (~24b)
19:41:14.722      NET| CL_SOContainer::ReplicaHandler: got PARTIAL(1) replica of live:so:RichPresence:4925938@cabin-lw-nl-09/auth_4 (~24b)
19:41:15.189      NET| CL_SOContainer::ReplicaHandler: got PARTIAL(1) replica of live:so:RichPresence:4925938@cabin-lw-nl-09/auth_4 (~24b)
19:43:18.612      NET| CL_SOContainer::ReplicaHandler: got PARTIAL(2) replica of live:so:RichPresence:5233487@cabin-lw-nl-09/auth_4 (~47b)
19:44:05.148      NET| CL_SOContainer::ReplicaHandler: got PARTIAL(1) replica of live:so:RichPresence:5233487@cabin-lw-nl-09/auth_4 (~27b)
19:44:05.215      NET| CL_SOContainer::ReplicaHandler: got PARTIAL(2) replica of live:so:RichPresence:5233487@cabin-lw-nl-09/auth_4 (~47b)
19:44:55.969      NET| CL_SOContainer::ReplicaHandler: got PARTIAL(2) replica of live:so:RichPresence:4925938@cabin-lw-nl-09/auth_4 (~47b)
19:45:00.769      NET| CL_SOContainer::ReplicaHandler: got PARTIAL(1) replica of live:so:RichPresence:4925938@cabin-lw-nl-09/auth_4 (~24b)
19:45:01.103      NET| CL_SOContainer::ReplicaHandler: got PARTIAL(1) replica of live:so:RichPresence:4925938@cabin-lw-nl-09/auth_4 (~24b)
19:45:01.635      NET| CL_SOContainer::ReplicaHandler: got PARTIAL(1) replica of live:so:RichPresence:4925938@cabin-lw-nl-09/auth_4 (~24b)
19:50:30.613      NET| CL_SOContainer::ReplicaHandler: got PARTIAL(2) replica of live:so:RichPresence:3839373@cabin-lw-nl-09/auth_4 (~47b)
19:51:05.513      NET| CL_SOContainer::ReplicaHandler: got PARTIAL(2) replica of live:so:RichPresence:4925938@cabin-lw-nl-09/auth_4 (~47b)
19:51:11.873      NET| CL_SOContainer::ReplicaHandler: got PARTIAL(1) replica of live:so:RichPresence:4925938@cabin-lw-nl-09/auth_4 (~24b)
19:51:12.207      NET| CL_SOContainer::ReplicaHandler: got PARTIAL(1) replica of live:so:RichPresence:4925938@cabin-lw-nl-09/auth_4 (~24b)
19:51:12.673      NET| CL_SOContainer::ReplicaHandler: got PARTIAL(1) replica of live:so:RichPresence:4925938@cabin-lw-nl-09/auth_4 (~24b)
19:52:08.489      NET| CL_SOContainer::ReplicaHandler: got PARTIAL(2) replica of live:so:RichPresence:4925938@cabin-lw-nl-09/auth_4 (~47b)
19:52:14.755      NET| CL_SOContainer::ReplicaHandler: got PARTIAL(1) replica of live:so:RichPresence:4925938@cabin-lw-nl-09/auth_4 (~24b)
19:52:18.855      NET| CL_SOContainer::ReplicaHandler: got PARTIAL(1) replica of live:so:RichPresence:4925938@cabin-lw-nl-09/auth_4 (~24b)
19:52:19.322      NET| CL_SOContainer::ReplicaHandler: got PARTIAL(1) replica of live:so:RichPresence:4925938@cabin-lw-nl-09/auth_4 (~24b)
19:53:01.438      NET| CL_SOContainer::ReplicaHandler: got PARTIAL(1) replica of live:so:EmoUser:4424378@cabin-lw-nl-09/auth_4 (~39b)
19:53:02.838      NET| TargemService::WebApiRequest(11): https://crank.crossout.net/live/Auth/RefreshToken?token=uoJDAAAAAAAp-DVUurkwCHKkUpiJAQAAP2tamARub25lBGxpdmU
19:53:03.307      NET| TargemService::WebApiRequest(11): finished with e = ErrorCode::OK (status 200)
19:53:03.307      NET| TargemService::SetAvailableProtoEndpoints: soServices: ["wss://crank.crossout.net/live/AuthProtoServer"], chats: ["wss://crank.crossout.net/live/ChatServiceProtoServer"]
19:53:14.486      NET| CL_SOContainer::ReplicaHandler: got PARTIAL(2) replica of live:so:RichPresence:7399909@cabin-lw-nl-09/auth_4 (~47b)
19:53:14.820      NET| CL_SOContainer::ReplicaHandler: got PARTIAL(1) replica of live:so:RichPresence:7399909@cabin-lw-nl-09/auth_4 (~29b)
19:55:17.887      NET| CL_SOContainer::ReplicaHandler: got PARTIAL(2) replica of live:so:RichPresence:7399909@cabin-lw-nl-09/auth_4 (~27b)
19:55:18.753      NET| CL_SOContainer::ReplicaHandler: got PARTIAL(1) replica of live:so:RichPresence:7399909@cabin-lw-nl-09/auth_4 (~24b)
19:56:10.914      NET| CL_SOContainer::ReplicaHandler: got PARTIAL(2) replica of live:so:RichPresence:4925938@cabin-lw-nl-09/auth_4 (~47b)
19:57:22.913      NET| CL_SOContainer::ReplicaHandler: got PARTIAL(2) replica of live:so:RichPresence:4925938@cabin-lw-nl-09/auth_4 (~47b)
19:57:22.980      NET| CL_SOContainer::ReplicaHandler: got PARTIAL(1) replica of live:so:RichPresence:4925938@cabin-lw-nl-09/auth_4 (~24b)
19:57:23.379      NET| CL_SOContainer::ReplicaHandler: got PARTIAL(1) replica of live:so:RichPresence:4925938@cabin-lw-nl-09/auth_4 (~24b)
19:57:27.111      NET| CL_SOContainer::ReplicaHandler: got replica of live:so:UserProfile:9081862@cabin-lw-nl-09/auth_4 (~58Kb)
19:58:06.017      NET| CL_SOContainer::ReplicaHandler: got PARTIAL(2) replica of live:so:RichPresence:4925938@cabin-lw-nl-09/auth_4 (~47b)
19:58:11.887      NET| CL_SOContainer::ReplicaHandler: got PARTIAL(1) replica of live:so:RichPresence:4925938@cabin-lw-nl-09/auth_4 (~24b)
19:58:11.953      NET| CL_SOContainer::ReplicaHandler: got PARTIAL(1) replica of live:so:RichPresence:4925938@cabin-lw-nl-09/auth_4 (~24b)
19:58:12.420      NET| CL_SOContainer::ReplicaHandler: got PARTIAL(1) replica of live:so:RichPresence:4925938@cabin-lw-nl-09/auth_4 (~24b)
20:00:12.685      NET| CL_SOContainer::ReplicaHandler: got PARTIAL(2) replica of live:so:RichPresence:4925938@cabin-lw-nl-09/auth_4 (~47b)
20:01:46.772      NET| CL_SOContainer::ReplicaHandler: got PARTIAL(2) replica of live:so:RichPresence:7399909@cabin-lw-nl-09/auth_4 (~47b)
20:02:17.243      NET| CL_SOContainer::ReplicaHandler: got PARTIAL(2) replica of live:so:RichPresence:3839373@cabin-lw-nl-09/auth_4 (~47b)
20:02:21.909      NET| CL_SOContainer::ReplicaHandler: got PARTIAL(2) replica of live:so:RichPresence:7399909@cabin-lw-nl-09/auth_4 (~47b)
20:02:21.976      NET| CL_SOContainer::ReplicaHandler: got PARTIAL(1) replica of live:so:RichPresence:7399909@cabin-lw-nl-09/auth_4 (~24b)
20:02:22.576      NET| CL_SOContainer::ReplicaHandler: got PARTIAL(1) replica of live:so:RichPresence:7399909@cabin-lw-nl-09/auth_4 (~24b)
20:03:22.509      NET| CL_SOContainer::ReplicaHandler: got PARTIAL(2) replica of live:so:RichPresence:11464769@cabin-lw-nl-09/auth_4 (~47b)
20:03:57.241      NET| CL_SOContainer::ReplicaHandler: got PARTIAL(2) replica of live:so:RichPresence:7399909@cabin-lw-nl-09/auth_4 (~47b)
20:04:01.881      NET| CL_SOContainer::ReplicaHandler: got PARTIAL(1) replica of live:so:RichPresence:7399909@cabin-lw-nl-09/auth_4 (~24b)
20:04:05.148      NET| CL_SOContainer::ReplicaHandler: got PARTIAL(1) replica of live:so:RichPresence:7399909@cabin-lw-nl-09/auth_4 (~24b)
20:04:05.816      NET| CL_SOContainer::ReplicaHandler: got PARTIAL(1) replica of live:so:RichPresence:7399909@cabin-lw-nl-09/auth_4 (~24b)
20:05:22.541      NET| CL_SOContainer::ReplicaHandler: got replica of live:so:RichPresence:13526616@cabin-lw-nl-09/auth_4 (~481b)
20:05:36.787      NET| CL_SOContainer::ReplicaHandler: got PARTIAL(2) replica of live:so:RichPresence:4925938@cabin-lw-nl-09/auth_4 (~47b)
20:05:36.905      NET| CL_SOContainer::ReplicaHandler: got PARTIAL(1) replica of live:so:RichPresence:4925938@cabin-lw-nl-09/auth_4 (~24b)
20:05:37.432      NET| CL_SOContainer::ReplicaHandler: got PARTIAL(1) replica of live:so:RichPresence:4925938@cabin-lw-nl-09/auth_4 (~24b)
20:05:45.411      NET| CL_SOContainer::ReplicaHandler: got PARTIAL(2) replica of live:so:RichPresence:7399909@cabin-lw-nl-09/auth_4 (~47b)
20:05:49.902      NET| CL_SOContainer::ReplicaHandler: got PARTIAL(1) replica of live:so:RichPresence:7399909@cabin-lw-nl-09/auth_4 (~24b)
20:05:57.230      NET| CL_SOContainer::ReplicaHandler: got PARTIAL(1) replica of live:so:RichPresence:7399909@cabin-lw-nl-09/auth_4 (~24b)
20:05:57.952      NET| CL_SOContainer::ReplicaHandler: got PARTIAL(1) replica of live:so:RichPresence:7399909@cabin-lw-nl-09/auth_4 (~24b)
20:06:12.086      NET| CL_SOContainer::ReplicaHandler: got PARTIAL(2) replica of live:so:RichPresence:9081862@cabin-lw-nl-09/auth_4 (~47b)
