
--- Date: 2023-7-23 (Sun Jul 2023) UTC+03:00

21:30:02.914      NET| TSConnectionManager::ChangeState: OFFLINE -> AUTHING
21:30:02.914      NET| TSAuthManager::ChangeState: OFFLINE -> AUTHING
21:30:03.388      NET| TargemService::WebApiRequest(6): https://crank.crossout.net/live/Auth/login
21:30:05.111      NET| TargemService::WebApiRequest(6): finished with e = ErrorCode::OK (status 200)
21:30:05.111      NET| TargemService::SetAvailableProtoEndpoints: soServices: ["wss://crank.crossout.net/live/AuthProtoServer"], chats: ["wss://crank.crossout.net/live/ChatServiceProtoServer"]
21:30:05.111      NET| TSAuthManager::ChangeState: AUTHING -> ONLINE
21:30:05.111      NET| TSConnectionManager::ChangeState: AUTHING -> CONNECTING
21:30:05.118      NET| chat: Connect() requested
21:30:05.118      NET| TSConnectionManager::StateCONNECTING: (re)connecting to 'wss://crank.crossout.net/live/AuthProtoServer' (of 1 options)
21:30:05.118      NET| ProtoServer::Connect: url = 'wss://crank.crossout.net/live/AuthProtoServer'
21:30:05.120      NET| chat: channel opened, waiting for connection (select addr 'wss://crank.crossout.net/live/ChatServiceProtoServer' from total 1 addrs)
21:30:05.120      NET| ProtoServer::Connect: url = 'wss://crank.crossout.net/live/ChatServiceProtoServer'
21:30:05.144      NET| ProtoServer::OnPeerConnected: |172.67.7.123:443-wss://crank.crossout.net/live/ChatServiceProtoServer@00000249851304D0(out,ws,TLS,st=1)
21:30:05.144      NET| ProtoServer::OnPeerConnected: |172.67.7.123:443-wss://crank.crossout.net/live/AuthProtoServer@0000024985130030(out,ws,TLS,st=1)
21:30:05.526      NET| ProtoServer::RenameLink: 172.67.7.123:443-wss://crank.crossout.net/live/AuthProtoServer -> cabin-lw-nl-17/auth_3
21:30:05.526      NET| ProtoServer::ProcessHandshakeHelloAck: accepting new PeerId 172.22.130.142:55934-ws-50555
21:30:05.526      NET| ProtoServer: link live|cabin-lw-nl-17/auth_3@0000024985130030(out,ws,TLS,st=4) is ready
21:30:05.526      NET| TargemService: OnPeerConnected 'live|cabin-lw-nl-17/auth_3@0000024985130030(out,ws,TLS,st=4)'
21:30:05.526      NET| TSConnectionManager::ChangeState: CONNECTING -> NEGOTIATING
21:30:05.535      NET| ProtoServer::RenameLink: 172.67.7.123:443-wss://crank.crossout.net/live/ChatServiceProtoServer -> cabin-lw-nl-17/chat_2
21:30:05.535      NET| ProtoServer::ProcessHandshakeHelloAck: accepting new PeerId 172.22.130.158:50376-ws-108673
21:30:05.535      NET| ProtoServer: link live|cabin-lw-nl-17/chat_2@00000249851304D0(out,ws,TLS,st=4) is ready
21:30:05.535      NET| chat: OnConnect(): sending authorization data
21:30:05.854      NET| CL_SOContainer::ReplicaHandler: got replica of live:so:RichPresence:4424378@cabin-lw-nl-17/auth_3 (~487b)
21:30:05.940      NET| CL_SOContainer::ReplicaHandler: got replica of live:so:RichPresence:4424378@cabin-lw-nl-17/auth_3 (~487b)
21:30:06.002      NET| chat: server authorization: ok
21:30:06.094      NET| CL_SOContainer::ReplicaHandler: got replica of live:so:EmoUser:4424378@cabin-lw-nl-17/auth_3 (~83Kb)
21:30:06.190      NET| CL_SOContainer::ReplicaHandler: got PARTIAL(2) replica of live:so:RichPresence:4424378@cabin-lw-nl-17/auth_3 (~47b)
21:30:06.190      NET| CL_SOContainer::ReplicaHandler: got PARTIAL(1) replica of live:so:EmoUser:4424378@cabin-lw-nl-17/auth_3 (~26b)
21:30:06.586      NET| CL_SOContainer::ReplicaHandler: got replica of live:so:UserOffers:4424378@cabin-lw-nl-17/auth_3 (~121b)
21:30:06.586      NET| CL_SOContainer::ReplicaHandler: got replica of live:so:Mailbox:4424378@cabin-lw-nl-17/auth_3 (~237b)
21:30:06.586      NET| CL_SOContainer::ReplicaHandler: got replica of live:so:FriendList:4424378@cabin-lw-nl-17/auth_3 (~4.2Kb)
21:30:06.628      NET| CL_SOContainer::ReplicaHandler: got replica of live:so:SubscriptionList:4424378@cabin-lw-nl-17/auth_3 (~208b)
21:30:06.934      NET| CL_SOContainer::ReplicaHandler: got replica of live:so:Achievements:4424378@cabin-lw-nl-17/auth_3 (~5.9Kb)
21:30:06.942      NET| CL_SOContainer::ReplicaHandler: got replica of live:so:UserProfile:4424378@cabin-lw-nl-17/auth_3 (~59Kb)
21:30:06.948      NET| TSConnectionManager::ChangeState: NEGOTIATING -> ONLINE
21:30:07.230      NET| CL_SOContainer::ReplicaHandler: got PARTIAL(1) replica of live:so:Achievements:4424378@cabin-lw-nl-17/auth_3 (~26b)
21:30:07.268      NET| CL_SOContainer::ReplicaHandler: got replica of live:so:RichPresence:13035837@cabin-lw-nl-17/auth_3 (~472b)
21:30:07.268      NET| CL_SOContainer::ReplicaHandler: got replica of live:so:RichPresence:4778315@cabin-lw-nl-17/auth_3 (~474b)
21:30:07.268      NET| CL_SOContainer::ReplicaHandler: got replica of live:so:RichPresence:7080235@cabin-lw-nl-17/auth_3 (~472b)
21:30:07.268      NET| CL_SOContainer::ReplicaHandler: got replica of live:so:RichPresence:7585151@cabin-lw-nl-17/auth_3 (~470b)
21:30:07.268      NET| CL_SOContainer::ReplicaHandler: got replica of live:so:RichPresence:6362242@cabin-lw-nl-17/auth_3 (~483b)
21:30:07.268      NET| CL_SOContainer::ReplicaHandler: got replica of live:so:RichPresence:5233487@cabin-lw-nl-17/auth_3 (~492b)
21:30:07.268      NET| CL_SOContainer::ReplicaHandler: got replica of live:so:RichPresence:4309561@cabin-lw-nl-17/auth_3 (~506b)
21:30:07.268      NET| CL_SOContainer::ReplicaHandler: got replica of live:so:RichPresence:6471644@cabin-lw-nl-17/auth_3 (~467b)
21:30:07.268      NET| CL_SOContainer::ReplicaHandler: got replica of live:so:RichPresence:11660614@cabin-lw-nl-17/auth_3 (~493b)
21:30:07.268      NET| CL_SOContainer::ReplicaHandler: got replica of live:so:RichPresence:9081862@cabin-lw-nl-17/auth_3 (~503b)
21:30:07.268      NET| CL_SOContainer::ReplicaHandler: got replica of live:so:RichPresence:7349533@cabin-lw-nl-17/auth_3 (~480b)
21:30:07.268      NET| CL_SOContainer::ReplicaHandler: got replica of live:so:RichPresence:8322821@cabin-lw-nl-17/auth_3 (~483b)
21:30:07.268      NET| CL_SOContainer::ReplicaHandler: got replica of live:so:RichPresence:2599753@cabin-lw-nl-17/auth_3 (~480b)
21:30:07.268      NET| CL_SOContainer::ReplicaHandler: got replica of live:so:RichPresence:6924792@cabin-lw-nl-17/auth_3 (~473b)
21:30:07.268      NET| CL_SOContainer::ReplicaHandler: got replica of live:so:RichPresence:4384745@cabin-lw-nl-17/auth_3 (~483b)
21:30:07.268      NET| CL_SOContainer::ReplicaHandler: got replica of live:so:RichPresence:7211359@cabin-lw-nl-17/auth_3 (~477b)
21:30:07.374      NET| CL_SOContainer::ReplicaHandler: got replica of live:so:RichPresence:7390116@cabin-lw-nl-17/auth_3 (~467b)
21:30:07.374      NET| CL_SOContainer::ReplicaHandler: got replica of live:so:RichPresence:2537492@cabin-lw-nl-17/auth_3 (~482b)
21:30:07.374      NET| CL_SOContainer::ReplicaHandler: got replica of live:so:RichPresence:6928978@cabin-lw-nl-17/auth_3 (~529b)
21:30:07.374      NET| CL_SOContainer::ReplicaHandler: got replica of live:so:RichPresence:2579964@cabin-lw-nl-17/auth_3 (~483b)
21:30:07.374      NET| CL_SOContainer::ReplicaHandler: got replica of live:so:RichPresence:5193768@cabin-lw-nl-17/auth_3 (~477b)
21:30:07.374      NET| CL_SOContainer::ReplicaHandler: got replica of live:so:RichPresence:1006085@cabin-lw-nl-17/auth_3 (~469b)
21:30:07.374      NET| CL_SOContainer::ReplicaHandler: got replica of live:so:RichPresence:3968256@cabin-lw-nl-17/auth_3 (~498b)
21:30:07.374      NET| CL_SOContainer::ReplicaHandler: got replica of live:so:RichPresence:6656432@cabin-lw-nl-17/auth_3 (~471b)
21:30:07.409      NET| CL_SOContainer::ReplicaHandler: got replica of live:so:RichPresence:11091037@cabin-lw-nl-17/auth_3 (~490b)
21:30:07.409      NET| CL_SOContainer::ReplicaHandler: got replica of live:so:RichPresence:56376@cabin-lw-nl-17/auth_3 (~479b)
21:30:07.409      NET| CL_SOContainer::ReplicaHandler: got replica of live:so:RichPresence:6265535@cabin-lw-nl-17/auth_3 (~481b)
21:30:07.409      NET| CL_SOContainer::ReplicaHandler: got replica of live:so:RichPresence:1092595@cabin-lw-nl-17/auth_3 (~485b)
21:30:07.409      NET| CL_SOContainer::ReplicaHandler: got replica of live:so:RichPresence:1650487@cabin-lw-nl-17/auth_3 (~491b)
21:30:07.409      NET| CL_SOContainer::ReplicaHandler: got replica of live:so:RichPresence:1423449@cabin-lw-nl-17/auth_3 (~486b)
21:30:07.409      NET| CL_SOContainer::ReplicaHandler: got replica of live:so:RichPresence:9600177@cabin-lw-nl-17/auth_3 (~478b)
21:30:07.409      NET| CL_SOContainer::ReplicaHandler: got replica of live:so:RichPresence:11086268@cabin-lw-nl-17/auth_3 (~472b)
21:30:07.409      NET| CL_SOContainer::ReplicaHandler: got replica of live:so:RichPresence:11020632@cabin-lw-nl-17/auth_3 (~472b)
21:30:07.409      NET| CL_SOContainer::ReplicaHandler: got replica of live:so:RichPresence:11961235@cabin-lw-nl-17/auth_3 (~494b)
21:30:07.409      NET| CL_SOContainer::ReplicaHandler: got replica of live:so:RichPresence:11885615@cabin-lw-nl-17/auth_3 (~495b)
21:30:07.409      NET| CL_SOContainer::ReplicaHandler: got replica of live:so:RichPresence:3839373@cabin-lw-nl-17/auth_3 (~489b)
21:30:07.409      NET| CL_SOContainer::ReplicaHandler: got replica of live:so:RichPresence:61435@cabin-lw-nl-17/auth_3 (~454b)
21:30:07.409      NET| CL_SOContainer::ReplicaHandler: got replica of live:so:RichPresence:3648744@cabin-lw-nl-17/auth_3 (~488b)
21:30:07.409      NET| CL_SOContainer::ReplicaHandler: got replica of live:so:RichPresence:9808202@cabin-lw-nl-17/auth_3 (~469b)
21:30:07.409      NET| CL_SOContainer::ReplicaHandler: got replica of live:so:RichPresence:5639886@cabin-lw-nl-17/auth_3 (~486b)
21:30:07.409      NET| CL_SOContainer::ReplicaHandler: got replica of live:so:RichPresence:3299371@cabin-lw-nl-17/auth_3 (~468b)
21:30:07.409      NET| CL_SOContainer::ReplicaHandler: got replica of live:so:RichPresence:6962172@cabin-lw-nl-17/auth_3 (~486b)
21:30:07.409      NET| CL_SOContainer::ReplicaHandler: got replica of live:so:RichPresence:3592923@cabin-lw-nl-17/auth_3 (~464b)
21:30:07.409      NET| CL_SOContainer::ReplicaHandler: got replica of live:so:RichPresence:1188947@cabin-lw-nl-17/auth_3 (~472b)
21:30:07.409      NET| CL_SOContainer::ReplicaHandler: got replica of live:so:RichPresence:10483801@cabin-lw-nl-17/auth_3 (~495b)
21:30:07.409      NET| CL_SOContainer::ReplicaHandler: got replica of live:so:RichPresence:1430273@cabin-lw-nl-17/auth_3 (~480b)
21:30:07.409      NET| CL_SOContainer::ReplicaHandler: got replica of live:so:RichPresence:1128853@cabin-lw-nl-17/auth_3 (~505b)
21:30:07.409      NET| CL_SOContainer::ReplicaHandler: got replica of live:so:RichPresence:11780529@cabin-lw-nl-17/auth_3 (~516b)
21:30:07.409      NET| CL_SOContainer::ReplicaHandler: got replica of live:so:RichPresence:5703146@cabin-lw-nl-17/auth_3 (~494b)
21:30:07.409      NET| CL_SOContainer::ReplicaHandler: got replica of live:so:RichPresence:9396343@cabin-lw-nl-17/auth_3 (~488b)
21:30:07.409      NET| CL_SOContainer::ReplicaHandler: got replica of live:so:RichPresence:9785583@cabin-lw-nl-17/auth_3 (~486b)
21:30:07.409      NET| CL_SOContainer::ReplicaHandler: got replica of live:so:RichPresence:4925938@cabin-lw-nl-17/auth_3 (~503b)
21:30:08.045      NET| CL_SOContainer::ReplicaHandler: got replica of live:so:RichPresence:10704968@cabin-lw-nl-17/auth_3 (~496b)
21:30:08.045      NET| CL_SOContainer::ReplicaHandler: got replica of live:so:RichPresence:3027709@cabin-lw-nl-17/auth_3 (~483b)
21:30:08.045      NET| CL_SOContainer::ReplicaHandler: got replica of live:so:RichPresence:3431885@cabin-lw-nl-17/auth_3 (~488b)
21:30:08.045      NET| CL_SOContainer::ReplicaHandler: got replica of live:so:RichPresence:7617264@cabin-lw-nl-17/auth_3 (~473b)
21:30:08.045      NET| CL_SOContainer::ReplicaHandler: got replica of live:so:RichPresence:7120042@cabin-lw-nl-17/auth_3 (~466b)
21:30:08.045      NET| CL_SOContainer::ReplicaHandler: got replica of live:so:RichPresence:4404333@cabin-lw-nl-17/auth_3 (~504b)
21:30:08.045      NET| CL_SOContainer::ReplicaHandler: got replica of live:so:RichPresence:4159658@cabin-lw-nl-17/auth_3 (~475b)
21:30:08.045      NET| CL_SOContainer::ReplicaHandler: got replica of live:so:RichPresence:7455785@cabin-lw-nl-17/auth_3 (~475b)
21:30:08.045      NET| CL_SOContainer::ReplicaHandler: got replica of live:so:RichPresence:2714878@cabin-lw-nl-17/auth_3 (~453b)
21:30:08.089      NET| CL_SOContainer::ReplicaHandler: got replica of live:so:RichPresence:2907156@cabin-lw-nl-17/auth_3 (~478b)
21:30:08.090      NET| CL_SOContainer::ReplicaHandler: got replica of live:so:RichPresence:4814328@cabin-lw-nl-17/auth_3 (~473b)
21:30:08.090      NET| CL_SOContainer::ReplicaHandler: got replica of live:so:RichPresence:11813610@cabin-lw-nl-17/auth_3 (~487b)
21:30:08.090      NET| CL_SOContainer::ReplicaHandler: got replica of live:so:RichPresence:10471556@cabin-lw-nl-17/auth_3 (~482b)
21:30:08.090      NET| CL_SOContainer::ReplicaHandler: got replica of live:so:RichPresence:8217368@cabin-lw-nl-17/auth_3 (~455b)
21:30:08.090      NET| CL_SOContainer::ReplicaHandler: got replica of live:so:RichPresence:9336852@cabin-lw-nl-17/auth_3 (~494b)
21:30:08.090      NET| CL_SOContainer::ReplicaHandler: got replica of live:so:RichPresence:2574699@cabin-lw-nl-17/auth_3 (~467b)
21:30:08.090      NET| CL_SOContainer::ReplicaHandler: got replica of live:so:RichPresence:1324121@cabin-lw-nl-17/auth_3 (~462b)
21:30:08.090      NET| CL_SOContainer::ReplicaHandler: got replica of live:so:RichPresence:12110010@cabin-lw-nl-17/auth_3 (~508b)
21:30:08.090      NET| CL_SOContainer::ReplicaHandler: got replica of live:so:RichPresence:3622901@cabin-lw-nl-17/auth_3 (~475b)
21:30:08.262      NET| CL_SOContainer::ReplicaHandler: got PARTIAL(3) replica of live:so:SubscriptionList:4424378@cabin-lw-nl-17/auth_3 (~37b)
21:30:08.893      NET| TargemService::WebApiRequest(9): https://crank.crossout.net/live/NewsFeed/GetRecommendations?token=uoJDAAAAAACC0U_j8czf-xq6H4SJAQAAQD_ChQRub25lBGxpdmU
21:30:09.238      NET| TargemService::WebApiRequest(9): finished with e = ErrorCode::OK (status 200)
21:30:09.357      NET| CL_SOContainer::ReplicaHandler: got PARTIAL(1) replica of live:so:EmoUser:4424378@cabin-lw-nl-17/auth_3 (~142b)
21:30:13.936      NET| CL_SOContainer::ReplicaHandler: got replica of live:so:RichPresence:6263780@cabin-lw-nl-17/auth_3 (~470b)
21:30:16.043      NET| CL_SOContainer::ReplicaHandler: got replica of live:so:UserProfile:4925938@cabin-lw-nl-17/auth_3 (~85Kb)
21:30:28.656      NET| CL_SOContainer::ReplicaHandler: got replica of live:so:UserBlueprints:4424378@cabin-lw-nl-17/auth_3 (~45Kb)
21:30:30.717      NET| CL_SOContainer::ReplicaHandler: got PARTIAL(1) replica of live:so:EmoUser:4424378@cabin-lw-nl-17/auth_3 (~4.7Kb)
21:30:30.794      NET| CL_SOContainer::ReplicaHandler: got PARTIAL(1) replica of live:so:UserProfile:4424378@cabin-lw-nl-17/auth_3 (~4.7Kb)
21:30:34.252      NET| CL_SOContainer::ReplicaHandler: got PARTIAL(2) replica of live:so:RichPresence:4424378@cabin-lw-nl-17/auth_3 (~47b)
21:30:34.769      NET| CL_SOContainer::ReplicaHandler: got PARTIAL(1) replica of live:so:RichPresence:4424378@cabin-lw-nl-17/auth_3 (~24b)
21:30:35.547      NET| CL_SOContainer::ReplicaHandler: got PARTIAL(1) replica of live:so:RichPresence:4424378@cabin-lw-nl-17/auth_3 (~24b)
21:30:37.960      NET| CL_SOContainer::ReplicaHandler: got replica of live:so:RichPresence:9236909@cabin-lw-nl-17/auth_3 (~467b)
21:30:37.960      NET| CL_SOContainer::ReplicaHandler: got replica of live:so:RichPresence:9140056@cabin-lw-nl-17/auth_3 (~478b)
21:30:37.960      NET| CL_SOContainer::ReplicaHandler: got replica of live:so:RichPresence:5438556@cabin-lw-nl-17/auth_3 (~489b)
21:30:37.960      NET| CL_SOContainer::ReplicaHandler: got replica of live:so:RichPresence:4732363@cabin-lw-nl-17/auth_3 (~469b)
21:30:37.960      NET| CL_SOContainer::ReplicaHandler: got replica of live:so:RichPresence:9788276@cabin-lw-nl-17/auth_3 (~471b)
21:30:37.960      NET| CL_SOContainer::ReplicaHandler: got replica of live:so:RichPresence:12893230@cabin-lw-nl-17/auth_3 (~491b)
21:30:37.960      NET| CL_SOContainer::ReplicaHandler: got replica of live:so:RichPresence:5356581@cabin-lw-nl-17/auth_3 (~484b)
21:30:37.960      NET| CL_SOContainer::ReplicaHandler: got replica of live:so:RichPresence:8192947@cabin-lw-nl-17/auth_3 (~481b)
21:30:46.925      NET| CL_SOContainer::ReplicaHandler: got PARTIAL(2) replica of live:so:RichPresence:13035837@cabin-lw-nl-17/auth_3 (~47b)
21:31:37.897      NET| CL_SOContainer::ReplicaHandler: got PARTIAL(2) replica of live:so:RichPresence:13035837@cabin-lw-nl-17/auth_3 (~47b)
21:31:49.284      NET| CL_SOContainer::ReplicaHandler: got PARTIAL(1) replica of live:so:RichPresence:13035837@cabin-lw-nl-17/auth_3 (~24b)
21:31:53.248      NET| CL_SOContainer::ReplicaHandler: got PARTIAL(2) replica of live:so:RichPresence:13035837@cabin-lw-nl-17/auth_3 (~47b)
21:32:08.905      NET| CL_SOContainer::ReplicaHandler: got PARTIAL(2) replica of live:so:RichPresence:13035837@cabin-lw-nl-17/auth_3 (~47b)
21:32:09.769      NET| CL_SOContainer::ReplicaHandler: got PARTIAL(1) replica of live:so:RichPresence:13035837@cabin-lw-nl-17/auth_3 (~24b)
21:34:40.495      NET| CL_SOContainer::ReplicaHandler: got PARTIAL(2) replica of live:so:RichPresence:13035837@cabin-lw-nl-17/auth_3 (~47b)
21:34:43.975      NET| CL_SOContainer::ReplicaHandler: got PARTIAL(1) replica of live:so:RichPresence:13035837@cabin-lw-nl-17/auth_3 (~24b)
21:34:46.298      NET| CL_SOContainer::ReplicaHandler: got PARTIAL(1) replica of live:so:RichPresence:13035837@cabin-lw-nl-17/auth_3 (~24b)
21:34:58.286      NET| CL_SOContainer::ReplicaHandler: got PARTIAL(2) replica of live:so:RichPresence:13035837@cabin-lw-nl-17/auth_3 (~47b)
21:35:05.689      NET| CL_SOContainer::ReplicaHandler: got replica of live:so:RichPresence:9788276@cabin-lw-nl-17/auth_3 (~471b)
21:35:05.943      NET| CL_SOContainer::ReplicaHandler: got replica of live:so:RichPresence:5356581@cabin-lw-nl-17/auth_3 (~484b)
21:35:05.943      NET| CL_SOContainer::ReplicaHandler: got replica of live:so:RichPresence:4732363@cabin-lw-nl-17/auth_3 (~469b)
21:35:05.943      NET| CL_SOContainer::ReplicaHandler: got replica of live:so:RichPresence:9140056@cabin-lw-nl-17/auth_3 (~478b)
21:35:13.290      NET| CL_SOContainer::ReplicaHandler: got PARTIAL(1) replica of live:so:RichPresence:13035837@cabin-lw-nl-17/auth_3 (~27b)
21:35:29.338      NET| CL_SOContainer::ReplicaHandler: got PARTIAL(1) replica of live:so:RichPresence:13035837@cabin-lw-nl-17/auth_3 (~27b)
21:35:37.258      NET| CL_SOContainer::ReplicaHandler: got replica of live:so:RichPresence:9788276@cabin-lw-nl-17/auth_3 (~471b)
21:35:37.543      NET| CL_SOContainer::ReplicaHandler: got replica of live:so:RichPresence:5356581@cabin-lw-nl-17/auth_3 (~484b)
21:35:45.541      NET| CL_SOContainer::ReplicaHandler: got PARTIAL(1) replica of live:so:RichPresence:13035837@cabin-lw-nl-17/auth_3 (~27b)
21:35:51.618      NET| CL_SOContainer::ReplicaHandler: got PARTIAL(1) replica of live:so:RichPresence:9788276@cabin-lw-nl-17/auth_3 (~27b)
21:35:51.660      NET| CL_SOContainer::ReplicaHandler: got PARTIAL(2) replica of live:so:RichPresence:9788276@cabin-lw-nl-17/auth_3 (~47b)
21:35:54.137      NET| CL_SOContainer::ReplicaHandler: got PARTIAL(1) replica of live:so:RichPresence:13035837@cabin-lw-nl-17/auth_3 (~24b)
21:35:54.942      NET| CL_SOContainer::ReplicaHandler: got PARTIAL(1) replica of live:so:RichPresence:13035837@cabin-lw-nl-17/auth_3 (~24b)
21:35:56.023      NET| CL_SOContainer::ReplicaHandler: got PARTIAL(4) replica of live:so:EmoUser:4424378@cabin-lw-nl-17/auth_3 (~168b)
21:35:56.070      NET| CL_SOContainer::ReplicaHandler: got PARTIAL(1) replica of live:so:Achievements:4424378@cabin-lw-nl-17/auth_3 (~66b)
21:35:56.137      NET| CL_SOContainer::ReplicaHandler: got PARTIAL(2) replica of live:so:RichPresence:4424378@cabin-lw-nl-17/auth_3 (~47b)
21:35:56.423      NET| CL_SOContainer::ReplicaHandler: got PARTIAL(3) replica of live:so:UserProfile:4424378@cabin-lw-nl-17/auth_3 (~252b)
21:35:56.775      NET| CL_SOContainer::ReplicaHandler: got PARTIAL(3) replica of live:so:SubscriptionList:4424378@cabin-lw-nl-17/auth_3 (~37b)
21:35:57.556      NET| CL_SOContainer::ReplicaHandler: got PARTIAL(2) replica of live:so:RichPresence:5356581@cabin-lw-nl-17/auth_3 (~47b)
21:35:58.278      NET| CL_SOContainer::ReplicaHandler: got PARTIAL(1) replica of live:so:RichPresence:4424378@cabin-lw-nl-17/auth_3 (~24b)
21:35:58.350      NET| CL_SOContainer::ReplicaHandler: got PARTIAL(1) replica of live:so:RichPresence:4424378@cabin-lw-nl-17/auth_3 (~24b)
21:35:59.095      NET| CL_SOContainer::ReplicaHandler: got PARTIAL(1) replica of live:so:RichPresence:4424378@cabin-lw-nl-17/auth_3 (~24b)
21:36:01.431      NET| CL_SOContainer::ReplicaHandler: got PARTIAL(1) replica of live:so:RichPresence:5356581@cabin-lw-nl-17/auth_3 (~24b)
21:36:01.635      NET| CL_SOContainer::ReplicaHandler: got PARTIAL(1) replica of live:so:RichPresence:5356581@cabin-lw-nl-17/auth_3 (~24b)
21:36:02.086      NET| CL_SOContainer::ReplicaHandler: got PARTIAL(1) replica of live:so:RichPresence:5356581@cabin-lw-nl-17/auth_3 (~24b)
21:36:13.665      NET| CL_SOContainer::ReplicaHandler: got PARTIAL(2) replica of live:so:RichPresence:5356581@cabin-lw-nl-17/auth_3 (~47b)
21:36:15.319      NET| CL_SOContainer::ReplicaHandler: got PARTIAL(2) replica of live:so:RichPresence:4732363@cabin-lw-nl-17/auth_3 (~47b)
21:36:18.004      NET| CL_SOContainer::ReplicaHandler: got PARTIAL(1) replica of live:so:RichPresence:5356581@cabin-lw-nl-17/auth_3 (~24b)
21:36:18.201      NET| CL_SOContainer::ReplicaHandler: got PARTIAL(1) replica of live:so:RichPresence:5356581@cabin-lw-nl-17/auth_3 (~24b)
21:36:18.608      NET| CL_SOContainer::ReplicaHandler: got PARTIAL(1) replica of live:so:RichPresence:5356581@cabin-lw-nl-17/auth_3 (~24b)
21:38:06.407      NET| CL_SOContainer::ReplicaHandler: got replica of live:so:RichPresence:12023083@cabin-lw-nl-17/auth_3 (~473b)
21:38:06.408      NET| CL_SOContainer::ReplicaHandler: got replica of live:so:RichPresence:10638637@cabin-lw-nl-17/auth_3 (~511b)
21:38:06.408      NET| CL_SOContainer::ReplicaHandler: got replica of live:so:RichPresence:5122102@cabin-lw-nl-17/auth_3 (~475b)
21:38:06.408      NET| CL_SOContainer::ReplicaHandler: got replica of live:so:RichPresence:8192947@cabin-lw-nl-17/auth_3 (~481b)
21:38:06.715      NET| CL_SOContainer::ReplicaHandler: got replica of live:so:RichPresence:7620357@cabin-lw-nl-17/auth_3 (~466b)
21:38:06.715      NET| CL_SOContainer::ReplicaHandler: got replica of live:so:RichPresence:5209542@cabin-lw-nl-17/auth_3 (~465b)
21:38:06.715      NET| CL_SOContainer::ReplicaHandler: got replica of live:so:RichPresence:9626287@cabin-lw-nl-17/auth_3 (~481b)
21:38:06.715      NET| CL_SOContainer::ReplicaHandler: got replica of live:so:RichPresence:8663839@cabin-lw-nl-17/auth_3 (~502b)
21:38:13.986      NET| CL_SOContainer::ReplicaHandler: got PARTIAL(2) replica of live:so:RichPresence:8663839@cabin-lw-nl-17/auth_3 (~47b)
21:38:14.702      NET| CL_SOContainer::ReplicaHandler: got replica of live:so:RichPresence:4241246@cabin-lw-nl-17/auth_3 (~457b)
21:38:31.035      NET| CL_SOContainer::ReplicaHandler: got PARTIAL(2) replica of live:so:RichPresence:13035837@cabin-lw-nl-17/auth_3 (~47b)
21:38:34.961      NET| CL_SOContainer::ReplicaHandler: got PARTIAL(1) replica of live:so:RichPresence:13035837@cabin-lw-nl-17/auth_3 (~24b)
21:38:37.340      NET| CL_SOContainer::ReplicaHandler: got PARTIAL(1) replica of live:so:RichPresence:13035837@cabin-lw-nl-17/auth_3 (~24b)
21:39:02.366      NET| CL_SOContainer::ReplicaHandler: got replica of live:so:RichPresence:12023083@cabin-lw-nl-17/auth_3 (~473b)
21:39:02.366      NET| CL_SOContainer::ReplicaHandler: got replica of live:so:RichPresence:9626287@cabin-lw-nl-17/auth_3 (~481b)
21:39:02.366      NET| CL_SOContainer::ReplicaHandler: got replica of live:so:RichPresence:7620357@cabin-lw-nl-17/auth_3 (~466b)
21:39:02.366      NET| CL_SOContainer::ReplicaHandler: got replica of live:so:RichPresence:10638637@cabin-lw-nl-17/auth_3 (~511b)
21:39:02.366      NET| CL_SOContainer::ReplicaHandler: got replica of live:so:RichPresence:5122102@cabin-lw-nl-17/auth_3 (~475b)
21:39:02.366      NET| CL_SOContainer::ReplicaHandler: got replica of live:so:RichPresence:8192947@cabin-lw-nl-17/auth_3 (~481b)
21:39:02.366      NET| CL_SOContainer::ReplicaHandler: got replica of live:so:RichPresence:5209542@cabin-lw-nl-17/auth_3 (~465b)
21:39:02.743      NET| CL_SOContainer::ReplicaHandler: got replica of live:so:RichPresence:8663839@cabin-lw-nl-17/auth_3 (~502b)
21:39:03.360      NET| CL_SOContainer::ReplicaHandler: got PARTIAL(2) replica of live:so:RichPresence:7349533@cabin-lw-nl-17/auth_3 (~47b)
21:39:21.700      NET| CL_SOContainer::ReplicaHandler: got PARTIAL(2) replica of live:so:RichPresence:5122102@cabin-lw-nl-17/auth_3 (~47b)
21:39:28.366      NET| CL_SOContainer::ReplicaHandler: got PARTIAL(1) replica of live:so:RichPresence:5122102@cabin-lw-nl-17/auth_3 (~24b)
21:39:28.684      NET| CL_SOContainer::ReplicaHandler: got PARTIAL(1) replica of live:so:RichPresence:5122102@cabin-lw-nl-17/auth_3 (~24b)
21:39:29.106      NET| CL_SOContainer::ReplicaHandler: got PARTIAL(1) replica of live:so:RichPresence:5122102@cabin-lw-nl-17/auth_3 (~24b)
21:40:30.552      NET| CL_SOContainer::ReplicaHandler: got PARTIAL(2) replica of live:so:RichPresence:7349533@cabin-lw-nl-17/auth_3 (~47b)
21:40:52.324      NET| CL_SOContainer::ReplicaHandler: got PARTIAL(2) replica of live:so:RichPresence:7349533@cabin-lw-nl-17/auth_3 (~47b)
21:40:53.186      NET| CL_SOContainer::ReplicaHandler: got PARTIAL(1) replica of live:so:RichPresence:7349533@cabin-lw-nl-17/auth_3 (~24b)
21:41:14.841      NET| CL_SOContainer::ReplicaHandler: got replica of live:so:RichPresence:12023083@cabin-lw-nl-17/auth_3 (~473b)
21:41:14.841      NET| CL_SOContainer::ReplicaHandler: got replica of live:so:RichPresence:5122102@cabin-lw-nl-17/auth_3 (~475b)
21:41:14.841      NET| CL_SOContainer::ReplicaHandler: got replica of live:so:RichPresence:9626287@cabin-lw-nl-17/auth_3 (~481b)
21:41:14.841      NET| CL_SOContainer::ReplicaHandler: got replica of live:so:RichPresence:7620357@cabin-lw-nl-17/auth_3 (~466b)
21:41:14.841      NET| CL_SOContainer::ReplicaHandler: got replica of live:so:RichPresence:47675@cabin-lw-nl-17/auth_3 (~473b)
21:41:14.841      NET| CL_SOContainer::ReplicaHandler: got replica of live:so:RichPresence:8192947@cabin-lw-nl-17/auth_3 (~481b)
21:41:14.841      NET| CL_SOContainer::ReplicaHandler: got replica of live:so:RichPresence:8663839@cabin-lw-nl-17/auth_3 (~502b)
21:41:14.841      NET| CL_SOContainer::ReplicaHandler: got replica of live:so:RichPresence:5209542@cabin-lw-nl-17/auth_3 (~465b)
21:41:31.695      NET| CL_SOContainer::ReplicaHandler: got PARTIAL(2) replica of live:so:RichPresence:7620357@cabin-lw-nl-17/auth_3 (~47b)
21:41:34.093      NET| CL_SOContainer::ReplicaHandler: got PARTIAL(2) replica of live:so:RichPresence:7620357@cabin-lw-nl-17/auth_3 (~47b)
21:41:36.082      NET| CL_SOContainer::ReplicaHandler: got PARTIAL(2) replica of live:so:RichPresence:5209542@cabin-lw-nl-17/auth_3 (~47b)
21:42:46.131      NET| CL_SOContainer::ReplicaHandler: got replica of live:so:RichPresence:9626287@cabin-lw-nl-17/auth_3 (~481b)
21:42:48.233      NET| CL_SOContainer::ReplicaHandler: got replica of live:so:RichPresence:12023083@cabin-lw-nl-17/auth_3 (~473b)
21:42:48.233      NET| CL_SOContainer::ReplicaHandler: got replica of live:so:RichPresence:5122102@cabin-lw-nl-17/auth_3 (~475b)
21:42:48.233      NET| CL_SOContainer::ReplicaHandler: got replica of live:so:RichPresence:10038823@cabin-lw-nl-17/auth_3 (~489b)
21:42:48.233      NET| CL_SOContainer::ReplicaHandler: got replica of live:so:RichPresence:10638637@cabin-lw-nl-17/auth_3 (~511b)
21:42:48.559      NET| CL_SOContainer::ReplicaHandler: got replica of live:so:RichPresence:47675@cabin-lw-nl-17/auth_3 (~473b)
21:42:48.559      NET| CL_SOContainer::ReplicaHandler: got replica of live:so:RichPresence:8663839@cabin-lw-nl-17/auth_3 (~502b)
21:42:48.559      NET| CL_SOContainer::ReplicaHandler: got replica of live:so:RichPresence:9167806@cabin-lw-nl-17/auth_3 (~480b)
21:43:18.689      NET| CL_SOContainer::ReplicaHandler: got PARTIAL(2) replica of live:so:RichPresence:7349533@cabin-lw-nl-17/auth_3 (~47b)
21:43:20.687      NET| CL_SOContainer::ReplicaHandler: got PARTIAL(1) replica of live:so:RichPresence:7349533@cabin-lw-nl-17/auth_3 (~24b)
21:43:27.151      NET| CL_SOContainer::ReplicaHandler: got PARTIAL(1) replica of live:so:RichPresence:7349533@cabin-lw-nl-17/auth_3 (~24b)
21:43:27.754      NET| CL_SOContainer::ReplicaHandler: got PARTIAL(1) replica of live:so:RichPresence:7349533@cabin-lw-nl-17/auth_3 (~24b)
21:43:35.187      NET| CL_SOContainer::ReplicaHandler: got replica of live:so:RichPresence:12023083@cabin-lw-nl-17/auth_3 (~473b)
21:43:35.187      NET| CL_SOContainer::ReplicaHandler: got replica of live:so:RichPresence:5122102@cabin-lw-nl-17/auth_3 (~475b)
21:43:35.187      NET| CL_SOContainer::ReplicaHandler: got replica of live:so:RichPresence:10038823@cabin-lw-nl-17/auth_3 (~489b)
21:43:35.187      NET| CL_SOContainer::ReplicaHandler: got replica of live:so:RichPresence:10638637@cabin-lw-nl-17/auth_3 (~511b)
21:43:35.512      NET| CL_SOContainer::ReplicaHandler: got replica of live:so:RichPresence:8663839@cabin-lw-nl-17/auth_3 (~502b)
21:43:35.513      NET| CL_SOContainer::ReplicaHandler: got replica of live:so:RichPresence:9167806@cabin-lw-nl-17/auth_3 (~480b)
21:43:35.513      NET| CL_SOContainer::ReplicaHandler: got replica of live:so:RichPresence:9626287@cabin-lw-nl-17/auth_3 (~481b)
21:43:35.513      NET| CL_SOContainer::ReplicaHandler: got replica of live:so:RichPresence:47675@cabin-lw-nl-17/auth_3 (~473b)
21:44:59.940      NET| CL_SOContainer::ReplicaHandler: got PARTIAL(2) replica of live:so:RichPresence:7349533@cabin-lw-nl-17/auth_3 (~47b)
21:45:02.661      NET| CL_SOContainer::ReplicaHandler: got PARTIAL(1) replica of live:so:RichPresence:7349533@cabin-lw-nl-17/auth_3 (~24b)
21:45:03.251      NET| CL_SOContainer::ReplicaHandler: got PARTIAL(1) replica of live:so:RichPresence:7349533@cabin-lw-nl-17/auth_3 (~24b)
21:45:03.870      NET| CL_SOContainer::ReplicaHandler: got PARTIAL(1) replica of live:so:RichPresence:7349533@cabin-lw-nl-17/auth_3 (~24b)
21:45:05.115      NET| TargemService::WebApiRequest(12): https://crank.crossout.net/live/Auth/RefreshToken?token=uoJDAAAAAACC0U_j8czf-xq6H4SJAQAAQD_ChQRub25lBGxpdmU
21:45:05.391      NET| TargemService::WebApiRequest(12): finished with e = ErrorCode::OK (status 200)
21:45:05.391      NET| TargemService::SetAvailableProtoEndpoints: soServices: ["wss://crank.crossout.net/live/AuthProtoServer"], chats: ["wss://crank.crossout.net/live/ChatServiceProtoServer"]
21:45:14.045      NET| CL_SOContainer::ReplicaHandler: got replica of live:so:RichPresence:5122102@cabin-lw-nl-17/auth_3 (~475b)
21:45:14.045      NET| CL_SOContainer::ReplicaHandler: got replica of live:so:RichPresence:10038823@cabin-lw-nl-17/auth_3 (~489b)
21:45:14.045      NET| CL_SOContainer::ReplicaHandler: got replica of live:so:RichPresence:12259422@cabin-lw-nl-17/auth_3 (~486b)
21:45:14.045      NET| CL_SOContainer::ReplicaHandler: got replica of live:so:RichPresence:10638637@cabin-lw-nl-17/auth_3 (~511b)
21:45:14.315      NET| CL_SOContainer::ReplicaHandler: got replica of live:so:RichPresence:8663839@cabin-lw-nl-17/auth_3 (~502b)
21:45:14.315      NET| CL_SOContainer::ReplicaHandler: got replica of live:so:RichPresence:9167806@cabin-lw-nl-17/auth_3 (~480b)
21:45:14.345      NET| CL_SOContainer::ReplicaHandler: got replica of live:so:RichPresence:47675@cabin-lw-nl-17/auth_3 (~473b)
21:45:14.345      NET| CL_SOContainer::ReplicaHandler: got replica of live:so:RichPresence:9626287@cabin-lw-nl-17/auth_3 (~481b)
21:47:01.075      NET| CL_SOContainer::ReplicaHandler: got PARTIAL(2) replica of live:so:RichPresence:9081862@cabin-lw-nl-17/auth_3 (~47b)
21:47:03.310      NET| CL_SOContainer::ReplicaHandler: got PARTIAL(1) replica of live:so:RichPresence:9081862@cabin-lw-nl-17/auth_3 (~24b)
21:47:04.099      NET| CL_SOContainer::ReplicaHandler: got PARTIAL(1) replica of live:so:RichPresence:9081862@cabin-lw-nl-17/auth_3 (~24b)
21:47:53.235      NET| CL_SOContainer::ReplicaHandler: got PARTIAL(2) replica of live:so:RichPresence:9081862@cabin-lw-nl-17/auth_3 (~47b)
21:47:57.078      NET| CL_SOContainer::ReplicaHandler: got PARTIAL(1) replica of live:so:RichPresence:9081862@cabin-lw-nl-17/auth_3 (~24b)
21:48:00.563      NET| CL_SOContainer::ReplicaHandler: got PARTIAL(1) replica of live:so:RichPresence:9081862@cabin-lw-nl-17/auth_3 (~24b)
21:48:01.329      NET| CL_SOContainer::ReplicaHandler: got PARTIAL(1) replica of live:so:RichPresence:9081862@cabin-lw-nl-17/auth_3 (~24b)
21:49:13.884      NET| CL_SOContainer::ReplicaHandler: got PARTIAL(2) replica of live:so:RichPresence:7349533@cabin-lw-nl-17/auth_3 (~47b)
21:49:15.667      NET| CL_SOContainer::ReplicaHandler: got PARTIAL(1) replica of live:so:RichPresence:7349533@cabin-lw-nl-17/auth_3 (~24b)
21:49:27.873      NET| CL_SOContainer::ReplicaHandler: got replica of live:so:RichPresence:5122102@cabin-lw-nl-17/auth_3 (~475b)
21:49:27.873      NET| CL_SOContainer::ReplicaHandler: got replica of live:so:RichPresence:10038823@cabin-lw-nl-17/auth_3 (~489b)
21:49:27.873      NET| CL_SOContainer::ReplicaHandler: got replica of live:so:RichPresence:12259422@cabin-lw-nl-17/auth_3 (~486b)
21:49:27.873      NET| CL_SOContainer::ReplicaHandler: got replica of live:so:RichPresence:10638637@cabin-lw-nl-17/auth_3 (~511b)
21:49:27.873      NET| CL_SOContainer::ReplicaHandler: got replica of live:so:RichPresence:1065663@cabin-lw-nl-17/auth_3 (~482b)
21:49:27.873      NET| CL_SOContainer::ReplicaHandler: got replica of live:so:RichPresence:8145700@cabin-lw-nl-17/auth_3 (~495b)
21:49:28.279      NET| CL_SOContainer::ReplicaHandler: got replica of live:so:RichPresence:9626287@cabin-lw-nl-17/auth_3 (~481b)
21:49:28.279      NET| CL_SOContainer::ReplicaHandler: got replica of live:so:RichPresence:9167806@cabin-lw-nl-17/auth_3 (~480b)
21:49:36.468      NET| CL_SOContainer::ReplicaHandler: got PARTIAL(2) replica of live:so:RichPresence:7349533@cabin-lw-nl-17/auth_3 (~47b)
21:49:37.139      NET| CL_SOContainer::ReplicaHandler: got PARTIAL(1) replica of live:so:RichPresence:7349533@cabin-lw-nl-17/auth_3 (~24b)
21:49:42.894      NET| CL_SOContainer::ReplicaHandler: got PARTIAL(1) replica of live:so:RichPresence:7349533@cabin-lw-nl-17/auth_3 (~24b)
21:49:44.315      NET| CL_SOContainer::ReplicaHandler: got PARTIAL(1) replica of live:so:RichPresence:7349533@cabin-lw-nl-17/auth_3 (~24b)
21:49:50.506      NET| CL_SOContainer::ReplicaHandler: got PARTIAL(1) replica of live:so:RichPresence:7349533@cabin-lw-nl-17/auth_3 (~24b)
21:49:51.217      NET| CL_SOContainer::ReplicaHandler: got PARTIAL(1) replica of live:so:RichPresence:7349533@cabin-lw-nl-17/auth_3 (~24b)
21:50:23.445      NET| CL_SOContainer::ReplicaHandler: got replica of live:so:RichPresence:1065663@cabin-lw-nl-17/auth_3 (~482b)
21:50:25.796      NET| CL_SOContainer::ReplicaHandler: got PARTIAL(2) replica of live:so:RichPresence:9081862@cabin-lw-nl-17/auth_3 (~47b)
21:50:42.951      NET| CL_SOContainer::ReplicaHandler: got PARTIAL(2) replica of live:so:RichPresence:9081862@cabin-lw-nl-17/auth_3 (~47b)
21:50:46.257      NET| CL_SOContainer::ReplicaHandler: got PARTIAL(1) replica of live:so:RichPresence:9081862@cabin-lw-nl-17/auth_3 (~24b)
21:50:47.094      NET| CL_SOContainer::ReplicaHandler: got PARTIAL(1) replica of live:so:RichPresence:9081862@cabin-lw-nl-17/auth_3 (~24b)
21:52:43.540      NET| CL_SOContainer::ReplicaHandler: got PARTIAL(2) replica of live:so:RichPresence:9081862@cabin-lw-nl-17/auth_3 (~47b)
21:52:46.139      NET| CL_SOContainer::ReplicaHandler: got PARTIAL(1) replica of live:so:RichPresence:9081862@cabin-lw-nl-17/auth_3 (~24b)
21:52:52.006      NET| CL_SOContainer::ReplicaHandler: got PARTIAL(1) replica of live:so:RichPresence:9081862@cabin-lw-nl-17/auth_3 (~24b)
21:52:52.810      NET| CL_SOContainer::ReplicaHandler: got PARTIAL(1) replica of live:so:RichPresence:9081862@cabin-lw-nl-17/auth_3 (~24b)
21:52:54.006      NET| CL_SOContainer::ReplicaHandler: got PARTIAL(2) replica of live:so:RichPresence:7349533@cabin-lw-nl-17/auth_3 (~47b)
21:52:55.757      NET| CL_SOContainer::ReplicaHandler: got PARTIAL(1) replica of live:so:RichPresence:7349533@cabin-lw-nl-17/auth_3 (~24b)
21:53:12.281      NET| CL_SOContainer::ReplicaHandler: got PARTIAL(2) replica of live:so:RichPresence:7349533@cabin-lw-nl-17/auth_3 (~47b)
21:53:12.884      NET| CL_SOContainer::ReplicaHandler: got PARTIAL(1) replica of live:so:RichPresence:7349533@cabin-lw-nl-17/auth_3 (~24b)
21:53:37.356      NET| CL_SOContainer::ReplicaHandler: got PARTIAL(2) replica of live:so:RichPresence:9081862@cabin-lw-nl-17/auth_3 (~47b)
21:53:40.076      NET| CL_SOContainer::ReplicaHandler: got PARTIAL(1) replica of live:so:RichPresence:9081862@cabin-lw-nl-17/auth_3 (~24b)
21:53:40.479      NET| CL_SOContainer::ReplicaHandler: got PARTIAL(1) replica of live:so:RichPresence:9081862@cabin-lw-nl-17/auth_3 (~24b)
21:53:41.230      NET| CL_SOContainer::ReplicaHandler: got PARTIAL(1) replica of live:so:RichPresence:9081862@cabin-lw-nl-17/auth_3 (~24b)
21:54:23.674      NET| CL_SOContainer::ReplicaHandler: got replica of live:so:RichPresence:10038823@cabin-lw-nl-17/auth_3 (~489b)
21:54:23.674      NET| CL_SOContainer::ReplicaHandler: got replica of live:so:RichPresence:12259422@cabin-lw-nl-17/auth_3 (~486b)
21:54:23.674      NET| CL_SOContainer::ReplicaHandler: got replica of live:so:RichPresence:10638637@cabin-lw-nl-17/auth_3 (~511b)
21:54:23.674      NET| CL_SOContainer::ReplicaHandler: got replica of live:so:RichPresence:1065663@cabin-lw-nl-17/auth_3 (~482b)
21:54:23.674      NET| CL_SOContainer::ReplicaHandler: got replica of live:so:RichPresence:8145700@cabin-lw-nl-17/auth_3 (~495b)
21:54:23.973      NET| CL_SOContainer::ReplicaHandler: got replica of live:so:RichPresence:2753959@cabin-lw-nl-17/auth_3 (~493b)
21:54:23.973      NET| CL_SOContainer::ReplicaHandler: got replica of live:so:RichPresence:8663839@cabin-lw-nl-17/auth_3 (~502b)
21:54:24.294      NET| CL_SOContainer::ReplicaHandler: got replica of live:so:RichPresence:9167806@cabin-lw-nl-17/auth_3 (~480b)
21:54:25.748      NET| CL_SOContainer::ReplicaHandler: got PARTIAL(2) replica of live:so:RichPresence:9081862@cabin-lw-nl-17/auth_3 (~47b)
21:54:28.069      NET| CL_SOContainer::ReplicaHandler: got PARTIAL(1) replica of live:so:RichPresence:9081862@cabin-lw-nl-17/auth_3 (~24b)
21:54:28.331      NET| CL_SOContainer::ReplicaHandler: got PARTIAL(1) replica of live:so:RichPresence:9081862@cabin-lw-nl-17/auth_3 (~24b)
21:54:29.157      NET| CL_SOContainer::ReplicaHandler: got PARTIAL(1) replica of live:so:RichPresence:9081862@cabin-lw-nl-17/auth_3 (~24b)
21:54:31.529      NET| CL_SOContainer::ReplicaHandler: got PARTIAL(1) replica of live:so:Achievements:4424378@cabin-lw-nl-17/auth_3 (~66b)
21:54:31.603      NET| CL_SOContainer::ReplicaHandler: got PARTIAL(4) replica of live:so:EmoUser:4424378@cabin-lw-nl-17/auth_3 (~168b)
21:54:31.603      NET| CL_SOContainer::ReplicaHandler: got PARTIAL(2) replica of live:so:RichPresence:4424378@cabin-lw-nl-17/auth_3 (~47b)
21:54:31.926      NET| CL_SOContainer::ReplicaHandler: got PARTIAL(3) replica of live:so:UserProfile:4424378@cabin-lw-nl-17/auth_3 (~252b)
21:54:32.196      NET| CL_SOContainer::ReplicaHandler: got PARTIAL(3) replica of live:so:SubscriptionList:4424378@cabin-lw-nl-17/auth_3 (~37b)
21:54:33.370      NET| CL_SOContainer::ReplicaHandler: got replica of live:so:UserBlueprints:4424378@cabin-lw-nl-17/auth_3 (~45Kb)
21:54:35.204      NET| CL_SOContainer::ReplicaHandler: got PARTIAL(1) replica of live:so:EmoUser:4424378@cabin-lw-nl-17/auth_3 (~6.4Kb)
21:54:35.274      NET| CL_SOContainer::ReplicaHandler: got PARTIAL(1) replica of live:so:UserProfile:4424378@cabin-lw-nl-17/auth_3 (~6.4Kb)
21:54:37.374      NET| CL_SOContainer::ReplicaHandler: got PARTIAL(1) replica of live:so:RichPresence:4424378@cabin-lw-nl-17/auth_3 (~24b)
21:54:37.828      NET| CL_SOContainer::ReplicaHandler: got PARTIAL(1) replica of live:so:RichPresence:4424378@cabin-lw-nl-17/auth_3 (~24b)
21:54:38.618      NET| CL_SOContainer::ReplicaHandler: got PARTIAL(1) replica of live:so:RichPresence:4424378@cabin-lw-nl-17/auth_3 (~24b)
21:54:40.833      NET| CL_SOContainer::ReplicaHandler: got replica of live:so:RichPresence:11706272@cabin-lw-nl-17/auth_3 (~502b)
21:54:41.159      NET| CL_SOContainer::ReplicaHandler: got replica of live:so:RichPresence:10084596@cabin-lw-nl-17/auth_3 (~465b)
21:54:41.249      NET| CL_SOContainer::ReplicaHandler: got replica of live:so:RichPresence:10860656@cabin-lw-nl-17/auth_3 (~475b)
21:54:46.638      NET| CL_SOContainer::ReplicaHandler: got PARTIAL(2) replica of live:so:RichPresence:11706272@cabin-lw-nl-17/auth_3 (~47b)
21:54:48.117      NET| CL_SOContainer::ReplicaHandler: got PARTIAL(1) replica of live:so:RichPresence:11706272@cabin-lw-nl-17/auth_3 (~24b)
21:54:49.155      NET| CL_SOContainer::ReplicaHandler: got PARTIAL(1) replica of live:so:RichPresence:11706272@cabin-lw-nl-17/auth_3 (~24b)
21:54:49.595      NET| CL_SOContainer::ReplicaHandler: got PARTIAL(1) replica of live:so:RichPresence:11706272@cabin-lw-nl-17/auth_3 (~24b)
21:55:50.366      NET| CL_SOContainer::ReplicaHandler: got replica of live:so:RichPresence:7152378@cabin-lw-nl-17/auth_3 (~481b)
21:55:50.689      NET| CL_SOContainer::ReplicaHandler: got replica of live:so:RichPresence:10860656@cabin-lw-nl-17/auth_3 (~475b)
21:56:06.393      NET| CL_SOContainer::ReplicaHandler: got PARTIAL(2) replica of live:so:RichPresence:10860656@cabin-lw-nl-17/auth_3 (~47b)
21:56:43.059      NET| CL_SOContainer::ReplicaHandler: got PARTIAL(2) replica of live:so:RichPresence:7349533@cabin-lw-nl-17/auth_3 (~47b)
21:56:45.803      NET| CL_SOContainer::ReplicaHandler: got PARTIAL(2) replica of live:so:RichPresence:9081862@cabin-lw-nl-17/auth_3 (~47b)
21:56:48.069      NET| CL_SOContainer::ReplicaHandler: got PARTIAL(1) replica of live:so:RichPresence:9081862@cabin-lw-nl-17/auth_3 (~24b)
21:56:51.472      NET| CL_SOContainer::ReplicaHandler: got PARTIAL(1) replica of live:so:RichPresence:9081862@cabin-lw-nl-17/auth_3 (~24b)
21:56:52.264      NET| CL_SOContainer::ReplicaHandler: got PARTIAL(1) replica of live:so:RichPresence:9081862@cabin-lw-nl-17/auth_3 (~24b)
21:57:10.604      NET| CL_SOContainer::ReplicaHandler: got PARTIAL(4) replica of live:so:EmoUser:4424378@cabin-lw-nl-17/auth_3 (~168b)
21:57:10.604      NET| CL_SOContainer::ReplicaHandler: got PARTIAL(1) replica of live:so:Achievements:4424378@cabin-lw-nl-17/auth_3 (~66b)
21:57:10.712      NET| CL_SOContainer::ReplicaHandler: got PARTIAL(2) replica of live:so:RichPresence:4424378@cabin-lw-nl-17/auth_3 (~47b)
21:57:11.020      NET| CL_SOContainer::ReplicaHandler: got PARTIAL(3) replica of live:so:UserProfile:4424378@cabin-lw-nl-17/auth_3 (~252b)
21:57:11.273      NET| CL_SOContainer::ReplicaHandler: got PARTIAL(3) replica of live:so:SubscriptionList:4424378@cabin-lw-nl-17/auth_3 (~37b)
21:57:20.769      NET| CL_SOContainer::ReplicaHandler: got PARTIAL(2) replica of live:so:RichPresence:7349533@cabin-lw-nl-17/auth_3 (~47b)
21:57:32.920      NET| CL_SOContainer::ReplicaHandler: got PARTIAL(2) replica of live:so:RichPresence:9081862@cabin-lw-nl-17/auth_3 (~47b)
21:57:36.121      NET| CL_SOContainer::ReplicaHandler: got PARTIAL(1) replica of live:so:RichPresence:9081862@cabin-lw-nl-17/auth_3 (~24b)
21:57:41.054      NET| CL_SOContainer::ReplicaHandler: got PARTIAL(1) replica of live:so:RichPresence:9081862@cabin-lw-nl-17/auth_3 (~24b)
21:57:41.788      NET| CL_SOContainer::ReplicaHandler: got PARTIAL(1) replica of live:so:RichPresence:9081862@cabin-lw-nl-17/auth_3 (~24b)
21:57:44.121      NET| CL_SOContainer::ReplicaHandler: got PARTIAL(2) replica of live:so:RichPresence:7349533@cabin-lw-nl-17/auth_3 (~47b)
21:57:44.788      NET| CL_SOContainer::ReplicaHandler: got PARTIAL(1) replica of live:so:RichPresence:7349533@cabin-lw-nl-17/auth_3 (~24b)
21:58:53.635      NET| CL_SOContainer::ReplicaHandler: got replica of live:so:UserProfile:4925938@cabin-lw-nl-17/auth_3 (~85Kb)
21:59:09.420      NET| CL_SOContainer::ReplicaHandler: got replica of live:so:RichPresence:6263780@cabin-lw-nl-17/auth_3 (~470b)
21:59:11.390      NET| CL_SOContainer::ReplicaHandler: got PARTIAL(2) replica of live:so:RichPresence:4424378@cabin-lw-nl-17/auth_3 (~47b)
21:59:12.163      NET| CL_SOContainer::ReplicaHandler: got PARTIAL(1) replica of live:so:RichPresence:4424378@cabin-lw-nl-17/auth_3 (~24b)
21:59:12.912      NET| CL_SOContainer::ReplicaHandler: got PARTIAL(1) replica of live:so:RichPresence:4424378@cabin-lw-nl-17/auth_3 (~24b)
21:59:15.072      NET| CL_SOContainer::ReplicaHandler: got replica of live:so:RichPresence:11464769@cabin-lw-nl-17/auth_3 (~477b)
21:59:15.073      NET| CL_SOContainer::ReplicaHandler: got replica of live:so:RichPresence:3559328@cabin-lw-nl-17/auth_3 (~475b)
21:59:15.406      NET| CL_SOContainer::ReplicaHandler: got replica of live:so:RichPresence:10435261@cabin-lw-nl-17/auth_3 (~467b)
21:59:15.406      NET| CL_SOContainer::ReplicaHandler: got replica of live:so:RichPresence:13254108@cabin-lw-nl-17/auth_3 (~482b)
21:59:15.407      NET| CL_SOContainer::ReplicaHandler: got replica of live:so:RichPresence:4959763@cabin-lw-nl-17/auth_3 (~493b)
21:59:15.407      NET| CL_SOContainer::ReplicaHandler: got replica of live:so:RichPresence:9240222@cabin-lw-nl-17/auth_3 (~489b)
21:59:28.465      NET| CL_SOContainer::ReplicaHandler: got PARTIAL(2) replica of live:so:RichPresence:3559328@cabin-lw-nl-17/auth_3 (~47b)
21:59:35.696      NET| CL_SOContainer::ReplicaHandler: got PARTIAL(1) replica of live:so:RichPresence:3559328@cabin-lw-nl-17/auth_3 (~24b)
21:59:35.738      NET| CL_SOContainer::ReplicaHandler: got PARTIAL(1) replica of live:so:RichPresence:3559328@cabin-lw-nl-17/auth_3 (~24b)
21:59:36.113      NET| CL_SOContainer::ReplicaHandler: got PARTIAL(1) replica of live:so:RichPresence:3559328@cabin-lw-nl-17/auth_3 (~24b)
21:59:40.685      NET| CL_SOContainer::ReplicaHandler: got replica of live:so:RichPresence:12553286@cabin-lw-nl-17/auth_3 (~503b)
21:59:40.761      NET| CL_SOContainer::ReplicaHandler: got PARTIAL(1) replica of live:so:RichPresence:3559328@cabin-lw-nl-17/auth_3 (~24b)
21:59:40.885      NET| CL_SOContainer::ReplicaHandler: got PARTIAL(1) replica of live:so:RichPresence:12553286@cabin-lw-nl-17/auth_3 (~24b)
21:59:42.069      NET| CL_SOContainer::ReplicaHandler: got PARTIAL(1) replica of live:so:RichPresence:12553286@cabin-lw-nl-17/auth_3 (~24b)
21:59:46.125      NET| CL_SOContainer::ReplicaHandler: got PARTIAL(2) replica of live:so:RichPresence:3559328@cabin-lw-nl-17/auth_3 (~47b)
21:59:46.321      NET| CL_SOContainer::ReplicaHandler: got PARTIAL(1) replica of live:so:RichPresence:3559328@cabin-lw-nl-17/auth_3 (~24b)
21:59:46.701      NET| CL_SOContainer::ReplicaHandler: got PARTIAL(1) replica of live:so:RichPresence:3559328@cabin-lw-nl-17/auth_3 (~24b)
22:00:04.316      NET| CL_SOContainer::ReplicaHandler: got PARTIAL(1) replica of live:so:EmoUser:4424378@cabin-lw-nl-17/auth_3 (~39b)
22:00:05.391      NET| TargemService::WebApiRequest(14): https://crank.crossout.net/live/Auth/RefreshToken?token=uoJDAAAAAABS3o6dALy4tfJ2LYSJAQAAQD_ChQRub25lBGxpdmU
22:00:05.856      NET| TargemService::WebApiRequest(14): finished with e = ErrorCode::OK (status 200)
22:00:05.856      NET| TargemService::SetAvailableProtoEndpoints: soServices: ["wss://crank.crossout.net/live/AuthProtoServer"], chats: ["wss://crank.crossout.net/live/ChatServiceProtoServer"]
22:00:24.682      NET| CL_SOContainer::ReplicaHandler: got PARTIAL(2) replica of live:so:RichPresence:9081862@cabin-lw-nl-17/auth_3 (~47b)
22:00:27.144      NET| CL_SOContainer::ReplicaHandler: got PARTIAL(1) replica of live:so:RichPresence:9081862@cabin-lw-nl-17/auth_3 (~24b)
22:00:27.293      NET| CL_SOContainer::ReplicaHandler: got PARTIAL(1) replica of live:so:RichPresence:9081862@cabin-lw-nl-17/auth_3 (~24b)
22:00:28.106      NET| CL_SOContainer::ReplicaHandler: got PARTIAL(1) replica of live:so:RichPresence:9081862@cabin-lw-nl-17/auth_3 (~24b)
22:00:45.708      NET| CL_SOContainer::ReplicaHandler: got replica of live:so:RichPresence:13254108@cabin-lw-nl-17/auth_3 (~482b)
22:00:45.708      NET| CL_SOContainer::ReplicaHandler: got replica of live:so:RichPresence:4959763@cabin-lw-nl-17/auth_3 (~493b)
22:00:45.708      NET| CL_SOContainer::ReplicaHandler: got replica of live:so:RichPresence:3318926@cabin-lw-nl-17/auth_3 (~489b)
22:00:45.708      NET| CL_SOContainer::ReplicaHandler: got replica of live:so:RichPresence:12553286@cabin-lw-nl-17/auth_3 (~503b)
22:00:45.708      NET| CL_SOContainer::ReplicaHandler: got replica of live:so:RichPresence:9240222@cabin-lw-nl-17/auth_3 (~489b)
22:00:45.751      NET| CL_SOContainer::ReplicaHandler: got replica of live:so:RichPresence:10435261@cabin-lw-nl-17/auth_3 (~467b)
22:01:00.779      NET| CL_SOContainer::ReplicaHandler: got PARTIAL(2) replica of live:so:RichPresence:9081862@cabin-lw-nl-17/auth_3 (~47b)
22:01:04.060      NET| CL_SOContainer::ReplicaHandler: got PARTIAL(1) replica of live:so:RichPresence:9081862@cabin-lw-nl-17/auth_3 (~24b)
22:01:08.342      NET| CL_SOContainer::ReplicaHandler: got PARTIAL(1) replica of live:so:RichPresence:9081862@cabin-lw-nl-17/auth_3 (~24b)
22:01:09.110      NET| CL_SOContainer::ReplicaHandler: got PARTIAL(1) replica of live:so:RichPresence:9081862@cabin-lw-nl-17/auth_3 (~24b)
22:01:19.531      NET| CL_SOContainer::ReplicaHandler: got PARTIAL(4) replica of live:so:EmoUser:4424378@cabin-lw-nl-17/auth_3 (~168b)
22:01:19.568      NET| CL_SOContainer::ReplicaHandler: got PARTIAL(2) replica of live:so:RichPresence:4424378@cabin-lw-nl-17/auth_3 (~47b)
22:01:19.895      NET| CL_SOContainer::ReplicaHandler: got PARTIAL(2) replica of live:so:UserProfile:4424378@cabin-lw-nl-17/auth_3 (~186b)
22:01:20.114      NET| CL_SOContainer::ReplicaHandler: got replica of live:so:RichPresence:6263780@cabin-lw-nl-17/auth_3 (~470b)
22:01:20.256      NET| CL_SOContainer::ReplicaHandler: got PARTIAL(3) replica of live:so:SubscriptionList:4424378@cabin-lw-nl-17/auth_3 (~37b)
22:02:19.332      NET| Outgoing ProtoMessageStat:
22:02:19.332      NET|   n:                                               name      count        cpm   bytesMax   bytesAvg     bytesTotal cRateTotal   cRateLZ4           cPart
22:02:19.332      NET|   0:                                       [system_msg]         84        2.6       117b        14b         1.18Kb 1.000      0.000      0.000
22:02:19.332      NET|   1:                             ChatProto::JoinChannel          9      0.277        98b        94b           852b 1.000      0.000      0.000
22:02:19.332      NET|   2:                            ChatProto::LeaveChannel          8      0.246        98b        95b           760b 1.000      0.000      0.000
22:02:19.332      NET|   3:                                 ChatProto::Whisper          5      0.154       201b       121b           608b 0.971      0.918      0.200
22:02:19.332      NET|   4:                                    ChatProto::Auth          1      0.031       121b       121b           121b 1.000      0.000      0.000
22:02:19.332      NET|   5:                         ChatProto::UpdateBlockList          1      0.031        80b        80b            80b 1.000      0.000      0.000
22:02:19.332      NET| Incoming ProtoMessageStat:
22:02:19.332      NET|   n:                                               name      count        cpm   bytesMax   bytesAvg     bytesTotal cRateTotal   cRateLZ4           cPart
22:02:19.332      NET|   0:                                  ChatProto::SayMsg        101        3.1       358b       155b           15Kb 0.993      0.948      0.069
22:02:19.332      NET|   1:                           ChatProto::ChannelNotify         17      0.523       110b       106b         1.77Kb 1.000      0.000      0.000
22:02:19.332      NET|   2:                            ChatProto::UserPunished         14      0.430       113b       113b         1.54Kb 1.000      0.000      0.000
22:02:19.332      NET|   3:                                       [system_msg]         83        2.6       271b        15b         1.23Kb 1.000      0.000      0.000
22:02:19.332      NET|   4:                              ChatProto::WhisperMsg          2      0.061       119b       112b           224b 1.000      0.000      0.000
22:02:19.332      NET|   5:                                 ChatProto::AuthRes          1      0.031        82b        82b            82b 1.000      0.000      0.000
22:02:19.332      NET| TSConnectionManager::ChangeState: ONLINE -> DISCONNECTING
22:02:19.332      NET| TargemService: OnPeerDisconnected 'live|cabin-lw-nl-17/auth_3@0000024985130030(out,ws,TLS,st=5)', outbound: yes
22:02:19.332      NET| TargemService: link.dcReasonIn: 'ErrorCode::NETWORK', link.dcReasonOut: 'ErrorCode::DISCONNECT_CLIENT_QUIT', current m_disconnectionError is 'ErrorCode::DISCONNECT_CLIENT_QUIT'
22:02:19.333      NET| ProtoServer::Disconnect: live|cabin-lw-nl-17/auth_3@0000024985130030(out,ws,TLS,st=5), ErrorCode::DISCONNECT_CLIENT_QUIT
22:02:19.333      NET| TSAuthManager::ChangeState: ONLINE -> OFFLINE
22:02:19.333      NET| TSConnectionManager::ChangeState: DISCONNECTING -> OFFLINE
22:02:19.333      NET| Outgoing ProtoMessageStat:
22:02:19.333      NET|   n:                                               name      count        cpm   bytesMax   bytesAvg     bytesTotal cRateTotal   cRateLZ4           cPart
22:02:19.333      NET|   0:                         SOContainerP::CL_WantGhost        184        5.7        92b        91b           17Kb 1.000      0.000      0.000
22:02:19.333      NET|   1:                                         RPCP::Call         74        2.3     1.44Kb       185b           13Kb 0.681      0.551      0.351
22:02:19.333      NET|   2:                           SOContainerP::CL_Unghost        105        3.2        87b        86b          8.9Kb 1.000      0.000      0.000
22:02:19.333      NET|   3:                                       [system_msg]         55       1.69       121b        15b           871b 1.000      0.000      0.000
22:02:19.333      NET|   4:                GameDataP::UpdateDataStorageRequest          1      0.031       299b       299b           299b 0.742      0.742      1.000
22:02:19.333      NET|   5:           SOContainerP::EasyAntiCheatAuthChallenge          1      0.031       211b       211b           211b 1.000      0.000      0.000
22:02:19.333      NET|   6:                             SOContainerP::CL_LogIn          1      0.031       127b       127b           127b 1.000      0.000      0.000
22:02:19.333      NET| Incoming ProtoMessageStat:
22:02:19.333      NET|   n:                                               name      count        cpm   bytesMax   bytesAvg     bytesTotal cRateTotal   cRateLZ4           cPart
22:02:19.333      NET|   0:                              SOContainerP::Replica        345         11       24Kb       568b          192Kb 0.467      0.445      0.583
22:02:19.333      NET|   1:                                       RPCP::Result         74        2.3       55Kb     1.59Kb          118Kb 0.310      0.298      0.108
22:02:19.333      NET|   2:               GameDataP::UpdateDataStorageResponse          1      0.031      103Kb      103Kb          103Kb 0.154      0.154      1.000
22:02:19.333      NET|   3:                   SOContainerP::ClientNotification         22      0.676      4.5Kb       871b           19Kb 0.210      0.209      0.955
22:02:19.333      NET|   4:                               SOContainerP::Result        184        5.7        95b        94b           17Kb 1.000      0.000      0.000
22:02:19.333      NET|   5:                                       [system_msg]         53       1.63       288b        17b           912b 1.000      0.000      0.000
22:02:19.333      NET|   6:           SOContainerP::EasyAntiCheatAuthChallenge          1      0.031       207b       207b           207b 1.000      0.000      0.000
22:02:19.333      NET|   7:                          SOContainerP::LoginResult          1      0.031        93b        93b            93b 1.000      0.000      0.000
22:02:20.795      NET| CachingFileDownloader: Shutdown. 0 in cache (dirty=0), 0 inflight
