
--- Date: 2023-7-25 (Tue Jul 2023) UTC+03:00

12:47:19.633         | CreateDevice() using 'NVIDIA GeForce GTX 1650' adapter
12:47:19.633         | Adapter vendorId:                0x10de
12:47:19.633         | Adapter deviceId:                0x1f99
12:47:19.633         | Adapter driver date:             20.7.2022
12:47:19.633         | Adapter driver version:          31.00.15.1691
12:47:19.633         | Adapter dedicated video memory:  4154458112
12:47:19.633         | Adapter dedicated system memory: 0
12:47:19.633         | Adapter shared system memory:    4209512448
12:47:19.770         | NvApi initialized. Interface version: NVidia Complete Version 1.10. Driver version: 51691. Build branch: r515_00
12:47:21.448         | Driver features:
12:47:21.448         | 	DriverConcurrentCreates: true
12:47:21.448         | 	DriverCommandLists: true
12:47:21.448         | 	MapNoOverwriteOnDynamicConstantBuffer: true
12:47:21.448         | 	MapNoOverwriteOnDynamicSrv: true
12:47:21.449         | Gpu counters activated
12:47:21.449         | 
12:47:21.449         | ------------ Autodetecting defaults ------------
12:47:21.449         | OS: Windows 10 Home 22H2 (10.0.22621.1848) x64
12:47:21.449         | CPU: Intel(R) Core(TM) i5-10300H CPU @ 2.50GHz
12:47:21.449         | CPU cores: 4
12:47:21.449         | CPU threads: 8
12:47:21.449         | RAM: 8029 MB
12:47:21.449         | Memory Load: 88%
12:47:21.449         | Page File: 9727 MB used, 17148 MB available
12:47:21.450         | Log disk free space: 41.3 GB (17.01%)
12:47:21.450         | GPU: NVIDIA GeForce GTX 1650
12:47:21.450         | VRAM: 3962 MB
12:47:21.450         | Feature level: 11_1
12:47:21.450         | Auto-detected default graphics quality: [Good]
12:47:21.450         | ------------------------------------------------
12:47:21.450         | 
12:47:21.556         | CreateSwapChain(ModeDesc.Width = 1422, ModeDesc.Height = 693, BufferCount = 2, Flags = 0x802, SwapEffect = FlipSequential)
12:47:22.979         | Gpu temperature: 54
12:47:22.979         | Gpu P-State: 0
12:47:22.979         | ResizeBuffers(Width = 1422, Height = 720, Flags = 0x802)
12:47:22.994         | ChangeMode(DeviceMode(0, 0, 0, 0), BorderlessFullscreen, prevMode: Windowed)
12:47:23.049         | OutputRect: {x: 0, y: 0, width: 1920, height: 1080}
12:47:23.049         | WorkRect for reshape: {x: 0, y: 0, width: 1920, height: 1080, flags: 0}
12:47:23.054         | ResizeBuffers(Width = 1920, Height = 1080, Flags = 0x802)
12:47:23.824  WARNING| NVIDIA NGX not available on this hardware/platform., code = 0xbad00001, info: NVSDK_NGX_Result_FAIL_FeatureNotSupported
12:47:23.879         | Main view color buffer size changed to: {width: 1920, height: 1080}
12:47:28.961         | Gpu temperature: 52
12:47:28.961         | Gpu P-State: 8
12:47:30.364         | Initial settings:
    r_vsync = 0
    MainView.RenderScale = 1
    r_textureQuality = 1
    r_anisoLevel = 4
    car_skidmarks = 2
    cl_debrisQuality = 1
    cl_shellsQuality = 0
    Client.LightsQuality = 0
    Game.ImpactDecals = 1
    g_lodDistanceFactor = 100
    g_grassDensity = 0.35
    MainView.GrassMaxDistance = 300
    Client.PostEffectAntiAliasing = FxaaLow
    MainView.EnableShadows = 1
    MainView.EnableShadowsFiltering = 0
    MainView.ShadowMapResolution = 512
    MainView.LightsShadowsQuality = 1
    MainView.SSAO = 0
    Particles.RateFactorPreset = 1
    Client.UltraLowQuality = 0
    MainView.LightShaft = 1
    MainView.FSR = 0
    MainView.FSR.Sharpness = 0.2
    MainView.TAA = 0
    MainView.Sharpness = 2
    MainView.GI = 0
    MainView.SSLR = 2
    MainView.SSLR.Mode = 1
    MainView.ContactShadows = 2
    MainView.MotionBlur = 0
    MainView.MotionBlur.Intensity = 0.5
    MainView.PostProcessing.LensFlare = 1
    MainView.PostProcessing.Vignetting = 1
    MainView.DLSS.Mode = 1
    MainView.DLSS.RegularSharpness = 1

12:48:02.011         | Gpu temperature: 52
12:48:02.013         | Gpu P-State: 8
12:48:55.140         | Gpu temperature: 70
12:48:55.140         | Gpu P-State: 0
12:49:55.195         | Gpu temperature: 53
12:49:55.195         | Gpu P-State: 5
12:50:55.224         | Gpu temperature: 50
12:50:55.224         | Gpu P-State: 5
12:51:55.238         | Gpu temperature: 51
12:51:55.238         | Gpu P-State: 0
12:52:55.243         | Gpu temperature: 54
12:52:55.243         | Gpu P-State: 0
12:53:55.283         | Gpu temperature: 54
12:53:55.283         | Gpu P-State: 8
12:54:55.337         | Gpu temperature: 51
12:54:55.337         | Gpu P-State: 5
12:55:50.610         | Gpu temperature: 71
12:55:50.610         | Gpu P-State: 0
12:56:01.525         | Gpu temperature: 72
12:56:01.525         | Gpu P-State: 0
12:56:01.669         | Gpu temperature: 72
12:56:01.669         | Gpu P-State: 0
12:56:56.315         | Gpu temperature: 74
12:56:56.315         | Gpu P-State: 0
12:57:55.663         | Gpu temperature: 74
12:57:55.663         | Gpu P-State: 0
12:58:46.461         | Gpu temperature: 74
12:58:46.461         | Gpu P-State: 0
12:58:46.693         | Gpu temperature: 74
12:58:46.693         | Gpu P-State: 0
12:58:54.503         | Gpu temperature: 74
12:58:54.503         | Gpu P-State: 0
12:58:54.733         | Gpu temperature: 74
12:58:54.733         | Gpu P-State: 0
12:59:48.532         | Gpu temperature: 75
12:59:48.532         | Gpu P-State: 0
13:00:47.291         | Gpu temperature: 76
13:00:47.291         | Gpu P-State: 0
13:01:46.128         | Gpu temperature: 77
13:01:46.129         | Gpu P-State: 0
13:02:45.628         | Gpu temperature: 75
13:02:45.628         | Gpu P-State: 0
13:03:45.685         | Gpu temperature: 77
13:03:45.685         | Gpu P-State: 0
13:04:45.015         | Gpu temperature: 77
13:04:45.015         | Gpu P-State: 0
13:05:44.398         | Gpu temperature: 78
13:05:44.398         | Gpu P-State: 0
13:06:43.446         | Gpu temperature: 79
13:06:43.447         | Gpu P-State: 0
13:07:35.958         | Gpu temperature: 68
13:07:35.958         | Gpu P-State: 0
13:08:35.973         | Gpu temperature: 60
13:08:35.973         | Gpu P-State: 5
13:09:35.984         | Gpu temperature: 56
13:09:35.984         | Gpu P-State: 5
13:10:36.127         | Gpu temperature: 67
13:10:36.127         | Gpu P-State: 0
13:11:36.166         | Gpu temperature: 60
13:11:36.166         | Gpu P-State: 5
13:12:36.150         | Gpu temperature: 76
13:12:36.150         | Gpu P-State: 0
13:13:36.119         | Gpu temperature: 79
13:13:36.119         | Gpu P-State: 0
13:14:36.000         | Gpu temperature: 79
13:14:36.000         | Gpu P-State: 0
13:15:35.722         | Gpu temperature: 80
13:15:35.722         | Gpu P-State: 0
13:16:35.687         | Gpu temperature: 74
13:16:35.688         | Gpu P-State: 0
13:17:35.718         | Gpu temperature: 62
13:17:35.718         | Gpu P-State: 0
13:18:35.750         | Gpu temperature: 62
13:18:35.750         | Gpu P-State: 0
13:19:35.765         | Gpu temperature: 59
13:19:35.765         | Gpu P-State: 0
13:20:35.760         | Gpu temperature: 69
13:20:35.760         | Gpu P-State: 0
13:21:35.723         | Gpu temperature: 74
13:21:35.723         | Gpu P-State: 0
13:22:35.803         | Gpu temperature: 68
13:22:35.803         | Gpu P-State: 5
13:23:35.803         | Gpu temperature: 57
13:23:35.803         | Gpu P-State: 5
13:24:19.099         | Gpu temperature: 74
13:24:19.099         | Gpu P-State: 0
13:25:19.027         | Gpu temperature: 74
13:25:19.027         | Gpu P-State: 0
13:26:18.924         | Gpu temperature: 74
13:26:18.924         | Gpu P-State: 0
13:27:11.280         | Gpu temperature: 67
13:27:11.280         | Gpu P-State: 5
13:28:11.190         | Gpu temperature: 76
13:28:11.190         | Gpu P-State: 0
13:29:11.059         | Gpu temperature: 77
13:29:11.059         | Gpu P-State: 0
13:30:10.871         | Gpu temperature: 77
13:30:10.871         | Gpu P-State: 0
13:31:10.819         | Gpu temperature: 77
13:31:10.820         | Gpu P-State: 0
13:32:10.743         | Gpu temperature: 77
13:32:10.743         | Gpu P-State: 0
13:32:34.570         | Gpu temperature: 76
13:32:34.570         | Gpu P-State: 0
13:33:24.851         | Gpu temperature: 77
13:33:24.851         | Gpu P-State: 0
13:34:24.724         | Gpu temperature: 76
13:34:24.724         | Gpu P-State: 0
13:34:35.960         | Gpu temperature: 75
13:34:35.960         | Gpu P-State: 0
13:34:43.779         | Gpu temperature: 75
13:34:43.779         | Gpu P-State: 0
13:34:49.853         | Gpu temperature: 75
13:34:49.853         | Gpu P-State: 0
13:34:55.768         | Gpu temperature: 75
13:34:55.769         | Gpu P-State: 0
13:35:04.742         | Gpu temperature: 75
13:35:04.742         | Gpu P-State: 0
13:35:11.559         | Gpu temperature: 76
13:35:11.559         | Gpu P-State: 0
13:36:12.137         | Gpu temperature: 76
13:36:12.137         | Gpu P-State: 0
13:36:43.103         | Gpu temperature: 75
13:36:43.103         | Gpu P-State: 0
13:37:09.969         | Gpu temperature: 75
13:37:09.969         | Gpu P-State: 0
13:38:03.660         | Gpu temperature: 72
13:38:03.660         | Gpu P-State: 0
13:38:16.983         | Gpu temperature: 73
13:38:16.983         | Gpu P-State: 0
13:39:02.107         | Gpu temperature: 75
13:39:02.107         | Gpu P-State: 0
13:40:02.104         | Gpu temperature: 75
13:40:02.104         | Gpu P-State: 0
13:41:02.151         | Gpu temperature: 76
13:41:02.151         | Gpu P-State: 0
13:42:02.321         | Gpu temperature: 76
13:42:02.321         | Gpu P-State: 0
13:43:02.150         | Gpu temperature: 76
13:43:02.150         | Gpu P-State: 0
13:44:02.194         | Gpu temperature: 76
13:44:02.195         | Gpu P-State: 0
13:45:02.250         | Gpu temperature: 76
13:45:02.250         | Gpu P-State: 0
13:46:02.318         | Gpu temperature: 76
13:46:02.318         | Gpu P-State: 0
13:47:02.356         | Gpu temperature: 76
13:47:02.356         | Gpu P-State: 0
13:47:55.186         | Gpu temperature: 64
13:47:55.186         | Gpu P-State: 5
13:48:29.715         | Gpu temperature: 73
13:48:29.716         | Gpu P-State: 3
13:49:16.922         | Gpu temperature: 75
13:49:16.922         | Gpu P-State: 0
13:49:32.672         | Gpu temperature: 76
13:49:32.672         | Gpu P-State: 0
13:50:32.827         | Gpu temperature: 76
13:50:32.827         | Gpu P-State: 0
13:51:32.980         | Gpu temperature: 76
13:51:32.981         | Gpu P-State: 0
13:52:25.430         | Gpu temperature: 74
13:52:25.430         | Gpu P-State: 3
