
--- Date: 2023-7-28 (Fri Jul 2023) UTC+03:00

20:29:00.447         | CreateDevice() using 'NVIDIA GeForce GTX 1650' adapter
20:29:00.447         | Adapter vendorId:                0x10de
20:29:00.447         | Adapter deviceId:                0x1f99
20:29:00.447         | Adapter driver date:             20.7.2022
20:29:00.447         | Adapter driver version:          31.00.15.1691
20:29:00.447         | Adapter dedicated video memory:  4154458112
20:29:00.447         | Adapter dedicated system memory: 0
20:29:00.447         | Adapter shared system memory:    4209512448
20:29:00.832         | NvApi initialized. Interface version: NVidia Complete Version 1.10. Driver version: 51691. Build branch: r515_00
20:29:01.548         | Driver features:
20:29:01.548         | 	DriverConcurrentCreates: true
20:29:01.548         | 	DriverCommandLists: true
20:29:01.548         | 	MapNoOverwriteOnDynamicConstantBuffer: true
20:29:01.549         | 	MapNoOverwriteOnDynamicSrv: true
20:29:01.549         | Gpu counters activated
20:29:01.549         | 
20:29:01.549         | ------------ Autodetecting defaults ------------
20:29:01.550         | OS: Windows 10 Home 22H2 (10.0.22621.1992) x64
20:29:01.550         | CPU: Intel(R) Core(TM) i5-10300H CPU @ 2.50GHz
20:29:01.550         | CPU cores: 4
20:29:01.550         | CPU threads: 8
20:29:01.550         | RAM: 8029 MB
20:29:01.550         | Memory Load: 93%
20:29:01.550         | Page File: 12626 MB used, 4964 MB available
20:29:01.550         | Log disk free space: 27.6 GB (11.39%)
20:29:01.550         | GPU: NVIDIA GeForce GTX 1650
20:29:01.550         | VRAM: 3962 MB
20:29:01.550         | Feature level: 11_1
20:29:01.550         | Auto-detected default graphics quality: [Good]
20:29:01.550         | ------------------------------------------------
20:29:01.550         | 
20:29:01.616         | CreateSwapChain(ModeDesc.Width = 1422, ModeDesc.Height = 693, BufferCount = 2, Flags = 0x802, SwapEffect = FlipSequential)
20:29:02.881         | Gpu temperature: 53
20:29:02.881         | Gpu P-State: 0
20:29:02.882         | ResizeBuffers(Width = 1422, Height = 720, Flags = 0x802)
20:29:02.888         | ChangeMode(DeviceMode(0, 0, 0, 0), BorderlessFullscreen, prevMode: Windowed)
20:29:02.949         | OutputRect: {x: 0, y: 0, width: 1920, height: 1080}
20:29:02.949         | WorkRect for reshape: {x: 0, y: 0, width: 1920, height: 1080, flags: 0}
20:29:02.952         | ResizeBuffers(Width = 1920, Height = 1080, Flags = 0x802)
20:29:03.900  WARNING| NVIDIA NGX not available on this hardware/platform., code = 0xbad00001, info: NVSDK_NGX_Result_FAIL_FeatureNotSupported
20:29:03.965         | Main view color buffer size changed to: {width: 1920, height: 1080}
20:29:08.732         | Gpu temperature: 53
20:29:08.732         | Gpu P-State: 8
20:29:09.972         | Initial settings:
    r_vsync = 0
    MainView.RenderScale = 1
    r_textureQuality = 1
    r_anisoLevel = 4
    car_skidmarks = 2
    cl_debrisQuality = 1
    cl_shellsQuality = 0
    Client.LightsQuality = 0
    Game.ImpactDecals = 1
    g_lodDistanceFactor = 100
    g_grassDensity = 0.35
    MainView.GrassMaxDistance = 300
    Client.PostEffectAntiAliasing = FxaaLow
    MainView.EnableShadows = 1
    MainView.EnableShadowsFiltering = 0
    MainView.ShadowMapResolution = 512
    MainView.LightsShadowsQuality = 1
    MainView.SSAO = 0
    Particles.RateFactorPreset = 1
    Client.UltraLowQuality = 0
    MainView.LightShaft = 1
    MainView.FSR = 0
    MainView.FSR.Sharpness = 0.2
    MainView.TAA = 0
    MainView.Sharpness = 2
    MainView.GI = 0
    MainView.SSLR = 2
    MainView.SSLR.Mode = 1
    MainView.ContactShadows = 2
    MainView.MotionBlur = 0
    MainView.MotionBlur.Intensity = 0.5
    MainView.PostProcessing.LensFlare = 1
    MainView.PostProcessing.Vignetting = 1
    MainView.DLSS.Mode = 1
    MainView.DLSS.RegularSharpness = 1

20:29:31.249         | Gpu temperature: 66
20:29:31.251         | Gpu P-State: 0
20:30:17.242         | Gpu temperature: 74
20:30:17.242         | Gpu P-State: 0
20:31:17.251         | Gpu temperature: 74
20:31:17.251         | Gpu P-State: 0
20:32:17.225         | Gpu temperature: 74
20:32:17.225         | Gpu P-State: 0
20:33:09.803         | Gpu temperature: 61
20:33:09.803         | Gpu P-State: 5
20:34:09.860         | Gpu temperature: 58
20:34:09.860         | Gpu P-State: 0
20:35:08.898         | Gpu temperature: 60
20:35:08.898         | Gpu P-State: 5
20:36:08.942         | Gpu temperature: 57
20:36:08.942         | Gpu P-State: 5
20:37:08.941         | Gpu temperature: 57
20:37:08.941         | Gpu P-State: 5
20:38:08.960         | Gpu temperature: 53
20:38:08.960         | Gpu P-State: 5
20:39:08.965         | Gpu temperature: 73
20:39:08.965         | Gpu P-State: 0
20:40:08.827         | Gpu temperature: 64
20:40:08.827         | Gpu P-State: 5
20:41:08.870         | Gpu temperature: 56
20:41:08.870         | Gpu P-State: 5
20:42:08.986         | Gpu temperature: 55
20:42:08.987         | Gpu P-State: 5
20:43:09.016         | Gpu temperature: 51
20:43:09.017         | Gpu P-State: 5
20:44:09.048         | Gpu temperature: 56
20:44:09.048         | Gpu P-State: 5
20:45:08.986         | Gpu temperature: 74
20:45:08.986         | Gpu P-State: 0
20:46:08.866         | Gpu temperature: 75
20:46:08.866         | Gpu P-State: 0
20:47:08.951         | Gpu temperature: 67
20:47:08.951         | Gpu P-State: 3
20:48:08.959         | Gpu temperature: 57
20:48:08.959         | Gpu P-State: 5
20:49:08.984         | Gpu temperature: 53
20:49:08.984         | Gpu P-State: 5
20:50:07.743         | Gpu temperature: 52
20:50:07.743         | Gpu P-State: 5
20:51:07.775         | Gpu temperature: 54
20:51:07.775         | Gpu P-State: 0
20:52:07.773         | Gpu temperature: 53
20:52:07.773         | Gpu P-State: 5
20:53:07.787         | Gpu temperature: 53
20:53:07.787         | Gpu P-State: 5
20:54:07.791         | Gpu temperature: 54
20:54:07.792         | Gpu P-State: 5
20:55:07.826         | Gpu temperature: 53
20:55:07.826         | Gpu P-State: 5
20:56:07.861         | Gpu temperature: 53
20:56:07.861         | Gpu P-State: 5
20:57:07.896         | Gpu temperature: 54
20:57:07.896         | Gpu P-State: 5
20:57:55.191         | Gpu temperature: 67
20:57:55.191         | Gpu P-State: 0
20:58:26.723         | Gpu temperature: 74
20:58:26.724         | Gpu P-State: 0
20:59:26.755         | Gpu temperature: 74
20:59:26.755         | Gpu P-State: 0
21:00:26.766         | Gpu temperature: 74
21:00:26.766         | Gpu P-State: 0
21:01:19.252         | Gpu temperature: 64
21:01:19.252         | Gpu P-State: 5
21:02:19.263         | Gpu temperature: 57
21:02:19.263         | Gpu P-State: 5
21:03:19.277         | Gpu temperature: 52
21:03:19.277         | Gpu P-State: 5
21:04:18.262         | Gpu temperature: 62
21:04:18.263         | Gpu P-State: 5
21:05:18.274         | Gpu temperature: 57
21:05:18.274         | Gpu P-State: 3
21:06:17.273         | Gpu temperature: 60
21:06:17.273         | Gpu P-State: 5
21:07:17.337         | Gpu temperature: 56
21:07:17.337         | Gpu P-State: 5
21:08:17.374         | Gpu temperature: 57
21:08:17.374         | Gpu P-State: 5
21:09:17.401         | Gpu temperature: 56
21:09:17.401         | Gpu P-State: 3
21:10:17.360         | Gpu temperature: 58
21:10:17.361         | Gpu P-State: 0
21:11:17.372         | Gpu temperature: 56
21:11:17.372         | Gpu P-State: 0
21:12:17.419         | Gpu temperature: 56
21:12:17.419         | Gpu P-State: 5
21:13:17.444         | Gpu temperature: 54
21:13:17.444         | Gpu P-State: 5
21:14:17.437         | Gpu temperature: 55
21:14:17.437         | Gpu P-State: 0
21:15:17.472         | Gpu temperature: 56
21:15:17.472         | Gpu P-State: 5
21:16:17.491         | Gpu temperature: 51
21:16:17.491         | Gpu P-State: 8
21:17:17.499         | Gpu temperature: 49
21:17:17.499         | Gpu P-State: 8
21:18:17.535         | Gpu temperature: 48
21:18:17.535         | Gpu P-State: 8
21:19:10.314         | Gpu temperature: 52
21:19:10.315         | Gpu P-State: 8
21:20:10.424         | Gpu temperature: 53
21:20:10.424         | Gpu P-State: 5
21:21:10.440         | Gpu temperature: 52
21:21:10.440         | Gpu P-State: 5
21:22:10.451         | Gpu temperature: 51
21:22:10.451         | Gpu P-State: 3
21:23:10.454         | Gpu temperature: 53
21:23:10.454         | Gpu P-State: 5
21:24:10.493         | Gpu temperature: 59
21:24:10.493         | Gpu P-State: 5
21:25:10.529         | Gpu temperature: 58
21:25:10.529         | Gpu P-State: 5
21:26:10.524         | Gpu temperature: 58
21:26:10.524         | Gpu P-State: 5
21:27:10.559         | Gpu temperature: 56
21:27:10.559         | Gpu P-State: 5
21:28:10.576         | Gpu temperature: 54
21:28:10.576         | Gpu P-State: 0
21:29:10.555         | Gpu temperature: 55
21:29:10.557         | Gpu P-State: 5
21:30:10.622         | Gpu temperature: 55
21:30:10.622         | Gpu P-State: 5
21:31:10.648         | Gpu temperature: 55
21:31:10.648         | Gpu P-State: 5
21:32:10.669         | Gpu temperature: 54
21:32:10.669         | Gpu P-State: 5
21:33:10.728         | Gpu temperature: 56
21:33:10.728         | Gpu P-State: 0
21:34:10.748         | Gpu temperature: 54
21:34:10.748         | Gpu P-State: 0
21:35:10.804         | Gpu temperature: 53
21:35:10.804         | Gpu P-State: 5
21:36:10.837         | Gpu temperature: 53
21:36:10.837         | Gpu P-State: 5
21:37:10.877         | Gpu temperature: 56
21:37:10.878         | Gpu P-State: 5
21:38:10.911         | Gpu temperature: 54
21:38:10.912         | Gpu P-State: 5
21:39:10.924         | Gpu temperature: 56
21:39:10.924         | Gpu P-State: 0
21:40:10.960         | Gpu temperature: 53
21:40:10.960         | Gpu P-State: 5
21:41:10.984         | Gpu temperature: 54
21:41:10.985         | Gpu P-State: 5
21:42:11.000         | Gpu temperature: 54
21:42:11.000         | Gpu P-State: 5
21:43:11.063         | Gpu temperature: 54
21:43:11.064         | Gpu P-State: 5
21:44:11.088         | Gpu temperature: 54
21:44:11.088         | Gpu P-State: 5
21:45:11.115         | Gpu temperature: 53
21:45:11.115         | Gpu P-State: 5
21:46:11.178         | Gpu temperature: 55
21:46:11.178         | Gpu P-State: 5
21:47:11.117         | Gpu temperature: 57
21:47:11.117         | Gpu P-State: 0
21:48:03.725         | Gpu temperature: 57
21:48:03.725         | Gpu P-State: 5
21:49:03.737         | Gpu temperature: 58
21:49:03.737         | Gpu P-State: 8
21:50:03.754         | Gpu temperature: 55
21:50:03.754         | Gpu P-State: 5
21:51:03.791         | Gpu temperature: 54
21:51:03.791         | Gpu P-State: 5
21:52:03.826         | Gpu temperature: 54
21:52:03.826         | Gpu P-State: 3
21:53:03.849         | Gpu temperature: 57
21:53:03.849         | Gpu P-State: 0
21:54:03.853         | Gpu temperature: 63
21:54:03.853         | Gpu P-State: 0
21:55:03.659         | Gpu temperature: 75
21:55:03.659         | Gpu P-State: 0
21:56:03.627         | Gpu temperature: 74
21:56:03.627         | Gpu P-State: 0
21:57:03.533         | Gpu temperature: 75
21:57:03.534         | Gpu P-State: 0
21:58:03.527         | Gpu temperature: 75
21:58:03.527         | Gpu P-State: 0
21:59:03.484         | Gpu temperature: 65
21:59:03.484         | Gpu P-State: 5
22:00:03.568         | Gpu temperature: 60
22:00:03.568         | Gpu P-State: 5
22:01:03.599         | Gpu temperature: 56
22:01:03.599         | Gpu P-State: 0
22:02:03.579         | Gpu temperature: 68
22:02:03.579         | Gpu P-State: 0
22:03:03.639         | Gpu temperature: 54
22:03:03.640         | Gpu P-State: 5
22:04:03.681         | Gpu temperature: 52
22:04:03.681         | Gpu P-State: 5
22:05:03.680         | Gpu temperature: 54
22:05:03.681         | Gpu P-State: 5
22:06:03.712         | Gpu temperature: 53
22:06:03.712         | Gpu P-State: 5
22:07:03.724         | Gpu temperature: 53
22:07:03.724         | Gpu P-State: 5
22:08:03.775         | Gpu temperature: 53
22:08:03.775         | Gpu P-State: 5
22:09:03.786         | Gpu temperature: 52
22:09:03.788         | Gpu P-State: 5
22:10:03.829         | Gpu temperature: 54
22:10:03.829         | Gpu P-State: 0
22:11:03.871         | Gpu temperature: 53
22:11:03.871         | Gpu P-State: 5
22:12:03.925         | Gpu temperature: 54
22:12:03.925         | Gpu P-State: 0
22:13:03.962         | Gpu temperature: 53
22:13:03.962         | Gpu P-State: 5
22:14:03.967         | Gpu temperature: 64
22:14:03.967         | Gpu P-State: 0
22:14:21.665         | Gpu temperature: 70
22:14:21.665         | Gpu P-State: 0
22:15:11.756         | Gpu temperature: 74
22:15:11.756         | Gpu P-State: 0
22:16:11.726         | Gpu temperature: 74
22:16:11.726         | Gpu P-State: 0
22:17:11.961         | Gpu temperature: 62
22:17:11.961         | Gpu P-State: 0
22:18:12.029         | Gpu temperature: 56
22:18:12.029         | Gpu P-State: 5
22:18:29.543         | Gpu temperature: 60
22:18:29.543         | Gpu P-State: 0
22:18:56.835         | Gpu temperature: 74
22:18:56.835         | Gpu P-State: 0
22:19:56.781         | Gpu temperature: 74
22:19:56.781         | Gpu P-State: 0
22:20:56.853         | Gpu temperature: 65
22:20:56.853         | Gpu P-State: 3
22:21:28.859         | Gpu temperature: 71
22:21:28.859         | Gpu P-State: 0
22:21:44.339         | Gpu temperature: 74
22:21:44.340         | Gpu P-State: 0
22:22:44.141         | Gpu temperature: 74
22:22:44.141         | Gpu P-State: 0
22:23:44.157         | Gpu temperature: 76
22:23:44.157         | Gpu P-State: 0
22:24:27.937         | Gpu temperature: 69
22:24:27.938         | Gpu P-State: 5
22:25:14.758         | Gpu temperature: 75
22:25:14.758         | Gpu P-State: 0
22:26:14.812         | Gpu temperature: 76
22:26:14.812         | Gpu P-State: 0
22:27:07.542         | Gpu temperature: 68
22:27:07.542         | Gpu P-State: 5
22:28:07.596         | Gpu temperature: 59
22:28:07.596         | Gpu P-State: 5
22:29:07.618         | Gpu temperature: 55
22:29:07.618         | Gpu P-State: 5
22:30:07.629         | Gpu temperature: 54
22:30:07.629         | Gpu P-State: 0
22:31:07.645         | Gpu temperature: 53
22:31:07.645         | Gpu P-State: 0
22:32:07.709         | Gpu temperature: 56
22:32:07.710         | Gpu P-State: 5
22:33:07.725         | Gpu temperature: 56
22:33:07.725         | Gpu P-State: 0
22:34:07.746         | Gpu temperature: 54
22:34:07.746         | Gpu P-State: 5
22:35:07.784         | Gpu temperature: 55
22:35:07.784         | Gpu P-State: 0
22:36:07.797         | Gpu temperature: 54
22:36:07.798         | Gpu P-State: 5
22:37:07.827         | Gpu temperature: 54
22:37:07.827         | Gpu P-State: 5
22:38:07.876         | Gpu temperature: 59
22:38:07.876         | Gpu P-State: 5
22:39:07.886         | Gpu temperature: 56
22:39:07.888         | Gpu P-State: 0
22:40:07.915         | Gpu temperature: 56
22:40:07.915         | Gpu P-State: 0
22:41:07.912         | Gpu temperature: 54
22:41:07.912         | Gpu P-State: 5
22:42:07.925         | Gpu temperature: 57
22:42:07.925         | Gpu P-State: 5
22:43:08.003         | Gpu temperature: 54
22:43:08.004         | Gpu P-State: 5
22:44:08.056         | Gpu temperature: 54
22:44:08.057         | Gpu P-State: 5
22:45:08.075         | Gpu temperature: 55
22:45:08.075         | Gpu P-State: 5
22:46:08.105         | Gpu temperature: 56
22:46:08.105         | Gpu P-State: 0
22:47:08.142         | Gpu temperature: 59
22:47:08.142         | Gpu P-State: 5
22:48:08.194         | Gpu temperature: 57
22:48:08.195         | Gpu P-State: 5
22:49:08.246         | Gpu temperature: 57
22:49:08.246         | Gpu P-State: 5
22:50:08.307         | Gpu temperature: 56
22:50:08.307         | Gpu P-State: 0
22:51:08.357         | Gpu temperature: 53
22:51:08.357         | Gpu P-State: 5
22:52:08.404         | Gpu temperature: 55
22:52:08.404         | Gpu P-State: 5
22:53:08.451         | Gpu temperature: 56
22:53:08.451         | Gpu P-State: 5
22:54:08.450         | Gpu temperature: 57
22:54:08.450         | Gpu P-State: 0
22:55:08.540         | Gpu temperature: 56
22:55:08.541         | Gpu P-State: 5
22:56:08.563         | Gpu temperature: 57
22:56:08.563         | Gpu P-State: 5
22:57:08.614         | Gpu temperature: 60
22:57:08.614         | Gpu P-State: 8
22:58:08.620         | Gpu temperature: 55
22:58:08.620         | Gpu P-State: 5
22:59:08.660         | Gpu temperature: 61
22:59:08.660         | Gpu P-State: 5
23:00:08.756         | Gpu temperature: 58
23:00:08.756         | Gpu P-State: 5
23:01:08.781         | Gpu temperature: 55
23:01:08.781         | Gpu P-State: 5
23:02:08.808         | Gpu temperature: 55
23:02:08.808         | Gpu P-State: 5
23:03:08.844         | Gpu temperature: 55
23:03:08.845         | Gpu P-State: 5
23:04:08.890         | Gpu temperature: 57
23:04:08.891         | Gpu P-State: 0
23:05:08.929         | Gpu temperature: 54
23:05:08.929         | Gpu P-State: 5
23:06:08.954         | Gpu temperature: 53
23:06:08.954         | Gpu P-State: 5
23:07:09.002         | Gpu temperature: 54
23:07:09.003         | Gpu P-State: 0
23:08:09.008         | Gpu temperature: 54
23:08:09.009         | Gpu P-State: 0
23:09:09.062         | Gpu temperature: 53
23:09:09.062         | Gpu P-State: 5
23:10:08.825         | Gpu temperature: 68
23:10:08.825         | Gpu P-State: 5
23:10:37.883         | Gpu temperature: 63
23:10:37.883         | Gpu P-State: 0
23:11:37.872         | Gpu temperature: 74
23:11:37.872         | Gpu P-State: 0
23:12:37.834         | Gpu temperature: 75
23:12:37.835         | Gpu P-State: 0
23:13:30.289         | Gpu temperature: 74
23:13:30.289         | Gpu P-State: 0
23:13:41.009         | Gpu temperature: 74
23:13:41.009         | Gpu P-State: 0
23:14:08.658         | Gpu temperature: 67
23:14:08.658         | Gpu P-State: 5
23:14:35.251         | Gpu temperature: 74
23:14:35.251         | Gpu P-State: 0
23:15:34.821         | Gpu temperature: 74
23:15:34.821         | Gpu P-State: 0
23:16:34.845         | Gpu temperature: 75
23:16:34.845         | Gpu P-State: 0
23:17:27.098         | Gpu temperature: 77
23:17:27.098         | Gpu P-State: 0
23:18:26.976         | Gpu temperature: 77
23:18:26.977         | Gpu P-State: 0
23:19:26.910         | Gpu temperature: 77
23:19:26.910         | Gpu P-State: 0
23:20:26.886         | Gpu temperature: 77
23:20:26.886         | Gpu P-State: 0
23:21:26.692         | Gpu temperature: 77
23:21:26.692         | Gpu P-State: 3
23:22:00.558         | Gpu temperature: 65
23:22:00.558         | Gpu P-State: 5
23:22:40.815         | Gpu temperature: 76
23:22:40.815         | Gpu P-State: 0
23:23:40.791         | Gpu temperature: 77
23:23:40.791         | Gpu P-State: 0
23:24:40.792         | Gpu temperature: 77
23:24:40.793         | Gpu P-State: 0
23:25:40.792         | Gpu temperature: 77
23:25:40.792         | Gpu P-State: 0
23:26:40.756         | Gpu temperature: 77
23:26:40.756         | Gpu P-State: 0
23:27:40.899         | Gpu temperature: 77
23:27:40.899         | Gpu P-State: 0
23:28:40.928         | Gpu temperature: 77
23:28:40.928         | Gpu P-State: 0
23:29:41.072         | Gpu temperature: 75
23:29:41.072         | Gpu P-State: 0
23:30:41.077         | Gpu temperature: 77
23:30:41.077         | Gpu P-State: 0
23:31:41.177         | Gpu temperature: 67
23:31:41.177         | Gpu P-State: 5
23:32:41.229         | Gpu temperature: 59
23:32:41.229         | Gpu P-State: 8
23:33:41.272         | Gpu temperature: 58
23:33:41.273         | Gpu P-State: 0
23:34:41.318         | Gpu temperature: 57
23:34:41.319         | Gpu P-State: 0
23:35:33.960         | Gpu temperature: 70
23:35:33.960         | Gpu P-State: 0
23:36:04.760         | Gpu temperature: 73
23:36:04.760         | Gpu P-State: 0
23:37:04.481         | Gpu temperature: 74
23:37:04.481         | Gpu P-State: 0
23:38:04.487         | Gpu temperature: 74
23:38:04.487         | Gpu P-State: 0
23:39:04.284         | Gpu temperature: 75
23:39:04.284         | Gpu P-State: 0
23:40:04.290         | Gpu temperature: 76
23:40:04.291         | Gpu P-State: 0
23:41:04.363         | Gpu temperature: 67
23:41:04.363         | Gpu P-State: 0
23:41:56.867         | Gpu temperature: 74
23:41:56.868         | Gpu P-State: 0
23:42:56.929         | Gpu temperature: 75
23:42:56.930         | Gpu P-State: 3
23:43:56.912         | Gpu temperature: 74
23:43:56.912         | Gpu P-State: 0
23:44:56.961         | Gpu temperature: 68
23:44:56.961         | Gpu P-State: 5
23:45:56.772         | Gpu temperature: 74
23:45:56.772         | Gpu P-State: 0
23:46:38.110         | Gpu temperature: 75
23:46:38.110         | Gpu P-State: 0
23:47:38.024         | Gpu temperature: 77
23:47:38.025         | Gpu P-State: 0
23:48:38.028         | Gpu temperature: 77
23:48:38.028         | Gpu P-State: 0
23:49:38.084         | Gpu temperature: 65
23:49:38.084         | Gpu P-State: 5
23:50:38.089         | Gpu temperature: 58
23:50:38.089         | Gpu P-State: 5
23:51:37.889         | Gpu temperature: 56
23:51:37.889         | Gpu P-State: 5
23:52:29.641         | Gpu temperature: 59
23:52:29.641         | Gpu P-State: 3
23:53:29.642         | Gpu temperature: 54
23:53:29.642         | Gpu P-State: 5
23:54:29.688         | Gpu temperature: 54
23:54:29.688         | Gpu P-State: 5
23:55:29.749         | Gpu temperature: 52
23:55:29.749         | Gpu P-State: 0
23:56:29.795         | Gpu temperature: 56
23:56:29.795         | Gpu P-State: 5
23:57:29.847         | Gpu temperature: 55
23:57:29.847         | Gpu P-State: 5
23:58:29.893         | Gpu temperature: 58
23:58:29.893         | Gpu P-State: 5
23:59:29.950         | Gpu temperature: 61
23:59:29.950         | Gpu P-State: 5

--- Date: 2023-7-29 (Sat Jul 2023) UTC+03:00

00:00:30.015         | Gpu temperature: 56
00:00:30.015         | Gpu P-State: 5
00:01:30.083         | Gpu temperature: 56
00:01:30.083         | Gpu P-State: 5
00:02:30.073         | Gpu temperature: 57
00:02:30.075         | Gpu P-State: 5
00:03:30.095         | Gpu temperature: 56
00:03:30.095         | Gpu P-State: 5
00:04:30.125         | Gpu temperature: 56
00:04:30.125         | Gpu P-State: 5
00:05:30.150         | Gpu temperature: 60
00:05:30.150         | Gpu P-State: 5
00:06:30.185         | Gpu temperature: 59
00:06:30.185         | Gpu P-State: 5
00:07:30.265         | Gpu temperature: 55
00:07:30.265         | Gpu P-State: 8
