
--- Date: 2023-7-29 (Sat Jul 2023) UTC+03:00

00:31:29.609         | CreateDevice() using 'NVIDIA GeForce GTX 1650' adapter
00:31:29.609         | Adapter vendorId:                0x10de
00:31:29.609         | Adapter deviceId:                0x1f99
00:31:29.609         | Adapter driver date:             20.7.2022
00:31:29.609         | Adapter driver version:          31.00.15.1691
00:31:29.609         | Adapter dedicated video memory:  4154458112
00:31:29.609         | Adapter dedicated system memory: 0
00:31:29.609         | Adapter shared system memory:    4209512448
00:31:29.721         | NvApi initialized. Interface version: NVidia Complete Version 1.10. Driver version: 51691. Build branch: r515_00
00:31:30.498         | Driver features:
00:31:30.498         | 	DriverConcurrentCreates: true
00:31:30.498         | 	DriverCommandLists: true
00:31:30.498         | 	MapNoOverwriteOnDynamicConstantBuffer: true
00:31:30.498         | 	MapNoOverwriteOnDynamicSrv: true
00:31:30.499         | Gpu counters activated
00:31:30.499         | 
00:31:30.499         | ------------ Autodetecting defaults ------------
00:31:30.501         | OS: Windows 10 Home 22H2 (10.0.22621.1992) x64
00:31:30.501         | CPU: Intel(R) Core(TM) i5-10300H CPU @ 2.50GHz
00:31:30.501         | CPU cores: 4
00:31:30.501         | CPU threads: 8
00:31:30.501         | RAM: 8029 MB
00:31:30.501         | Memory Load: 91%
00:31:30.501         | Page File: 13354 MB used, 4236 MB available
00:31:30.501         | Log disk free space: 27 GB (11.15%)
00:31:30.501         | GPU: NVIDIA GeForce GTX 1650
00:31:30.501         | VRAM: 3962 MB
00:31:30.501         | Feature level: 11_1
00:31:30.501         | Auto-detected default graphics quality: [Good]
00:31:30.501         | ------------------------------------------------
00:31:30.501         | 
00:31:30.609         | CreateSwapChain(ModeDesc.Width = 1422, ModeDesc.Height = 693, BufferCount = 2, Flags = 0x802, SwapEffect = FlipSequential)
00:31:31.792         | Gpu temperature: 58
00:31:31.792         | Gpu P-State: 0
00:31:31.792         | ResizeBuffers(Width = 1422, Height = 720, Flags = 0x802)
00:31:31.803         | ChangeMode(DeviceMode(0, 0, 0, 0), BorderlessFullscreen, prevMode: Windowed)
00:31:31.846         | OutputRect: {x: 0, y: 0, width: 1920, height: 1080}
00:31:31.846         | WorkRect for reshape: {x: 0, y: 0, width: 1920, height: 1080, flags: 0}
00:31:31.849         | ResizeBuffers(Width = 1920, Height = 1080, Flags = 0x802)
00:31:32.708  WARNING| NVIDIA NGX not available on this hardware/platform., code = 0xbad00001, info: NVSDK_NGX_Result_FAIL_FeatureNotSupported
00:31:32.770         | Main view color buffer size changed to: {width: 1920, height: 1080}
00:31:37.474         | Gpu temperature: 57
00:31:37.474         | Gpu P-State: 8
00:31:39.183         | Initial settings:
    r_vsync = 0
    MainView.RenderScale = 1
    r_textureQuality = 1
    r_anisoLevel = 4
    car_skidmarks = 2
    cl_debrisQuality = 1
    cl_shellsQuality = 0
    Client.LightsQuality = 0
    Game.ImpactDecals = 1
    g_lodDistanceFactor = 100
    g_grassDensity = 0.35
    MainView.GrassMaxDistance = 300
    Client.PostEffectAntiAliasing = FxaaLow
    MainView.EnableShadows = 1
    MainView.EnableShadowsFiltering = 0
    MainView.ShadowMapResolution = 512
    MainView.LightsShadowsQuality = 1
    MainView.SSAO = 0
    Particles.RateFactorPreset = 1
    Client.UltraLowQuality = 0
    MainView.LightShaft = 1
    MainView.FSR = 0
    MainView.FSR.Sharpness = 0.2
    MainView.TAA = 0
    MainView.Sharpness = 2
    MainView.GI = 0
    MainView.SSLR = 2
    MainView.SSLR.Mode = 1
    MainView.ContactShadows = 2
    MainView.MotionBlur = 0
    MainView.MotionBlur.Intensity = 0.5
    MainView.PostProcessing.LensFlare = 1
    MainView.PostProcessing.Vignetting = 1
    MainView.DLSS.Mode = 1
    MainView.DLSS.RegularSharpness = 1

00:32:08.822         | Gpu temperature: 60
00:32:08.822         | Gpu P-State: 5
00:33:08.810         | Gpu temperature: 59
00:33:08.810         | Gpu P-State: 5
00:34:08.831         | Gpu temperature: 56
00:34:08.831         | Gpu P-State: 5
00:35:08.879         | Gpu temperature: 55
00:35:08.879         | Gpu P-State: 5
00:36:08.889         | Gpu temperature: 55
00:36:08.889         | Gpu P-State: 5
