
--- Date: 2023-7-29 (Sat Jul 2023) UTC+03:00

00:31:40.703      NET| TSConnectionManager::ChangeState: OFFLINE -> AUTHING
00:31:40.703      NET| TSAuthManager::ChangeState: OFFLINE -> AUTHING
00:31:41.382      NET| TargemService::WebApiRequest(6): https://crank.crossout.net/live/Auth/login
00:31:43.799      NET| TargemService::WebApiRequest(6): finished with e = ErrorCode::OK (status 200)
00:31:43.804      NET| TargemService::SetAvailableProtoEndpoints: soServices: ["wss://crank.crossout.net/live/AuthProtoServer"], chats: ["wss://crank.crossout.net/live/ChatServiceProtoServer"]
00:31:43.804      NET| TSAuthManager::ChangeState: AUTHING -> ONLINE
00:31:43.804      NET| TSConnectionManager::ChangeState: AUTHING -> CONNECTING
00:31:43.805      NET| chat: Connect() requested
00:31:43.805      NET| TSConnectionManager::StateCONNECTING: (re)connecting to 'wss://crank.crossout.net/live/AuthProtoServer' (of 1 options)
00:31:43.805      NET| ProtoServer::Connect: url = 'wss://crank.crossout.net/live/AuthProtoServer'
00:31:43.819      NET| chat: channel opened, waiting for connection (select addr 'wss://crank.crossout.net/live/ChatServiceProtoServer' from total 1 addrs)
00:31:43.819      NET| ProtoServer::Connect: url = 'wss://crank.crossout.net/live/ChatServiceProtoServer'
00:31:43.929      NET| ProtoServer::OnPeerConnected: |142.91.120.40:443-wss://crank.crossout.net/live/ChatServiceProtoServer@000001D502F104D0(out,ws,TLS,st=1)
00:31:43.995      NET| ProtoServer::OnPeerConnected: |142.91.120.40:443-wss://crank.crossout.net/live/AuthProtoServer@000001D502F10030(out,ws,TLS,st=1)
00:31:44.395      NET| ProtoServer::RenameLink: 142.91.120.40:443-wss://crank.crossout.net/live/ChatServiceProtoServer -> cabin-lw-nl-13/chat_1
00:31:44.395      NET| ProtoServer::ProcessHandshakeHelloAck: accepting new PeerId 172.22.131.118:47854-ws-212141
00:31:44.395      NET| ProtoServer: link live|cabin-lw-nl-13/chat_1@000001D502F104D0(out,ws,TLS,st=4) is ready
00:31:44.398      NET| chat: OnConnect(): sending authorization data
00:31:44.529      NET| ProtoServer::RenameLink: 142.91.120.40:443-wss://crank.crossout.net/live/AuthProtoServer -> cabin-lw-nl-13/auth_3
00:31:44.529      NET| ProtoServer::ProcessHandshakeHelloAck: accepting new PeerId 172.22.130.128:45318-ws-97711
00:31:44.529      NET| ProtoServer: link live|cabin-lw-nl-13/auth_3@000001D502F10030(out,ws,TLS,st=4) is ready
00:31:44.529      NET| TargemService: OnPeerConnected 'live|cabin-lw-nl-13/auth_3@000001D502F10030(out,ws,TLS,st=4)'
00:31:44.529      NET| TSConnectionManager::ChangeState: CONNECTING -> NEGOTIATING
00:31:44.935      NET| chat: server authorization: ok
00:31:46.015      NET| CL_SOContainer::ReplicaHandler: got replica of live:so:RichPresence:4424378@cabin-lw-nl-13/auth_3 (~487b)
00:31:46.083      NET| CL_SOContainer::ReplicaHandler: got replica of live:so:RichPresence:4424378@cabin-lw-nl-13/auth_3 (~487b)
00:31:46.350      NET| CL_SOContainer::ReplicaHandler: got replica of live:so:EmoUser:4424378@cabin-lw-nl-13/auth_3 (~86Kb)
00:31:46.416      NET| CL_SOContainer::ReplicaHandler: got PARTIAL(1) replica of live:so:EmoUser:4424378@cabin-lw-nl-13/auth_3 (~26b)
00:31:46.482      NET| CL_SOContainer::ReplicaHandler: got PARTIAL(2) replica of live:so:RichPresence:4424378@cabin-lw-nl-13/auth_3 (~47b)
00:31:46.549      NET| CL_SOContainer::ReplicaHandler: got replica of live:so:UserOffers:4424378@cabin-lw-nl-13/auth_3 (~121b)
00:31:46.549      NET| CL_SOContainer::ReplicaHandler: got replica of live:so:Mailbox:4424378@cabin-lw-nl-13/auth_3 (~237b)
00:31:46.549      NET| CL_SOContainer::ReplicaHandler: got replica of live:so:Achievements:4424378@cabin-lw-nl-13/auth_3 (~5.9Kb)
00:31:46.616      NET| CL_SOContainer::ReplicaHandler: got replica of live:so:FriendList:4424378@cabin-lw-nl-13/auth_3 (~4.3Kb)
00:31:46.617      NET| CL_SOContainer::ReplicaHandler: got replica of live:so:SubscriptionList:4424378@cabin-lw-nl-13/auth_3 (~208b)
00:31:46.682      NET| CL_SOContainer::ReplicaHandler: got PARTIAL(1) replica of live:so:Achievements:4424378@cabin-lw-nl-13/auth_3 (~26b)
00:31:46.883      NET| CL_SOContainer::ReplicaHandler: got replica of live:so:UserProfile:4424378@cabin-lw-nl-13/auth_3 (~61Kb)
00:31:46.949      NET| TSConnectionManager::ChangeState: NEGOTIATING -> ONLINE
00:31:47.200      NET| CL_SOContainer::ReplicaHandler: got replica of live:so:RichPresence:9785583@cabin-lw-nl-13/auth_3 (~486b)
00:31:47.200      NET| CL_SOContainer::ReplicaHandler: got replica of live:so:RichPresence:5703146@cabin-lw-nl-13/auth_3 (~499b)
00:31:47.200      NET| CL_SOContainer::ReplicaHandler: got replica of live:so:RichPresence:9808202@cabin-lw-nl-13/auth_3 (~464b)
00:31:47.200      NET| CL_SOContainer::ReplicaHandler: got replica of live:so:RichPresence:7080235@cabin-lw-nl-13/auth_3 (~472b)
00:31:47.200      NET| CL_SOContainer::ReplicaHandler: got replica of live:so:RichPresence:1092595@cabin-lw-nl-13/auth_3 (~490b)
00:31:47.200      NET| CL_SOContainer::ReplicaHandler: got replica of live:so:RichPresence:3299371@cabin-lw-nl-13/auth_3 (~468b)
00:31:47.200      NET| CL_SOContainer::ReplicaHandler: got replica of live:so:RichPresence:5639886@cabin-lw-nl-13/auth_3 (~481b)
00:31:47.200      NET| CL_SOContainer::ReplicaHandler: got replica of live:so:RichPresence:7585151@cabin-lw-nl-13/auth_3 (~470b)
00:31:47.200      NET| CL_SOContainer::ReplicaHandler: got replica of live:so:RichPresence:1128853@cabin-lw-nl-13/auth_3 (~505b)
00:31:47.200      NET| CL_SOContainer::ReplicaHandler: got replica of live:so:RichPresence:5233487@cabin-lw-nl-13/auth_3 (~492b)
00:31:47.200      NET| CL_SOContainer::ReplicaHandler: got replica of live:so:RichPresence:4309561@cabin-lw-nl-13/auth_3 (~506b)
00:31:47.200      NET| CL_SOContainer::ReplicaHandler: got replica of live:so:RichPresence:11660614@cabin-lw-nl-13/auth_3 (~493b)
00:31:47.472      NET| CL_SOContainer::ReplicaHandler: got replica of live:so:RichPresence:9081862@cabin-lw-nl-13/auth_3 (~503b)
00:31:47.472      NET| CL_SOContainer::ReplicaHandler: got replica of live:so:RichPresence:6265535@cabin-lw-nl-13/auth_3 (~481b)
00:31:47.472      NET| CL_SOContainer::ReplicaHandler: got replica of live:so:RichPresence:4384745@cabin-lw-nl-13/auth_3 (~483b)
00:31:47.472      NET| CL_SOContainer::ReplicaHandler: got replica of live:so:RichPresence:7211359@cabin-lw-nl-13/auth_3 (~477b)
00:31:47.555      NET| CL_SOContainer::ReplicaHandler: got replica of live:so:RichPresence:9808202@cabin-lw-nl-13/auth_3 (~464b)
00:31:47.593      NET| CL_SOContainer::ReplicaHandler: got replica of live:so:RichPresence:1188947@cabin-lw-nl-13/auth_3 (~472b)
00:31:47.593      NET| CL_SOContainer::ReplicaHandler: got replica of live:so:RichPresence:8322821@cabin-lw-nl-13/auth_3 (~488b)
00:31:47.593      NET| CL_SOContainer::ReplicaHandler: got replica of live:so:RichPresence:4925938@cabin-lw-nl-13/auth_3 (~503b)
00:31:47.593      NET| CL_SOContainer::ReplicaHandler: got replica of live:so:RichPresence:2579964@cabin-lw-nl-13/auth_3 (~483b)
00:31:47.593      NET| CL_SOContainer::ReplicaHandler: got replica of live:so:RichPresence:10483801@cabin-lw-nl-13/auth_3 (~495b)
00:31:47.593      NET| CL_SOContainer::ReplicaHandler: got replica of live:so:RichPresence:11780529@cabin-lw-nl-13/auth_3 (~496b)
00:31:47.593      NET| CL_SOContainer::ReplicaHandler: got replica of live:so:RichPresence:13035837@cabin-lw-nl-13/auth_3 (~477b)
00:31:47.593      NET| CL_SOContainer::ReplicaHandler: got replica of live:so:RichPresence:5193768@cabin-lw-nl-13/auth_3 (~477b)
00:31:47.593      NET| CL_SOContainer::ReplicaHandler: got replica of live:so:RichPresence:2599753@cabin-lw-nl-13/auth_3 (~480b)
00:31:47.628      NET| CL_SOContainer::ReplicaHandler: got replica of live:so:RichPresence:56376@cabin-lw-nl-13/auth_3 (~479b)
00:31:47.628      NET| CL_SOContainer::ReplicaHandler: got replica of live:so:RichPresence:6656432@cabin-lw-nl-13/auth_3 (~471b)
00:31:47.628      NET| CL_SOContainer::ReplicaHandler: got replica of live:so:RichPresence:6471644@cabin-lw-nl-13/auth_3 (~462b)
00:31:47.628      NET| CL_SOContainer::ReplicaHandler: got replica of live:so:RichPresence:3648744@cabin-lw-nl-13/auth_3 (~488b)
00:31:47.628      NET| CL_SOContainer::ReplicaHandler: got replica of live:so:RichPresence:9600177@cabin-lw-nl-13/auth_3 (~478b)
00:31:47.628      NET| CL_SOContainer::ReplicaHandler: got replica of live:so:RichPresence:11091037@cabin-lw-nl-13/auth_3 (~490b)
00:31:47.628      NET| CL_SOContainer::ReplicaHandler: got replica of live:so:RichPresence:3027709@cabin-lw-nl-13/auth_3 (~483b)
00:31:47.628      NET| CL_SOContainer::ReplicaHandler: got replica of live:so:RichPresence:1006085@cabin-lw-nl-13/auth_3 (~469b)
00:31:47.628      NET| CL_SOContainer::ReplicaHandler: got replica of live:so:RichPresence:6928978@cabin-lw-nl-13/auth_3 (~529b)
00:31:47.628      NET| CL_SOContainer::ReplicaHandler: got replica of live:so:RichPresence:11885615@cabin-lw-nl-13/auth_3 (~495b)
00:31:47.628      NET| CL_SOContainer::ReplicaHandler: got replica of live:so:RichPresence:6924792@cabin-lw-nl-13/auth_3 (~473b)
00:31:47.628      NET| CL_SOContainer::ReplicaHandler: got replica of live:so:RichPresence:11020632@cabin-lw-nl-13/auth_3 (~472b)
00:31:47.628      NET| CL_SOContainer::ReplicaHandler: got replica of live:so:RichPresence:3592923@cabin-lw-nl-13/auth_3 (~469b)
00:31:47.628      NET| CL_SOContainer::ReplicaHandler: got replica of live:so:RichPresence:1430273@cabin-lw-nl-13/auth_3 (~475b)
00:31:47.628      NET| CL_SOContainer::ReplicaHandler: got replica of live:so:RichPresence:2537492@cabin-lw-nl-13/auth_3 (~482b)
00:31:47.628      NET| CL_SOContainer::ReplicaHandler: got replica of live:so:RichPresence:4778315@cabin-lw-nl-13/auth_3 (~474b)
00:31:47.628      NET| CL_SOContainer::ReplicaHandler: got replica of live:so:RichPresence:3968256@cabin-lw-nl-13/auth_3 (~493b)
00:31:47.628      NET| CL_SOContainer::ReplicaHandler: got replica of live:so:RichPresence:10704968@cabin-lw-nl-13/auth_3 (~496b)
00:31:47.628      NET| CL_SOContainer::ReplicaHandler: got replica of live:so:RichPresence:9396343@cabin-lw-nl-13/auth_3 (~488b)
00:31:47.628      NET| CL_SOContainer::ReplicaHandler: got replica of live:so:RichPresence:7399909@cabin-lw-nl-13/auth_3 (~474b)
00:31:47.663      NET| CL_SOContainer::ReplicaHandler: got replica of live:so:RichPresence:1423449@cabin-lw-nl-13/auth_3 (~486b)
00:31:47.663      NET| CL_SOContainer::ReplicaHandler: got replica of live:so:RichPresence:6362242@cabin-lw-nl-13/auth_3 (~483b)
00:31:47.663      NET| CL_SOContainer::ReplicaHandler: got replica of live:so:RichPresence:7390116@cabin-lw-nl-13/auth_3 (~467b)
00:31:47.663      NET| CL_SOContainer::ReplicaHandler: got replica of live:so:RichPresence:7349533@cabin-lw-nl-13/auth_3 (~480b)
00:31:47.663      NET| CL_SOContainer::ReplicaHandler: got replica of live:so:RichPresence:11961235@cabin-lw-nl-13/auth_3 (~494b)
00:31:47.699      NET| CL_SOContainer::ReplicaHandler: got replica of live:so:RichPresence:3839373@cabin-lw-nl-13/auth_3 (~489b)
00:31:47.699      NET| CL_SOContainer::ReplicaHandler: got replica of live:so:RichPresence:11464769@cabin-lw-nl-13/auth_3 (~481b)
00:31:48.175      NET| CL_SOContainer::ReplicaHandler: got replica of live:so:RichPresence:4159658@cabin-lw-nl-13/auth_3 (~475b)
00:31:48.175      NET| CL_SOContainer::ReplicaHandler: got replica of live:so:RichPresence:10471556@cabin-lw-nl-13/auth_3 (~482b)
00:31:48.175      NET| CL_SOContainer::ReplicaHandler: got replica of live:so:RichPresence:11813610@cabin-lw-nl-13/auth_3 (~487b)
00:31:48.175      NET| CL_SOContainer::ReplicaHandler: got replica of live:so:RichPresence:9336852@cabin-lw-nl-13/auth_3 (~494b)
00:31:48.175      NET| CL_SOContainer::ReplicaHandler: got replica of live:so:RichPresence:3431885@cabin-lw-nl-13/auth_3 (~488b)
00:31:48.175      NET| CL_SOContainer::ReplicaHandler: got replica of live:so:RichPresence:3622901@cabin-lw-nl-13/auth_3 (~475b)
00:31:48.175      NET| CL_SOContainer::ReplicaHandler: got replica of live:so:RichPresence:7120042@cabin-lw-nl-13/auth_3 (~466b)
00:31:48.175      NET| CL_SOContainer::ReplicaHandler: got replica of live:so:RichPresence:12110010@cabin-lw-nl-13/auth_3 (~508b)
00:31:48.175      NET| CL_SOContainer::ReplicaHandler: got replica of live:so:RichPresence:61435@cabin-lw-nl-13/auth_3 (~454b)
00:31:48.175      NET| CL_SOContainer::ReplicaHandler: got replica of live:so:RichPresence:7617264@cabin-lw-nl-13/auth_3 (~473b)
00:31:48.175      NET| CL_SOContainer::ReplicaHandler: got replica of live:so:RichPresence:2574699@cabin-lw-nl-13/auth_3 (~467b)
00:31:48.175      NET| CL_SOContainer::ReplicaHandler: got replica of live:so:RichPresence:8217368@cabin-lw-nl-13/auth_3 (~455b)
00:31:48.175      NET| CL_SOContainer::ReplicaHandler: got replica of live:so:RichPresence:2714878@cabin-lw-nl-13/auth_3 (~453b)
00:31:48.235      NET| CL_SOContainer::ReplicaHandler: got replica of live:so:RichPresence:2907156@cabin-lw-nl-13/auth_3 (~478b)
00:31:48.235      NET| CL_SOContainer::ReplicaHandler: got replica of live:so:RichPresence:6962172@cabin-lw-nl-13/auth_3 (~486b)
00:31:48.287      NET| CL_SOContainer::ReplicaHandler: got replica of live:so:RichPresence:7455785@cabin-lw-nl-13/auth_3 (~475b)
00:31:48.287      NET| CL_SOContainer::ReplicaHandler: got replica of live:so:RichPresence:1324121@cabin-lw-nl-13/auth_3 (~462b)
00:31:48.287      NET| CL_SOContainer::ReplicaHandler: got replica of live:so:RichPresence:1650487@cabin-lw-nl-13/auth_3 (~491b)
00:31:48.287      NET| CL_SOContainer::ReplicaHandler: got replica of live:so:RichPresence:4814328@cabin-lw-nl-13/auth_3 (~473b)
00:31:48.287      NET| CL_SOContainer::ReplicaHandler: got replica of live:so:RichPresence:11086268@cabin-lw-nl-13/auth_3 (~472b)
00:31:48.287      NET| CL_SOContainer::ReplicaHandler: got replica of live:so:RichPresence:4404333@cabin-lw-nl-13/auth_3 (~504b)
00:31:49.495      NET| TargemService::WebApiRequest(9): https://crank.crossout.net/live/NewsFeed/GetRecommendations?token=uoJDAAAAAACRHHaoHQJ1xgffhZ6JAQAAK2TFnwRub25lBGxpdmU
00:31:50.000      NET| CL_SOContainer::ReplicaHandler: got PARTIAL(3) replica of live:so:SubscriptionList:4424378@cabin-lw-nl-13/auth_3 (~37b)
00:31:50.203      NET| TargemService::WebApiRequest(9): finished with e = ErrorCode::OK (status 200)
