
--- Date: 2023-7-27 (Thu Jul 2023) UTC+03:00

22:50:27.147         | CreateDevice() using 'NVIDIA GeForce GTX 1650' adapter
22:50:27.147         | Adapter vendorId:                0x10de
22:50:27.147         | Adapter deviceId:                0x1f99
22:50:27.149         | Adapter driver date:             20.7.2022
22:50:27.149         | Adapter driver version:          31.00.15.1691
22:50:27.149         | Adapter dedicated video memory:  4154458112
22:50:27.149         | Adapter dedicated system memory: 0
22:50:27.149         | Adapter shared system memory:    4209512448
22:50:27.260         | NvApi initialized. Interface version: NVidia Complete Version 1.10. Driver version: 51691. Build branch: r515_00
22:50:27.942         | Driver features:
22:50:27.942         | 	DriverConcurrentCreates: true
22:50:27.942         | 	DriverCommandLists: true
22:50:27.942         | 	MapNoOverwriteOnDynamicConstantBuffer: true
22:50:27.942         | 	MapNoOverwriteOnDynamicSrv: true
22:50:27.942         | Gpu counters activated
22:50:27.942         | 
22:50:27.942         | ------------ Autodetecting defaults ------------
22:50:27.943         | OS: Windows 10 Home 22H2 (10.0.22621.1992) x64
22:50:27.943         | CPU: Intel(R) Core(TM) i5-10300H CPU @ 2.50GHz
22:50:27.943         | CPU cores: 4
22:50:27.943         | CPU threads: 8
22:50:27.943         | RAM: 8029 MB
22:50:27.943         | Memory Load: 62%
22:50:27.943         | Page File: 9001 MB used, 9853 MB available
22:50:27.943         | Log disk free space: 31.5 GB (12.99%)
22:50:27.943         | GPU: NVIDIA GeForce GTX 1650
22:50:27.943         | VRAM: 3962 MB
22:50:27.943         | Feature level: 11_1
22:50:27.943         | Auto-detected default graphics quality: [Good]
22:50:27.943         | ------------------------------------------------
22:50:27.943         | 
22:50:27.999         | CreateSwapChain(ModeDesc.Width = 1422, ModeDesc.Height = 693, BufferCount = 2, Flags = 0x802, SwapEffect = FlipSequential)
22:50:29.207         | Gpu temperature: 56
22:50:29.207         | Gpu P-State: 0
22:50:29.207         | ResizeBuffers(Width = 1422, Height = 720, Flags = 0x802)
22:50:29.225         | ChangeMode(DeviceMode(0, 0, 0, 0), BorderlessFullscreen, prevMode: Windowed)
22:50:29.265         | OutputRect: {x: 0, y: 0, width: 1920, height: 1080}
22:50:29.265         | WorkRect for reshape: {x: 0, y: 0, width: 1920, height: 1080, flags: 0}
22:50:29.267         | ResizeBuffers(Width = 1920, Height = 1080, Flags = 0x802)
22:50:30.461  WARNING| NVIDIA NGX not available on this hardware/platform., code = 0xbad00001, info: NVSDK_NGX_Result_FAIL_FeatureNotSupported
22:50:30.543         | Main view color buffer size changed to: {width: 1920, height: 1080}
22:50:37.200         | Gpu temperature: 56
22:50:37.200         | Gpu P-State: 8
22:50:38.526         | Initial settings:
    r_vsync = 0
    MainView.RenderScale = 1
    r_textureQuality = 1
    r_anisoLevel = 4
    car_skidmarks = 2
    cl_debrisQuality = 1
    cl_shellsQuality = 0
    Client.LightsQuality = 0
    Game.ImpactDecals = 1
    g_lodDistanceFactor = 100
    g_grassDensity = 0.35
    MainView.GrassMaxDistance = 300
    Client.PostEffectAntiAliasing = FxaaLow
    MainView.EnableShadows = 1
    MainView.EnableShadowsFiltering = 0
    MainView.ShadowMapResolution = 512
    MainView.LightsShadowsQuality = 1
    MainView.SSAO = 0
    Particles.RateFactorPreset = 1
    Client.UltraLowQuality = 0
    MainView.LightShaft = 1
    MainView.FSR = 0
    MainView.FSR.Sharpness = 0.2
    MainView.TAA = 0
    MainView.Sharpness = 2
    MainView.GI = 0
    MainView.SSLR = 2
    MainView.SSLR.Mode = 1
    MainView.ContactShadows = 2
    MainView.MotionBlur = 0
    MainView.MotionBlur.Intensity = 0.5
    MainView.PostProcessing.LensFlare = 1
    MainView.PostProcessing.Vignetting = 1
    MainView.DLSS.Mode = 1
    MainView.DLSS.RegularSharpness = 1

22:51:09.002         | Gpu temperature: 58
22:51:09.002         | Gpu P-State: 8
22:52:09.051         | Gpu temperature: 57
22:52:09.051         | Gpu P-State: 5
22:52:44.643         | Gpu temperature: 66
22:52:44.643         | Gpu P-State: 0
22:52:55.387         | Gpu temperature: 74
22:52:55.387         | Gpu P-State: 0
22:53:52.405         | Gpu temperature: 77
22:53:52.405         | Gpu P-State: 0
22:54:51.490         | Gpu temperature: 77
22:54:51.490         | Gpu P-State: 0
22:55:50.817         | Gpu temperature: 79
22:55:50.817         | Gpu P-State: 0
22:56:50.666         | Gpu temperature: 80
22:56:50.666         | Gpu P-State: 0
22:57:43.216         | Gpu temperature: 83
22:57:43.217         | Gpu P-State: 0
22:58:43.173         | Gpu temperature: 79
22:58:43.173         | Gpu P-State: 3
22:59:43.175         | Gpu temperature: 77
22:59:43.175         | Gpu P-State: 3
23:00:43.177         | Gpu temperature: 77
23:00:43.177         | Gpu P-State: 3
23:01:43.184         | Gpu temperature: 76
23:01:43.184         | Gpu P-State: 3
23:02:43.186         | Gpu temperature: 76
23:02:43.186         | Gpu P-State: 3
23:03:43.192         | Gpu temperature: 76
23:03:43.192         | Gpu P-State: 3
23:04:43.195         | Gpu temperature: 76
23:04:43.195         | Gpu P-State: 3
23:05:43.198         | Gpu temperature: 76
23:05:43.198         | Gpu P-State: 3
23:06:43.270         | Gpu temperature: 69
23:06:43.270         | Gpu P-State: 5
23:07:35.240         | Gpu temperature: 75
23:07:35.240         | Gpu P-State: 3
23:08:35.226         | Gpu temperature: 75
23:08:35.226         | Gpu P-State: 3
23:09:35.231         | Gpu temperature: 76
23:09:35.231         | Gpu P-State: 3
23:10:35.317         | Gpu temperature: 76
23:10:35.317         | Gpu P-State: 3
23:11:35.380         | Gpu temperature: 76
23:11:35.381         | Gpu P-State: 3
23:12:35.343         | Gpu temperature: 77
23:12:35.343         | Gpu P-State: 3
23:13:35.591         | Gpu temperature: 77
23:13:35.592         | Gpu P-State: 3
23:14:35.797         | Gpu temperature: 76
23:14:35.797         | Gpu P-State: 3
23:15:35.877         | Gpu temperature: 77
23:15:35.877         | Gpu P-State: 3
23:16:35.887         | Gpu temperature: 77
23:16:35.887         | Gpu P-State: 3
23:17:35.891         | Gpu temperature: 77
23:17:35.891         | Gpu P-State: 3
23:18:28.712         | Gpu temperature: 77
23:18:28.712         | Gpu P-State: 3
23:19:28.775         | Gpu temperature: 77
23:19:28.775         | Gpu P-State: 3
23:20:28.727         | Gpu temperature: 77
23:20:28.727         | Gpu P-State: 3
23:21:28.852         | Gpu temperature: 73
23:21:28.852         | Gpu P-State: 3
23:22:28.840         | Gpu temperature: 76
23:22:28.840         | Gpu P-State: 3
23:23:28.959         | Gpu temperature: 71
23:23:28.959         | Gpu P-State: 3
23:24:28.968         | Gpu temperature: 75
23:24:28.968         | Gpu P-State: 3
23:25:28.977         | Gpu temperature: 75
23:25:28.977         | Gpu P-State: 3
23:26:28.947         | Gpu temperature: 76
23:26:28.947         | Gpu P-State: 3
23:27:28.932         | Gpu temperature: 76
23:27:28.932         | Gpu P-State: 3
23:28:28.930         | Gpu temperature: 77
23:28:28.930         | Gpu P-State: 3
23:29:28.927         | Gpu temperature: 77
23:29:28.927         | Gpu P-State: 3
23:30:28.929         | Gpu temperature: 77
23:30:28.929         | Gpu P-State: 3
23:31:28.837         | Gpu temperature: 77
23:31:28.837         | Gpu P-State: 3
23:32:28.769         | Gpu temperature: 77
23:32:28.769         | Gpu P-State: 3
23:33:28.769         | Gpu temperature: 77
23:33:28.769         | Gpu P-State: 3
23:34:02.423         | Gpu temperature: 76
23:34:02.423         | Gpu P-State: 3
23:34:45.778         | Gpu temperature: 77
23:34:45.778         | Gpu P-State: 3
23:35:45.806         | Gpu temperature: 77
23:35:45.807         | Gpu P-State: 3
23:36:36.985         | Gpu temperature: 76
23:36:36.985         | Gpu P-State: 3
23:37:22.118         | Gpu temperature: 77
23:37:22.118         | Gpu P-State: 3
23:38:22.267         | Gpu temperature: 77
23:38:22.267         | Gpu P-State: 3
23:39:22.263         | Gpu temperature: 77
23:39:22.263         | Gpu P-State: 3
23:39:33.607         | Gpu temperature: 75
23:39:33.607         | Gpu P-State: 3
23:40:08.206         | Gpu temperature: 77
23:40:08.206         | Gpu P-State: 3
23:41:08.515         | Gpu temperature: 77
23:41:08.515         | Gpu P-State: 3
23:42:08.534         | Gpu temperature: 77
23:42:08.534         | Gpu P-State: 3
23:42:51.915         | Gpu temperature: 76
23:42:51.915         | Gpu P-State: 3
23:42:52.085         | Gpu temperature: 76
23:42:52.085         | Gpu P-State: 3
23:43:38.200         | Gpu temperature: 77
23:43:38.200         | Gpu P-State: 3
23:44:38.274         | Gpu temperature: 77
23:44:38.274         | Gpu P-State: 3
23:45:10.635         | Gpu temperature: 76
23:45:10.635         | Gpu P-State: 3
23:45:24.247         | Gpu temperature: 77
23:45:24.247         | Gpu P-State: 3
23:46:24.405         | Gpu temperature: 77
23:46:24.405         | Gpu P-State: 3
23:47:24.454         | Gpu temperature: 77
23:47:24.454         | Gpu P-State: 3
23:48:19.293         | Gpu temperature: 77
23:48:19.293         | Gpu P-State: 3
23:48:29.687         | Gpu temperature: 76
23:48:29.687         | Gpu P-State: 3
23:49:13.719         | Gpu temperature: 77
23:49:13.719         | Gpu P-State: 3
23:50:13.920         | Gpu temperature: 77
23:50:13.920         | Gpu P-State: 3
23:50:45.022         | Gpu temperature: 75
23:50:45.022         | Gpu P-State: 3
23:50:45.228         | Gpu temperature: 75
23:50:45.228         | Gpu P-State: 3
23:51:23.720         | Gpu temperature: 76
23:51:23.720         | Gpu P-State: 3
23:52:23.813         | Gpu temperature: 77
23:52:23.813         | Gpu P-State: 3
23:53:16.497         | Gpu temperature: 77
23:53:16.497         | Gpu P-State: 3
23:53:36.136         | Gpu temperature: 76
23:53:36.137         | Gpu P-State: 3
23:54:36.160         | Gpu temperature: 77
23:54:36.160         | Gpu P-State: 3
23:55:34.417         | Gpu temperature: 76
23:55:34.417         | Gpu P-State: 3
23:55:50.264         | Gpu temperature: 75
23:55:50.264         | Gpu P-State: 3
23:56:11.784         | Gpu temperature: 76
23:56:11.784         | Gpu P-State: 3
23:57:11.822         | Gpu temperature: 77
23:57:11.822         | Gpu P-State: 3
23:58:11.823         | Gpu temperature: 77
23:58:11.823         | Gpu P-State: 3
23:58:51.541         | Gpu temperature: 76
23:58:51.541         | Gpu P-State: 3
23:59:07.085         | Gpu temperature: 77
23:59:07.085         | Gpu P-State: 3

--- Date: 2023-7-28 (Fri Jul 2023) UTC+03:00

00:00:07.434         | Gpu temperature: 77
00:00:07.434         | Gpu P-State: 3
00:01:07.449         | Gpu temperature: 77
00:01:07.449         | Gpu P-State: 3
00:02:00.087         | Gpu temperature: 77
00:02:00.087         | Gpu P-State: 3
00:02:27.892         | Gpu temperature: 76
00:02:27.892         | Gpu P-State: 3
00:03:01.021         | Gpu temperature: 77
00:03:01.021         | Gpu P-State: 3
00:04:01.208         | Gpu temperature: 77
00:04:01.208         | Gpu P-State: 3
00:05:01.221         | Gpu temperature: 77
00:05:01.221         | Gpu P-State: 3
00:05:37.059         | Gpu temperature: 76
00:05:37.059         | Gpu P-State: 3
00:06:08.922         | Gpu temperature: 77
00:06:08.922         | Gpu P-State: 3
00:07:09.191         | Gpu temperature: 77
00:07:09.191         | Gpu P-State: 3
00:07:59.495         | Gpu temperature: 76
00:07:59.495         | Gpu P-State: 3
00:08:00.112         | Gpu temperature: 76
00:08:00.112         | Gpu P-State: 3
00:08:59.465         | Gpu temperature: 77
00:08:59.465         | Gpu P-State: 3
00:09:59.485         | Gpu temperature: 77
00:09:59.485         | Gpu P-State: 3
00:10:40.523         | Gpu temperature: 76
00:10:40.523         | Gpu P-State: 3
00:10:48.860         | Gpu temperature: 77
00:10:48.860         | Gpu P-State: 3
00:11:49.057         | Gpu temperature: 77
00:11:49.057         | Gpu P-State: 3
00:12:49.302         | Gpu temperature: 77
00:12:49.303         | Gpu P-State: 3
00:13:48.530         | Gpu temperature: 76
00:13:48.530         | Gpu P-State: 3
00:14:42.122         | Gpu temperature: 70
00:14:42.122         | Gpu P-State: 5
00:15:42.204         | Gpu temperature: 68
00:15:42.204         | Gpu P-State: 3
00:16:42.238         | Gpu temperature: 66
00:16:42.238         | Gpu P-State: 3
00:17:17.559         | Gpu temperature: 66
00:17:17.559         | Gpu P-State: 3
00:17:46.831         | Gpu temperature: 73
00:17:46.831         | Gpu P-State: 3
00:18:47.135         | Gpu temperature: 75
00:18:47.135         | Gpu P-State: 3
00:19:38.694         | Gpu temperature: 72
00:19:38.694         | Gpu P-State: 3
00:20:17.345         | Gpu temperature: 74
00:20:17.345         | Gpu P-State: 3
00:21:17.390         | Gpu temperature: 75
00:21:17.390         | Gpu P-State: 3
00:22:13.650         | Gpu temperature: 75
00:22:13.650         | Gpu P-State: 3
00:22:31.210         | Gpu temperature: 74
00:22:31.210         | Gpu P-State: 3
00:23:31.330         | Gpu temperature: 76
00:23:31.330         | Gpu P-State: 3
00:24:31.342         | Gpu temperature: 77
00:24:31.342         | Gpu P-State: 3
00:24:47.995         | Gpu temperature: 75
00:24:47.995         | Gpu P-State: 3
00:25:18.574         | Gpu temperature: 76
00:25:18.574         | Gpu P-State: 3
00:25:33.180         | Gpu temperature: 75
00:25:33.180         | Gpu P-State: 3
00:26:26.427         | Gpu temperature: 77
00:26:26.427         | Gpu P-State: 3
00:27:26.493         | Gpu temperature: 77
00:27:26.493         | Gpu P-State: 3
00:28:26.497         | Gpu temperature: 77
00:28:26.497         | Gpu P-State: 3
00:29:11.694         | Gpu temperature: 76
00:29:11.695         | Gpu P-State: 3
00:30:11.835         | Gpu temperature: 77
00:30:11.835         | Gpu P-State: 3
00:31:11.894         | Gpu temperature: 74
00:31:11.894         | Gpu P-State: 3
00:32:11.904         | Gpu temperature: 76
00:32:11.904         | Gpu P-State: 3
00:33:04.587         | Gpu temperature: 75
00:33:04.587         | Gpu P-State: 3
00:33:11.246         | Gpu temperature: 75
00:33:11.246         | Gpu P-State: 3
00:33:33.602         | Gpu temperature: 76
00:33:33.602         | Gpu P-State: 3
00:34:33.830         | Gpu temperature: 77
00:34:33.830         | Gpu P-State: 3
00:35:33.837         | Gpu temperature: 77
00:35:33.837         | Gpu P-State: 3
00:36:26.477         | Gpu temperature: 77
00:36:26.477         | Gpu P-State: 3
00:37:26.435         | Gpu temperature: 77
00:37:26.435         | Gpu P-State: 3
