
--- Date: 2023-7-25 (Tue Jul 2023) UTC+03:00

14:51:08.457         | //////////////////////////////////////////////////////////////////////////////
14:51:08.457         | //
14:51:08.457         | // Build: Crossout x64 2.7.10.250607 (Jul 17 2023 17:54:44)
14:51:08.457         | // params: "D:\Games\Crossout\bin\win64\Crossout.exe" -lang RUSSIAN -fromlauncher --no-relaunch  --aftermath 
14:51:08.457         | //
14:51:08.457         | //////////////////////////////////////////////////////////////////////////////
14:51:08.457         | 
14:51:13.232  WARNING| frame time of frame 1 within loading callback is too large (20.175529)
14:51:18.653         | EasyAntiCheat::Client: Init result 0, message Служба Easy Anti-Cheat запущена
14:51:18.839         | ====== starting level 1: 'levels/maps/mainmenu'  single env=-1 ======
14:51:18.889         | ====== level started:  'mainmenu' success ======
14:51:21.560         | TargemService: RequestAuth: login 'denk1030@gmail.co*', auth 'GAIJIN', url 'https://crank.crossout.net/live'
14:51:21.562  WARNING| frame 394: 118 ms spike
14:51:24.382         | server mods CVar 'ABTest.EnableTutorialPass' -> '1'
14:51:24.382         | server mods CVar 'ABTest.TutorialBattlePassGroupA' -> 'TutorialBattlePass_V5_chest_0h'
14:51:24.382         | server mods CVar 'ABTest.TutorialBattlePassGroupB' -> 'TutorialBattlePass_V5_chest_0h'
14:51:24.382         | server mods CVar 'CarEditor.DecorationAnalytics' -> '1'
14:51:24.382         | server mods CVar 'CollectableRandomEntity.ExclusiveProbability' -> '0.08'
14:51:24.382         | server mods CVar 'CollectableRandomEntity.MaxCount' -> '3'
14:51:24.382         | server mods CVar 'CollectableRandomEntity.MinCount' -> '2'
14:51:24.382         | server mods CVar 'Game.CarEditorAnalytics' -> '1'
14:51:24.382         | server mods CVar 'GameUI.ChatChannelsDisabled' -> 'russian:novice;russian:partysearch;english:novice;english:partysearch;german:novice;german:partysearch;french:novice;french:partysearch;spanish:novice;spanish:partysearch'
14:51:24.382         | server mods CVar 'GameUI.ShowCrystals' -> '1'
14:51:24.382         | server mods CVar 'GameUI.ShowDecorExhibition' -> '1'
14:51:24.382         | server mods CVar 'GameUI.ShowUserBrawls' -> '1'
14:51:24.382         | server mods CVar 'ah_arbiterFacadeUser' -> '94775'
14:51:24.382         | server mods CVar 'ah_minSellPrice' -> '10'
14:51:24.382         | server mods CVar 'bpe_maxDecorationDesignsExhibited' -> '6'
14:51:24.382         | server mods CVar 'cl_enableUserProfileStats' -> '1'
14:51:24.382         | server mods CVar 'cl_newsWndV2' -> '1'
14:51:24.382         | server mods CVar 'cl_showJams' -> '1'
14:51:24.382         | server mods CVar 'clanWars_firstDay' -> '2016-09-18T16:00:00Z'
14:51:24.382         | server mods CVar 'customGame_showEnvSettings' -> '1'
14:51:24.382         | server mods CVar 'gameui_debriefLikesMode' -> '2'
14:51:24.382         | server mods CVar 'leviathan_subtypePowerThreshold' -> '12'
14:51:24.382         | server mods CVar 'sv_circuit' -> 'live'
14:51:24.382         | server mods CVar 'sv_customGameExtended' -> '1'
14:51:24.382         | server mods CVar 'sv_dbgLeviathan' -> '1'
14:51:24.382         | server mods CVar 'sv_disableVoiceChatService' -> '1'
14:51:24.382         | server mods CVar 'user_2stepRestrictions' -> '1'
14:51:24.382         | server mods CVar 'user_customGame' -> '2'
14:51:24.382         | server mods CVar 'user_hangarVisitorsInterval' -> '28800'
14:51:24.382         | server mods CVar 'user_hangarVisitorsNum' -> '5'
14:51:24.382         | server mods CVar 'user_newPlayerAnalyticsCarEditor' -> '0'
14:51:24.382         | server mods CVar 'user_newPlayerAnalyticsNumDays' -> '0'
14:51:24.382         | server mods CVar 'user_newPlayerAnalyticsTestDrive' -> '0'
14:51:24.382         | server mods CVar 'user_newPlayerAnalyticsWindowsAndTabs' -> '0'
14:51:24.382         | server mods CVar 'user_tradeRegulatorMaxOrders' -> '5'
14:51:24.382         | server mods CVar 'user_tradeRegulatorNewbieLevel' -> '5'
14:51:24.382         | server mods CVar 'user_tradeRegulatorNewbieRestrictBuy' -> '1'
14:51:24.382         | Auth success: token uoJDAAAAAABo6qDcgwlp0tV2_4yJAQAAtfvpjgRub25lBGxpdmU, uid 4424378, server time 2023-07-25T11:51:39.703Z (drift of -15 sec)
14:51:25.070         | TSConnectionManager::StateNEGOTIATING: SoContainer login complete
14:51:25.277         | DataStorage: set data with type='chat_decoration_settings' version='2495'
14:51:25.277         | DataStorage: set data with type='weekend_schedule' version='2731'
14:51:25.278         | DataStorage: set data with type='queue_rotation' version='2744'
14:51:25.278         | DataStorage: set data with type='auction_goods_hold' version='2477'
14:51:25.278         | DataStorage: set data with type='shop_items' version='2748'
14:51:25.278         | DataStorage: set data with type='bundle_ingame_price' version='1934'
14:51:25.278         | DataStorage: set data with type='unavailable_recipe' version='2701'
14:51:25.278         | DataStorage: set data with type='hidden_emo_item' version='2363'
14:51:25.278         | DataStorage: set data with type='custom_game_data' version='2725'
14:51:25.278         | DataStorage: set data with type='ranked_events' version='2603'
14:51:25.278         | DataStorage: set data with type='forbidden_goods' version='2749'
14:51:25.278         | DataStorage: set data with type='ingame_shop_items' version='2747'
14:51:25.280         | DataStorage: set data with type='blueprint_jam_settings' version='2625'
14:51:25.280         | DataStorage: set data with type='ingame_offers' version='2504'
14:51:25.280         | DataStorage: set data with type='fusion_events' version='2726'
14:51:25.280         | DataStorage: set data with type='collection_fusion_event' version='2578'
14:51:25.280         | DataStorage: set data with type='leaderboards_settings' version='2585'
14:51:25.280         | DataStorage: set data with type='auction_price_limitations' version='2311'
14:51:25.280         | DataStorage: set data with type='new_recipes_data' version='1183'
14:51:25.280         | DataStorage: set data with type='legacy_news_feed' version='2716'
14:51:25.280         | DataStorage: set data with type='battle_pass' version='1333'
14:51:25.280         | DataStorage: set data with type='mission_schedule' version='2730'
14:51:25.280         | DataStorage: set data with type='craftsman_config' version='2714'
14:51:25.280         | DataStorage: set data with type='fusion_erase_event' version='2734'
14:51:25.280         | DataStorage: set data with type='aim_assist_ab_test' version='2682'
14:51:26.392         | TSConnectionManager::StateNEGOTIATING: complete
14:51:26.392         | TargemService:OnGoingOnline: uid 4424378, nickName '_UA_Puffin_', sessionId -1897268299, serverTime 2023-07-25T11:51:41Z, countryCode 'UA'
14:51:26.514         | ====== starting level 2: 'levels/maps/hangar'  single Empty,env=221621 ======
14:51:26.514         | {
14:51:26.514         | 	"is_hangar": 1
14:51:26.514         | }
14:51:27.557         | ====== level started:  'hangar' success ======
14:51:29.846         | Test drive started from Hangar
14:51:42.185  WARNING| CarPart::EmitDeathBlow::Stack
14:51:42.185  WARNING| 	00: Type: 'CarPart', id: 2893, def = 'CarPart_PowerGiverExplosive_legend', netId = 988, gameLayer = 'Dynamic'
14:51:42.185  WARNING| 	01: Type: 'CarPart', id: 2881, def = 'CarPart_Barrel', netId = 964, gameLayer = 'Dynamic'
14:51:42.185  WARNING| 	02: Type: 'CarPart', id: 2883, def = 'CarPart_Barrel', netId = 968, gameLayer = 'Dynamic'
14:51:42.185  WARNING| 	03: Type: 'CarPart', id: 2884, def = 'CarPart_Barrel', netId = 970, gameLayer = 'Dynamic'
14:51:42.186  WARNING| CarPart::EmitDeathBlow::Stack
14:51:42.186  WARNING| 	00: Type: 'CarPart', id: 2893, def = 'CarPart_PowerGiverExplosive_legend', netId = 988, gameLayer = 'Dynamic'
14:51:42.186  WARNING| 	01: Type: 'CarPart', id: 2881, def = 'CarPart_Barrel', netId = 964, gameLayer = 'Dynamic'
14:51:42.186  WARNING| 	02: Type: 'CarPart', id: 2883, def = 'CarPart_Barrel', netId = 968, gameLayer = 'Dynamic'
14:51:42.186  WARNING| 	03: Type: 'CarPart', id: 2884, def = 'CarPart_Barrel', netId = 970, gameLayer = 'Dynamic'
14:51:42.186  WARNING| 	04: Type: 'CarPart', id: 2885, def = 'CarPart_Barrel', netId = 972, gameLayer = 'Dynamic'
14:51:58.288  WARNING| frame 5209: 104 ms spike
14:52:47.894         | Spawn User Blueprint 7
14:52:50.358         | Stored mission name: FreePlay_Pvp
14:52:50.358         | StartMatchmaking: 'solo', mission 'FreePlay_Pvp', region 'EU' (strict) ,rotatingParams: '{"expireTime":1690329600000,"mapOptionList":"arizona_castle:FreePlay","botList":""}'
14:52:51.321         | Matchmaker_NotifyQueueState: 17 avg queue time sec, queueTag: FreePlay_Pvp, inQueue: true
14:52:51.720         | CL_MatchMaker::ConnectHandler: addr = 52.215.221.74:35109, gsid = 552812778
14:52:51.867         | client: start connecting to 52.215.221.74|35109...
14:52:51.873  WARNING| frame 12699: 150 ms spike
14:52:52.070         | client: connected to 52.215.221.74|35109, server guid '1690268751672442', client guid '923238007392702204', setting up session...
14:52:52.204         | client: connected to dedicated server. gsid: 552812778, hostname: 'wheel03-am-uk.pxo/live-bcr5v-2xbvp'
14:52:52.338         | client: server assigned id 0
14:52:52.351         | client: got level load message 'levels/maps/arizona_castle' FreePlay, levelId: 1
14:52:52.578         | ====== starting level 3: 'levels/maps/arizona_castle' FreePlay client Empty,env=345751 ======
14:52:52.578         | {
14:52:52.578         | 	"minUR": 11892
14:52:52.578         | 	"maxUR": 16572
14:52:52.578         | 	"queueTag": FreePlay_Pvp
14:52:52.578         | 	"fixedMMValue": 0
14:52:52.578         | }
14:52:53.130         | client: send ready message
14:52:53.217         | client: ADD_PLAYER  0      _UA_Puffin_, uid 4424378 status MAP_LOAD team 1
14:52:53.293         | client: ADD_PLAYER  1    the_Killer_91, uid 7230705 status   ACTIVE team 2
14:52:53.295         | client: ADD_PLAYER  2       D0CT0R_死, uid 12573874 status   ACTIVE team 3
14:52:53.295         | client: ADD_PLAYER  3 djurdjicandrej07, uid 11623454 status   ACTIVE team 4
14:52:53.360         | client: ADD_PLAYER  4 さくらさくらさくらさ, uid 7152378 status   ACTIVE team 5
14:52:53.360         | client: ADD_PLAYER  5     Lihtenshtain, uid 5157200 status   ACTIVE team 6
14:52:53.362         | client: ADD_PLAYER  6            Urshi, uid 105666 status   ACTIVE team 7
14:52:53.379         | client: ADD_PLAYER  7      vvvvvvvvlad, uid 13557622 status   ACTIVE team 8
14:52:53.379         | client: ADD_PLAYER  8         Honkers_, uid 12105221 status   ACTIVE team 9
14:52:53.422         | client: ADD_PLAYER  9     ミConqueror, uid 3939844 status   ACTIVE team 10
14:52:53.423         | client: ADD_PLAYER 10          BaDToaD, uid 5257738 status   ACTIVE team 11
14:52:53.423         | client: ADD_PLAYER 11        SubToSidb, uid 9453215 status   ACTIVE team 12
14:52:53.424         | client: ADD_PLAYER 13      DARKVIPER33, uid 12419591 status   ACTIVE team 14
14:52:53.424         | client: ADD_PLAYER 14              WI6, uid 13517555 status   ACTIVE team 15
14:52:53.425         | client: ADD_PLAYER 15        sailo2015, uid 2582382 status   ACTIVE team 16
14:52:53.447         | client: UPDATE_PLAYER  0      _UA_Puffin_, uid 4424378 status   ACTIVE team 1
14:52:53.612         | client: got init message. ping 65, MTU 1350
14:52:53.619         | ====== level started:  'arizona_castle' success ======
14:53:00.033         | client: RESERVE_PLAYER 12        Micha_3_0, uid 9299428@live status RESERVED team 13
14:53:01.241         | client: UPDATE_PLAYER 12        Micha_3_0, uid 9299428 status   ACTIVE team 13
14:53:02.738  WARNING| server_fps [ 2023-07-25T11:53:18.051Z ]:  30 29 30 30 29 30 29 30 29 30 30 29 29 30 29 30 30 30 27 30 29 29 29 29 29 30 30 29 29  8 30 29 29 28 29 30 29 30 30 30
14:53:14.566  WARNING| server_fps [ 2023-07-25T11:53:29.881Z ]:  30 30 29 30 29 29 29 30 29 30 30 29 29 30 29 29 29 29 29 30 29 30 30 29 30 29 29 30 30 10 29 30 29 29 29 30 29 30 30 30
14:53:20.994         | client: player 4 leave game
14:53:22.237         | client: player 9 leave game
14:53:24.999         | client: player 7 leave game
14:53:59.422  WARNING| server_fps [ 2023-07-25T11:54:14.737Z ]:  30 29 30 29 29 30 29 30 29 30 29 30 30 30 30 29 30 30 30 30 29 30 30 29 29 29 29 30 29  7 29 29 30 30 29 30 29 29 29 30
14:54:09.026         | client: player 14 leave game
14:54:09.681  WARNING| server_fps [ 2023-07-25T11:54:24.995Z ]:  29 30 29 29 29 30 30 29 29 29 30 29 29 30 30 29 29 29 29 30 30 29 29 29 30 30 29 30 30 11 29 29 30 29 30 30 30 29 30 29
14:54:16.654         | client: RESERVE_PLAYER  4      Firesystem4, uid 7407982@live status RESERVED team 5
14:54:18.068         | client: UPDATE_PLAYER  4      Firesystem4, uid 7407982 status   ACTIVE team 5
14:54:18.424         | client: RESERVE_PLAYER  7       yitzgrash_, uid 13413063@live status RESERVED team 8
14:54:20.573         | client: UPDATE_PLAYER  7       yitzgrash_, uid 13413063 status   ACTIVE team 8
14:54:24.279  WARNING| server_fps [ 2023-07-25T11:54:39.593Z ]:  30 29 29 29 29 30 30 29 29 29 29 30 29 29 30 29 29 29 30 30 30 30 29 29 29 30 30 29 29 12 30 29 29 29 30 30 29 29 29 30
14:54:29.450         | client: RESERVE_PLAYER  9         Lore_huh, uid 11767420@live status RESERVED team 10
14:54:36.079         | client: UPDATE_PLAYER  9         Lore_huh, uid 11767420 status   ACTIVE team 10
14:54:36.753         | client: player 11 leave game
14:54:43.365         | client: RESERVE_PLAYER 11        魚馬龍, uid 2207553@live status RESERVED team 12
14:54:44.505         | client: UPDATE_PLAYER 11        魚馬龍, uid 2207553 status   ACTIVE team 12
14:54:46.995         | client: player 6 leave game
14:54:47.584  WARNING| server_fps [ 2023-07-25T11:55:02.898Z ]:  30 29 30 30 30 30 29 29 29 29 30 29 30 29 29 30 29 29 29 30 29 29 30 30 29 30 29 30 29  8 29 29 29 29 29 30 30 30 30 29
14:54:58.355         | client: RESERVE_PLAYER  6        SubToSidb, uid 9453215@live status RESERVED team 7
14:54:59.457         | client: UPDATE_PLAYER  6        SubToSidb, uid 9453215 status   ACTIVE team 7
14:55:16.514         | client: player 12 leave game
14:55:17.168  WARNING| server_fps [ 2023-07-25T11:55:32.481Z ]:  29 29 30 30 30 30 30 30 30 30 30 30 30 29 29 30 30 29 30 30 30 29 29 30 29 29 29 30 30  8 29 29 30 29 30 30 30 30 30 29
14:55:21.937         | client: player 6 leave game
14:55:24.336  WARNING| client: packet loss last second 10.1%
14:55:24.343  WARNING| client: packet loss last second 11.3%
14:55:24.669  WARNING| client: packet loss last second 12.5%
14:55:24.822  WARNING| client: packet loss last second 11.3%
14:55:24.875  WARNING| client: packet loss last second 14.4%
14:55:24.971  WARNING| client: packet loss last second 13.3%
14:55:24.979  WARNING| client: packet loss last second 14.5%
14:55:25.055  WARNING| client: packet loss last second 13.3%
14:55:25.143  WARNING| client: packet loss last second 11.4%
14:55:25.189  WARNING| client: packet loss last second 12.4%
14:55:25.285  WARNING| client: packet loss last second 10.3%
14:55:25.299  WARNING| client: packet loss last second 11.5%
14:55:39.805         | client: RESERVE_PLAYER  6  Dragon_IntelleX, uid 8663839@live status RESERVED team 7
14:55:41.166         | client: UPDATE_PLAYER  6  Dragon_IntelleX, uid 8663839 status   ACTIVE team 7
14:55:41.339         | client: RESERVE_PLAYER 12      vvvvvvvvlad, uid 13557622@live status RESERVED team 13
14:55:42.671         | client: UPDATE_PLAYER 12      vvvvvvvvlad, uid 13557622 status   ACTIVE team 13
14:55:56.675         | client: player 9 leave game
14:55:57.365  WARNING| server_fps [ 2023-07-25T11:56:12.677Z ]:  30 29 30 30 30 29 30 30 29 30 30 30 29 29 29 30 29 30 30 29 30 30 30 30 29 29 30 29 30 20 30 29 29 30 30 29 29 30 29 30
14:56:24.301         | client: RESERVE_PLAYER  9        Micha_3_0, uid 9299428@live status RESERVED team 10
14:56:25.512         | client: UPDATE_PLAYER  9        Micha_3_0, uid 9299428 status   ACTIVE team 10
14:56:51.656         | client: player 11 leave game
14:56:56.756         | client: RESERVE_PLAYER 11        魚馬龍, uid 2207553@live status RESERVED team 12
14:56:57.901         | client: UPDATE_PLAYER 11        魚馬龍, uid 2207553 status   ACTIVE team 12
14:57:04.377         | client: player 7 leave game
14:57:20.476         | client: RESERVE_PLAYER  7   oleg_yasnitsky, uid 7401405@live status RESERVED team 8
14:57:21.452  WARNING| server_fps [ 2023-07-25T11:57:36.767Z ]:  29 30 30 29 30 30 30 30 29 29 29 29 29 30 29 29 30 30 29 29 29 29 29 30 29 29 30 30 29  6 30 30 30 30 30 30 29 29 29 29
14:57:23.576         | client: UPDATE_PLAYER  7   oleg_yasnitsky, uid 7401405 status   ACTIVE team 8
14:57:36.359         | client: RESERVE_PLAYER 14       yitzgrash_, uid 13413063@live status RESERVED team 15
14:57:37.995         | client: UPDATE_PLAYER 14       yitzgrash_, uid 13413063 status   ACTIVE team 15
14:58:01.069         | client: player 14 leave game
14:58:08.359         | client: RESERVE_PLAYER 14        DRAWORDIE, uid 12157911@live status RESERVED team 15
14:58:11.065         | client: UPDATE_PLAYER 14        DRAWORDIE, uid 12157911 status   ACTIVE team 15
14:58:11.760  WARNING| server_fps [ 2023-07-25T11:58:27.072Z ]:  29 30 30 29 29 30 30 29 30 30 29 30 29 29 29 30 30 28 29 29 29 30 29 30 30 30 29 30 30 22 30 30 30 30 29 30 29 29 29 29
14:58:21.003         | client: player 15 leave game
14:58:25.258         | client: player 8 leave game
14:58:25.903  WARNING| server_fps [ 2023-07-25T11:58:41.215Z ]:  30 29 30 29 29 29 30 30 26 30 29 29 29 29 29 30 29 29 30 29 29 30 30 30 30 30 29 30 30  8 30 30 30 30 30 30 30 30 30 30
14:58:29.499         | client: player 6 leave game
14:58:49.311         | client: player 11 leave game
14:58:49.972  WARNING| server_fps [ 2023-07-25T11:59:05.286Z ]:  29 30 29 29 29 30 30 30 29 29 29 29 29 30 29 29 29 30 30 30 30 30 30 30 30 30 30 30 30  7 29 29 29 29 29 29 29 30 30 30
14:58:54.051         | client: player 12 leave game
14:59:00.730         | client: RESERVE_PLAYER  6  Dragon_IntelleX, uid 8663839@live status RESERVED team 7
14:59:02.182         | client: UPDATE_PLAYER  6  Dragon_IntelleX, uid 8663839 status   ACTIVE team 7
14:59:15.140         | client: player 6 leave game
14:59:16.488  WARNING| client: packet loss last second 8.5%
14:59:17.305  WARNING| client: packet loss last second 7.4%
14:59:21.420         | client: RESERVE_PLAYER  6  timthedragon257, uid 12936562@live status RESERVED team 7
14:59:22.425         | client: UPDATE_PLAYER  6  timthedragon257, uid 12936562 status   ACTIVE team 7
14:59:33.383         | client: RESERVE_PLAYER  8         Lore_huh, uid 11767420@live status RESERVED team 9
14:59:34.035         | client: player 5 leave game
14:59:34.691  WARNING| server_fps [ 2023-07-25T11:59:50.006Z ]:  29 29 29 29 29 29 30 29 30 29 29 29 29 29 29 29 29 30 30 30 29 29 29 29 30 29 29 30 30  9 29 30 29 30 29 29 30 29 30 29
14:59:37.179         | client: UPDATE_PLAYER  8         Lore_huh, uid 11767420 status   ACTIVE team 9
14:59:52.314  WARNING| server_fps [ 2023-07-25T12:00:07.627Z ]:  29 30 30 30 30 30 30 30 30 29 30 30 29 30 29 29 29 30 29 30 29 30 29 29 30 30 30 29 30  7 30 29 29 30 30 29 30 29 30 30
14:59:57.460         | client: RESERVE_PLAYER  5         Nudel_06, uid 11310441@live status RESERVED team 6
14:59:58.626         | client: UPDATE_PLAYER  5         Nudel_06, uid 11310441 status   ACTIVE team 6
15:00:13.361         | client: RESERVE_PLAYER 11         Honkers_, uid 12105221@live status RESERVED team 12
15:00:14.522         | client: UPDATE_PLAYER 11         Honkers_, uid 12105221 status   ACTIVE team 12
15:00:27.092         | OnSystemServerNotification: 2, 140737027253240
15:00:30.091  WARNING| client: packet loss last second 16.0%
15:00:30.891  WARNING| client: packet loss last second 19.9%
15:00:30.959  WARNING| client: packet loss last second 15.7%
15:00:45.682  WARNING| server_fps [ 2023-07-25T12:01:00.993Z ]:  30 29 29 29 30 30 29 30 29 30 30 30 30 29 30 30 30 29 29 29 30 30 29 29 30 30 30 29 29 13 30 29 30 30 30 30 29 30 30 30
15:01:07.697         | client: RESERVE_PLAYER 12      vvvvvvvvlad, uid 13557622@live status RESERVED team 13
15:01:09.033         | client: UPDATE_PLAYER 12      vvvvvvvvlad, uid 13557622 status   ACTIVE team 13
15:01:11.482         | client: RESERVE_PLAYER 15     bloodfirm117, uid 5211568@live status RESERVED team 16
15:01:12.760         | client: UPDATE_PLAYER 15     bloodfirm117, uid 5211568 status   ACTIVE team 16
15:01:54.875  WARNING| client: packet loss last second 16.9%
15:01:55.003         | client: player 12 leave game
15:01:55.204  WARNING| client: packet loss last second 18.5%
15:01:55.671  WARNING| client: packet loss last second 14.7%
15:01:55.736  WARNING| server_fps [ 2023-07-25T12:02:10.992Z ]:  30 29 29 29 30 29 29 29 30 29 30 29 30 29 30 30 30 29 30 29 29 30 30 30 30 30 29 29 29  6 30 29 30 29 30 30 30  8 30 30
15:01:55.736  WARNING| client: packet loss last second 18.3%
15:01:57.339         | client: player 6 leave game
15:02:03.256         | client: RESERVE_PLAYER  6  timthedragon257, uid 12936562@live status RESERVED team 7
15:02:04.323         | client: UPDATE_PLAYER  6  timthedragon257, uid 12936562 status   ACTIVE team 7
15:02:25.397         | client: RESERVE_PLAYER 12         Perefect, uid 6553303@live status RESERVED team 13
15:02:27.076         | client: UPDATE_PLAYER 12         Perefect, uid 6553303 status   ACTIVE team 13
15:02:33.800  WARNING| client: snapshot loss rate 5.5%
15:02:34.810  WARNING| client: snapshot loss rate 5.5%
15:02:57.908         | client: player 5 leave game
15:02:58.565  WARNING| server_fps [ 2023-07-25T12:03:13.875Z ]:  29 29 29 30 29 29 29 29 29 30 29 29 30 29 30 29 30 29 30 30 29 29 30 29 30 30 30 29 30 10 30 30 29 30 29 29 29 29 30 30
15:03:03.858         | client: RESERVE_PLAYER  5         Nudel_06, uid 11310441@live status RESERVED team 6
15:03:04.958         | client: UPDATE_PLAYER  5         Nudel_06, uid 11310441 status   ACTIVE team 6
15:03:21.573  WARNING| server_fps [ 2023-07-25T12:03:36.887Z ]:  29 29 30 29 30 29 29 30 29 30 30 30 30 29 29 30 30 30 30 29 30 30 30 29 30 29 30 30 29  8 30 30 29 29 29 29 30 29 30 29
15:03:27.891         | client: player 8 leave game
15:03:30.611         | client: player 11 leave game
15:03:40.495  WARNING| server_fps [ 2023-07-25T12:03:55.805Z ]:  30 29 30 29 30 29 29 29 30 30 30 29 30 29 29 30 29 29 30 30 29 29 30 30 30 29 30 29 29  9 30 30 30 29 29 30 30 30 29 29
15:03:40.766         | client: RESERVE_PLAYER  8         Lore_huh, uid 11767420@live status RESERVED team 9
15:03:45.595         | client: UPDATE_PLAYER  8         Lore_huh, uid 11767420 status   ACTIVE team 9
15:03:57.393         | client: player 2 leave game
15:03:58.375         | client: player 4 leave game
15:03:59.024  WARNING| server_fps [ 2023-07-25T12:04:14.338Z ]:  30 30 29 29 29 29 29 30 30 30 29 29 29 29 29 29 30 30 29 29 30 29 29 29 29 30 30 29 30  6 29 29 29 30 30 30 29 30 30 29
15:04:11.508  WARNING| server_fps [ 2023-07-25T12:04:26.819Z ]:  30 30 30 29 29 29 30 30 30 30 30 30 29 30 30 30 30 29 29 30 30 30 29 29 29 30 30 30 29  8 29 30 29 30 30 29 29 29 29 29
15:04:17.880         | client: RESERVE_PLAYER  2  Dragon_IntelleX, uid 8663839@live status RESERVED team 3
15:04:19.212         | client: UPDATE_PLAYER  2  Dragon_IntelleX, uid 8663839 status   ACTIVE team 3
15:04:22.439  WARNING| server_fps [ 2023-07-25T12:04:37.748Z ]:  29 29 30 30 30 30 30 30 29 30 29 30 30 30 30 30 30 29 30 30 30 30 29 29 29 30 29 29 30 19 30 29 30 29 29 29 29 29 29 29
15:04:24.395         | client: player 2 leave game
15:04:30.953         | client: RESERVE_PLAYER  2  Dragon_IntelleX, uid 8663839@live status RESERVED team 3
15:04:32.326         | client: UPDATE_PLAYER  2  Dragon_IntelleX, uid 8663839 status   ACTIVE team 3
15:04:48.295  WARNING| server_fps [ 2023-07-25T12:05:03.610Z ]:  29 30 30 29 30 29 29 30 30 29 30 30 30 29 30 29 30 29 29 29 29 29 29 29 29 29 29 29 29 14 29 30 30 30 29 29 30 30 30 30
15:05:03.477         | client: RESERVE_PLAYER  4             QZEN, uid 1479436@live status RESERVED team 5
15:05:04.780         | client: UPDATE_PLAYER  4             QZEN, uid 1479436 status   ACTIVE team 5
15:05:07.527         | client: RESERVE_PLAYER 11        TrappyLuw, uid 8192947@live status RESERVED team 12
15:05:09.023         | client: UPDATE_PLAYER 11        TrappyLuw, uid 8192947 status   ACTIVE team 12
15:05:09.874  WARNING| server_fps [ 2023-07-25T12:05:25.181Z ]:  30 29 30 29 30 30 30 29 29 29 30 30 29 30 30 29 30 29 29 29 30 29 30 29 30 30 30 29 29  9 30 29 30 29 30 30 29 29 30 30
15:05:39.514  WARNING| server_fps [ 2023-07-25T12:05:54.825Z ]:  29 29 30 30 29 30 29 30 29 30 29 30 30 30 30 30 29 30 30 30 30 30 29 29 29 29 30 30 30  9 29 30 29 29 29 29 30 30 30 29
15:05:52.893  WARNING| server_fps [ 2023-07-25T12:06:08.206Z ]:  30 29 29 30 29 29 30 29 29 30 30 29 29 30 30 30 29 29 30 30 30 30 30 29 29 28 30 30 29  6 30 29 30 29 29 29 29 29 30 29
15:05:56.057         | client: player 2 leave game
15:06:09.821         | client: RESERVE_PLAYER  2     ボスニア, uid 10350394@live status RESERVED team 3
15:06:12.980         | client: UPDATE_PLAYER  2     ボスニア, uid 10350394 status   ACTIVE team 3
15:06:16.556         | client: player 11 leave game
15:06:24.403         | client: RESERVE_PLAYER 11        TrappyLuw, uid 8192947@live status RESERVED team 12
15:06:24.819         | TargemServices: RenewAuth: new token = uoJDAAAAAAA3J9hOjP8lkzQ0DY2JAQAAtfvpjgRub25lBGxpdmU, server time 2023-07-25T12:06:40.150Z (drift of -15 sec)
15:06:26.088         | client: UPDATE_PLAYER 11        TrappyLuw, uid 8192947 status   ACTIVE team 12
15:06:27.460  WARNING| server_fps [ 2023-07-25T12:06:42.782Z ]:  30 30 30 29 29 30 29 29 30 30 29 30 30 29 29 30 29 29 30 30 30 30 29 29 29 29 30 29 29  7 29 30 30 30 30 30 30 30 30 30
15:07:00.445  WARNING| server_fps [ 2023-07-25T12:07:15.766Z ]:  29 29 29 29 30 29 29 29 30 29 30 29 30 30 30 29 29 29 30 29 29 29 30 29 29 30 29 30 30  5 30 29 30 29 29 30 29 30 30 29
15:07:10.527         | client: player 11 leave game
15:07:11.481  WARNING| server_fps [ 2023-07-25T12:07:26.805Z ]:  30 29 30 30 30 30 29 29 29 29 29 29 30 30 30 30 29 29 29 30 29 29 30 29 30 30 30 29 29 19 30 29 29 30 30 30 30 29 30 29
15:07:12.320         | client: player 4 leave game
15:07:22.724         | client: player 10 leave game
15:07:23.386  WARNING| server_fps [ 2023-07-25T12:07:38.709Z ]:  30 29 30 30 30 29 30 30 30 30 29 29 30 29 29 30 30 29 29 29 29 30 30 29 29 29 30 30 29  6 29 30 29 29 29 30 29 30 29 30
15:07:24.845         | client: RESERVE_PLAYER  4      Firesystem4, uid 7407982@live status RESERVED team 5
15:07:26.226         | client: UPDATE_PLAYER  4      Firesystem4, uid 7407982 status   ACTIVE team 5
15:07:40.591         | client: RESERVE_PLAYER 10     Lihtenshtain, uid 5157200@live status RESERVED team 11
15:07:41.961         | client: UPDATE_PLAYER 10     Lihtenshtain, uid 5157200 status   ACTIVE team 11
15:07:46.641  WARNING| server_fps [ 2023-07-25T12:08:01.965Z ]:  29 29 30 30 29 29 29 29 30 30 29 29 30 29 29 29 30 30 30 29 30 29 29 29 30 30 30 30 30  7 30 29 29 30 29 30 30 30 29 30
15:07:52.433         | client: RESERVE_PLAYER 11          BaDToaD, uid 5257738@live status RESERVED team 12
15:07:53.575         | client: UPDATE_PLAYER 11          BaDToaD, uid 5257738 status   ACTIVE team 12
15:08:08.189  WARNING| server_fps [ 2023-07-25T12:08:23.453Z ]:  30 29 29 29 30 30 30 30 29 30 30 30 29 29 30 30 29 29 30 30 30 29 29 29 30 30 29 30 29  6 30 30 29 30 29 30 30 30 29 29
15:08:27.729         | client: player 9 leave game
15:08:35.800         | client: RESERVE_PLAYER  9       D0CT0R_死, uid 12573874@live status RESERVED team 10
15:08:36.923         | client: UPDATE_PLAYER  9       D0CT0R_死, uid 12573874 status   ACTIVE team 10
15:08:37.276  WARNING| server_fps [ 2023-07-25T12:08:52.597Z ]:  30 29 29 29 29 29 29 30 29 29 29 29 30 30 29 29 30 29 30 29 30 30 29 29 29 29 30 30 29 20 29 29 29 29 29 30 29 30 30 30
15:08:39.310         | client: player 10 leave game
15:08:43.484         | client: RESERVE_PLAYER 10         Honkers_, uid 12105221@live status RESERVED team 11
15:08:44.618         | client: UPDATE_PLAYER 10         Honkers_, uid 12105221 status   ACTIVE team 11
15:09:10.538  WARNING| server_fps [ 2023-07-25T12:09:25.862Z ]:  29 30 29 30 30 29 30 29 30 29 30 30 30 29 30 30 30 30 30 29 30 30 29 30 29 30 30 29 29  7 29 29 29 29 29 29 30 30 30 30
15:09:30.650         | client: player 14 leave game
15:09:31.361  WARNING| server_fps [ 2023-07-25T12:09:46.685Z ]:  29 30 29 29 30 29 29 30 29 30 29 30 30 30 29 30 29 30 29 30 30 30 30 30 29 30 30 29 29  6 30 30 29 29 29  8 29 29 30 29
15:09:40.872         | client: RESERVE_PLAYER 14        DRAWORDIE, uid 12157911@live status RESERVED team 15
15:09:43.339         | client: player 8 leave game
15:09:43.686         | client: UPDATE_PLAYER 14        DRAWORDIE, uid 12157911 status   ACTIVE team 15
15:09:53.116         | client: player 13 leave game
15:09:53.726  WARNING| server_fps [ 2023-07-25T12:10:09.049Z ]:  30 30 29 30 30 30 30 29 30 29 30 29 29 30 29 30 30 29 30 30 30 29 30 30 29 29 29 29 30  7  5 29 29 29 30 29 30 30 29 30
15:09:56.985  WARNING| client: snapshot loss rate 5.5%
15:09:57.990  WARNING| client: snapshot loss rate 5.5%
15:09:58.469         | client: RESERVE_PLAYER  8        TrappyLuw, uid 8192947@live status RESERVED team 9
15:09:59.846         | client: UPDATE_PLAYER  8        TrappyLuw, uid 8192947 status   ACTIVE team 9
15:10:04.130  WARNING| server_fps [ 2023-07-25T12:10:19.453Z ]:  29 30 30 29 29 30 29 29 30 30 30 30 30 30 30 30 29 30 29 30 30 30 30 30 29 30 29 29 29 24 30 30 30 29 29 29 30 29 29 29
15:10:06.568         | client: RESERVE_PLAYER 13       NotTheDuck, uid 7603800@live status RESERVED team 14
15:10:08.212         | client: UPDATE_PLAYER 13       NotTheDuck, uid 7603800 status   ACTIVE team 14
15:10:11.556         | client: player 2 leave game
15:10:17.177  WARNING| server_fps [ 2023-07-25T12:10:32.501Z ]:  30 29 30 29 30 30 30 29 29 29 30 30 30 30 30 29 29 30 29 30 30 29 29 30 29 29 30 30 29  8 30 29 29 29 30 30 29 29 30 29
15:10:20.476         | client: RESERVE_PLAYER  2        Antoine79, uid 8562184@live status RESERVED team 3
15:10:21.872         | client: UPDATE_PLAYER  2        Antoine79, uid 8562184 status   ACTIVE team 3
15:10:28.956  WARNING| server_fps [ 2023-07-25T12:10:44.279Z ]:  30 30 30 29 30 30 29 30 29 29 29 29 30 30 29 29 30 29 30 30 29 30 30 29 30 30 30 30 30  8 30 29 29 29 30 30 30 29 30 29
15:10:30.752         | client: player 4 leave game
15:10:33.504         | client: RESERVE_PLAYER  4       yitzgrash_, uid 13413063@live status RESERVED team 5
15:10:36.346         | client: UPDATE_PLAYER  4       yitzgrash_, uid 13413063 status   ACTIVE team 5
15:10:39.836  WARNING| server_fps [ 2023-07-25T12:10:55.161Z ]:  29 29 30 29 30 30 29 29 29 29 30 30 30 30 29 29 29 29 29 29 30 30 29 29 29 30 30 29 30 24 29 30 30 30 30 29 30 29 29 30
15:11:04.162         | client: avgPing 65.6/77.0; avgPacketLoss 0.0/18.3%; avgSnapshotLoss 0.2/5.5%, MTU 1350
15:11:04.162         | client: connection closed. CLIENT_QUIT
15:11:04.162         | Network stats (bytes per second): avg pushed 2108, max pushed 2969, avg sent 4104, max sent 5386, avg received 14676, max received 23371
15:11:04.403         | DataStorage: set data with type='forbidden_goods' version='2750'
15:11:04.457         | ====== starting level 4: 'levels/maps/hangar'  single Empty,env=221621 ======
15:11:04.457         | {
15:11:04.457         | 	"is_hangar": 1
15:11:04.457         | }
15:11:04.571         | Gameplay statistic. gameResult 'freePlayFinish'
15:11:04.571         |       score   0, expBase 0, expDailyBonus 4.0, expTotal   0, expBaseFactionTotal 0, expFactionTotal 0
15:11:05.086         | ====== level started:  'hangar' success ======
15:11:07.119         | Spawn User Blueprint 0
15:11:07.717         | Stored mission name: FreePlay_Pvp
15:11:07.718         | StartMatchmaking: 'solo', mission 'FreePlay_Pvp', region 'EU' (strict) ,rotatingParams: '{"expireTime":1690329600000,"mapOptionList":"arizona_castle:FreePlay","botList":""}'
15:11:08.380         | Matchmaker_NotifyQueueState: 9 avg queue time sec, queueTag: FreePlay_Pvp, inQueue: true
15:11:08.742         | CL_MatchMaker::ConnectHandler: addr = 18.202.32.107:35546, gsid = 552836967
15:11:08.775         | client: start connecting to 18.202.32.107|35546...
15:11:08.987         | client: connected to 18.202.32.107|35546, server guid '1690286500061208', client guid '923238007392702204', setting up session...
15:11:09.071         | client: connected to dedicated server. gsid: 552836967, hostname: 'wheel01-am-uk.pxo/live-bcr5v-b58bn'
15:11:09.175         | client: server assigned id 1
15:11:09.185         | client: got level load message 'levels/maps/arizona_castle' FreePlay, levelId: 1
15:11:09.256         | ====== starting level 5: 'levels/maps/arizona_castle' FreePlay client Empty,env=345751 ======
15:11:09.257         | {
15:11:09.257         | 	"minUR": 7740
15:11:09.257         | 	"maxUR": 7740
15:11:09.257         | 	"queueTag": FreePlay_Pvp
15:11:09.257         | 	"fixedMMValue": 0
15:11:09.257         | }
15:11:09.643         | client: send ready message
15:11:09.812         | client: ADD_PLAYER  0      vvvvvvvvlad, uid 13557622 status   ACTIVE team 1
15:11:09.813         | client: ADD_PLAYER  1      _UA_Puffin_, uid 4424378 status MAP_LOAD team 2
15:11:09.892         | client: UPDATE_PLAYER  1      _UA_Puffin_, uid 4424378 status   ACTIVE team 2
15:11:09.958         | client: got init message. ping 66, MTU 1350
15:11:09.960         | ====== level started:  'arizona_castle' success ======
15:11:12.888         | client: avgPing 67.0/69.0; avgPacketLoss 0.0/0.0%; avgSnapshotLoss 0.0/0.0%, MTU 1350
15:11:12.888         | client: connection closed. CLIENT_QUIT
15:11:12.888         | Network stats (bytes per second): avg pushed 724, max pushed 724, avg sent 1321, max sent 1321, avg received 3697, max received 3697
15:11:13.137         | ====== starting level 6: 'levels/maps/hangar'  single Empty,env=221621 ======
15:11:13.137         | {
15:11:13.137         | 	"is_hangar": 1
15:11:13.137         | }
15:11:13.185         | Gameplay statistic. gameResult 'freePlayFinish'
15:11:13.185         |       score   0, expBase 0, expDailyBonus 4.0, expTotal   0, expBaseFactionTotal 0, expFactionTotal 0
15:11:13.694         | ====== level started:  'hangar' success ======
15:11:14.062         | Stored mission name: FreePlay_Pvp
15:11:14.062         | StartMatchmaking: 'solo', mission 'FreePlay_Pvp', region 'EU' (strict) ,rotatingParams: '{"expireTime":1690329600000,"mapOptionList":"arizona_castle:FreePlay","botList":""}'
15:11:15.011         | Matchmaker_NotifyQueueState: 24 avg queue time sec, queueTag: FreePlay_Pvp, inQueue: true
15:11:15.220         | CL_MatchMaker::ConnectHandler: addr = 18.202.32.107:35546, gsid = 552836967
15:11:15.254         | client: start connecting to 18.202.32.107|35546...
15:11:15.465         | client: connected to 18.202.32.107|35546, server guid '1690286500061208', client guid '923238007392702204', setting up session...
15:11:15.549         | client: connected to dedicated server. gsid: 552836967, hostname: 'wheel01-am-uk.pxo/live-bcr5v-b58bn'
15:11:15.660         | client: server assigned id 2
15:11:15.671         | client: got level load message 'levels/maps/arizona_castle' FreePlay, levelId: 1
15:11:15.745         | ====== starting level 7: 'levels/maps/arizona_castle' FreePlay client Empty,env=345751 ======
15:11:15.745         | {
15:11:15.745         | 	"minUR": 7740
15:11:15.745         | 	"maxUR": 7740
15:11:15.745         | 	"queueTag": FreePlay_Pvp
15:11:15.745         | 	"fixedMMValue": 0
15:11:15.745         | }
15:11:16.156         | client: send ready message
15:11:16.334         | client: ADD_PLAYER  0      vvvvvvvvlad, uid 13557622 status   ACTIVE team 1
15:11:16.334         | client: ADD_PLAYER  1         Lore_huh, uid 11767420 status   ACTIVE team 2
15:11:16.334         | client: ADD_PLAYER  2      _UA_Puffin_, uid 4424378 status MAP_LOAD team 3
15:11:16.410         | client: UPDATE_PLAYER  2      _UA_Puffin_, uid 4424378 status   ACTIVE team 3
15:11:16.477         | client: got init message. ping 65, MTU 1350
15:11:16.479         | ====== level started:  'arizona_castle' success ======
15:11:19.023         | client: avgPing 64.3/65.0; avgPacketLoss 0.0/0.0%; avgSnapshotLoss 0.0/0.0%, MTU 1350
15:11:19.024         | client: connection closed. CLIENT_QUIT
15:11:19.024         | Network stats (bytes per second): avg pushed 558, max pushed 558, avg sent 1044, max sent 1044, avg received 4023, max received 4023
15:11:19.237         | ====== starting level 8: 'levels/maps/hangar'  single Empty,env=221621 ======
15:11:19.237         | {
15:11:19.237         | 	"is_hangar": 1
15:11:19.237         | }
15:11:19.285         | Gameplay statistic. gameResult 'freePlayFinish'
15:11:19.285         |       score   0, expBase 0, expDailyBonus 4.0, expTotal   0, expBaseFactionTotal 0, expFactionTotal 0
15:11:19.763         | ====== level started:  'hangar' success ======
15:11:20.147         | Stored mission name: FreePlay_Pvp
15:11:20.147         | StartMatchmaking: 'solo', mission 'FreePlay_Pvp', region 'EU' (strict) ,rotatingParams: '{"expireTime":1690329600000,"mapOptionList":"arizona_castle:FreePlay","botList":""}'
15:11:21.035         | Matchmaker_NotifyQueueState: 21 avg queue time sec, queueTag: FreePlay_Pvp, inQueue: true
15:11:21.244         | CL_MatchMaker::ConnectHandler: addr = 52.215.221.74:35109, gsid = 552812778
15:11:21.274         | client: start connecting to 52.215.221.74|35109...
15:11:21.479         | client: connected to 52.215.221.74|35109, server guid '1690268751672442', client guid '923238007392702204', setting up session...
15:11:21.563         | client: connected to dedicated server. gsid: 552812778, hostname: 'wheel03-am-uk.pxo/live-bcr5v-2xbvp'
15:11:21.663         | client: server assigned id 15
15:11:21.672         | client: got level load message 'levels/maps/arizona_castle' FreePlay, levelId: 1
15:11:21.744         | ====== starting level 9: 'levels/maps/arizona_castle' FreePlay client Empty,env=345751 ======
15:11:21.744         | {
15:11:21.744         | 	"minUR": 11892
15:11:21.744         | 	"maxUR": 16572
15:11:21.744         | 	"queueTag": FreePlay_Pvp
15:11:21.744         | 	"fixedMMValue": 0
15:11:21.744         | }
15:11:22.125         | client: send ready message
15:11:22.282         | client: ADD_PLAYER  0      DARKVIPER33, uid 12419591 status   ACTIVE team 1
15:11:22.350         | client: ADD_PLAYER  1    the_Killer_91, uid 7230705 status   ACTIVE team 2
15:11:22.351         | client: ADD_PLAYER  2        Antoine79, uid 8562184 status   ACTIVE team 3
15:11:22.351         | client: ADD_PLAYER  3 djurdjicandrej07, uid 11623454 status   ACTIVE team 4
15:11:22.360         | client: ADD_PLAYER  4       yitzgrash_, uid 13413063 status   ACTIVE team 5
15:11:22.360         | client: ADD_PLAYER  5         Nudel_06, uid 11310441 status   ACTIVE team 6
15:11:22.361         | client: ADD_PLAYER  6  timthedragon257, uid 12936562 status   ACTIVE team 7
15:11:22.415         | client: ADD_PLAYER  7   oleg_yasnitsky, uid 7401405 status   ACTIVE team 8
15:11:22.423         | client: ADD_PLAYER  8        TrappyLuw, uid 8192947 status   ACTIVE team 9
15:11:22.424         | client: ADD_PLAYER  9       D0CT0R_死, uid 12573874 status   ACTIVE team 10
15:11:22.424         | client: ADD_PLAYER 10         Honkers_, uid 12105221 status   ACTIVE team 11
15:11:22.424         | client: ADD_PLAYER 11          BaDToaD, uid 5257738 status   ACTIVE team 12
15:11:22.425         | client: ADD_PLAYER 12         Perefect, uid 6553303 status   ACTIVE team 13
15:11:22.425         | client: ADD_PLAYER 13       NotTheDuck, uid 7603800 status   ACTIVE team 14
15:11:22.425         | client: ADD_PLAYER 14        DRAWORDIE, uid 12157911 status   ACTIVE team 15
15:11:22.425         | client: ADD_PLAYER 15      _UA_Puffin_, uid 4424378 status MAP_LOAD team 16
15:11:22.486         | client: UPDATE_PLAYER 15      _UA_Puffin_, uid 4424378 status   ACTIVE team 16
15:11:22.555         | client: got init message. ping 70, MTU 1350
15:11:22.559         | ====== level started:  'arizona_castle' success ======
15:11:56.872  WARNING| server_fps [ 2023-07-25T12:12:12.194Z ]:  29 30 29 29 29 30 30 30 30 30 29 29 29 30 30 29 30 30 29 29 30 29 30 29 30 30 30 30 30  7 30 29 30 30 30 29 29 29 30 30
15:12:09.200  WARNING| server_fps [ 2023-07-25T12:12:24.524Z ]:  30 30 30 30 30 29 30 29 30 30 30 29 29 30 29 30 29 30 30 30 30 30 29 29 29 30 30 29 29  7 29 30 30 30 29 30 29 29 29 30
15:12:26.910  WARNING| server_fps [ 2023-07-25T12:12:42.232Z ]:  30 30 29 29 30 30 29 29 29 30 30 30 29 29 29 29 30 30 30 29 29 30 30 30 29 29 29 30 30  6 30 29 30 29 29 29 29 30 30 30
15:12:45.283  WARNING| server_fps [ 2023-07-25T12:13:00.607Z ]:  30 29 30 30 29 30 29 29 30 30 30 30 29 29 30 29 30 29 29 30 29 29 29 30 29 30 30 30 29  9 30 29 29 30 29 30 29 30 30 30
15:13:05.894  WARNING| server_fps [ 2023-07-25T12:13:21.218Z ]:  30 30 29 29 29 30 29 30 29 29 29 30 29 29 29 29 29 30 29 29 29 30 30 30 29 29 29 29 29  7 29 29 29 29 29 29 29 30 30 29
15:13:22.496  WARNING| server_fps [ 2023-07-25T12:13:37.817Z ]:  29 30 30 29 29 30 30 30 29 29 30 29 30 30 29 30 30 29 29 29 30 30 30 30 30 30 29 30 30  7 29 29 30 30 29 29 29 29 29 30
15:13:38.523  WARNING| client: snapshot loss rate 8.6%
15:13:46.804         | client: player 7 leave game
15:13:46.967         | client: player 8 leave game
15:13:47.627  WARNING| server_fps [ 2023-07-25T12:14:02.952Z ]:  30 29 29 29 29 29 29 29 29 30 29 29 29 30 30 30 29 30 30 30 30 29 29 29 30 30 29 29 30  3 30 29 30 30 30 30 30 30 30 30
15:13:59.315  WARNING| server_fps [ 2023-07-25T12:14:14.638Z ]:  29 30 30 29 29 30 30 30 30 30 29 30 29 30 29 30 29 30 30 30 30 30 30 29 30 29 29 29 30  9 29 29  9 29 29 30 30 29 29 30
15:14:01.813         | client: RESERVE_PLAYER  7        Micha_3_0, uid 9299428@live status RESERVED team 8
15:14:02.996         | client: UPDATE_PLAYER  7        Micha_3_0, uid 9299428 status   ACTIVE team 8
15:14:04.480         | client: RESERVE_PLAYER  8     ボスニア, uid 10350394@live status RESERVED team 9
15:14:06.123         | client: UPDATE_PLAYER  8     ボスニア, uid 10350394 status   ACTIVE team 9
15:14:11.990  WARNING| server_fps [ 2023-07-25T12:14:27.313Z ]:  29 29 29 29 30 29 29 30 30 30 29 29 29 30 30 30 30 29 29 30 30 29 30 30 30 30 30 29 29 19 29 29 29 29 30 29 29 30 29 29
15:14:14.094         | client: player 7 leave game
15:14:25.512  WARNING| server_fps [ 2023-07-25T12:14:40.836Z ]:  29 29 29 30 29 30 30 30 29 29 29 30 30 30 29 29 30 30 29 30 29 29 30 29 29 29 29 29 29  6 29 30 29 30 30 30 30 30 29 29
15:14:31.021         | client: RESERVE_PLAYER  7   oleg_yasnitsky, uid 7401405@live status RESERVED team 8
15:14:32.253         | client: UPDATE_PLAYER  7   oleg_yasnitsky, uid 7401405 status   ACTIVE team 8
15:14:37.939  WARNING| server_fps [ 2023-07-25T12:14:53.259Z ]:  29 29 29 29 29 29 29 29 29 29 29 30 29 30 29 30 29 30 29 30 30 30 30 30 30 29 29 29 29 17 29 30 30 29 29 29 30 30 30 29
15:14:57.613  WARNING| server_fps [ 2023-07-25T12:15:12.936Z ]:  30 29 29 30 29 30 29 29 30 29 30 29 30 29 29 29 30 30 29 29 29 30 29 30 30 29 29 30 30  8 29 29 29 29 29 29 30 30 30 29
15:15:18.455  WARNING| server_fps [ 2023-07-25T12:15:33.777Z ]:  29 30 29 29 30 30 29 30 29 29 29 30 29 29 30 30 29 30 30 29 29 29 30 30 30 30 30 29 29  8 30 29 30 29 29 30 30 29 30 29
15:15:31.471  WARNING| server_fps [ 2023-07-25T12:15:46.791Z ]:  30 30 29 29 30 30 30 29 29 30 30 30 29 30 30 29 30 30 30 29 30 30 29 30 30 29 29 30 29  7 30 30 29 29 29 29 29 30 30 30
15:15:48.507  WARNING| server_fps [ 2023-07-25T12:16:03.825Z ]:  30 29 30 30 30 30 30 29 29 29 29 29 29 30 30 30 30 30 29 29 29 30 30 30 30 29 29 29 29 18 30 29 30 30 29 30 30 30 29 30
15:16:03.068  WARNING| server_fps [ 2023-07-25T12:16:18.389Z ]:  30 29 29 29 30 30 30 30 30 30 29 29 29 30 29 29 29 29 29 29 30 29 29 29 29 29 29 30 29 24 29 29 30 29 29 30 30 29 30 30
15:16:16.506  WARNING| server_fps [ 2023-07-25T12:16:31.827Z ]:  29 29 29 29 29 29 29 29 30 30 30 30 30 30 30 30 30 29 29 29 30 29 29 29 30 30 30 29 30  6 29 29 29 29 30 29 30 29 29 30
15:16:34.224  WARNING| server_fps [ 2023-07-25T12:16:49.547Z ]:  30 29 29 29 30 29 30 30 30 30 30 30 30 29 30 29 29 30 29 30 30 30 29 29 30 29 29 29 29  8 30 30 29 29 30 29 29 29 30 30
15:16:58.883  WARNING| server_fps [ 2023-07-25T12:17:14.207Z ]:  30 30 29 29 29 29 29 30 30 29 29 29 29 30 30 30 29 29 30 29 30 30 30 30 30 30 30 30 30 20 29 30 30 30 30 29 30 29 30 30
15:17:12.316  WARNING| server_fps [ 2023-07-25T12:17:27.638Z ]:  29 30 30 29 30 29 29 29 29 29 30 30 29 30 29 29 29 30 29 29 29 30 29 29 30 30 30 30 30  7 29 29 29 30 30 29 29 29 29 29
15:17:23.158         | client: player 1 leave game
15:17:23.821  WARNING| server_fps [ 2023-07-25T12:17:39.146Z ]:  29 29 29 29 29 29 29 30 30 30 29 30 29 29 29 30 29 29 29 29 29 29 30 30 29 30 29 30 29  6 26 30 30 30 30 30 29 29 29 30
15:17:31.602         | client: player 8 leave game
15:17:36.323  WARNING| server_fps [ 2023-07-25T12:17:51.648Z ]:  30 29 29 29 30 29 30 30 29 29 29 29 29 29 30 29 30 29 29 29 29 29 29 29 30 29 30 30 30  8 30 30 29 29 29 30 30 29 30 29
15:17:42.830         | client: RESERVE_PLAYER  1     ボスニア, uid 10350394@live status RESERVED team 2
15:17:44.553         | client: UPDATE_PLAYER  1     ボスニア, uid 10350394 status   ACTIVE team 2
15:17:59.707  WARNING| server_fps [ 2023-07-25T12:18:15.029Z ]:  30 29 30 30 30 29 29 29 30 29 29 30 29 29 29 29 30 29 29 29 30 30 29 29 29 29 29 30 30 16 29 29 29 30 30 29 29 30 30 29
15:18:06.497         | client: player 6 leave game
15:18:08.578         | client: RESERVE_PLAYER  6           D_EviI, uid 1181622@live status RESERVED team 7
15:18:09.644         | client: UPDATE_PLAYER  6           D_EviI, uid 1181622 status   ACTIVE team 7
15:18:13.884  WARNING| server_fps [ 2023-07-25T12:18:29.208Z ]:  30 30 30 30 30 29 30 30 30 29 30 30 30 30 30 29 29 29 30 29 29 29 29 29 30 30 30 29 30  7 30 30 29 30 30 30 30 30 30 30
15:18:29.872         | client: avgPing 66.0/80.0; avgPacketLoss 0.0/0.0%; avgSnapshotLoss 0.2/4.7%, MTU 1350
15:18:29.873         | client: connection closed. CLIENT_QUIT
15:18:29.873         | Network stats (bytes per second): avg pushed 2179, max pushed 2890, avg sent 4200, max sent 5485, avg received 12430, max received 20070
15:18:30.253         | ====== starting level 10: 'levels/maps/hangar'  single Empty,env=221621 ======
15:18:30.253         | {
15:18:30.253         | 	"is_hangar": 1
15:18:30.253         | }
15:18:30.337         | Gameplay statistic. gameResult 'freePlayFinish'
15:18:30.337         |       score   0, expBase 0, expDailyBonus 4.0, expTotal   0, expBaseFactionTotal 0, expFactionTotal 0
15:18:31.025         | ====== level started:  'hangar' success ======
15:19:42.365         | Spawn User Blueprint 7
15:19:43.064         | Stored mission name: FreePlay_Pvp
15:19:43.064         | StartMatchmaking: 'solo', mission 'FreePlay_Pvp', region 'EU' (strict) ,rotatingParams: '{"expireTime":1690329600000,"mapOptionList":"arizona_castle:FreePlay","botList":""}'
15:19:44.429         | Matchmaker_NotifyQueueState: 15 avg queue time sec, queueTag: FreePlay_Pvp, inQueue: true
15:19:44.783         | CL_MatchMaker::ConnectHandler: addr = 18.202.32.107:35546, gsid = 552836967
15:19:44.812         | client: start connecting to 18.202.32.107|35546...
15:19:45.016         | client: connected to 18.202.32.107|35546, server guid '1690286500061208', client guid '923238007392702204', setting up session...
15:19:45.106         | client: connected to dedicated server. gsid: 552836967, hostname: 'wheel01-am-uk.pxo/live-bcr5v-b58bn'
15:19:45.211         | client: server assigned id 2
15:19:45.220         | client: got level load message 'levels/maps/arizona_castle' FreePlay, levelId: 1
15:19:45.292         | ====== starting level 11: 'levels/maps/arizona_castle' FreePlay client Empty,env=345751 ======
15:19:45.292         | {
15:19:45.292         | 	"minUR": 7740
15:19:45.292         | 	"maxUR": 7740
15:19:45.292         | 	"queueTag": FreePlay_Pvp
15:19:45.292         | 	"fixedMMValue": 0
15:19:45.292         | }
15:19:45.638         | client: send ready message
15:19:45.824         | client: ADD_PLAYER  0      vvvvvvvvlad, uid 13557622 status   ACTIVE team 1
15:19:45.828         | client: ADD_PLAYER  1        ŤÊXÂŠ, uid 10221870 status   ACTIVE team 2
15:19:45.828         | client: ADD_PLAYER  2      _UA_Puffin_, uid 4424378 status MAP_LOAD team 3
15:19:45.893         | client: ADD_PLAYER  5    _Z_GLADIATOR_, uid 7399909 status   ACTIVE team 6
15:19:45.893         | client: ADD_PLAYER 10         MATRIX7K, uid 13559812 status   ACTIVE team 11
15:19:45.959         | client: UPDATE_PLAYER  2      _UA_Puffin_, uid 4424378 status   ACTIVE team 3
15:19:45.969         | client: got init message. ping 62, MTU 1350
15:19:45.975         | ====== level started:  'arizona_castle' success ======
15:19:46.011         | client: player 10 leave game
15:20:02.498         | client: RESERVE_PLAYER  3        TrappyLuw, uid 8192947@live status RESERVED team 4
15:20:04.031         | client: UPDATE_PLAYER  3        TrappyLuw, uid 8192947 status   ACTIVE team 4
15:20:07.662         | client: player 3 leave game
15:20:13.081         | client: RESERVE_PLAYER  3        TrappyLuw, uid 8192947@live status RESERVED team 4
15:20:14.743         | client: UPDATE_PLAYER  3        TrappyLuw, uid 8192947 status   ACTIVE team 4
15:20:46.011         | client: player 1 leave game
15:20:46.696  WARNING| server_fps [ 2023-07-25T12:21:02.020Z ]:  30 29 30 30 30 30 30 30 29 29 30 29 29 29 29 30 29 29 29 30 30 30 30 30 30 30 30 30 30 19 30 30 30 29 29 29 30 29 29 29
15:21:14.548         | client: avgPing 64.1/79.0; avgPacketLoss 0.0/0.0%; avgSnapshotLoss 0.1/1.1%, MTU 1350
15:21:14.548         | client: connection closed. CLIENT_QUIT
15:21:14.548         | Network stats (bytes per second): avg pushed 1901, max pushed 2482, avg sent 3480, max sent 4403, avg received 5956, max received 9007
15:21:14.818         | ====== starting level 12: 'levels/maps/hangar'  single Empty,env=221621 ======
15:21:14.818         | {
15:21:14.818         | 	"is_hangar": 1
15:21:14.818         | }
15:21:14.941         | Gameplay statistic. gameResult 'freePlayFinish'
15:21:14.941         |       score   0, expBase 0, expDailyBonus 4.0, expTotal   0, expBaseFactionTotal 0, expFactionTotal 0
15:21:15.357         | ====== level started:  'hangar' success ======
15:21:15.979         | Stored mission name: FreePlay_Pvp
15:21:15.979         | StartMatchmaking: 'solo', mission 'FreePlay_Pvp', region 'EU' (strict) ,rotatingParams: '{"expireTime":1690329600000,"mapOptionList":"arizona_castle:FreePlay","botList":""}'
15:21:17.483         | Matchmaker_NotifyQueueState: 19 avg queue time sec, queueTag: FreePlay_Pvp, inQueue: true
15:21:17.838         | CL_MatchMaker::ConnectHandler: addr = 52.215.221.74:35109, gsid = 552812778
15:21:17.869         | client: start connecting to 52.215.221.74|35109...
15:21:18.073         | client: connected to 52.215.221.74|35109, server guid '1690268751672442', client guid '923238007392702204', setting up session...
15:21:18.171         | client: connected to dedicated server. gsid: 552812778, hostname: 'wheel03-am-uk.pxo/live-bcr5v-2xbvp'
15:21:18.275         | client: server assigned id 12
15:21:18.284         | client: got level load message 'levels/maps/arizona_castle' FreePlay, levelId: 1
15:21:18.358         | ====== starting level 13: 'levels/maps/arizona_castle' FreePlay client Empty,env=345751 ======
15:21:18.359         | {
15:21:18.359         | 	"minUR": 11892
15:21:18.359         | 	"maxUR": 16572
15:21:18.359         | 	"queueTag": FreePlay_Pvp
15:21:18.359         | 	"fixedMMValue": 0
15:21:18.359         | }
15:21:18.745         | client: send ready message
15:21:18.846         | client: ADD_PLAYER  0        dbatura07, uid 6379586 status   ACTIVE team 1
15:21:18.923         | client: ADD_PLAYER  1     ボスニア, uid 10350394 status   ACTIVE team 2
15:21:18.923         | client: ADD_PLAYER  2        Antoine79, uid 8562184 status   ACTIVE team 3
15:21:18.924         | client: ADD_PLAYER  3 djurdjicandrej07, uid 11623454 status   ACTIVE team 4
15:21:18.991         | client: ADD_PLAYER  4        Micha_3_0, uid 9299428 status   ACTIVE team 5
15:21:18.991         | client: ADD_PLAYER  5         Nudel_06, uid 11310441 status   ACTIVE team 6
15:21:19.010         | client: ADD_PLAYER  6    the_Killer_91, uid 7230705 status   ACTIVE team 7
15:21:19.011         | client: ADD_PLAYER  7   oleg_yasnitsky, uid 7401405 status   ACTIVE team 8
15:21:19.060         | client: ADD_PLAYER  8          X5mile-, uid 12351302 status   ACTIVE team 9
15:21:19.060         | client: ADD_PLAYER  9       D0CT0R_死, uid 12573874 status   ACTIVE team 10
15:21:19.061         | client: ADD_PLAYER 10         Honkers_, uid 12105221 status   ACTIVE team 11
15:21:19.068         | client: ADD_PLAYER 11          BaDToaD, uid 5257738 status   ACTIVE team 12
15:21:19.069         | client: ADD_PLAYER 12      _UA_Puffin_, uid 4424378 status MAP_LOAD team 13
15:21:19.079         | client: ADD_PLAYER 14        DRAWORDIE, uid 12157911 status   ACTIVE team 15
15:21:19.080         | client: UPDATE_PLAYER 12      _UA_Puffin_, uid 4424378 status   ACTIVE team 13
15:21:19.184         | client: got init message. ping 70, MTU 1350
15:21:19.186         | ====== level started:  'arizona_castle' success ======
15:21:20.700  WARNING| server_fps [ 2023-07-25T12:21:36.024Z ]:  29 29 30 29 30 29 30 29 30 30 29 30  9 29 29 30 30 29 29 29 29 30 30
15:21:25.148         | TargemServices: RenewAuth: new token = uoJDAAAAAABznUgxVjCy7h_xGo2JAQAAtfvpjgRub25lBGxpdmU, server time 2023-07-25T12:21:40.482Z (drift of -15 sec)
15:21:38.612         | client: RESERVE_PLAYER 13        TrappyLuw, uid 8192947@live status RESERVED team 14
15:21:40.222         | client: UPDATE_PLAYER 13        TrappyLuw, uid 8192947 status   ACTIVE team 14
15:21:42.909         | client: player 13 leave game
15:21:45.559         | client: RESERVE_PLAYER 13      DARKVIPER33, uid 12419591@live status RESERVED team 14
15:21:48.234         | client: UPDATE_PLAYER 13      DARKVIPER33, uid 12419591 status   ACTIVE team 14
15:21:49.104         | client: RESERVE_PLAYER 15        TrappyLuw, uid 8192947@live status RESERVED team 16
15:21:50.634         | client: UPDATE_PLAYER 15        TrappyLuw, uid 8192947 status   ACTIVE team 16
15:21:57.800         | client: player 13 leave game
15:22:14.160         | client: player 7 leave game
15:22:14.771  WARNING| server_fps [ 2023-07-25T12:22:30.098Z ]:  30 29 29 29 29 30 30 29 30 30 30 30 29 30 30 30 30 30 30 30 30 29 29 30 30 29 29 30 30  8  6 29 30 29 30 30 30 30 30 29
15:22:15.503         | client: RESERVE_PLAYER  7       ___3UMA___, uid 13240702@live status RESERVED team 8
15:22:16.957         | client: player 0 leave game
15:22:20.077         | client: RESERVE_PLAYER  0   oleg_yasnitsky, uid 7401405@live status RESERVED team 1
15:22:21.216         | client: UPDATE_PLAYER  0   oleg_yasnitsky, uid 7401405 status   ACTIVE team 1
15:22:21.590         | client: UPDATE_PLAYER  7       ___3UMA___, uid 13240702 status   ACTIVE team 8
15:22:25.694         | client: player 11 leave game
15:22:26.090         | client: RESERVE_PLAYER 11        dbatura07, uid 6379586@live status RESERVED team 12
15:22:26.096  WARNING| server_fps [ 2023-07-25T12:22:41.413Z ]:  30 29 30 29 30 29 29 29 30 29 29 30 30 29 30 29 29 29 30 29 29 29 30 29 30 30 30 29 29 11 30 29 29 30 29 30 29 29 29 29
15:22:27.500         | client: UPDATE_PLAYER 11        dbatura07, uid 6379586 status   ACTIVE team 12
15:22:27.579         | client: RESERVE_PLAYER 13 valentinfast3007, uid 13563777@live status RESERVED team 14
15:22:28.757         | client: UPDATE_PLAYER 13 valentinfast3007, uid 13563777 status   ACTIVE team 14
15:22:45.717  WARNING| server_fps [ 2023-07-25T12:23:01.043Z ]:  30 30 29 29 29 30 30 29 29 30 30 30 30 30 30 30 30 29 29 29 30 29 30 29 29 29 30 29 29 17 29 30 30 29 30 30 29 30 30 30
15:22:56.111  WARNING| server_fps [ 2023-07-25T12:23:11.436Z ]:  29 30 30 30 29 30 29 30 29 29 30 29 30 29 30 29 30 30 30 30 30 30 29 30 30 30 30 29 29 17 29 29 29 30 29 30 29 30 30 30
15:23:08.406  WARNING| server_fps [ 2023-07-25T12:23:23.729Z ]:  30 30 29 29 30 29 29 29 30 29 29 29 30 29 29 29 30 30 30 29 30 29 29 29 30 29 30 29 30 11 29 30 29 29 29 29 30 29 30 30
15:23:19.164  WARNING| server_fps [ 2023-07-25T12:23:34.490Z ]:  30 30 29 29 30 30 30 30 30 29 29 29 29 29 30 30 29 29 29 30 29 29 29 29 29 30 29 29 29 14 30 30 30 29 29 29 30 30 29 30
15:23:29.512         | client: player 1 leave game
15:23:30.176  WARNING| server_fps [ 2023-07-25T12:23:45.503Z ]:  29 29 29 29 29 30 29 29 29 29 30 29 30 29 30 29 29 29 29 29 30 30 30 30 29 30 29 29 30 12 29 29 30 29 30 29 29 30 30 30
15:23:32.003         | client: RESERVE_PLAYER  1 Casiui_hellcase_, uid 5005854@live status RESERVED team 2
15:23:33.003         | client: UPDATE_PLAYER  1 Casiui_hellcase_, uid 5005854 status   ACTIVE team 2
15:23:42.473  WARNING| server_fps [ 2023-07-25T12:23:57.797Z ]:  29 30 29 29 29 29 29 29 29 29 30 30 30 29 29 29 29 29 30 30 30 30 30 29 29 30 30 30 29 13 30 29 29 30 30 29 29 29 29 29
15:23:57.224  WARNING| server_fps [ 2023-07-25T12:24:12.550Z ]:  30 30 29 29 30 29 30 29 30 29 29 30 30 29 29 29 30 29 30 30 30 29 30 29 30 29 29 30 29  6 30 29 30 29 29 11 30 29 29 30
15:24:09.933  WARNING| server_fps [ 2023-07-25T12:24:25.260Z ]:  29 30 30 30 29 30 30 29 29 29 30 29 29 30 29 29 29 29 29 29 29 29 30 30 30 30 30 29 29  9 27 30 29 30 30 30 29 29 30 30
15:24:20.308  WARNING| server_fps [ 2023-07-25T12:24:35.631Z ]:  29 30 29 30 29 29 30 29 29 29 30 30 30 28 30 30 29 30 29 29 30 29 29 30 29 30 29 29 30 20 30 29 30 29 30 29 30 30 30 30
15:24:37.198  WARNING| server_fps [ 2023-07-25T12:24:52.524Z ]:  29 29 30 30 30 30 30 30 29 30 30 29 29 30 30 29 30 30 29 30 29 30 30 30 30 29 29 30 30  6 29 30 30 29 29 29 30 30 30 29
15:24:56.232  WARNING| server_fps [ 2023-07-25T12:25:11.560Z ]:  30 29 30 30 29 29 30 30 30 29 29 30 29 30 29 30 29 29 30 30 30 30 29 30 29 30 30 29 30 21 29 30 29 30 30 30 30 30 30 29
15:25:09.765  WARNING| server_fps [ 2023-07-25T12:25:25.092Z ]:  29 29 29 29 29 30 30 29 30 30 29 29 30 30 30 29 30 29 30 29 29 29 29 30 29 29 29 29 29 16 16 30 30 30 30 29 30 30 30 29
15:25:10.649  WARNING| client: snapshot loss rate 6.2%
15:25:16.844  WARNING| net: USER_BYTES_PUSHED 2656; USER_BYTES_RESENT 0; USER_BYTES_RECEIVED_PROCESSED 18233; USER_BYTES_RECEIVED_IGNORED 60; ACTUAL_SENT 5328; ACTUAL_BYTES_RECEIVED 22567; packetLoss 0%
15:25:20.921  WARNING| server_fps [ 2023-07-25T12:25:36.245Z ]:  30 30 30 30 30 30 29 30 30 30 30 30 30 30 30 30 29 29 29 30 29 30 29 29 29 30 29 29 30 10 30 30 29 30 29 30 29 30 29 30
15:25:22.014         | client: avgPing 65.5/74.0; avgPacketLoss 0.0/0.7%; avgSnapshotLoss 0.3/6.2%, MTU 1350
15:25:22.014         | client: connection closed. CLIENT_QUIT
15:25:22.014         | Network stats (bytes per second): avg pushed 2275, max pushed 2904, avg sent 4446, max sent 5444, avg received 16472, max received 21807
15:25:22.240         | ====== starting level 14: 'levels/maps/hangar'  single Empty,env=221621 ======
15:25:22.240         | {
15:25:22.240         | 	"is_hangar": 1
15:25:22.240         | }
15:25:22.351         | Gameplay statistic. gameResult 'freePlayFinish'
15:25:22.351         |       score   0, expBase 0, expDailyBonus 4.0, expTotal   0, expBaseFactionTotal 0, expFactionTotal 0
15:25:22.866         | ====== level started:  'hangar' success ======
15:25:25.037         | Spawn User Blueprint 0
15:25:26.594         | Stored mission name: FreePlay_Pvp
15:25:26.595         | StartMatchmaking: 'solo', mission 'FreePlay_Pvp', region 'EU' (strict) ,rotatingParams: '{"expireTime":1690329600000,"mapOptionList":"arizona_castle:FreePlay","botList":""}'
15:25:27.452         | Matchmaker_NotifyQueueState: 10 avg queue time sec, queueTag: FreePlay_Pvp, inQueue: true
15:25:27.695         | CL_MatchMaker::ConnectHandler: addr = 52.215.221.74:35109, gsid = 552812778
15:25:27.727         | client: start connecting to 52.215.221.74|35109...
15:25:27.931         | client: connected to 52.215.221.74|35109, server guid '1690268751672442', client guid '923238007392702204', setting up session...
15:25:28.014         | client: connected to dedicated server. gsid: 552812778, hostname: 'wheel03-am-uk.pxo/live-bcr5v-2xbvp'
15:25:28.111         | client: server assigned id 12
15:25:28.122         | client: got level load message 'levels/maps/arizona_castle' FreePlay, levelId: 1
15:25:28.199         | ====== starting level 15: 'levels/maps/arizona_castle' FreePlay client Empty,env=345751 ======
15:25:28.199         | {
15:25:28.199         | 	"minUR": 11892
15:25:28.199         | 	"maxUR": 16572
15:25:28.199         | 	"queueTag": FreePlay_Pvp
15:25:28.199         | 	"fixedMMValue": 0
15:25:28.199         | }
15:25:28.590         | client: send ready message
15:25:28.779         | client: ADD_PLAYER  0   oleg_yasnitsky, uid 7401405 status   ACTIVE team 1
15:25:28.779         | client: ADD_PLAYER  1 Casiui_hellcase_, uid 5005854 status   ACTIVE team 2
15:25:28.781         | client: ADD_PLAYER  2        Antoine79, uid 8562184 status   ACTIVE team 3
15:25:28.845         | client: ADD_PLAYER  3 djurdjicandrej07, uid 11623454 status   ACTIVE team 4
15:25:28.845         | client: ADD_PLAYER  4        Micha_3_0, uid 9299428 status   ACTIVE team 5
15:25:28.845         | client: ADD_PLAYER  5         Nudel_06, uid 11310441 status   ACTIVE team 6
15:25:28.846         | client: ADD_PLAYER  6    the_Killer_91, uid 7230705 status   ACTIVE team 7
15:25:28.909         | client: ADD_PLAYER  7       ___3UMA___, uid 13240702 status   ACTIVE team 8
15:25:28.909         | client: ADD_PLAYER  8          X5mile-, uid 12351302 status   ACTIVE team 9
15:25:28.910         | client: ADD_PLAYER  9       D0CT0R_死, uid 12573874 status   ACTIVE team 10
15:25:28.910         | client: ADD_PLAYER 10         Honkers_, uid 12105221 status   ACTIVE team 11
15:25:28.910         | client: ADD_PLAYER 11        dbatura07, uid 6379586 status   ACTIVE team 12
15:25:28.911         | client: ADD_PLAYER 12      _UA_Puffin_, uid 4424378 status MAP_LOAD team 13
15:25:28.911         | client: ADD_PLAYER 13 valentinfast3007, uid 13563777 status   ACTIVE team 14
15:25:28.911         | client: ADD_PLAYER 14        DRAWORDIE, uid 12157911 status   ACTIVE team 15
15:25:28.928         | client: ADD_PLAYER 15        TrappyLuw, uid 8192947 status   ACTIVE team 16
15:25:28.977         | client: UPDATE_PLAYER 12      _UA_Puffin_, uid 4424378 status   ACTIVE team 13
15:25:29.041         | client: got init message. ping 92, MTU 1350
15:25:29.044         | ====== level started:  'arizona_castle' success ======
15:25:32.830  WARNING| server_fps [ 2023-07-25T12:25:48.154Z ]:  30 30 29 29 30 29 29 29 29 30 29 29 29 29 29 29 29 29 29 29 29 29 29 29 30 29 30 30 29  9 30 29 30 30 29 30 29 30 30 30
15:25:41.696         | client: player 1 leave game
15:25:42.777         | client: player 9 leave game
15:25:46.990  WARNING| server_fps [ 2023-07-25T12:26:02.315Z ]:  30 29 29 29 29 30 29 29 30 29 29 29 29 29 29 29 29 30 30 29 30 29 30 30 30 29 29 30 29  8 29 30 30 30 30 30 30 30 30 30
15:25:47.567         | client: RESERVE_PLAYER  1       D0CT0R_死, uid 12573874@live status RESERVED team 2
15:25:48.620         | client: UPDATE_PLAYER  1       D0CT0R_死, uid 12573874 status   ACTIVE team 2
15:25:58.160  WARNING| server_fps [ 2023-07-25T12:26:13.487Z ]:  30 29 29 29 29 29 29 29 30 30  9 30 29 30 29 29 30 30 30 30 29 29 29 30 29 29 30 30 29 24 30 30 29 29 30 29 29 30 29 29
15:26:05.662         | client: RESERVE_PLAYER  9     ボスニア, uid 10350394@live status RESERVED team 10
15:26:07.738         | client: UPDATE_PLAYER  9     ボスニア, uid 10350394 status   ACTIVE team 10
15:26:29.722  WARNING| server_fps [ 2023-07-25T12:26:45.049Z ]:  30 30 29 29 30 30 30 30 30 30 29 29 29 30 29 30 30 30 30 30 29 30 30 29 30 30 29 29 30  8 29 13 30 29 29 29 30 29 30 29
15:26:33.123         | client: player 4 leave game
15:26:37.746         | client: player 14 leave game
15:26:41.076  WARNING| server_fps [ 2023-07-25T12:26:56.401Z ]:  30 30 30 29 30 30 30 30 29 30 29 29 30 30 29 30 29 30 30 30 30 29 30 29 29 29 29 29 29  8 30 30 29 29 30 30 29 29 29 29
15:26:54.365         | client: player 13 leave game
15:26:55.020  WARNING| server_fps [ 2023-07-25T12:27:10.344Z ]:  30 30 30 30 29 29 29 29 30 30 30 30 29 30 30 30 30 29 29 29 30 29 29 29 30 29 30 29 29  8 29 30 30 30 30 30 30 30 30 30
15:27:03.913         | client: RESERVE_PLAYER  4         Perefect, uid 6553303@live status RESERVED team 5
15:27:05.615         | client: UPDATE_PLAYER  4         Perefect, uid 6553303 status   ACTIVE team 5
15:27:08.603         | client: RESERVE_PLAYER 13        sailo2015, uid 2582382@live status RESERVED team 14
15:27:08.937  WARNING| server_fps [ 2023-07-25T12:27:24.263Z ]:  30 30 29 29 29 30 30 30 30 30 30 29 29 30 29 29 29 29 30 29 30 30 29 29 29 29 30 30 30 23 29 30 30 30 30 30 30 30 30 30
15:27:10.006         | client: UPDATE_PLAYER 13        sailo2015, uid 2582382 status   ACTIVE team 14
15:27:12.499         | client: RESERVE_PLAYER 14      DARKVIPER33, uid 12419591@live status RESERVED team 15
15:27:15.218         | client: UPDATE_PLAYER 14      DARKVIPER33, uid 12419591 status   ACTIVE team 15
15:27:24.792  WARNING| server_fps [ 2023-07-25T12:27:40.116Z ]:  29 30 30 30 29 30 30 29 29 29 29 30 29 29 30 29 29 29 30 30 29 29 29 30 30 29 29 29 30  9 29 30 30 30 29 29 30 29 30 30
15:27:36.645  WARNING| server_fps [ 2023-07-25T12:27:51.969Z ]:  30 29 29 30 30 30 30 30 30 29 29 30 29 28 29 29 29 29 30 30 29 29 30 29 30 29 30 30 29  8 29 30 30 30 30 30 30 29 30 29
15:27:47.735  WARNING| server_fps [ 2023-07-25T12:28:03.062Z ]:  30 29 30 30 30 30 30 30 30 29 29 29 30 30 30 29 30 29 30 29 29 30 30 30 29 30 29 30 29 12 30 30 30 29 29 30 30 29 29 29
15:27:49.093         | client: player 14 leave game
15:28:05.955         | client: RESERVE_PLAYER 14      DARKVIPER33, uid 12419591@live status RESERVED team 15
15:28:09.213         | client: UPDATE_PLAYER 14      DARKVIPER33, uid 12419591 status   ACTIVE team 15
15:28:13.637  WARNING| server_fps [ 2023-07-25T12:28:28.962Z ]:  30 29 30 29 30 30 30 30 29 29 30 30 29 29 29 29 30 30 30 29 30 30 30 30 29 29 30 30 29 23 30 30 30 30 30 29 29 30 30 29
15:28:16.207  WARNING| client: snapshot loss rate 7.0%
15:28:17.264  WARNING| client: snapshot loss rate 7.0%
15:28:21.106         | client: player 13 leave game
15:28:35.771         | client: player 0 leave game
15:28:36.428  WARNING| server_fps [ 2023-07-25T12:28:51.753Z ]:  29 29 29 29 29 30 29 29 29 29 29 29 30 30 29 30 29 30 29 29 30 29 30 30 29 29 29 30 30  8 29 29 30 29 29 26 30 29 30 29
15:28:42.479         | client: RESERVE_PLAYER  0   oleg_yasnitsky, uid 7401405@live status RESERVED team 1
15:28:43.546         | client: UPDATE_PLAYER  0   oleg_yasnitsky, uid 7401405 status   ACTIVE team 1
15:28:52.340         | client: player 0 leave game
15:28:52.998  WARNING| server_fps [ 2023-07-25T12:29:08.325Z ]:  30 29 29 29 30 30 30 29 29 30 29 30 29 29 29 30 30 29 30 29 29 29 30 29 30 30 29 30 29  7 29 30 30 29 29 30 30 29 29 29
15:29:01.080         | client: RESERVE_PLAYER  0   oleg_yasnitsky, uid 7401405@live status RESERVED team 1
15:29:02.228         | client: UPDATE_PLAYER  0   oleg_yasnitsky, uid 7401405 status   ACTIVE team 1
15:29:16.561         | client: RESERVE_PLAYER 13    _Z_GLADIATOR_, uid 7399909@live status RESERVED team 14
15:29:17.234         | client: player 4 leave game
15:29:18.065         | client: UPDATE_PLAYER 13    _Z_GLADIATOR_, uid 7399909 status   ACTIVE team 14
15:29:19.387  WARNING| server_fps [ 2023-07-25T12:29:34.711Z ]:  30 29 29 30 30 29 30 30 30 30 29 29 29 29 30 29 29 30 30 29 30 29 30 30 30 30 30 29 29 14 30 30 22 21 29 29 29 29 30 30
15:29:22.534         | client: RESERVE_PLAYER  4         Perefect, uid 6553303@live status RESERVED team 5
15:29:24.158         | client: UPDATE_PLAYER  4         Perefect, uid 6553303 status   ACTIVE team 5
15:29:31.428  WARNING| server_fps [ 2023-07-25T12:29:46.753Z ]:  29 29 29 29 30 30 29 29 29 29 30 30 30 30 30 29 29 29 29 30 29 29 29 30 30 29 30 29 30  7 29 30 30 29 29 30 30 29 29 29
15:29:42.535  WARNING| server_fps [ 2023-07-25T12:29:57.861Z ]:  30 29 29 29 30 30 30 29 29 30 29 30 29 29 30 30 30 29 29 29 30 29 30 29 30 29 30 30 29 12 30 29 30 29 29 30 29 30 29 29
15:29:47.744         | client: player 13 leave game
15:29:48.578         | client: RESERVE_PLAYER 13          BaDToaD, uid 5257738@live status RESERVED team 14
15:29:49.665         | client: UPDATE_PLAYER 13          BaDToaD, uid 5257738 status   ACTIVE team 14
15:29:56.874  WARNING| server_fps [ 2023-07-25T12:30:12.201Z ]:  30 30 30 29 30 30 30 30 29 30 30 30 30 30 30 29 29 30 30 30 30 30 29 30 30 30 30 30 30  7 30 29 30 30 29 29 30 30 29 29
15:30:20.667  WARNING| server_fps [ 2023-07-25T12:30:35.992Z ]:  30 29 30 29 30 30 30 30 30 30 30 30 30 30 30 30 29 29 30 30 29 29 29 29 30 29 29 29 30 21 30 30 29 29 30 29  7 30 29 30
15:30:33.996  WARNING| server_fps [ 2023-07-25T12:30:49.320Z ]:  29 30 30 29 30 29 29 30 30 30 29 30 30 30 30 30 30 29 30 30 29 29 29 29 29 30 30 30 29 20 29 30 30 29 29 30 29 29 30 29
15:30:47.118         | client: player 4 leave game
15:30:53.572  WARNING| server_fps [ 2023-07-25T12:31:08.900Z ]:  30 30 29 30 30 30 30 30 30 30 29 29 30 30 30 30 30 30 30 30 29 29 29 30 30 30 30 30 30 19 29 30 30 30 30 29 30 30 30 29
15:30:56.052         | client: RESERVE_PLAYER  4       yitzgrash_, uid 13413063@live status RESERVED team 5
15:30:56.872         | client: player 6 leave game
15:30:58.255         | client: UPDATE_PLAYER  4       yitzgrash_, uid 13413063 status   ACTIVE team 5
15:31:03.566  WARNING| server_fps [ 2023-07-25T12:31:18.892Z ]:  30 30 29 30 29 29 29 29 29 29 29 29 30 30 29 29 29 29 29 30 30 30 29 30 29 30 30 30 30 10 30 30 30 30 30 29 30 30 29 30
15:31:16.786  WARNING| server_fps [ 2023-07-25T12:31:32.111Z ]:  30 30 29 29 29 29 29 30 29 30 30 29 29 29 30 29 30 29 29 29 29 30 29 30 30 30 29 30 30 15 30 30 30 30 30 29 29 29 13 30
15:31:19.569         | client: RESERVE_PLAYER  6 ________4__77342, uid 13405367@live status RESERVED team 7
15:31:21.353         | client: UPDATE_PLAYER  6 ________4__77342, uid 13405367 status   ACTIVE team 7
15:31:29.429  WARNING| server_fps [ 2023-07-25T12:31:44.757Z ]:  30 30 30 29 29 30 30 30 30 30 30 30 29 30 30 30 30 30 29 30 30 30 30 30 30 30 30 30 30 17 29 29 30 30 29 30 29 29 29 30
15:31:35.711         | client: player 7 leave game
15:31:41.546  WARNING| server_fps [ 2023-07-25T12:31:56.874Z ]:  29 30 29 30 29 29 29 29 30 30 30 29 30 30 29 30 30 30 29 30 29 29 29 29 29 29 29 29 30 20 29 30 29 30 29 29 29 29 29 29
15:31:47.559         | client: RESERVE_PLAYER  7 BIGGUSDIGGUS2137, uid 13451279@live status RESERVED team 8
15:31:49.505         | client: UPDATE_PLAYER  7 BIGGUSDIGGUS2137, uid 13451279 status   ACTIVE team 8
15:31:57.017  WARNING| server_fps [ 2023-07-25T12:32:12.343Z ]:  29 29 30 29 29 29 30 29 29 30 29 29 29 30 29 30 30 29 29 29 30 30 29 29 29 29 30 30 30 24 30 30 30 30 30 30 30 30 30 30
15:32:09.031  WARNING| server_fps [ 2023-07-25T12:32:24.353Z ]:  30 29 29 29 29 30 29 29 30 29 29 29 30 30 29 29 30 29 30 30 29 30 30 30 30 30 30 30 29 18 29 30 30 29 29 30 29 29 30 29
15:32:16.753         | client: player 8 leave game
15:32:17.295    ERROR| CL_SOContainer::ReplicaHandler: !so for live:so:RichPresence:12351302@cabin-lw-nl-17/auth_3
15:32:25.602  WARNING| server_fps [ 2023-07-25T12:32:40.930Z ]:  30 29 29 30 29 29 30 30 30 29 29 29 29 29 29 29 29 30 30 30 29 30 29 30 29 30 29 29 30  9 29 30 30 29 29 29 30 30 30 29
15:32:26.985         | client: RESERVE_PLAYER  8          RakalRK, uid 7079658@live status RESERVED team 9
15:32:35.681         | client: UPDATE_PLAYER  8          RakalRK, uid 7079658 status   ACTIVE team 9
15:32:36.180  WARNING| server_fps [ 2023-07-25T12:32:51.507Z ]:  29 29 29 29 29 29 30 30 30 30 29 29 30 29 30 30 29 29 29 30 29 29 29 30 30 29 30 29 29  9 30 29 29 30 30 30 29 30 29 29
15:32:40.985         | client: player 4 leave game
15:32:47.975  WARNING| server_fps [ 2023-07-25T12:33:03.301Z ]:  30 30 30 30 30 30 29 30 29 30 29 29 29 30 30 29 30 30 29 29 29 30 30 30 29 30 30 30 30 10 30 30 30 30 30 29 30 29 29 29
15:32:56.000         | client: RESERVE_PLAYER  4   Mrslimesmasher, uid 10038823@live status RESERVED team 5
15:32:59.020         | client: UPDATE_PLAYER  4   Mrslimesmasher, uid 10038823 status   ACTIVE team 5
15:33:05.624  WARNING| server_fps [ 2023-07-25T12:33:20.949Z ]:  30 29 29 30 29 30 29 29 30 29 30 29 29 29 29 30 30 29 29 29 29 29 30 30 30 29 30 29 29 11 29 30 29 29 29 29 29 29 30 29
15:33:15.066         | client: player 7 leave game
15:33:17.814  WARNING| server_fps [ 2023-07-25T12:33:33.141Z ]:  29 30 29 29 30 30 30 30 29 29 30 30 29 29 29 30 30 29 30 30 29 30 29 29 29 30 29 30 30  9 30 29 30 29 30 30 29 29 30 29
15:33:22.543         | client: player 6 leave game
15:33:32.268  WARNING| server_fps [ 2023-07-25T12:33:47.595Z ]:  30 30 30 29 30 30 29 30 30 30 30 30 29 29 30 30 29 30 29 29 29 30 30 30 30 30 29 29 29 10 29 30 29 29 29 29 29 29 30 30
15:33:43.979         | client: RESERVE_PLAYER  6        Вe3Doon_, uid 7551410@live status RESERVED team 7
15:33:44.268         | client: player 2 leave game
15:33:45.113         | client: UPDATE_PLAYER  6        Вe3Doon_, uid 7551410 status   ACTIVE team 7
15:33:46.183         | client: player 4 leave game
15:33:48.519         | client: RESERVE_PLAYER  2   Mrslimesmasher, uid 10038823@live status RESERVED team 3
15:33:49.878  WARNING| server_fps [ 2023-07-25T12:34:05.203Z ]:  29 30 29 29 29 29 30 30 30 30 29 29 29 29 29 30 29 29 29 29 29 30 30 30 30 29 29 30 29 21 29 29 29 30 30 30 30 29 29 29
15:33:50.898         | client: UPDATE_PLAYER  2   Mrslimesmasher, uid 10038823 status   ACTIVE team 3
15:33:52.611         | client: RESERVE_PLAYER  4        Antoine79, uid 8562184@live status RESERVED team 5
15:33:53.917         | client: UPDATE_PLAYER  4        Antoine79, uid 8562184 status   ACTIVE team 5
15:34:31.495         | client: player 9 leave game
15:34:35.641  WARNING| server_fps [ 2023-07-25T12:34:50.968Z ]:  30 29 30 30 29 30 29 30 29 30 29 30 29 29 29 30 30 30 30 30 29 30 30 30 30 30 30 30 30 17 29 30 29 29 29 29 29 30 30 30
15:34:40.043         | client: RESERVE_PLAYER  7 bilovuslubomir88, uid 13180580@live status RESERVED team 8
15:34:42.271         | client: UPDATE_PLAYER  7 bilovuslubomir88, uid 13180580 status   ACTIVE team 8
15:34:42.529         | client: RESERVE_PLAYER  9     ボスニア, uid 10350394@live status RESERVED team 10
15:34:44.298         | client: UPDATE_PLAYER  9     ボスニア, uid 10350394 status   ACTIVE team 10
15:34:49.605  WARNING| server_fps [ 2023-07-25T12:35:04.932Z ]:  30 30 29 30 29 30 30 30 30 30 30 30 29 29 29 29 29 30 30 30 29 29 29 29 29 30 30 29 30 23 29 30 29 30 30 29 29 29 29 30
15:35:06.957  WARNING| server_fps [ 2023-07-25T12:35:22.284Z ]:  30 30 30 29 30 30 30 30 30 30 29 29 30 29 30 30 30 30 30 30 30 30 30 30 30 29 29 29 30 17 30 29 29 29 29 29 30 29 30 29
15:35:21.483  WARNING| client: snapshot loss rate 6.2%
15:35:22.493  WARNING| client: snapshot loss rate 6.2%
15:35:28.199  WARNING| server_fps [ 2023-07-25T12:35:43.525Z ]:  30 29 29 29 29 30 30 29 29 30 30 30 29 30 30 30 30 30 29 29 30 30 29 30 29 29 29 29 29 15 30 29 29 30 29 30 29 30 30 29
15:35:39.556  WARNING| server_fps [ 2023-07-25T12:35:54.882Z ]:  30 29 30 30 29 29 29 29 29 29 29 29 30 30 30 29 30 29 30 29 30 29 29 30 29 29 30 29 29 11 25 30 29 29 29 29 14 30 30 30
15:35:46.208  WARNING| client: snapshot loss rate 6.2%
15:36:03.111         | client: player 8 leave game
15:36:17.005         | client: avgPing 64.6/92.0; avgPacketLoss 0.0/1.0%; avgSnapshotLoss 0.4/7.0%, MTU 1350
15:36:17.005         | client: connection closed. CLIENT_QUIT
15:36:17.005         | Network stats (bytes per second): avg pushed 2430, max pushed 3079, avg sent 4650, max sent 5731, avg received 17088, max received 24081
15:36:17.238         | ====== starting level 16: 'levels/maps/hangar'  single Empty,env=221621 ======
15:36:17.238         | {
15:36:17.238         | 	"is_hangar": 1
15:36:17.238         | }
15:36:17.335         | Gameplay statistic. gameResult 'freePlayFinish'
15:36:17.335         |       score   0, expBase 0, expDailyBonus 4.0, expTotal   0, expBaseFactionTotal 0, expFactionTotal 0
15:36:17.924         | ====== level started:  'hangar' success ======
15:36:25.691         | TargemServices: RenewAuth: new token = uoJDAAAAAADDfZ9fYk3stqKuKI2JAQAAtfvpjgRub25lBGxpdmU, server time 2023-07-25T12:36:40.966Z (drift of -15 sec)
15:36:28.797         | GameApp shutdown
15:36:29.006    ERROR| TLS alert: warning: close notify
15:36:29.006         | TSConnectionManager::StateDISCONNECTING: reason 'client gentle quit'
15:36:29.007    ERROR| TLS alert: warning: close notify
15:36:30.750         | [0x14:] async    000001FECFF50118 0000000000000000 
15:36:30.750         | [0x8:] timer    00007FF768F30588 00007FF768F30580 
15:36:30.750         | [0x2618c:I] tcp      000001FF04364660 000001FF04364040 ASC@000001FF04364040[ProtoTransport::Connect,0x602,fd 4294967295,0.0.0.0:0]
15:36:30.750         | [0x2618c:I] tcp      000001FF04364EB8 000001FF04364898 ASC@000001FF04364898[ProtoTransport::Connect,0x602,fd 4294967295,0.0.0.0:0]
15:36:30.750         | [0x9:] poll     000001FF043640B8 000001FF04364040 
15:36:30.750         | [0x9:] poll     000001FF04364910 000001FF04364898 
15:36:30.751         | [0x14:] async    000001FECFF50118 0000000000000000 
