
--- Date: 2023-7-25 (Tue Jul 2023) UTC+03:00

14:51:09.973         | CreateDevice() using 'NVIDIA GeForce GTX 1650' adapter
14:51:09.974         | Adapter vendorId:                0x10de
14:51:09.974         | Adapter deviceId:                0x1f99
14:51:09.975         | Adapter driver date:             20.7.2022
14:51:09.975         | Adapter driver version:          31.00.15.1691
14:51:09.975         | Adapter dedicated video memory:  4154458112
14:51:09.975         | Adapter dedicated system memory: 0
14:51:09.975         | Adapter shared system memory:    4209512448
14:51:10.153         | NvApi initialized. Interface version: NVidia Complete Version 1.10. Driver version: 51691. Build branch: r515_00
14:51:10.902         | Driver features:
14:51:10.902         | 	DriverConcurrentCreates: true
14:51:10.902         | 	DriverCommandLists: true
14:51:10.902         | 	MapNoOverwriteOnDynamicConstantBuffer: true
14:51:10.902         | 	MapNoOverwriteOnDynamicSrv: true
14:51:10.903         | Gpu counters activated
14:51:10.903         | 
14:51:10.903         | ------------ Autodetecting defaults ------------
14:51:10.904         | OS: Windows 10 Home 22H2 (10.0.22621.1848) x64
14:51:10.904         | CPU: Intel(R) Core(TM) i5-10300H CPU @ 2.50GHz
14:51:10.904         | CPU cores: 4
14:51:10.904         | CPU threads: 8
14:51:10.904         | RAM: 8029 MB
14:51:10.904         | Memory Load: 86%
14:51:10.904         | Page File: 16478 MB used, 10397 MB available
14:51:10.904         | Log disk free space: 40 GB (16.50%)
14:51:10.904         | GPU: NVIDIA GeForce GTX 1650
14:51:10.904         | VRAM: 3962 MB
14:51:10.904         | Feature level: 11_1
14:51:10.904         | Auto-detected default graphics quality: [Good]
14:51:10.904         | ------------------------------------------------
14:51:10.904         | 
14:51:11.008         | CreateSwapChain(ModeDesc.Width = 1422, ModeDesc.Height = 693, BufferCount = 2, Flags = 0x802, SwapEffect = FlipSequential)
14:51:12.180         | Gpu temperature: 65
14:51:12.180         | Gpu P-State: 0
14:51:12.181         | ResizeBuffers(Width = 1422, Height = 720, Flags = 0x802)
14:51:12.192         | ChangeMode(DeviceMode(0, 0, 0, 0), BorderlessFullscreen, prevMode: Windowed)
14:51:12.235         | OutputRect: {x: 0, y: 0, width: 1920, height: 1080}
14:51:12.235         | WorkRect for reshape: {x: 0, y: 0, width: 1920, height: 1080, flags: 0}
14:51:12.238         | ResizeBuffers(Width = 1920, Height = 1080, Flags = 0x802)
14:51:13.126  WARNING| NVIDIA NGX not available on this hardware/platform., code = 0xbad00001, info: NVSDK_NGX_Result_FAIL_FeatureNotSupported
14:51:13.187         | Main view color buffer size changed to: {width: 1920, height: 1080}
14:51:17.531         | Gpu temperature: 63
14:51:17.531         | Gpu P-State: 8
14:51:18.915         | Initial settings:
    r_vsync = 0
    MainView.RenderScale = 1
    r_textureQuality = 1
    r_anisoLevel = 4
    car_skidmarks = 2
    cl_debrisQuality = 1
    cl_shellsQuality = 0
    Client.LightsQuality = 0
    Game.ImpactDecals = 1
    g_lodDistanceFactor = 100
    g_grassDensity = 0.35
    MainView.GrassMaxDistance = 300
    Client.PostEffectAntiAliasing = FxaaLow
    MainView.EnableShadows = 1
    MainView.EnableShadowsFiltering = 0
    MainView.ShadowMapResolution = 512
    MainView.LightsShadowsQuality = 1
    MainView.SSAO = 0
    Particles.RateFactorPreset = 1
    Client.UltraLowQuality = 0
    MainView.LightShaft = 1
    MainView.FSR = 0
    MainView.FSR.Sharpness = 0.2
    MainView.TAA = 0
    MainView.Sharpness = 2
    MainView.GI = 0
    MainView.SSLR = 2
    MainView.SSLR.Mode = 1
    MainView.ContactShadows = 2
    MainView.MotionBlur = 0
    MainView.MotionBlur.Intensity = 0.5
    MainView.PostProcessing.LensFlare = 1
    MainView.PostProcessing.Vignetting = 1
    MainView.DLSS.Mode = 1
    MainView.DLSS.RegularSharpness = 1

14:51:46.122         | Gpu temperature: 74
14:51:46.122         | Gpu P-State: 0
14:52:46.079         | Gpu temperature: 79
14:52:46.079         | Gpu P-State: 0
14:53:31.920         | Gpu temperature: 78
14:53:31.920         | Gpu P-State: 0
14:54:31.691         | Gpu temperature: 78
14:54:31.691         | Gpu P-State: 0
14:55:30.871         | Gpu temperature: 81
14:55:30.871         | Gpu P-State: 0
14:56:30.868         | Gpu temperature: 81
14:56:30.868         | Gpu P-State: 0
14:57:31.097         | Gpu temperature: 83
14:57:31.097         | Gpu P-State: 0
14:58:31.231         | Gpu temperature: 84
14:58:31.231         | Gpu P-State: 0
14:59:31.163         | Gpu temperature: 82
14:59:31.163         | Gpu P-State: 0
15:00:31.187         | Gpu temperature: 76
15:00:31.187         | Gpu P-State: 0
15:01:31.043         | Gpu temperature: 83
15:01:31.043         | Gpu P-State: 0
15:02:31.045         | Gpu temperature: 78
15:02:31.045         | Gpu P-State: 0
15:03:30.109         | Gpu temperature: 80
15:03:30.110         | Gpu P-State: 0
15:04:28.430         | Gpu temperature: 81
15:04:28.430         | Gpu P-State: 0
15:05:27.408         | Gpu temperature: 81
15:05:27.409         | Gpu P-State: 0
15:06:27.493         | Gpu temperature: 80
15:06:27.493         | Gpu P-State: 0
15:07:27.093         | Gpu temperature: 82
15:07:27.093         | Gpu P-State: 0
15:08:26.829         | Gpu temperature: 77
15:08:26.829         | Gpu P-State: 0
15:09:26.605         | Gpu temperature: 80
15:09:26.605         | Gpu P-State: 0
15:10:26.319         | Gpu temperature: 81
15:10:26.319         | Gpu P-State: 0
15:11:09.733         | Gpu temperature: 79
15:11:09.733         | Gpu P-State: 0
15:11:09.923         | Gpu temperature: 79
15:11:09.923         | Gpu P-State: 0
15:11:16.237         | Gpu temperature: 79
15:11:16.237         | Gpu P-State: 0
15:11:19.456         | Gpu temperature: 78
15:11:19.456         | Gpu P-State: 0
15:11:22.243         | Gpu temperature: 78
15:11:22.243         | Gpu P-State: 0
15:12:05.647         | Gpu temperature: 81
15:12:05.647         | Gpu P-State: 0
15:13:05.308         | Gpu temperature: 81
15:13:05.308         | Gpu P-State: 0
15:14:04.757         | Gpu temperature: 81
15:14:04.757         | Gpu P-State: 0
15:15:04.520         | Gpu temperature: 81
15:15:04.520         | Gpu P-State: 0
15:16:04.254         | Gpu temperature: 81
15:16:04.254         | Gpu P-State: 0
15:17:03.988         | Gpu temperature: 82
15:17:03.988         | Gpu P-State: 0
15:18:03.718         | Gpu temperature: 81
15:18:03.718         | Gpu P-State: 0
15:18:56.153         | Gpu temperature: 69
15:18:56.153         | Gpu P-State: 8
15:19:45.663         | Gpu temperature: 71
15:19:45.663         | Gpu P-State: 0
15:19:45.812         | Gpu temperature: 71
15:19:45.812         | Gpu P-State: 0
15:20:38.833         | Gpu temperature: 79
15:20:38.833         | Gpu P-State: 0
15:21:18.766         | Gpu temperature: 78
15:21:18.766         | Gpu P-State: 0
15:21:38.733         | Gpu temperature: 76
15:21:38.733         | Gpu P-State: 0
15:22:37.206         | Gpu temperature: 79
15:22:37.206         | Gpu P-State: 0
15:23:36.371         | Gpu temperature: 79
15:23:36.371         | Gpu P-State: 0
15:24:35.536         | Gpu temperature: 80
15:24:35.536         | Gpu P-State: 0
15:25:26.881         | Gpu temperature: 81
15:25:26.881         | Gpu P-State: 0
15:25:28.748         | Gpu temperature: 79
15:25:28.748         | Gpu P-State: 0
15:26:14.941         | Gpu temperature: 81
15:26:14.941         | Gpu P-State: 0
15:27:13.958         | Gpu temperature: 82
15:27:13.958         | Gpu P-State: 0
15:28:12.566         | Gpu temperature: 81
15:28:12.566         | Gpu P-State: 0
15:29:11.268         | Gpu temperature: 82
15:29:11.268         | Gpu P-State: 0
15:30:10.242         | Gpu temperature: 82
15:30:10.242         | Gpu P-State: 0
15:31:08.827         | Gpu temperature: 82
15:31:08.827         | Gpu P-State: 0
15:32:07.879         | Gpu temperature: 82
15:32:07.879         | Gpu P-State: 0
15:33:06.848         | Gpu temperature: 82
15:33:06.848         | Gpu P-State: 0
15:34:06.213         | Gpu temperature: 81
15:34:06.213         | Gpu P-State: 0
15:35:05.526         | Gpu temperature: 82
15:35:05.526         | Gpu P-State: 0
15:36:05.292         | Gpu temperature: 82
15:36:05.292         | Gpu P-State: 0
