
--- Date: 2023-7-25 (Tue Jul 2023) UTC+03:00

14:51:21.560      NET| TSConnectionManager::ChangeState: OFFLINE -> AUTHING
14:51:21.560      NET| TSAuthManager::ChangeState: OFFLINE -> AUTHING
14:51:22.007      NET| TargemService::WebApiRequest(6): https://crank.crossout.net/live/Auth/login
14:51:24.380      NET| TargemService::WebApiRequest(6): finished with e = ErrorCode::OK (status 200)
14:51:24.382      NET| TargemService::SetAvailableProtoEndpoints: soServices: ["wss://crank.crossout.net/live/AuthProtoServer"], chats: ["wss://crank.crossout.net/live/ChatServiceProtoServer"]
14:51:24.382      NET| TSAuthManager::ChangeState: AUTHING -> ONLINE
14:51:24.382      NET| TSConnectionManager::ChangeState: AUTHING -> CONNECTING
14:51:24.383      NET| chat: Connect() requested
14:51:24.383      NET| TSConnectionManager::StateCONNECTING: (re)connecting to 'wss://crank.crossout.net/live/AuthProtoServer' (of 1 options)
14:51:24.383      NET| ProtoServer::Connect: url = 'wss://crank.crossout.net/live/AuthProtoServer'
14:51:24.383      NET| chat: channel opened, waiting for connection (select addr 'wss://crank.crossout.net/live/ChatServiceProtoServer' from total 1 addrs)
14:51:24.383      NET| ProtoServer::Connect: url = 'wss://crank.crossout.net/live/ChatServiceProtoServer'
14:51:24.481      NET| ProtoServer::OnPeerConnected: |142.91.120.41:443-wss://crank.crossout.net/live/ChatServiceProtoServer@000001FF03F60030(out,ws,TLS,st=1)
14:51:24.481      NET| ProtoServer::OnPeerConnected: |142.91.120.41:443-wss://crank.crossout.net/live/AuthProtoServer@000001FF03F604D0(out,ws,TLS,st=1)
14:51:24.814      NET| ProtoServer::RenameLink: 142.91.120.41:443-wss://crank.crossout.net/live/AuthProtoServer -> cabin-lw-nl-17/auth_3
14:51:24.814      NET| ProtoServer::ProcessHandshakeHelloAck: accepting new PeerId 172.22.130.160:54738-ws-64618
14:51:24.814      NET| ProtoServer: link live|cabin-lw-nl-17/auth_3@000001FF03F604D0(out,ws,TLS,st=4) is ready
14:51:24.814      NET| TargemService: OnPeerConnected 'live|cabin-lw-nl-17/auth_3@000001FF03F604D0(out,ws,TLS,st=4)'
14:51:24.814      NET| TSConnectionManager::ChangeState: CONNECTING -> NEGOTIATING
14:51:24.828      NET| ProtoServer::RenameLink: 142.91.120.41:443-wss://crank.crossout.net/live/ChatServiceProtoServer -> cabin-lw-nl-13/chat_2
14:51:24.828      NET| ProtoServer::ProcessHandshakeHelloAck: accepting new PeerId 172.22.130.79:49214-ws-139231
14:51:24.828      NET| ProtoServer: link live|cabin-lw-nl-13/chat_2@000001FF03F60030(out,ws,TLS,st=4) is ready
14:51:24.828      NET| chat: OnConnect(): sending authorization data
14:51:25.314      NET| chat: server authorization: ok
14:51:25.400      NET| CL_SOContainer::ReplicaHandler: got replica of live:so:EmoUser:4424378@cabin-lw-nl-17/auth_3 (~83Kb)
14:51:25.401      NET| CL_SOContainer::ReplicaHandler: got replica of live:so:RichPresence:4424378@cabin-lw-nl-17/auth_3 (~487b)
14:51:25.495      NET| CL_SOContainer::ReplicaHandler: got PARTIAL(2) replica of live:so:RichPresence:4424378@cabin-lw-nl-17/auth_3 (~47b)
14:51:25.495      NET| CL_SOContainer::ReplicaHandler: got PARTIAL(1) replica of live:so:EmoUser:4424378@cabin-lw-nl-17/auth_3 (~26b)
14:51:25.919      NET| CL_SOContainer::ReplicaHandler: got replica of live:so:UserOffers:4424378@cabin-lw-nl-17/auth_3 (~121b)
14:51:25.954      NET| CL_SOContainer::ReplicaHandler: got replica of live:so:SubscriptionList:4424378@cabin-lw-nl-17/auth_3 (~208b)
14:51:25.995      NET| CL_SOContainer::ReplicaHandler: got replica of live:so:Mailbox:4424378@cabin-lw-nl-17/auth_3 (~237b)
14:51:25.995      NET| CL_SOContainer::ReplicaHandler: got replica of live:so:FriendList:4424378@cabin-lw-nl-17/auth_3 (~4.2Kb)
14:51:26.114      NET| CL_SOContainer::ReplicaHandler: got replica of live:so:Achievements:4424378@cabin-lw-nl-17/auth_3 (~5.9Kb)
14:51:26.218      NET| CL_SOContainer::ReplicaHandler: got PARTIAL(1) replica of live:so:Achievements:4424378@cabin-lw-nl-17/auth_3 (~26b)
14:51:26.386      NET| CL_SOContainer::ReplicaHandler: got replica of live:so:UserProfile:4424378@cabin-lw-nl-17/auth_3 (~59Kb)
14:51:26.392      NET| TSConnectionManager::ChangeState: NEGOTIATING -> ONLINE
14:51:26.691      NET| CL_SOContainer::ReplicaHandler: got replica of live:so:RichPresence:9785583@cabin-lw-nl-17/auth_3 (~486b)
14:51:26.691      NET| CL_SOContainer::ReplicaHandler: got replica of live:so:RichPresence:9808202@cabin-lw-nl-17/auth_3 (~469b)
14:51:26.691      NET| CL_SOContainer::ReplicaHandler: got replica of live:so:RichPresence:11885615@cabin-lw-nl-17/auth_3 (~495b)
14:51:26.730      NET| CL_SOContainer::ReplicaHandler: got replica of live:so:RichPresence:1092595@cabin-lw-nl-17/auth_3 (~490b)
14:51:26.730      NET| CL_SOContainer::ReplicaHandler: got replica of live:so:RichPresence:11660614@cabin-lw-nl-17/auth_3 (~498b)
14:51:26.730      NET| CL_SOContainer::ReplicaHandler: got replica of live:so:RichPresence:11020632@cabin-lw-nl-17/auth_3 (~472b)
14:51:26.730      NET| CL_SOContainer::ReplicaHandler: got replica of live:so:RichPresence:9081862@cabin-lw-nl-17/auth_3 (~503b)
14:51:26.730      NET| CL_SOContainer::ReplicaHandler: got replica of live:so:RichPresence:1006085@cabin-lw-nl-17/auth_3 (~469b)
14:51:26.730      NET| CL_SOContainer::ReplicaHandler: got replica of live:so:RichPresence:7349533@cabin-lw-nl-17/auth_3 (~480b)
14:51:26.730      NET| CL_SOContainer::ReplicaHandler: got replica of live:so:RichPresence:8322821@cabin-lw-nl-17/auth_3 (~488b)
14:51:26.730      NET| CL_SOContainer::ReplicaHandler: got replica of live:so:RichPresence:7390116@cabin-lw-nl-17/auth_3 (~472b)
14:51:26.904      NET| CL_SOContainer::ReplicaHandler: got replica of live:so:RichPresence:4159658@cabin-lw-nl-17/auth_3 (~475b)
14:51:26.904      NET| CL_SOContainer::ReplicaHandler: got replica of live:so:RichPresence:9396343@cabin-lw-nl-17/auth_3 (~493b)
14:51:26.904      NET| CL_SOContainer::ReplicaHandler: got replica of live:so:RichPresence:5703146@cabin-lw-nl-17/auth_3 (~499b)
14:51:26.904      NET| CL_SOContainer::ReplicaHandler: got replica of live:so:RichPresence:1650487@cabin-lw-nl-17/auth_3 (~491b)
14:51:26.904      NET| CL_SOContainer::ReplicaHandler: got replica of live:so:RichPresence:13035837@cabin-lw-nl-17/auth_3 (~477b)
14:51:26.904      NET| CL_SOContainer::ReplicaHandler: got replica of live:so:RichPresence:4384745@cabin-lw-nl-17/auth_3 (~483b)
14:51:26.904      NET| CL_SOContainer::ReplicaHandler: got replica of live:so:RichPresence:6362242@cabin-lw-nl-17/auth_3 (~483b)
14:51:26.904      NET| CL_SOContainer::ReplicaHandler: got replica of live:so:RichPresence:3299371@cabin-lw-nl-17/auth_3 (~468b)
14:51:26.904      NET| CL_SOContainer::ReplicaHandler: got replica of live:so:RichPresence:1430273@cabin-lw-nl-17/auth_3 (~480b)
14:51:26.939      NET| CL_SOContainer::ReplicaHandler: got replica of live:so:RichPresence:9600177@cabin-lw-nl-17/auth_3 (~478b)
14:51:26.939      NET| CL_SOContainer::ReplicaHandler: got replica of live:so:RichPresence:7080235@cabin-lw-nl-17/auth_3 (~472b)
14:51:26.939      NET| CL_SOContainer::ReplicaHandler: got replica of live:so:RichPresence:61435@cabin-lw-nl-17/auth_3 (~454b)
14:51:26.939      NET| CL_SOContainer::ReplicaHandler: got replica of live:so:RichPresence:3592923@cabin-lw-nl-17/auth_3 (~469b)
14:51:26.939      NET| CL_SOContainer::ReplicaHandler: got replica of live:so:RichPresence:5193768@cabin-lw-nl-17/auth_3 (~477b)
14:51:26.939      NET| CL_SOContainer::ReplicaHandler: got replica of live:so:RichPresence:8217368@cabin-lw-nl-17/auth_3 (~455b)
14:51:26.939      NET| CL_SOContainer::ReplicaHandler: got replica of live:so:RichPresence:11961235@cabin-lw-nl-17/auth_3 (~494b)
14:51:26.939      NET| CL_SOContainer::ReplicaHandler: got replica of live:so:RichPresence:3968256@cabin-lw-nl-17/auth_3 (~498b)
14:51:26.939      NET| CL_SOContainer::ReplicaHandler: got replica of live:so:RichPresence:3027709@cabin-lw-nl-17/auth_3 (~483b)
14:51:26.939      NET| CL_SOContainer::ReplicaHandler: got replica of live:so:RichPresence:2599753@cabin-lw-nl-17/auth_3 (~480b)
14:51:26.972      NET| CL_SOContainer::ReplicaHandler: got replica of live:so:RichPresence:4309561@cabin-lw-nl-17/auth_3 (~506b)
14:51:26.972      NET| CL_SOContainer::ReplicaHandler: got replica of live:so:RichPresence:11780529@cabin-lw-nl-17/auth_3 (~516b)
14:51:26.972      NET| CL_SOContainer::ReplicaHandler: got replica of live:so:RichPresence:6928978@cabin-lw-nl-17/auth_3 (~529b)
14:51:26.972      NET| CL_SOContainer::ReplicaHandler: got replica of live:so:RichPresence:5233487@cabin-lw-nl-17/auth_3 (~492b)
14:51:26.972      NET| CL_SOContainer::ReplicaHandler: got replica of live:so:RichPresence:10704968@cabin-lw-nl-17/auth_3 (~496b)
14:51:26.972      NET| CL_SOContainer::ReplicaHandler: got replica of live:so:RichPresence:1423449@cabin-lw-nl-17/auth_3 (~486b)
14:51:26.972      NET| CL_SOContainer::ReplicaHandler: got replica of live:so:RichPresence:3839373@cabin-lw-nl-17/auth_3 (~489b)
14:51:26.972      NET| CL_SOContainer::ReplicaHandler: got replica of live:so:RichPresence:2537492@cabin-lw-nl-17/auth_3 (~482b)
14:51:26.972      NET| CL_SOContainer::ReplicaHandler: got replica of live:so:RichPresence:4925938@cabin-lw-nl-17/auth_3 (~503b)
14:51:27.030      NET| CL_SOContainer::ReplicaHandler: got replica of live:so:RichPresence:7211359@cabin-lw-nl-17/auth_3 (~477b)
14:51:27.030      NET| CL_SOContainer::ReplicaHandler: got replica of live:so:RichPresence:5639886@cabin-lw-nl-17/auth_3 (~486b)
14:51:27.030      NET| CL_SOContainer::ReplicaHandler: got replica of live:so:RichPresence:3648744@cabin-lw-nl-17/auth_3 (~488b)
14:51:27.030      NET| CL_SOContainer::ReplicaHandler: got replica of live:so:RichPresence:1188947@cabin-lw-nl-17/auth_3 (~472b)
14:51:27.030      NET| CL_SOContainer::ReplicaHandler: got replica of live:so:RichPresence:10483801@cabin-lw-nl-17/auth_3 (~495b)
14:51:27.030      NET| CL_SOContainer::ReplicaHandler: got replica of live:so:RichPresence:10471556@cabin-lw-nl-17/auth_3 (~482b)
14:51:27.030      NET| CL_SOContainer::ReplicaHandler: got replica of live:so:RichPresence:6471644@cabin-lw-nl-17/auth_3 (~462b)
14:51:27.030      NET| CL_SOContainer::ReplicaHandler: got replica of live:so:RichPresence:1128853@cabin-lw-nl-17/auth_3 (~505b)
14:51:27.030      NET| CL_SOContainer::ReplicaHandler: got replica of live:so:RichPresence:7585151@cabin-lw-nl-17/auth_3 (~470b)
14:51:27.030      NET| CL_SOContainer::ReplicaHandler: got replica of live:so:RichPresence:11091037@cabin-lw-nl-17/auth_3 (~490b)
14:51:27.030      NET| CL_SOContainer::ReplicaHandler: got replica of live:so:RichPresence:4778315@cabin-lw-nl-17/auth_3 (~474b)
14:51:27.369      NET| CL_SOContainer::ReplicaHandler: got replica of live:so:RichPresence:2579964@cabin-lw-nl-17/auth_3 (~483b)
14:51:27.408      NET| CL_SOContainer::ReplicaHandler: got replica of live:so:RichPresence:3431885@cabin-lw-nl-17/auth_3 (~488b)
14:51:27.408      NET| CL_SOContainer::ReplicaHandler: got replica of live:so:RichPresence:6962172@cabin-lw-nl-17/auth_3 (~486b)
14:51:27.408      NET| CL_SOContainer::ReplicaHandler: got replica of live:so:RichPresence:3622901@cabin-lw-nl-17/auth_3 (~475b)
14:51:27.408      NET| CL_SOContainer::ReplicaHandler: got replica of live:so:RichPresence:6656432@cabin-lw-nl-17/auth_3 (~471b)
14:51:27.443      NET| CL_SOContainer::ReplicaHandler: got replica of live:so:RichPresence:11813610@cabin-lw-nl-17/auth_3 (~487b)
14:51:27.512      NET| CL_SOContainer::ReplicaHandler: got replica of live:so:RichPresence:1324121@cabin-lw-nl-17/auth_3 (~462b)
14:51:27.512      NET| CL_SOContainer::ReplicaHandler: got replica of live:so:RichPresence:7455785@cabin-lw-nl-17/auth_3 (~475b)
14:51:27.512      NET| CL_SOContainer::ReplicaHandler: got replica of live:so:RichPresence:2907156@cabin-lw-nl-17/auth_3 (~478b)
14:51:27.512      NET| CL_SOContainer::ReplicaHandler: got replica of live:so:RichPresence:2574699@cabin-lw-nl-17/auth_3 (~467b)
14:51:27.512      NET| CL_SOContainer::ReplicaHandler: got replica of live:so:RichPresence:12110010@cabin-lw-nl-17/auth_3 (~508b)
14:51:27.512      NET| CL_SOContainer::ReplicaHandler: got replica of live:so:RichPresence:4404333@cabin-lw-nl-17/auth_3 (~504b)
14:51:27.512      NET| CL_SOContainer::ReplicaHandler: got replica of live:so:RichPresence:11086268@cabin-lw-nl-17/auth_3 (~472b)
14:51:27.512      NET| CL_SOContainer::ReplicaHandler: got replica of live:so:RichPresence:2714878@cabin-lw-nl-17/auth_3 (~453b)
14:51:27.512      NET| CL_SOContainer::ReplicaHandler: got replica of live:so:RichPresence:6924792@cabin-lw-nl-17/auth_3 (~473b)
14:51:27.512      NET| CL_SOContainer::ReplicaHandler: got replica of live:so:RichPresence:7617264@cabin-lw-nl-17/auth_3 (~473b)
14:51:27.512      NET| CL_SOContainer::ReplicaHandler: got replica of live:so:RichPresence:7120042@cabin-lw-nl-17/auth_3 (~466b)
14:51:27.595      NET| CL_SOContainer::ReplicaHandler: got replica of live:so:RichPresence:56376@cabin-lw-nl-17/auth_3 (~479b)
14:51:27.595      NET| CL_SOContainer::ReplicaHandler: got replica of live:so:RichPresence:6265535@cabin-lw-nl-17/auth_3 (~481b)
14:51:27.595      NET| CL_SOContainer::ReplicaHandler: got replica of live:so:RichPresence:9336852@cabin-lw-nl-17/auth_3 (~494b)
14:51:27.595      NET| CL_SOContainer::ReplicaHandler: got replica of live:so:RichPresence:4814328@cabin-lw-nl-17/auth_3 (~473b)
14:51:28.181      NET| CL_SOContainer::ReplicaHandler: got PARTIAL(3) replica of live:so:SubscriptionList:4424378@cabin-lw-nl-17/auth_3 (~37b)
14:51:28.355      NET| TargemService::WebApiRequest(9): https://crank.crossout.net/live/NewsFeed/GetRecommendations?token=uoJDAAAAAABo6qDcgwlp0tV2_4yJAQAAtfvpjgRub25lBGxpdmU
14:51:28.716      NET| TargemService::WebApiRequest(9): finished with e = ErrorCode::OK (status 200)
14:52:46.226      NET| CL_SOContainer::ReplicaHandler: got replica of live:so:UserBlueprints:4424378@cabin-lw-nl-17/auth_3 (~43Kb)
14:52:48.181      NET| CL_SOContainer::ReplicaHandler: got PARTIAL(1) replica of live:so:EmoUser:4424378@cabin-lw-nl-17/auth_3 (~4.7Kb)
14:52:48.569      NET| CL_SOContainer::ReplicaHandler: got PARTIAL(1) replica of live:so:UserProfile:4424378@cabin-lw-nl-17/auth_3 (~4.7Kb)
14:52:51.321      NET| CL_SOContainer::ReplicaHandler: got PARTIAL(2) replica of live:so:RichPresence:4424378@cabin-lw-nl-17/auth_3 (~47b)
14:52:51.868      NET| CL_SOContainer::ReplicaHandler: got PARTIAL(1) replica of live:so:RichPresence:4424378@cabin-lw-nl-17/auth_3 (~24b)
14:52:52.697      NET| CL_SOContainer::ReplicaHandler: got PARTIAL(1) replica of live:so:RichPresence:4424378@cabin-lw-nl-17/auth_3 (~24b)
14:52:59.739      NET| CL_SOContainer::ReplicaHandler: got replica of live:so:RichPresence:9453215@cabin-lw-nl-17/auth_3 (~507b)
14:52:59.772      NET| CL_SOContainer::ReplicaHandler: got replica of live:so:RichPresence:3939844@cabin-lw-nl-17/auth_3 (~470b)
14:52:59.773      NET| CL_SOContainer::ReplicaHandler: got replica of live:so:RichPresence:12573874@cabin-lw-nl-17/auth_3 (~502b)
14:52:59.773      NET| CL_SOContainer::ReplicaHandler: got replica of live:so:RichPresence:105666@cabin-lw-nl-17/auth_3 (~479b)
14:52:59.773      NET| CL_SOContainer::ReplicaHandler: got replica of live:so:RichPresence:12419591@cabin-lw-nl-17/auth_3 (~507b)
14:52:59.773      NET| CL_SOContainer::ReplicaHandler: got replica of live:so:RichPresence:7230705@cabin-lw-nl-17/auth_3 (~505b)
14:52:59.773      NET| CL_SOContainer::ReplicaHandler: got replica of live:so:RichPresence:5257738@cabin-lw-nl-17/auth_3 (~471b)
14:52:59.774      NET| CL_SOContainer::ReplicaHandler: got replica of live:so:RichPresence:7152378@cabin-lw-nl-17/auth_3 (~481b)
14:53:21.256      NET| CL_SOContainer::ReplicaHandler: got PARTIAL(2) replica of live:so:RichPresence:7152378@cabin-lw-nl-17/auth_3 (~47b)
14:53:22.457      NET| CL_SOContainer::ReplicaHandler: got PARTIAL(2) replica of live:so:RichPresence:3939844@cabin-lw-nl-17/auth_3 (~47b)
14:53:27.451      NET| CL_SOContainer::ReplicaHandler: got PARTIAL(2) replica of live:so:RichPresence:3939844@cabin-lw-nl-17/auth_3 (~47b)
14:54:27.043      NET| CL_SOContainer::ReplicaHandler: got replica of live:so:RichPresence:5157200@cabin-lw-nl-17/auth_3 (~501b)
14:59:00.709      NET| CL_SOContainer::ReplicaHandler: got PARTIAL(1) replica of live:so:EmoUser:4424378@cabin-lw-nl-17/auth_3 (~81b)
15:04:54.415      NET| CL_SOContainer::ReplicaHandler: got PARTIAL(2) replica of live:so:RichPresence:4778315@cabin-lw-nl-17/auth_3 (~47b)
15:05:31.716      NET| CL_SOContainer::ReplicaHandler: got PARTIAL(2) replica of live:so:RichPresence:4778315@cabin-lw-nl-17/auth_3 (~47b)
15:05:47.133      NET| CL_SOContainer::ReplicaHandler: got PARTIAL(1) replica of live:so:RichPresence:4778315@cabin-lw-nl-17/auth_3 (~27b)
15:05:49.271      NET| CL_SOContainer::ReplicaHandler: got PARTIAL(2) replica of live:so:RichPresence:4778315@cabin-lw-nl-17/auth_3 (~47b)
15:06:24.384      NET| TargemService::WebApiRequest(12): https://crank.crossout.net/live/Auth/RefreshToken?token=uoJDAAAAAABo6qDcgwlp0tV2_4yJAQAAtfvpjgRub25lBGxpdmU
15:06:24.819      NET| TargemService::WebApiRequest(12): finished with e = ErrorCode::OK (status 200)
15:06:24.819      NET| TargemService::SetAvailableProtoEndpoints: soServices: ["wss://crank.crossout.net/live/AuthProtoServer"], chats: ["wss://crank.crossout.net/live/ChatServiceProtoServer"]
15:06:31.891      NET| CL_SOContainer::ReplicaHandler: got PARTIAL(2) replica of live:so:RichPresence:4778315@cabin-lw-nl-17/auth_3 (~47b)
15:07:49.195      NET| CL_SOContainer::ReplicaHandler: got PARTIAL(2) replica of live:so:RichPresence:7349533@cabin-lw-nl-17/auth_3 (~47b)
15:09:13.473      NET| CL_SOContainer::ReplicaHandler: got replica of live:so:RichPresence:7407982@cabin-lw-nl-17/auth_3 (~486b)
15:10:05.575      NET| CL_SOContainer::ReplicaHandler: got replica of live:so:RichPresence:7230705@cabin-lw-nl-17/auth_3 (~505b)
15:10:05.576      NET| CL_SOContainer::ReplicaHandler: got replica of live:so:RichPresence:11310441@cabin-lw-nl-17/auth_3 (~509b)
15:10:05.576      NET| CL_SOContainer::ReplicaHandler: got replica of live:so:RichPresence:12157911@cabin-lw-nl-17/auth_3 (~493b)
15:10:05.576      NET| CL_SOContainer::ReplicaHandler: got replica of live:so:RichPresence:5257738@cabin-lw-nl-17/auth_3 (~471b)
15:10:05.576      NET| CL_SOContainer::ReplicaHandler: got replica of live:so:RichPresence:7401405@cabin-lw-nl-17/auth_3 (~461b)
15:10:05.576      NET| CL_SOContainer::ReplicaHandler: got replica of live:so:RichPresence:6553303@cabin-lw-nl-17/auth_3 (~484b)
15:10:05.603      NET| CL_SOContainer::ReplicaHandler: got replica of live:so:RichPresence:5211568@cabin-lw-nl-17/auth_3 (~502b)
15:10:05.603      NET| CL_SOContainer::ReplicaHandler: got replica of live:so:RichPresence:12573874@cabin-lw-nl-17/auth_3 (~502b)
15:10:06.939      NET| CL_SOContainer::ReplicaHandler: got replica of live:so:RichPresence:7603800@cabin-lw-nl-17/auth_3 (~473b)
15:10:07.712      NET| CL_SOContainer::ReplicaHandler: got PARTIAL(1) replica of live:so:RichPresence:7603800@cabin-lw-nl-17/auth_3 (~24b)
15:10:53.918      NET| CL_SOContainer::ReplicaHandler: got PARTIAL(2) replica of live:so:RichPresence:7349533@cabin-lw-nl-17/auth_3 (~47b)
15:11:04.571      NET| CL_SOContainer::ReplicaHandler: got PARTIAL(1) replica of live:so:Achievements:4424378@cabin-lw-nl-17/auth_3 (~66b)
15:11:04.571      NET| CL_SOContainer::ReplicaHandler: got PARTIAL(4) replica of live:so:EmoUser:4424378@cabin-lw-nl-17/auth_3 (~168b)
15:11:04.641      NET| CL_SOContainer::ReplicaHandler: got PARTIAL(2) replica of live:so:RichPresence:4424378@cabin-lw-nl-17/auth_3 (~47b)
15:11:04.855      NET| CL_SOContainer::ReplicaHandler: got PARTIAL(3) replica of live:so:UserProfile:4424378@cabin-lw-nl-17/auth_3 (~252b)
15:11:05.683      NET| CL_SOContainer::ReplicaHandler: got PARTIAL(3) replica of live:so:SubscriptionList:4424378@cabin-lw-nl-17/auth_3 (~37b)
15:11:06.421      NET| CL_SOContainer::ReplicaHandler: got replica of live:so:UserBlueprints:4424378@cabin-lw-nl-17/auth_3 (~43Kb)
15:11:07.391      NET| CL_SOContainer::ReplicaHandler: got PARTIAL(1) replica of live:so:EmoUser:4424378@cabin-lw-nl-17/auth_3 (~6.1Kb)
15:11:07.419      NET| CL_SOContainer::ReplicaHandler: got PARTIAL(1) replica of live:so:UserProfile:4424378@cabin-lw-nl-17/auth_3 (~6.1Kb)
15:11:08.380      NET| CL_SOContainer::ReplicaHandler: got PARTIAL(1) replica of live:so:RichPresence:4424378@cabin-lw-nl-17/auth_3 (~24b)
15:11:08.776      NET| CL_SOContainer::ReplicaHandler: got PARTIAL(1) replica of live:so:RichPresence:4424378@cabin-lw-nl-17/auth_3 (~24b)
15:11:09.442      NET| CL_SOContainer::ReplicaHandler: got PARTIAL(1) replica of live:so:RichPresence:4424378@cabin-lw-nl-17/auth_3 (~24b)
15:11:11.617      NET| CL_SOContainer::ReplicaHandler: got replica of live:so:RichPresence:13557622@cabin-lw-nl-17/auth_3 (~485b)
15:11:13.185      NET| CL_SOContainer::ReplicaHandler: got PARTIAL(4) replica of live:so:EmoUser:4424378@cabin-lw-nl-17/auth_3 (~168b)
15:11:13.253      NET| CL_SOContainer::ReplicaHandler: got PARTIAL(2) replica of live:so:UserProfile:4424378@cabin-lw-nl-17/auth_3 (~186b)
15:11:13.290      NET| CL_SOContainer::ReplicaHandler: got PARTIAL(1) replica of live:so:RichPresence:4424378@cabin-lw-nl-17/auth_3 (~24b)
15:11:14.013      NET| CL_SOContainer::ReplicaHandler: got PARTIAL(3) replica of live:so:SubscriptionList:4424378@cabin-lw-nl-17/auth_3 (~37b)
15:11:15.011      NET| CL_SOContainer::ReplicaHandler: got PARTIAL(1) replica of live:so:RichPresence:4424378@cabin-lw-nl-17/auth_3 (~24b)
15:11:15.254      NET| CL_SOContainer::ReplicaHandler: got PARTIAL(1) replica of live:so:RichPresence:4424378@cabin-lw-nl-17/auth_3 (~24b)
15:11:15.967      NET| CL_SOContainer::ReplicaHandler: got PARTIAL(1) replica of live:so:RichPresence:4424378@cabin-lw-nl-17/auth_3 (~24b)
15:11:17.177      NET| CL_SOContainer::ReplicaHandler: got replica of live:so:RichPresence:11767420@cabin-lw-nl-17/auth_3 (~501b)
15:11:19.285      NET| CL_SOContainer::ReplicaHandler: got PARTIAL(4) replica of live:so:EmoUser:4424378@cabin-lw-nl-17/auth_3 (~168b)
15:11:19.394      NET| CL_SOContainer::ReplicaHandler: got PARTIAL(2) replica of live:so:UserProfile:4424378@cabin-lw-nl-17/auth_3 (~186b)
15:11:19.464      NET| CL_SOContainer::ReplicaHandler: got PARTIAL(1) replica of live:so:RichPresence:4424378@cabin-lw-nl-17/auth_3 (~24b)
15:11:20.048      NET| CL_SOContainer::ReplicaHandler: got PARTIAL(3) replica of live:so:SubscriptionList:4424378@cabin-lw-nl-17/auth_3 (~37b)
15:11:21.035      NET| CL_SOContainer::ReplicaHandler: got PARTIAL(2) replica of live:so:RichPresence:4424378@cabin-lw-nl-17/auth_3 (~47b)
15:11:21.275      NET| CL_SOContainer::ReplicaHandler: got PARTIAL(1) replica of live:so:RichPresence:4424378@cabin-lw-nl-17/auth_3 (~24b)
15:11:21.972      NET| CL_SOContainer::ReplicaHandler: got PARTIAL(1) replica of live:so:RichPresence:4424378@cabin-lw-nl-17/auth_3 (~24b)
15:11:23.095      NET| CL_SOContainer::ReplicaHandler: got replica of live:so:RichPresence:12573874@cabin-lw-nl-17/auth_3 (~502b)
15:11:23.096      NET| CL_SOContainer::ReplicaHandler: got replica of live:so:RichPresence:13413063@cabin-lw-nl-17/auth_3 (~480b)
15:11:23.096      NET| CL_SOContainer::ReplicaHandler: got replica of live:so:RichPresence:11310441@cabin-lw-nl-17/auth_3 (~509b)
15:11:23.096      NET| CL_SOContainer::ReplicaHandler: got replica of live:so:RichPresence:12157911@cabin-lw-nl-17/auth_3 (~493b)
15:11:23.096      NET| CL_SOContainer::ReplicaHandler: got replica of live:so:RichPresence:7401405@cabin-lw-nl-17/auth_3 (~461b)
15:11:23.096      NET| CL_SOContainer::ReplicaHandler: got replica of live:so:RichPresence:7603800@cabin-lw-nl-17/auth_3 (~473b)
15:11:23.096      NET| CL_SOContainer::ReplicaHandler: got replica of live:so:RichPresence:5257738@cabin-lw-nl-17/auth_3 (~471b)
15:11:23.096      NET| CL_SOContainer::ReplicaHandler: got replica of live:so:RichPresence:12419591@cabin-lw-nl-17/auth_3 (~507b)
15:11:23.515      NET| CL_SOContainer::ReplicaHandler: got PARTIAL(1) replica of live:so:RichPresence:11767420@cabin-lw-nl-17/auth_3 (~24b)
15:11:27.076      NET| CL_SOContainer::ReplicaHandler: got PARTIAL(1) replica of live:so:RichPresence:11767420@cabin-lw-nl-17/auth_3 (~24b)
15:11:27.319      NET| CL_SOContainer::ReplicaHandler: got PARTIAL(1) replica of live:so:RichPresence:11767420@cabin-lw-nl-17/auth_3 (~24b)
15:11:27.960      NET| CL_SOContainer::ReplicaHandler: got PARTIAL(1) replica of live:so:RichPresence:11767420@cabin-lw-nl-17/auth_3 (~24b)
15:11:32.905      NET| CL_SOContainer::ReplicaHandler: got PARTIAL(2) replica of live:so:RichPresence:11767420@cabin-lw-nl-17/auth_3 (~47b)
15:11:35.098      NET| CL_SOContainer::ReplicaHandler: got PARTIAL(1) replica of live:so:RichPresence:11767420@cabin-lw-nl-17/auth_3 (~24b)
15:11:35.369      NET| CL_SOContainer::ReplicaHandler: got PARTIAL(1) replica of live:so:RichPresence:11767420@cabin-lw-nl-17/auth_3 (~24b)
15:11:36.030      NET| CL_SOContainer::ReplicaHandler: got PARTIAL(1) replica of live:so:RichPresence:11767420@cabin-lw-nl-17/auth_3 (~24b)
15:11:59.499      NET| CL_SOContainer::ReplicaHandler: got replica of live:so:RichPresence:12936562@cabin-lw-nl-17/auth_3 (~477b)
15:12:27.854      NET| CL_SOContainer::ReplicaHandler: got replica of live:so:RichPresence:13413063@cabin-lw-nl-17/auth_3 (~480b)
15:12:27.854      NET| CL_SOContainer::ReplicaHandler: got replica of live:so:RichPresence:7603800@cabin-lw-nl-17/auth_3 (~473b)
15:12:27.854      NET| CL_SOContainer::ReplicaHandler: got replica of live:so:RichPresence:12419591@cabin-lw-nl-17/auth_3 (~507b)
15:12:27.854      NET| CL_SOContainer::ReplicaHandler: got replica of live:so:RichPresence:12157911@cabin-lw-nl-17/auth_3 (~493b)
15:12:27.854      NET| CL_SOContainer::ReplicaHandler: got replica of live:so:RichPresence:7401405@cabin-lw-nl-17/auth_3 (~461b)
15:12:27.854      NET| CL_SOContainer::ReplicaHandler: got replica of live:so:RichPresence:11310441@cabin-lw-nl-17/auth_3 (~509b)
15:12:27.854      NET| CL_SOContainer::ReplicaHandler: got replica of live:so:RichPresence:5257738@cabin-lw-nl-17/auth_3 (~471b)
15:12:27.854      NET| CL_SOContainer::ReplicaHandler: got replica of live:so:RichPresence:12573874@cabin-lw-nl-17/auth_3 (~502b)
15:15:32.376      NET| CL_SOContainer::ReplicaHandler: got replica of live:so:RichPresence:11310441@cabin-lw-nl-17/auth_3 (~509b)
15:15:32.376      NET| CL_SOContainer::ReplicaHandler: got replica of live:so:RichPresence:5257738@cabin-lw-nl-17/auth_3 (~471b)
15:15:32.376      NET| CL_SOContainer::ReplicaHandler: got replica of live:so:RichPresence:12157911@cabin-lw-nl-17/auth_3 (~493b)
15:15:32.376      NET| CL_SOContainer::ReplicaHandler: got replica of live:so:RichPresence:12419591@cabin-lw-nl-17/auth_3 (~507b)
15:15:32.376      NET| CL_SOContainer::ReplicaHandler: got replica of live:so:RichPresence:13413063@cabin-lw-nl-17/auth_3 (~480b)
15:15:32.376      NET| CL_SOContainer::ReplicaHandler: got replica of live:so:RichPresence:8562184@cabin-lw-nl-17/auth_3 (~488b)
15:15:32.376      NET| CL_SOContainer::ReplicaHandler: got replica of live:so:RichPresence:12573874@cabin-lw-nl-17/auth_3 (~502b)
15:15:32.376      NET| CL_SOContainer::ReplicaHandler: got replica of live:so:RichPresence:7603800@cabin-lw-nl-17/auth_3 (~473b)
15:16:48.563      NET| CL_SOContainer::ReplicaHandler: got replica of live:so:RichPresence:8562184@cabin-lw-nl-17/auth_3 (~488b)
15:18:30.257      NET| CL_SOContainer::ReplicaHandler: got PARTIAL(2) replica of live:so:RichPresence:4424378@cabin-lw-nl-17/auth_3 (~47b)
15:18:30.337      NET| CL_SOContainer::ReplicaHandler: got PARTIAL(1) replica of live:so:Achievements:4424378@cabin-lw-nl-17/auth_3 (~66b)
15:18:30.338      NET| CL_SOContainer::ReplicaHandler: got PARTIAL(4) replica of live:so:EmoUser:4424378@cabin-lw-nl-17/auth_3 (~168b)
15:18:30.689      NET| CL_SOContainer::ReplicaHandler: got PARTIAL(3) replica of live:so:UserProfile:4424378@cabin-lw-nl-17/auth_3 (~252b)
15:18:31.732      NET| CL_SOContainer::ReplicaHandler: got PARTIAL(3) replica of live:so:SubscriptionList:4424378@cabin-lw-nl-17/auth_3 (~37b)
15:18:44.538      NET| CL_SOContainer::ReplicaHandler: got PARTIAL(2) replica of live:so:RichPresence:4778315@cabin-lw-nl-17/auth_3 (~47b)
15:19:40.738      NET| CL_SOContainer::ReplicaHandler: got replica of live:so:UserBlueprints:4424378@cabin-lw-nl-17/auth_3 (~43Kb)
15:19:42.629      NET| CL_SOContainer::ReplicaHandler: got PARTIAL(1) replica of live:so:EmoUser:4424378@cabin-lw-nl-17/auth_3 (~4.7Kb)
15:19:43.009      NET| CL_SOContainer::ReplicaHandler: got PARTIAL(1) replica of live:so:UserProfile:4424378@cabin-lw-nl-17/auth_3 (~4.7Kb)
15:19:44.429      NET| CL_SOContainer::ReplicaHandler: got PARTIAL(2) replica of live:so:RichPresence:4424378@cabin-lw-nl-17/auth_3 (~47b)
15:19:44.813      NET| CL_SOContainer::ReplicaHandler: got PARTIAL(1) replica of live:so:RichPresence:4424378@cabin-lw-nl-17/auth_3 (~24b)
15:19:45.479      NET| CL_SOContainer::ReplicaHandler: got PARTIAL(1) replica of live:so:RichPresence:4424378@cabin-lw-nl-17/auth_3 (~24b)
15:19:47.516      NET| CL_SOContainer::ReplicaHandler: got replica of live:so:RichPresence:7399909@cabin-lw-nl-17/auth_3 (~474b)
15:19:47.516      NET| CL_SOContainer::ReplicaHandler: got replica of live:so:RichPresence:13557622@cabin-lw-nl-17/auth_3 (~485b)
15:19:47.551      NET| CL_SOContainer::ReplicaHandler: got replica of live:so:RichPresence:10221870@cabin-lw-nl-17/auth_3 (~497b)
15:20:27.860      NET| CL_SOContainer::ReplicaHandler: got replica of live:so:RichPresence:8192947@cabin-lw-nl-17/auth_3 (~481b)
15:20:46.244      NET| CL_SOContainer::ReplicaHandler: got PARTIAL(2) replica of live:so:RichPresence:10221870@cabin-lw-nl-17/auth_3 (~47b)
15:21:05.667      NET| CL_SOContainer::ReplicaHandler: got replica of live:so:RichPresence:7399909@cabin-lw-nl-17/auth_3 (~474b)
15:21:09.073      NET| CL_SOContainer::ReplicaHandler: got PARTIAL(1) replica of live:so:FriendList:4424378@cabin-lw-nl-17/auth_3 (~116b)
15:21:14.906      NET| CL_SOContainer::ReplicaHandler: got PARTIAL(4) replica of live:so:EmoUser:4424378@cabin-lw-nl-17/auth_3 (~168b)
15:21:14.941      NET| CL_SOContainer::ReplicaHandler: got PARTIAL(1) replica of live:so:Achievements:4424378@cabin-lw-nl-17/auth_3 (~66b)
15:21:15.011      NET| CL_SOContainer::ReplicaHandler: got PARTIAL(2) replica of live:so:RichPresence:4424378@cabin-lw-nl-17/auth_3 (~47b)
15:21:15.315      NET| CL_SOContainer::ReplicaHandler: got PARTIAL(3) replica of live:so:UserProfile:4424378@cabin-lw-nl-17/auth_3 (~252b)
15:21:16.039      NET| CL_SOContainer::ReplicaHandler: got PARTIAL(3) replica of live:so:SubscriptionList:4424378@cabin-lw-nl-17/auth_3 (~37b)
15:21:17.483      NET| CL_SOContainer::ReplicaHandler: got PARTIAL(1) replica of live:so:RichPresence:4424378@cabin-lw-nl-17/auth_3 (~24b)
15:21:17.870      NET| CL_SOContainer::ReplicaHandler: got PARTIAL(1) replica of live:so:RichPresence:4424378@cabin-lw-nl-17/auth_3 (~24b)
15:21:18.585      NET| CL_SOContainer::ReplicaHandler: got PARTIAL(1) replica of live:so:RichPresence:4424378@cabin-lw-nl-17/auth_3 (~24b)
15:21:20.484      NET| CL_SOContainer::ReplicaHandler: got replica of live:so:RichPresence:12573874@cabin-lw-nl-17/auth_3 (~502b)
15:21:20.484      NET| CL_SOContainer::ReplicaHandler: got replica of live:so:RichPresence:9299428@cabin-lw-nl-17/auth_3 (~482b)
15:21:20.484      NET| CL_SOContainer::ReplicaHandler: got replica of live:so:RichPresence:11310441@cabin-lw-nl-17/auth_3 (~509b)
15:21:20.484      NET| CL_SOContainer::ReplicaHandler: got replica of live:so:RichPresence:10350394@cabin-lw-nl-17/auth_3 (~496b)
15:21:20.484      NET| CL_SOContainer::ReplicaHandler: got replica of live:so:RichPresence:5257738@cabin-lw-nl-17/auth_3 (~471b)
15:21:20.484      NET| CL_SOContainer::ReplicaHandler: got replica of live:so:RichPresence:12157911@cabin-lw-nl-17/auth_3 (~493b)
15:21:20.484      NET| CL_SOContainer::ReplicaHandler: got replica of live:so:RichPresence:7230705@cabin-lw-nl-17/auth_3 (~505b)
15:21:20.519      NET| CL_SOContainer::ReplicaHandler: got replica of live:so:RichPresence:8562184@cabin-lw-nl-17/auth_3 (~488b)
15:21:23.716      NET| CL_SOContainer::ReplicaHandler: got PARTIAL(1) replica of live:so:EmoUser:4424378@cabin-lw-nl-17/auth_3 (~39b)
15:21:24.821      NET| TargemService::WebApiRequest(14): https://crank.crossout.net/live/Auth/RefreshToken?token=uoJDAAAAAAA3J9hOjP8lkzQ0DY2JAQAAtfvpjgRub25lBGxpdmU
15:21:25.148      NET| TargemService::WebApiRequest(14): finished with e = ErrorCode::OK (status 200)
15:21:25.148      NET| TargemService::SetAvailableProtoEndpoints: soServices: ["wss://crank.crossout.net/live/AuthProtoServer"], chats: ["wss://crank.crossout.net/live/ChatServiceProtoServer"]
15:23:21.859      NET| CL_SOContainer::ReplicaHandler: got replica of live:so:RichPresence:9299428@cabin-lw-nl-17/auth_3 (~482b)
15:24:33.469      NET| CL_SOContainer::ReplicaHandler: got replica of live:so:RichPresence:5005854@cabin-lw-nl-17/auth_3 (~489b)
15:25:22.351      NET| CL_SOContainer::ReplicaHandler: got PARTIAL(4) replica of live:so:EmoUser:4424378@cabin-lw-nl-17/auth_3 (~168b)
15:25:22.421      NET| CL_SOContainer::ReplicaHandler: got PARTIAL(2) replica of live:so:RichPresence:4424378@cabin-lw-nl-17/auth_3 (~47b)
15:25:22.772      NET| CL_SOContainer::ReplicaHandler: got PARTIAL(3) replica of live:so:UserProfile:4424378@cabin-lw-nl-17/auth_3 (~252b)
15:25:23.498      NET| CL_SOContainer::ReplicaHandler: got PARTIAL(3) replica of live:so:SubscriptionList:4424378@cabin-lw-nl-17/auth_3 (~37b)
15:25:24.146      NET| CL_SOContainer::ReplicaHandler: got replica of live:so:UserBlueprints:4424378@cabin-lw-nl-17/auth_3 (~43Kb)
15:25:25.323      NET| CL_SOContainer::ReplicaHandler: got PARTIAL(1) replica of live:so:EmoUser:4424378@cabin-lw-nl-17/auth_3 (~6.1Kb)
15:25:25.385      NET| CL_SOContainer::ReplicaHandler: got PARTIAL(1) replica of live:so:UserProfile:4424378@cabin-lw-nl-17/auth_3 (~6.1Kb)
15:25:27.452      NET| CL_SOContainer::ReplicaHandler: got PARTIAL(1) replica of live:so:RichPresence:4424378@cabin-lw-nl-17/auth_3 (~24b)
15:25:27.727      NET| CL_SOContainer::ReplicaHandler: got PARTIAL(1) replica of live:so:RichPresence:4424378@cabin-lw-nl-17/auth_3 (~24b)
15:25:28.353      NET| CL_SOContainer::ReplicaHandler: got PARTIAL(1) replica of live:so:RichPresence:4424378@cabin-lw-nl-17/auth_3 (~24b)
15:26:02.634      NET| CL_SOContainer::ReplicaHandler: got PARTIAL(2) replica of live:so:RichPresence:7399909@cabin-lw-nl-17/auth_3 (~47b)
15:26:15.137      NET| CL_SOContainer::ReplicaHandler: got PARTIAL(1) replica of live:so:RichPresence:7399909@cabin-lw-nl-17/auth_3 (~24b)
15:26:40.831      NET| CL_SOContainer::ReplicaHandler: got PARTIAL(2) replica of live:so:RichPresence:7399909@cabin-lw-nl-17/auth_3 (~47b)
15:26:43.649      NET| CL_SOContainer::ReplicaHandler: got replica of live:so:RichPresence:8192947@cabin-lw-nl-17/auth_3 (~481b)
15:27:28.751      NET| CL_SOContainer::ReplicaHandler: got replica of live:so:RichPresence:6379586@cabin-lw-nl-17/auth_3 (~472b)
15:28:20.156      NET| CL_SOContainer::ReplicaHandler: got replica of live:so:RichPresence:8192947@cabin-lw-nl-17/auth_3 (~481b)
15:28:22.019      NET| CL_SOContainer::ReplicaHandler: got replica of live:so:RichPresence:10350394@cabin-lw-nl-17/auth_3 (~496b)
15:28:22.333      NET| CL_SOContainer::ReplicaHandler: got replica of live:so:RichPresence:11310441@cabin-lw-nl-17/auth_3 (~509b)
15:28:22.333      NET| CL_SOContainer::ReplicaHandler: got replica of live:so:RichPresence:12351302@cabin-lw-nl-17/auth_3 (~466b)
15:28:22.333      NET| CL_SOContainer::ReplicaHandler: got replica of live:so:RichPresence:12573874@cabin-lw-nl-17/auth_3 (~502b)
15:28:22.333      NET| CL_SOContainer::ReplicaHandler: got replica of live:so:RichPresence:7230705@cabin-lw-nl-17/auth_3 (~505b)
15:28:22.333      NET| CL_SOContainer::ReplicaHandler: got replica of live:so:RichPresence:6379586@cabin-lw-nl-17/auth_3 (~472b)
15:28:22.333      NET| CL_SOContainer::ReplicaHandler: got replica of live:so:RichPresence:8562184@cabin-lw-nl-17/auth_3 (~488b)
15:28:39.992      NET| CL_SOContainer::ReplicaHandler: got replica of live:so:RichPresence:6553303@cabin-lw-nl-17/auth_3 (~484b)
15:29:16.791      NET| CL_SOContainer::ReplicaHandler: got PARTIAL(2) replica of live:so:RichPresence:7399909@cabin-lw-nl-17/auth_3 (~47b)
15:29:16.865      NET| CL_SOContainer::ReplicaHandler: got PARTIAL(1) replica of live:so:RichPresence:7399909@cabin-lw-nl-17/auth_3 (~24b)
15:29:17.525      NET| CL_SOContainer::ReplicaHandler: got PARTIAL(1) replica of live:so:RichPresence:7399909@cabin-lw-nl-17/auth_3 (~24b)
15:29:41.446      NET| CL_SOContainer::ReplicaHandler: got replica of live:so:RichPresence:10350394@cabin-lw-nl-17/auth_3 (~496b)
15:29:41.744      NET| CL_SOContainer::ReplicaHandler: got replica of live:so:RichPresence:8192947@cabin-lw-nl-17/auth_3 (~481b)
15:29:41.786      NET| CL_SOContainer::ReplicaHandler: got replica of live:so:RichPresence:6553303@cabin-lw-nl-17/auth_3 (~484b)
15:29:41.786      NET| CL_SOContainer::ReplicaHandler: got replica of live:so:RichPresence:12573874@cabin-lw-nl-17/auth_3 (~502b)
15:29:41.786      NET| CL_SOContainer::ReplicaHandler: got replica of live:so:RichPresence:8562184@cabin-lw-nl-17/auth_3 (~488b)
15:29:41.786      NET| CL_SOContainer::ReplicaHandler: got replica of live:so:RichPresence:7230705@cabin-lw-nl-17/auth_3 (~505b)
15:29:41.819      NET| CL_SOContainer::ReplicaHandler: got replica of live:so:RichPresence:11310441@cabin-lw-nl-17/auth_3 (~509b)
15:29:43.857      NET| CL_SOContainer::ReplicaHandler: got replica of live:so:RichPresence:7401405@cabin-lw-nl-17/auth_3 (~461b)
15:29:47.868      NET| CL_SOContainer::ReplicaHandler: got PARTIAL(2) replica of live:so:RichPresence:7399909@cabin-lw-nl-17/auth_3 (~47b)
15:29:57.838      NET| CL_SOContainer::ReplicaHandler: got PARTIAL(1) replica of live:so:RichPresence:7399909@cabin-lw-nl-17/auth_3 (~24b)
15:29:57.936      NET| CL_SOContainer::ReplicaHandler: got PARTIAL(1) replica of live:so:RichPresence:7399909@cabin-lw-nl-17/auth_3 (~24b)
15:29:58.483      NET| CL_SOContainer::ReplicaHandler: got PARTIAL(1) replica of live:so:RichPresence:7399909@cabin-lw-nl-17/auth_3 (~24b)
15:30:09.717      NET| CL_SOContainer::ReplicaHandler: got PARTIAL(2) replica of live:so:RichPresence:7399909@cabin-lw-nl-17/auth_3 (~47b)
15:30:13.218      NET| CL_SOContainer::ReplicaHandler: got PARTIAL(1) replica of live:so:RichPresence:7399909@cabin-lw-nl-17/auth_3 (~24b)
15:30:13.465      NET| CL_SOContainer::ReplicaHandler: got PARTIAL(1) replica of live:so:RichPresence:7399909@cabin-lw-nl-17/auth_3 (~24b)
15:30:14.143      NET| CL_SOContainer::ReplicaHandler: got PARTIAL(1) replica of live:so:RichPresence:7399909@cabin-lw-nl-17/auth_3 (~24b)
15:30:23.078      NET| CL_SOContainer::ReplicaHandler: got PARTIAL(1) replica of live:so:RichPresence:7399909@cabin-lw-nl-17/auth_3 (~24b)
15:30:25.953      NET| CL_SOContainer::ReplicaHandler: got replica of live:so:RichPresence:10350394@cabin-lw-nl-17/auth_3 (~496b)
15:30:26.206      NET| CL_SOContainer::ReplicaHandler: got PARTIAL(2) replica of live:so:RichPresence:7399909@cabin-lw-nl-17/auth_3 (~47b)
15:30:26.279      NET| CL_SOContainer::ReplicaHandler: got replica of live:so:RichPresence:12573874@cabin-lw-nl-17/auth_3 (~502b)
15:30:26.279      NET| CL_SOContainer::ReplicaHandler: got replica of live:so:RichPresence:8562184@cabin-lw-nl-17/auth_3 (~488b)
15:30:26.279      NET| CL_SOContainer::ReplicaHandler: got replica of live:so:RichPresence:5257738@cabin-lw-nl-17/auth_3 (~471b)
15:30:26.279      NET| CL_SOContainer::ReplicaHandler: got replica of live:so:RichPresence:7230705@cabin-lw-nl-17/auth_3 (~505b)
15:30:26.279      NET| CL_SOContainer::ReplicaHandler: got replica of live:so:RichPresence:11310441@cabin-lw-nl-17/auth_3 (~509b)
15:30:26.310      NET| CL_SOContainer::ReplicaHandler: got replica of live:so:RichPresence:6553303@cabin-lw-nl-17/auth_3 (~484b)
15:30:26.310      NET| CL_SOContainer::ReplicaHandler: got replica of live:so:RichPresence:8192947@cabin-lw-nl-17/auth_3 (~481b)
15:30:26.420      NET| CL_SOContainer::ReplicaHandler: got PARTIAL(1) replica of live:so:RichPresence:7399909@cabin-lw-nl-17/auth_3 (~24b)
15:30:26.965      NET| CL_SOContainer::ReplicaHandler: got PARTIAL(1) replica of live:so:RichPresence:7399909@cabin-lw-nl-17/auth_3 (~24b)
15:30:39.475      NET| CL_SOContainer::ReplicaHandler: got PARTIAL(1) replica of live:so:RichPresence:7399909@cabin-lw-nl-17/auth_3 (~24b)
15:30:45.221      NET| CL_SOContainer::ReplicaHandler: got PARTIAL(2) replica of live:so:RichPresence:7399909@cabin-lw-nl-17/auth_3 (~47b)
15:30:45.461      NET| CL_SOContainer::ReplicaHandler: got PARTIAL(1) replica of live:so:RichPresence:7399909@cabin-lw-nl-17/auth_3 (~24b)
15:30:46.044      NET| CL_SOContainer::ReplicaHandler: got PARTIAL(1) replica of live:so:RichPresence:7399909@cabin-lw-nl-17/auth_3 (~24b)
15:30:47.216      NET| CL_SOContainer::ReplicaHandler: got PARTIAL(2) replica of live:so:RichPresence:6553303@cabin-lw-nl-17/auth_3 (~47b)
15:30:55.861      NET| CL_SOContainer::ReplicaHandler: got PARTIAL(1) replica of live:so:RichPresence:6553303@cabin-lw-nl-17/auth_3 (~24b)
15:30:55.937      NET| CL_SOContainer::ReplicaHandler: got PARTIAL(1) replica of live:so:RichPresence:6553303@cabin-lw-nl-17/auth_3 (~24b)
15:30:56.559      NET| CL_SOContainer::ReplicaHandler: got PARTIAL(1) replica of live:so:RichPresence:6553303@cabin-lw-nl-17/auth_3 (~24b)
15:31:47.579      NET| CL_SOContainer::ReplicaHandler: got replica of live:so:RichPresence:10350394@cabin-lw-nl-17/auth_3 (~496b)
15:31:47.894      NET| CL_SOContainer::ReplicaHandler: got replica of live:so:RichPresence:11310441@cabin-lw-nl-17/auth_3 (~509b)
15:31:47.894      NET| CL_SOContainer::ReplicaHandler: got replica of live:so:RichPresence:5257738@cabin-lw-nl-17/auth_3 (~471b)
15:31:47.894      NET| CL_SOContainer::ReplicaHandler: got replica of live:so:RichPresence:12351302@cabin-lw-nl-17/auth_3 (~466b)
15:31:47.894      NET| CL_SOContainer::ReplicaHandler: got replica of live:so:RichPresence:8562184@cabin-lw-nl-17/auth_3 (~488b)
15:31:47.894      NET| CL_SOContainer::ReplicaHandler: got replica of live:so:RichPresence:13413063@cabin-lw-nl-17/auth_3 (~480b)
15:31:47.894      NET| CL_SOContainer::ReplicaHandler: got replica of live:so:RichPresence:8192947@cabin-lw-nl-17/auth_3 (~481b)
15:31:47.930      NET| CL_SOContainer::ReplicaHandler: got replica of live:so:RichPresence:12573874@cabin-lw-nl-17/auth_3 (~502b)
15:31:48.038      NET| CL_SOContainer::ReplicaHandler: got replica of live:so:RichPresence:13451279@cabin-lw-nl-17/auth_3 (~489b)
15:31:48.859      NET| CL_SOContainer::ReplicaHandler: got PARTIAL(1) replica of live:so:RichPresence:13451279@cabin-lw-nl-17/auth_3 (~24b)
15:32:17.295      NET| CL_SOContainer::ReplicaHandler: got PARTIAL(2) replica of live:so:RichPresence:12351302@cabin-lw-nl-17/auth_3 (~47b)
15:32:17.981      NET| CL_SOContainer::ReplicaHandler: got replica of live:so:RichPresence:7401405@cabin-lw-nl-17/auth_3 (~461b)
15:32:32.095      NET| CL_SOContainer::ReplicaHandler: got PARTIAL(2) replica of live:so:RichPresence:9081862@cabin-lw-nl-17/auth_3 (~47b)
15:33:16.618      NET| CL_SOContainer::ReplicaHandler: got replica of live:so:RichPresence:6379586@cabin-lw-nl-17/auth_3 (~472b)
15:35:41.011      NET| CL_SOContainer::ReplicaHandler: got PARTIAL(2) replica of live:so:RichPresence:2599753@cabin-lw-nl-17/auth_3 (~47b)
15:36:17.291      NET| CL_SOContainer::ReplicaHandler: got PARTIAL(1) replica of live:so:Achievements:4424378@cabin-lw-nl-17/auth_3 (~66b)
15:36:17.335      NET| CL_SOContainer::ReplicaHandler: got PARTIAL(4) replica of live:so:EmoUser:4424378@cabin-lw-nl-17/auth_3 (~168b)
15:36:17.392      NET| CL_SOContainer::ReplicaHandler: got PARTIAL(2) replica of live:so:RichPresence:4424378@cabin-lw-nl-17/auth_3 (~47b)
15:36:17.672      NET| CL_SOContainer::ReplicaHandler: got PARTIAL(3) replica of live:so:UserProfile:4424378@cabin-lw-nl-17/auth_3 (~252b)
15:36:18.555      NET| CL_SOContainer::ReplicaHandler: got PARTIAL(3) replica of live:so:SubscriptionList:4424378@cabin-lw-nl-17/auth_3 (~37b)
15:36:25.156      NET| TargemService::WebApiRequest(15): https://crank.crossout.net/live/Auth/RefreshToken?token=uoJDAAAAAABznUgxVjCy7h_xGo2JAQAAtfvpjgRub25lBGxpdmU
15:36:25.691      NET| TargemService::WebApiRequest(15): finished with e = ErrorCode::OK (status 200)
15:36:25.691      NET| TargemService::SetAvailableProtoEndpoints: soServices: ["wss://crank.crossout.net/live/AuthProtoServer"], chats: ["wss://crank.crossout.net/live/ChatServiceProtoServer"]
15:36:29.006      NET| Outgoing ProtoMessageStat:
15:36:29.006      NET|   n:                                               name      count        cpm   bytesMax   bytesAvg     bytesTotal cRateTotal   cRateLZ4           cPart
15:36:29.006      NET|   0:                                       [system_msg]        120        2.6       117b        13b         1.60Kb 1.000      0.000      0.000
15:36:29.006      NET|   1:                             ChatProto::JoinChannel          8      0.175        97b        96b           770b 1.000      0.000      0.000
15:36:29.006      NET|   2:                            ChatProto::LeaveChannel          7      0.154        97b        97b           679b 1.000      0.000      0.000
15:36:29.006      NET|   3:                                 ChatProto::Whisper          4      0.088       131b       100b           400b 1.000      0.000      0.000
15:36:29.006      NET|   4:                                     ChatProto::Say          1      0.022       150b       150b           150b 1.000      0.000      0.000
15:36:29.006      NET|   5:                                    ChatProto::Auth          1      0.022       120b       120b           120b 1.000      0.000      0.000
15:36:29.006      NET|   6:                         ChatProto::UpdateBlockList          1      0.022        79b        79b            79b 1.000      0.000      0.000
15:36:29.006      NET| Incoming ProtoMessageStat:
15:36:29.006      NET|   n:                                               name      count        cpm   bytesMax   bytesAvg     bytesTotal cRateTotal   cRateLZ4           cPart
15:36:29.006      NET|   0:                                  ChatProto::SayMsg        765         17       422b       152b          114Kb 0.995      0.954      0.064
15:36:29.006      NET|   1:                            ChatProto::UserPunished         22      0.482       112b       112b          2.4Kb 1.000      0.000      0.000
15:36:29.006      NET|   2:                                       [system_msg]        119        2.6       270b        14b         1.65Kb 1.000      0.000      0.000
15:36:29.006      NET|   3:                           ChatProto::ChannelNotify         15      0.329       109b       108b         1.59Kb 1.000      0.000      0.000
15:36:29.006      NET|   4:                              ChatProto::WhisperMsg          6      0.132       163b       138b           830b 0.999      0.994      0.167
15:36:29.006      NET|   5:                               ChatProto::SystemMsg          1      0.022       199b       199b           199b 0.854      0.854      1.000
15:36:29.006      NET|   6:                                 ChatProto::AuthRes          1      0.022        81b        81b            81b 1.000      0.000      0.000
15:36:29.006      NET| TSConnectionManager::ChangeState: ONLINE -> DISCONNECTING
15:36:29.006      NET| TargemService: OnPeerDisconnected 'live|cabin-lw-nl-17/auth_3@000001FF03F604D0(out,ws,TLS,st=5)', outbound: yes
15:36:29.006      NET| TargemService: link.dcReasonIn: 'ErrorCode::NETWORK', link.dcReasonOut: 'ErrorCode::DISCONNECT_CLIENT_QUIT', current m_disconnectionError is 'ErrorCode::DISCONNECT_CLIENT_QUIT'
15:36:29.007      NET| ProtoServer::Disconnect: live|cabin-lw-nl-17/auth_3@000001FF03F604D0(out,ws,TLS,st=5), ErrorCode::DISCONNECT_CLIENT_QUIT
15:36:29.007      NET| TSAuthManager::ChangeState: ONLINE -> OFFLINE
15:36:29.007      NET| TSConnectionManager::ChangeState: DISCONNECTING -> OFFLINE
15:36:29.007      NET| Outgoing ProtoMessageStat:
15:36:29.007      NET|   n:                                               name      count        cpm   bytesMax   bytesAvg     bytesTotal cRateTotal   cRateLZ4           cPart
15:36:29.007      NET|   0:                                         RPCP::Call        127        2.8     1.37Kb       194b           24Kb 0.665      0.561      0.433
15:36:29.007      NET|   1:                         SOContainerP::CL_WantGhost        183        4.0        92b        91b           16Kb 1.000      0.000      0.000
15:36:29.007      NET|   2:                           SOContainerP::CL_Unghost        103        2.3        87b        87b          8.8Kb 1.000      0.000      0.000
15:36:29.007      NET|   3:                                       [system_msg]         86       1.89       121b        14b         1.21Kb 1.000      0.000      0.000
15:36:29.007      NET|   4:                GameDataP::UpdateDataStorageRequest          2      0.044       316b       307b           615b 0.763      0.763      1.000
15:36:29.007      NET|   5:           SOContainerP::EasyAntiCheatAuthChallenge          1      0.022       211b       211b           211b 1.000      0.000      0.000
15:36:29.007      NET|   6:                             SOContainerP::CL_LogIn          1      0.022       127b       127b           127b 1.000      0.000      0.000
15:36:29.007      NET| Incoming ProtoMessageStat:
15:36:29.007      NET|   n:                                               name      count        cpm   bytesMax   bytesAvg     bytesTotal cRateTotal   cRateLZ4           cPart
15:36:29.007      NET|   0:                                       RPCP::Result        127        2.8       56Kb     1.88Kb          238Kb 0.309      0.300      0.165
15:36:29.007      NET|   1:                              SOContainerP::Replica        302        6.6       24Kb       563b          166Kb 0.459      0.443      0.699
15:36:29.007      NET|   2:               GameDataP::UpdateDataStorageResponse          2      0.044      103Kb       52Kb          103Kb 0.154      0.154      1.000
15:36:29.007      NET|   3:                   SOContainerP::ClientNotification         35      0.768      4.6Kb       991b           34Kb 0.217      0.217      1.000
15:36:29.007      NET|   4:                               SOContainerP::Result        183        4.0        95b        94b           17Kb 1.000      0.000      0.000
15:36:29.007      NET|   5:                                       [system_msg]         84       1.84       288b        15b         1.25Kb 1.000      0.000      0.000
15:36:29.007      NET|   6:           SOContainerP::EasyAntiCheatAuthChallenge          1      0.022       207b       207b           207b 1.000      0.000      0.000
15:36:29.007      NET|   7:                          SOContainerP::LoginResult          1      0.022        93b        93b            93b 1.000      0.000      0.000
15:36:29.007      NET|   8:                   SOContainerP::SystemNotification          1      0.022        89b        89b            89b 1.000      0.000      0.000
15:36:30.750      NET| CachingFileDownloader: Shutdown. 0 in cache (dirty=0), 0 inflight
