
--- Date: 2023-7-26 (Wed Jul 2023) UTC+03:00

13:33:16.427         | CreateDevice() using 'NVIDIA GeForce GTX 1650' adapter
13:33:16.427         | Adapter vendorId:                0x10de
13:33:16.427         | Adapter deviceId:                0x1f99
13:33:16.428         | Adapter driver date:             20.7.2022
13:33:16.428         | Adapter driver version:          31.00.15.1691
13:33:16.428         | Adapter dedicated video memory:  4154458112
13:33:16.428         | Adapter dedicated system memory: 0
13:33:16.428         | Adapter shared system memory:    4209512448
13:33:16.549         | NvApi initialized. Interface version: NVidia Complete Version 1.10. Driver version: 51691. Build branch: r515_00
13:33:18.139         | Driver features:
13:33:18.139         | 	DriverConcurrentCreates: true
13:33:18.139         | 	DriverCommandLists: true
13:33:18.139         | 	MapNoOverwriteOnDynamicConstantBuffer: true
13:33:18.139         | 	MapNoOverwriteOnDynamicSrv: true
13:33:18.139         | Gpu counters activated
13:33:18.139         | 
13:33:18.139         | ------------ Autodetecting defaults ------------
13:33:18.140         | OS: Windows 10 Home 22H2 (10.0.22621.1848) x64
13:33:18.140         | CPU: Intel(R) Core(TM) i5-10300H CPU @ 2.50GHz
13:33:18.140         | CPU cores: 4
13:33:18.140         | CPU threads: 8
13:33:18.140         | RAM: 8029 MB
13:33:18.140         | Memory Load: 82%
13:33:18.140         | Page File: 9745 MB used, 8397 MB available
13:33:18.140         | Log disk free space: 28.6 GB (11.79%)
13:33:18.140         | GPU: NVIDIA GeForce GTX 1650
13:33:18.140         | VRAM: 3962 MB
13:33:18.140         | Feature level: 11_1
13:33:18.140         | Auto-detected default graphics quality: [Good]
13:33:18.140         | ------------------------------------------------
13:33:18.140         | 
13:33:18.260         | CreateSwapChain(ModeDesc.Width = 1422, ModeDesc.Height = 693, BufferCount = 2, Flags = 0x802, SwapEffect = FlipSequential)
13:33:19.412         | Gpu temperature: 51
13:33:19.412         | Gpu P-State: 0
13:33:19.412         | ResizeBuffers(Width = 1422, Height = 720, Flags = 0x802)
13:33:19.430         | ChangeMode(DeviceMode(0, 0, 0, 0), BorderlessFullscreen, prevMode: Windowed)
13:33:19.470         | OutputRect: {x: 0, y: 0, width: 1920, height: 1080}
13:33:19.470         | WorkRect for reshape: {x: 0, y: 0, width: 1920, height: 1080, flags: 0}
13:33:19.472         | ResizeBuffers(Width = 1920, Height = 1080, Flags = 0x802)
13:33:20.172  WARNING| NVIDIA NGX not available on this hardware/platform., code = 0xbad00001, info: NVSDK_NGX_Result_FAIL_FeatureNotSupported
13:33:20.208         | Main view color buffer size changed to: {width: 1920, height: 1080}
13:33:24.470         | Gpu temperature: 52
13:33:24.470         | Gpu P-State: 0
13:33:25.858         | Initial settings:
    r_vsync = 0
    MainView.RenderScale = 1
    r_textureQuality = 1
    r_anisoLevel = 4
    car_skidmarks = 2
    cl_debrisQuality = 1
    cl_shellsQuality = 0
    Client.LightsQuality = 0
    Game.ImpactDecals = 1
    g_lodDistanceFactor = 100
    g_grassDensity = 0.35
    MainView.GrassMaxDistance = 300
    Client.PostEffectAntiAliasing = FxaaLow
    MainView.EnableShadows = 1
    MainView.EnableShadowsFiltering = 0
    MainView.ShadowMapResolution = 512
    MainView.LightsShadowsQuality = 1
    MainView.SSAO = 0
    Particles.RateFactorPreset = 1
    Client.UltraLowQuality = 0
    MainView.LightShaft = 1
    MainView.FSR = 0
    MainView.FSR.Sharpness = 0.2
    MainView.TAA = 0
    MainView.Sharpness = 2
    MainView.GI = 0
    MainView.SSLR = 2
    MainView.SSLR.Mode = 1
    MainView.ContactShadows = 2
    MainView.MotionBlur = 0
    MainView.MotionBlur.Intensity = 0.5
    MainView.PostProcessing.LensFlare = 1
    MainView.PostProcessing.Vignetting = 1
    MainView.DLSS.Mode = 1
    MainView.DLSS.RegularSharpness = 1

13:33:58.961         | Gpu temperature: 52
13:33:58.961         | Gpu P-State: 5
13:34:50.422         | Gpu temperature: 64
13:34:50.422         | Gpu P-State: 0
13:34:50.622         | Gpu temperature: 64
13:34:50.622         | Gpu P-State: 0
13:35:40.827         | Gpu temperature: 74
13:35:40.827         | Gpu P-State: 0
13:36:40.797         | Gpu temperature: 74
13:36:40.798         | Gpu P-State: 0
13:37:40.745         | Gpu temperature: 76
13:37:40.746         | Gpu P-State: 0
13:38:40.702         | Gpu temperature: 77
13:38:40.702         | Gpu P-State: 0
13:39:33.324         | Gpu temperature: 76
13:39:33.324         | Gpu P-State: 0
13:39:39.030         | Gpu temperature: 74
13:39:39.030         | Gpu P-State: 3
13:40:24.167         | Gpu temperature: 76
13:40:24.168         | Gpu P-State: 0
13:41:24.164         | Gpu temperature: 79
13:41:24.164         | Gpu P-State: 0
13:42:16.774         | Gpu temperature: 62
13:42:16.774         | Gpu P-State: 5
13:43:16.828         | Gpu temperature: 56
13:43:16.828         | Gpu P-State: 5
13:44:16.816         | Gpu temperature: 74
13:44:16.816         | Gpu P-State: 0
13:45:16.878         | Gpu temperature: 60
13:45:16.879         | Gpu P-State: 5
13:46:16.779         | Gpu temperature: 74
13:46:16.779         | Gpu P-State: 0
13:46:23.569         | Gpu temperature: 73
13:46:23.569         | Gpu P-State: 0
13:47:14.105         | Gpu temperature: 74
13:47:14.105         | Gpu P-State: 0
13:48:06.930         | Gpu temperature: 74
13:48:06.930         | Gpu P-State: 3
13:49:06.988         | Gpu temperature: 60
13:49:06.988         | Gpu P-State: 5
13:50:06.991         | Gpu temperature: 55
13:50:06.991         | Gpu P-State: 5
13:50:57.746         | Gpu temperature: 58
13:50:57.746         | Gpu P-State: 0
13:51:17.069         | Gpu temperature: 68
13:51:17.069         | Gpu P-State: 0
13:51:31.112         | Gpu temperature: 74
13:51:31.112         | Gpu P-State: 0
13:52:29.686         | Gpu temperature: 75
13:52:29.686         | Gpu P-State: 0
13:53:29.676         | Gpu temperature: 77
13:53:29.676         | Gpu P-State: 0
13:54:22.231         | Gpu temperature: 77
13:54:22.231         | Gpu P-State: 0
13:54:31.365         | Gpu temperature: 77
13:54:31.365         | Gpu P-State: 0
13:55:17.958         | Gpu temperature: 78
13:55:17.958         | Gpu P-State: 0
13:56:17.952         | Gpu temperature: 81
13:56:17.953         | Gpu P-State: 0
13:57:17.382         | Gpu temperature: 80
13:57:17.382         | Gpu P-State: 0
13:57:26.512         | Gpu temperature: 79
13:57:26.512         | Gpu P-State: 0
13:58:14.446         | Gpu temperature: 80
13:58:14.446         | Gpu P-State: 0
13:59:14.302         | Gpu temperature: 80
13:59:14.302         | Gpu P-State: 0
14:00:11.668         | Gpu temperature: 80
14:00:11.668         | Gpu P-State: 0
14:01:06.704         | Gpu temperature: 74
14:01:06.704         | Gpu P-State: 0
14:01:59.257         | Gpu temperature: 67
14:01:59.257         | Gpu P-State: 5
14:02:59.296         | Gpu temperature: 62
14:02:59.296         | Gpu P-State: 5
14:03:59.315         | Gpu temperature: 56
14:03:59.315         | Gpu P-State: 0
14:04:59.047         | Gpu temperature: 54
14:04:59.048         | Gpu P-State: 0
14:05:59.048         | Gpu temperature: 52
14:05:59.048         | Gpu P-State: 5
14:06:59.071         | Gpu temperature: 55
14:06:59.071         | Gpu P-State: 0
14:07:59.255         | Gpu temperature: 56
14:07:59.255         | Gpu P-State: 5
14:08:59.311         | Gpu temperature: 56
14:08:59.311         | Gpu P-State: 0
14:09:59.353         | Gpu temperature: 55
14:09:59.353         | Gpu P-State: 0
14:10:59.373         | Gpu temperature: 53
14:10:59.373         | Gpu P-State: 5
14:11:59.409         | Gpu temperature: 54
14:11:59.409         | Gpu P-State: 5
14:12:59.526         | Gpu temperature: 54
14:12:59.526         | Gpu P-State: 5
14:13:59.598         | Gpu temperature: 54
14:13:59.598         | Gpu P-State: 0
14:14:59.626         | Gpu temperature: 53
14:14:59.626         | Gpu P-State: 5
14:15:59.687         | Gpu temperature: 56
14:15:59.687         | Gpu P-State: 0
14:16:58.121         | Gpu temperature: 54
14:16:58.121         | Gpu P-State: 0
14:17:58.180         | Gpu temperature: 57
14:17:58.180         | Gpu P-State: 5
14:18:58.247         | Gpu temperature: 56
14:18:58.247         | Gpu P-State: 0
14:19:58.269         | Gpu temperature: 55
14:19:58.270         | Gpu P-State: 5
14:20:58.289         | Gpu temperature: 54
14:20:58.289         | Gpu P-State: 5
14:21:58.324         | Gpu temperature: 53
14:21:58.324         | Gpu P-State: 5
14:22:58.332         | Gpu temperature: 53
14:22:58.332         | Gpu P-State: 3
14:23:58.402         | Gpu temperature: 55
14:23:58.402         | Gpu P-State: 5
14:24:58.470         | Gpu temperature: 56
14:24:58.470         | Gpu P-State: 0
14:25:58.535         | Gpu temperature: 53
14:25:58.535         | Gpu P-State: 0
14:26:58.561         | Gpu temperature: 53
14:26:58.561         | Gpu P-State: 5
14:27:58.547         | Gpu temperature: 54
14:27:58.547         | Gpu P-State: 5
14:28:58.593         | Gpu temperature: 55
14:28:58.593         | Gpu P-State: 5
14:29:58.604         | Gpu temperature: 56
14:29:58.604         | Gpu P-State: 5
14:30:58.629         | Gpu temperature: 54
14:30:58.629         | Gpu P-State: 5
14:31:58.663         | Gpu temperature: 56
14:31:58.663         | Gpu P-State: 5
14:32:58.677         | Gpu temperature: 54
14:32:58.677         | Gpu P-State: 8
14:33:58.711         | Gpu temperature: 55
14:33:58.711         | Gpu P-State: 5
14:34:58.734         | Gpu temperature: 53
14:34:58.734         | Gpu P-State: 5
14:35:58.755         | Gpu temperature: 55
14:35:58.755         | Gpu P-State: 5
14:36:58.788         | Gpu temperature: 56
14:36:58.788         | Gpu P-State: 5
14:37:58.853         | Gpu temperature: 54
14:37:58.853         | Gpu P-State: 8
14:38:58.284         | Gpu temperature: 54
14:38:58.284         | Gpu P-State: 8
14:39:51.786         | Gpu temperature: 57
14:39:51.787         | Gpu P-State: 0
14:40:51.814         | Gpu temperature: 55
14:40:51.814         | Gpu P-State: 5
14:41:51.842         | Gpu temperature: 55
14:41:51.842         | Gpu P-State: 5
14:42:51.870         | Gpu temperature: 56
14:42:51.870         | Gpu P-State: 5
14:43:51.878         | Gpu temperature: 55
14:43:51.878         | Gpu P-State: 5
14:44:51.941         | Gpu temperature: 55
14:44:51.941         | Gpu P-State: 3
14:45:51.973         | Gpu temperature: 56
14:45:51.973         | Gpu P-State: 5
14:46:52.097         | Gpu temperature: 55
14:46:52.097         | Gpu P-State: 5
14:47:30.575         | Gpu temperature: 71
14:47:30.575         | Gpu P-State: 0
14:47:54.508         | Gpu temperature: 74
14:47:54.509         | Gpu P-State: 0
14:48:54.413         | Gpu temperature: 74
14:48:54.413         | Gpu P-State: 0
14:49:54.399         | Gpu temperature: 74
14:49:54.399         | Gpu P-State: 0
14:50:54.346         | Gpu temperature: 76
14:50:54.346         | Gpu P-State: 0
14:51:46.830         | Gpu temperature: 78
14:51:46.830         | Gpu P-State: 0
14:51:58.928         | Gpu temperature: 76
14:51:58.928         | Gpu P-State: 0
14:52:08.949         | Gpu temperature: 76
14:52:08.949         | Gpu P-State: 0
14:52:16.155         | Gpu temperature: 75
14:52:16.155         | Gpu P-State: 0
14:52:44.914         | Gpu temperature: 77
14:52:44.914         | Gpu P-State: 0
14:53:44.922         | Gpu temperature: 79
14:53:44.922         | Gpu P-State: 0
14:54:44.927         | Gpu temperature: 80
14:54:44.927         | Gpu P-State: 0
14:55:44.991         | Gpu temperature: 79
14:55:44.991         | Gpu P-State: 0
14:56:44.993         | Gpu temperature: 80
14:56:44.993         | Gpu P-State: 0
14:57:44.996         | Gpu temperature: 80
14:57:44.996         | Gpu P-State: 0
14:58:27.334         | Gpu temperature: 79
14:58:27.334         | Gpu P-State: 0
14:58:42.850         | Gpu temperature: 80
14:58:42.850         | Gpu P-State: 0
14:59:42.855         | Gpu temperature: 80
14:59:42.855         | Gpu P-State: 0
15:00:42.861         | Gpu temperature: 80
15:00:42.861         | Gpu P-State: 0
15:01:42.868         | Gpu temperature: 79
15:01:42.868         | Gpu P-State: 0
15:02:42.884         | Gpu temperature: 79
15:02:42.884         | Gpu P-State: 0
15:03:42.893         | Gpu temperature: 80
15:03:42.893         | Gpu P-State: 0
15:04:42.897         | Gpu temperature: 80
15:04:42.897         | Gpu P-State: 0
15:05:42.881         | Gpu temperature: 80
15:05:42.881         | Gpu P-State: 0
15:06:42.861         | Gpu temperature: 80
15:06:42.861         | Gpu P-State: 0
15:07:42.888         | Gpu temperature: 80
15:07:42.888         | Gpu P-State: 0
15:08:42.892         | Gpu temperature: 79
15:08:42.892         | Gpu P-State: 0
15:09:42.852         | Gpu temperature: 80
15:09:42.852         | Gpu P-State: 0
15:10:42.857         | Gpu temperature: 81
15:10:42.857         | Gpu P-State: 0
15:11:42.854         | Gpu temperature: 80
15:11:42.854         | Gpu P-State: 0
15:12:42.944         | Gpu temperature: 74
15:12:42.944         | Gpu P-State: 5
15:13:35.523         | Gpu temperature: 65
15:13:35.523         | Gpu P-State: 0
15:14:35.524         | Gpu temperature: 58
15:14:35.524         | Gpu P-State: 0
15:15:35.644         | Gpu temperature: 56
15:15:35.644         | Gpu P-State: 5
15:16:35.649         | Gpu temperature: 55
15:16:35.649         | Gpu P-State: 5
15:17:35.675         | Gpu temperature: 52
15:17:35.675         | Gpu P-State: 5
15:18:35.671         | Gpu temperature: 54
15:18:35.671         | Gpu P-State: 0
15:19:35.709         | Gpu temperature: 55
15:19:35.710         | Gpu P-State: 5
15:20:35.721         | Gpu temperature: 56
15:20:35.721         | Gpu P-State: 5
15:21:35.741         | Gpu temperature: 55
15:21:35.741         | Gpu P-State: 3
15:22:35.747         | Gpu temperature: 56
15:22:35.747         | Gpu P-State: 8
15:23:35.759         | Gpu temperature: 53
15:23:35.759         | Gpu P-State: 5
15:24:35.755         | Gpu temperature: 55
15:24:35.756         | Gpu P-State: 0
15:25:35.805         | Gpu temperature: 53
15:25:35.805         | Gpu P-State: 8
15:26:35.843         | Gpu temperature: 53
15:26:35.843         | Gpu P-State: 5
15:27:35.914         | Gpu temperature: 55
15:27:35.914         | Gpu P-State: 5
15:28:35.911         | Gpu temperature: 74
15:28:35.911         | Gpu P-State: 0
15:29:35.915         | Gpu temperature: 77
15:29:35.915         | Gpu P-State: 0
15:30:35.919         | Gpu temperature: 80
15:30:35.919         | Gpu P-State: 0
15:31:35.918         | Gpu temperature: 81
15:31:35.918         | Gpu P-State: 0
15:32:35.924         | Gpu temperature: 83
15:32:35.924         | Gpu P-State: 0
15:33:35.929         | Gpu temperature: 83
15:33:35.930         | Gpu P-State: 0
15:34:35.935         | Gpu temperature: 83
15:34:35.935         | Gpu P-State: 0
15:35:35.941         | Gpu temperature: 83
15:35:35.941         | Gpu P-State: 0
15:36:35.943         | Gpu temperature: 83
15:36:35.943         | Gpu P-State: 0
15:37:35.941         | Gpu temperature: 84
15:37:35.941         | Gpu P-State: 0
15:38:35.943         | Gpu temperature: 84
15:38:35.943         | Gpu P-State: 0
15:39:35.914         | Gpu temperature: 84
15:39:35.914         | Gpu P-State: 0
15:40:35.918         | Gpu temperature: 84
15:40:35.918         | Gpu P-State: 0
15:41:35.920         | Gpu temperature: 84
15:41:35.920         | Gpu P-State: 0
15:42:35.920         | Gpu temperature: 84
15:42:35.920         | Gpu P-State: 0
15:43:35.887         | Gpu temperature: 74
15:43:35.888         | Gpu P-State: 0
15:44:35.888         | Gpu temperature: 74
15:44:35.888         | Gpu P-State: 0
15:45:35.892         | Gpu temperature: 72
15:45:35.892         | Gpu P-State: 0
15:46:35.891         | Gpu temperature: 72
15:46:35.891         | Gpu P-State: 0
15:47:35.895         | Gpu temperature: 71
15:47:35.895         | Gpu P-State: 0
15:48:35.896         | Gpu temperature: 70
15:48:35.896         | Gpu P-State: 0
15:49:35.901         | Gpu temperature: 70
15:49:35.901         | Gpu P-State: 0
15:50:35.906         | Gpu temperature: 70
15:50:35.906         | Gpu P-State: 0
15:51:35.910         | Gpu temperature: 69
15:51:35.910         | Gpu P-State: 0
15:52:35.913         | Gpu temperature: 69
15:52:35.913         | Gpu P-State: 0
15:53:35.914         | Gpu temperature: 69
15:53:35.914         | Gpu P-State: 0
15:54:35.919         | Gpu temperature: 69
15:54:35.919         | Gpu P-State: 0
15:55:35.923         | Gpu temperature: 69
15:55:35.923         | Gpu P-State: 0
15:56:35.927         | Gpu temperature: 68
15:56:35.927         | Gpu P-State: 0
15:57:35.928         | Gpu temperature: 68
15:57:35.928         | Gpu P-State: 0
15:58:35.931         | Gpu temperature: 68
15:58:35.931         | Gpu P-State: 0
15:59:35.935         | Gpu temperature: 68
15:59:35.935         | Gpu P-State: 0
16:00:35.937         | Gpu temperature: 68
16:00:35.938         | Gpu P-State: 0
16:01:35.939         | Gpu temperature: 68
16:01:35.939         | Gpu P-State: 0
16:02:35.943         | Gpu temperature: 68
16:02:35.943         | Gpu P-State: 0
16:03:35.945         | Gpu temperature: 68
16:03:35.945         | Gpu P-State: 0
16:04:35.949         | Gpu temperature: 68
16:04:35.949         | Gpu P-State: 0
16:05:35.953         | Gpu temperature: 68
16:05:35.953         | Gpu P-State: 0
16:06:35.953         | Gpu temperature: 67
16:06:35.953         | Gpu P-State: 0
16:07:35.952         | Gpu temperature: 67
16:07:35.952         | Gpu P-State: 0
16:08:35.955         | Gpu temperature: 67
16:08:35.955         | Gpu P-State: 0
16:09:35.957         | Gpu temperature: 67
16:09:35.957         | Gpu P-State: 0
16:10:35.961         | Gpu temperature: 67
16:10:35.961         | Gpu P-State: 0
16:11:35.962         | Gpu temperature: 67
16:11:35.962         | Gpu P-State: 0
16:12:35.963         | Gpu temperature: 67
16:12:35.963         | Gpu P-State: 0
16:13:35.964         | Gpu temperature: 68
16:13:35.965         | Gpu P-State: 0
16:14:35.970         | Gpu temperature: 67
16:14:35.970         | Gpu P-State: 0
16:15:35.973         | Gpu temperature: 68
16:15:35.973         | Gpu P-State: 0
16:16:35.972         | Gpu temperature: 68
16:16:35.973         | Gpu P-State: 0
16:17:35.974         | Gpu temperature: 68
16:17:35.974         | Gpu P-State: 0
16:18:35.979         | Gpu temperature: 67
16:18:35.979         | Gpu P-State: 0
16:19:35.979         | Gpu temperature: 67
16:19:35.979         | Gpu P-State: 0
16:20:35.983         | Gpu temperature: 67
16:20:35.983         | Gpu P-State: 0
16:21:35.982         | Gpu temperature: 67
16:21:35.982         | Gpu P-State: 0
16:22:35.981         | Gpu temperature: 67
16:22:35.981         | Gpu P-State: 0
16:23:35.984         | Gpu temperature: 67
16:23:35.985         | Gpu P-State: 0
16:24:35.989         | Gpu temperature: 67
16:24:35.989         | Gpu P-State: 0
16:25:35.994         | Gpu temperature: 67
16:25:35.994         | Gpu P-State: 0
16:26:35.994         | Gpu temperature: 67
16:26:35.994         | Gpu P-State: 0
16:27:35.998         | Gpu temperature: 67
16:27:35.998         | Gpu P-State: 0
16:28:36.000         | Gpu temperature: 68
16:28:36.000         | Gpu P-State: 0
16:29:36.004         | Gpu temperature: 67
16:29:36.004         | Gpu P-State: 0
16:30:36.006         | Gpu temperature: 67
16:30:36.006         | Gpu P-State: 0
16:31:36.007         | Gpu temperature: 68
16:31:36.007         | Gpu P-State: 0
16:32:36.010         | Gpu temperature: 67
16:32:36.010         | Gpu P-State: 0
16:33:36.015         | Gpu temperature: 67
16:33:36.015         | Gpu P-State: 0
16:34:36.018         | Gpu temperature: 67
16:34:36.018         | Gpu P-State: 0
16:35:36.021         | Gpu temperature: 67
16:35:36.021         | Gpu P-State: 0
16:36:36.024         | Gpu temperature: 67
16:36:36.024         | Gpu P-State: 0
16:37:36.027         | Gpu temperature: 67
16:37:36.027         | Gpu P-State: 0
16:38:36.027         | Gpu temperature: 67
16:38:36.027         | Gpu P-State: 0
16:39:36.030         | Gpu temperature: 67
16:39:36.030         | Gpu P-State: 0
16:40:30.949         | Gpu temperature: 62
16:40:30.949         | Gpu P-State: 8
16:41:28.885         | Gpu temperature: 56
16:41:28.885         | Gpu P-State: 5
16:42:09.892         | Gpu temperature: 62
16:42:09.892         | Gpu P-State: 0
16:42:36.470         | Gpu temperature: 74
16:42:36.470         | Gpu P-State: 0
16:43:01.675         | Gpu temperature: 74
16:43:01.675         | Gpu P-State: 0
16:43:24.552         | Gpu temperature: 77
16:43:24.552         | Gpu P-State: 0
16:44:24.547         | Gpu temperature: 80
16:44:24.547         | Gpu P-State: 0
16:45:24.533         | Gpu temperature: 81
16:45:24.533         | Gpu P-State: 0
16:46:24.529         | Gpu temperature: 82
16:46:24.529         | Gpu P-State: 0
16:46:45.581         | Gpu temperature: 79
16:46:45.581         | Gpu P-State: 0
16:46:49.026         | Gpu temperature: 79
16:46:49.026         | Gpu P-State: 0
16:46:52.532         | Gpu temperature: 79
16:46:52.532         | Gpu P-State: 0
16:47:20.696         | Gpu temperature: 81
16:47:20.696         | Gpu P-State: 0
16:48:20.702         | Gpu temperature: 83
16:48:20.702         | Gpu P-State: 0
16:49:20.710         | Gpu temperature: 83
16:49:20.710         | Gpu P-State: 0
16:50:20.711         | Gpu temperature: 84
16:50:20.711         | Gpu P-State: 0
16:51:20.716         | Gpu temperature: 84
16:51:20.716         | Gpu P-State: 0
16:52:20.716         | Gpu temperature: 83
16:52:20.716         | Gpu P-State: 0
16:53:20.715         | Gpu temperature: 84
16:53:20.715         | Gpu P-State: 0
16:54:20.719         | Gpu temperature: 84
16:54:20.719         | Gpu P-State: 0
16:55:20.722         | Gpu temperature: 84
16:55:20.722         | Gpu P-State: 0
16:56:20.721         | Gpu temperature: 84
16:56:20.721         | Gpu P-State: 0
16:57:20.723         | Gpu temperature: 84
16:57:20.725         | Gpu P-State: 0
16:58:20.728         | Gpu temperature: 84
16:58:20.728         | Gpu P-State: 0
16:59:20.730         | Gpu temperature: 84
16:59:20.730         | Gpu P-State: 0
17:00:20.734         | Gpu temperature: 84
17:00:20.734         | Gpu P-State: 0
17:01:20.752         | Gpu temperature: 75
17:01:20.752         | Gpu P-State: 3
17:02:20.712         | Gpu temperature: 70
17:02:20.712         | Gpu P-State: 3
17:03:20.716         | Gpu temperature: 67
17:03:20.716         | Gpu P-State: 3
17:04:20.720         | Gpu temperature: 67
17:04:20.720         | Gpu P-State: 3
17:05:20.725         | Gpu temperature: 65
17:05:20.725         | Gpu P-State: 3
17:06:20.728         | Gpu temperature: 65
17:06:20.728         | Gpu P-State: 3
17:07:20.731         | Gpu temperature: 64
17:07:20.731         | Gpu P-State: 3
17:08:20.732         | Gpu temperature: 64
17:08:20.732         | Gpu P-State: 3
17:09:20.735         | Gpu temperature: 63
17:09:20.735         | Gpu P-State: 3
17:10:20.740         | Gpu temperature: 62
17:10:20.740         | Gpu P-State: 3
17:11:20.743         | Gpu temperature: 63
17:11:20.743         | Gpu P-State: 3
17:12:20.746         | Gpu temperature: 62
17:12:20.746         | Gpu P-State: 3
17:13:20.750         | Gpu temperature: 62
17:13:20.750         | Gpu P-State: 3
17:14:20.754         | Gpu temperature: 62
17:14:20.754         | Gpu P-State: 3
17:15:20.758         | Gpu temperature: 62
17:15:20.758         | Gpu P-State: 3
17:16:20.763         | Gpu temperature: 62
17:16:20.763         | Gpu P-State: 3
17:17:20.765         | Gpu temperature: 62
17:17:20.765         | Gpu P-State: 3
17:18:20.768         | Gpu temperature: 62
17:18:20.768         | Gpu P-State: 3
17:19:20.770         | Gpu temperature: 62
17:19:20.770         | Gpu P-State: 3
17:20:20.775         | Gpu temperature: 61
17:20:20.775         | Gpu P-State: 3
17:21:20.779         | Gpu temperature: 62
17:21:20.779         | Gpu P-State: 3
17:22:20.781         | Gpu temperature: 62
17:22:20.781         | Gpu P-State: 3
17:23:20.788         | Gpu temperature: 61
17:23:20.788         | Gpu P-State: 3
17:24:20.794         | Gpu temperature: 61
17:24:20.794         | Gpu P-State: 3
17:25:20.793         | Gpu temperature: 61
17:25:20.795         | Gpu P-State: 3
17:26:20.799         | Gpu temperature: 61
17:26:20.799         | Gpu P-State: 3
17:27:20.800         | Gpu temperature: 61
17:27:20.800         | Gpu P-State: 3
17:28:20.805         | Gpu temperature: 61
17:28:20.805         | Gpu P-State: 3
17:29:20.810         | Gpu temperature: 61
17:29:20.810         | Gpu P-State: 3
17:30:20.815         | Gpu temperature: 61
17:30:20.815         | Gpu P-State: 3
17:31:13.116         | Gpu temperature: 62
17:31:13.116         | Gpu P-State: 3
17:32:13.117         | Gpu temperature: 62
17:32:13.117         | Gpu P-State: 3
17:33:13.207         | Gpu temperature: 59
17:33:13.207         | Gpu P-State: 5
17:34:13.219         | Gpu temperature: 55
17:34:13.219         | Gpu P-State: 3
17:35:13.255         | Gpu temperature: 52
17:35:13.255         | Gpu P-State: 5
17:36:13.282         | Gpu temperature: 53
17:36:13.282         | Gpu P-State: 3
17:36:59.228         | Gpu temperature: 56
17:36:59.228         | Gpu P-State: 3
17:37:12.594         | Gpu temperature: 60
17:37:12.595         | Gpu P-State: 3
17:38:05.170         | Gpu temperature: 58
17:38:05.170         | Gpu P-State: 3
17:38:07.699         | Gpu temperature: 57
17:38:07.699         | Gpu P-State: 3
17:39:01.395         | Gpu temperature: 70
17:39:01.395         | Gpu P-State: 3
17:40:01.397         | Gpu temperature: 71
17:40:01.397         | Gpu P-State: 3
17:41:01.403         | Gpu temperature: 72
17:41:01.403         | Gpu P-State: 3
17:42:01.414         | Gpu temperature: 71
17:42:01.414         | Gpu P-State: 3
17:43:01.407         | Gpu temperature: 71
17:43:01.407         | Gpu P-State: 3
17:44:01.422         | Gpu temperature: 73
17:44:01.422         | Gpu P-State: 3
17:45:01.415         | Gpu temperature: 73
17:45:01.415         | Gpu P-State: 3
17:45:54.240         | Gpu temperature: 60
17:45:54.240         | Gpu P-State: 3
17:46:54.304         | Gpu temperature: 57
17:46:54.304         | Gpu P-State: 3
17:47:54.304         | Gpu temperature: 61
17:47:54.304         | Gpu P-State: 3
17:48:54.211         | Gpu temperature: 64
17:48:54.211         | Gpu P-State: 3
17:49:54.096         | Gpu temperature: 65
17:49:54.096         | Gpu P-State: 3
17:50:54.030         | Gpu temperature: 68
17:50:54.030         | Gpu P-State: 3
17:51:53.972         | Gpu temperature: 66
17:51:53.972         | Gpu P-State: 3
17:52:53.899         | Gpu temperature: 66
17:52:53.899         | Gpu P-State: 3
17:53:53.791         | Gpu temperature: 66
17:53:53.791         | Gpu P-State: 3
17:54:53.672         | Gpu temperature: 70
17:54:53.672         | Gpu P-State: 3
17:55:53.624         | Gpu temperature: 72
17:55:53.624         | Gpu P-State: 3
17:56:53.431         | Gpu temperature: 72
17:56:53.431         | Gpu P-State: 3
17:57:53.349         | Gpu temperature: 73
17:57:53.349         | Gpu P-State: 3
17:58:53.292         | Gpu temperature: 71
17:58:53.292         | Gpu P-State: 3
17:59:53.149         | Gpu temperature: 72
17:59:53.149         | Gpu P-State: 3
18:00:53.259         | Gpu temperature: 65
18:00:53.259         | Gpu P-State: 3
18:01:53.268         | Gpu temperature: 59
18:01:53.269         | Gpu P-State: 3
18:02:18.344         | Gpu temperature: 62
18:02:18.344         | Gpu P-State: 3
18:02:35.354         | Gpu temperature: 67
18:02:35.354         | Gpu P-State: 3
18:03:35.364         | Gpu temperature: 73
18:03:35.364         | Gpu P-State: 3
18:04:34.661         | Gpu temperature: 72
18:04:34.661         | Gpu P-State: 3
18:05:16.642         | Gpu temperature: 69
18:05:16.643         | Gpu P-State: 3
18:05:29.717         | Gpu temperature: 70
18:05:29.717         | Gpu P-State: 3
18:06:29.724         | Gpu temperature: 74
18:06:29.726         | Gpu P-State: 3
18:07:29.732         | Gpu temperature: 74
18:07:29.732         | Gpu P-State: 3
18:08:22.345         | Gpu temperature: 73
18:08:22.345         | Gpu P-State: 3
18:08:46.555         | Gpu temperature: 74
18:08:46.555         | Gpu P-State: 3
18:09:46.610         | Gpu temperature: 74
18:09:46.610         | Gpu P-State: 3
18:10:37.049         | Gpu temperature: 72
18:10:37.049         | Gpu P-State: 3
18:10:51.245         | Gpu temperature: 74
18:10:51.245         | Gpu P-State: 3
18:11:51.330         | Gpu temperature: 74
18:11:51.330         | Gpu P-State: 3
18:12:45.655         | Gpu temperature: 74
18:12:45.655         | Gpu P-State: 3
18:13:02.282         | Gpu temperature: 72
18:13:02.282         | Gpu P-State: 3
18:13:41.545         | Gpu temperature: 75
18:13:41.545         | Gpu P-State: 3
18:14:41.573         | Gpu temperature: 72
18:14:41.573         | Gpu P-State: 3
18:15:34.262         | Gpu temperature: 72
18:15:34.262         | Gpu P-State: 3
18:15:50.339         | Gpu temperature: 72
18:15:50.339         | Gpu P-State: 3
18:16:50.357         | Gpu temperature: 74
18:16:50.357         | Gpu P-State: 3
18:17:43.000         | Gpu temperature: 72
18:17:43.000         | Gpu P-State: 3
18:18:42.898         | Gpu temperature: 71
18:18:42.898         | Gpu P-State: 3
18:19:42.587         | Gpu temperature: 69
18:19:42.587         | Gpu P-State: 3
18:20:34.338         | Gpu temperature: 69
18:20:34.338         | Gpu P-State: 3
18:20:39.188         | Gpu temperature: 70
18:20:39.188         | Gpu P-State: 3
18:21:39.200         | Gpu temperature: 74
18:21:39.200         | Gpu P-State: 3
18:22:34.657         | Gpu temperature: 70
18:22:34.657         | Gpu P-State: 3
18:22:42.451         | Gpu temperature: 70
18:22:42.451         | Gpu P-State: 3
18:23:06.897         | Gpu temperature: 70
18:23:06.897         | Gpu P-State: 3
18:23:39.057         | Gpu temperature: 73
18:23:39.057         | Gpu P-State: 3
18:24:31.819         | Gpu temperature: 71
18:24:31.819         | Gpu P-State: 3
18:24:51.151         | Gpu temperature: 68
18:24:51.151         | Gpu P-State: 5
18:25:19.381         | Gpu temperature: 72
18:25:19.381         | Gpu P-State: 3
18:26:19.397         | Gpu temperature: 74
18:26:19.397         | Gpu P-State: 3
18:27:19.407         | Gpu temperature: 75
18:27:19.407         | Gpu P-State: 3
18:28:11.968         | Gpu temperature: 71
18:28:11.968         | Gpu P-State: 3
18:29:11.794         | Gpu temperature: 69
18:29:11.794         | Gpu P-State: 3
18:30:11.883         | Gpu temperature: 60
18:30:11.884         | Gpu P-State: 5
18:31:11.887         | Gpu temperature: 55
18:31:11.887         | Gpu P-State: 5
18:32:11.905         | Gpu temperature: 53
18:32:11.905         | Gpu P-State: 5
18:33:11.911         | Gpu temperature: 54
18:33:11.911         | Gpu P-State: 3
18:34:11.916         | Gpu temperature: 65
18:34:11.917         | Gpu P-State: 3
18:35:11.920         | Gpu temperature: 66
18:35:11.920         | Gpu P-State: 3
18:36:11.924         | Gpu temperature: 66
18:36:11.924         | Gpu P-State: 3
18:37:11.926         | Gpu temperature: 68
18:37:11.926         | Gpu P-State: 3
18:38:11.931         | Gpu temperature: 73
18:38:11.931         | Gpu P-State: 3
18:39:11.989         | Gpu temperature: 62
18:39:11.989         | Gpu P-State: 3
18:40:12.062         | Gpu temperature: 57
18:40:12.062         | Gpu P-State: 5
18:40:45.434         | Gpu temperature: 59
18:40:45.434         | Gpu P-State: 3
18:40:47.758         | Gpu temperature: 60
18:40:47.758         | Gpu P-State: 3
18:41:40.459         | Gpu temperature: 59
18:41:40.459         | Gpu P-State: 3
18:42:40.499         | Gpu temperature: 54
18:42:40.499         | Gpu P-State: 3
18:43:40.520         | Gpu temperature: 55
18:43:40.520         | Gpu P-State: 3
18:44:40.568         | Gpu temperature: 55
18:44:40.568         | Gpu P-State: 3
18:45:40.571         | Gpu temperature: 60
18:45:40.571         | Gpu P-State: 3
18:46:40.510         | Gpu temperature: 66
18:46:40.510         | Gpu P-State: 3
18:47:40.499         | Gpu temperature: 66
18:47:40.499         | Gpu P-State: 3
18:48:40.509         | Gpu temperature: 61
18:48:40.509         | Gpu P-State: 3
18:49:40.546         | Gpu temperature: 56
18:49:40.547         | Gpu P-State: 3
18:50:40.599         | Gpu temperature: 54
18:50:40.599         | Gpu P-State: 5
18:51:40.646         | Gpu temperature: 54
18:51:40.646         | Gpu P-State: 5
18:52:40.665         | Gpu temperature: 67
18:52:40.665         | Gpu P-State: 3
18:53:40.700         | Gpu temperature: 68
18:53:40.700         | Gpu P-State: 3
18:54:40.747         | Gpu temperature: 66
18:54:40.747         | Gpu P-State: 3
18:55:40.753         | Gpu temperature: 66
18:55:40.753         | Gpu P-State: 3
18:56:40.761         | Gpu temperature: 67
18:56:40.761         | Gpu P-State: 3
18:57:40.768         | Gpu temperature: 67
18:57:40.768         | Gpu P-State: 3
18:58:40.771         | Gpu temperature: 67
18:58:40.772         | Gpu P-State: 3
18:59:40.775         | Gpu temperature: 67
18:59:40.775         | Gpu P-State: 3
19:00:40.835         | Gpu temperature: 67
19:00:40.835         | Gpu P-State: 3
19:01:40.851         | Gpu temperature: 67
19:01:40.851         | Gpu P-State: 3
19:02:40.875         | Gpu temperature: 69
19:02:40.875         | Gpu P-State: 3
19:03:41.057         | Gpu temperature: 67
19:03:41.057         | Gpu P-State: 3
19:04:41.113         | Gpu temperature: 66
19:04:41.114         | Gpu P-State: 3
19:05:41.127         | Gpu temperature: 66
19:05:41.127         | Gpu P-State: 3
19:06:33.587         | Gpu temperature: 71
19:06:33.587         | Gpu P-State: 3
19:07:33.707         | Gpu temperature: 69
19:07:33.707         | Gpu P-State: 3
19:08:33.714         | Gpu temperature: 69
19:08:33.714         | Gpu P-State: 3
19:09:33.717         | Gpu temperature: 73
19:09:33.717         | Gpu P-State: 3
19:10:33.721         | Gpu temperature: 71
19:10:33.721         | Gpu P-State: 3
19:11:33.723         | Gpu temperature: 71
19:11:33.723         | Gpu P-State: 3
19:12:33.729         | Gpu temperature: 62
19:12:33.731         | Gpu P-State: 5
19:13:33.787         | Gpu temperature: 56
19:13:33.787         | Gpu P-State: 3
19:14:33.894         | Gpu temperature: 57
19:14:33.894         | Gpu P-State: 5
19:15:17.918         | Gpu temperature: 63
19:15:17.918         | Gpu P-State: 3
19:15:24.823         | Gpu temperature: 65
19:15:24.823         | Gpu P-State: 3
19:16:17.842         | Gpu temperature: 68
19:16:17.842         | Gpu P-State: 5
19:17:17.848         | Gpu temperature: 66
19:17:17.848         | Gpu P-State: 3
19:18:17.842         | Gpu temperature: 66
19:18:17.842         | Gpu P-State: 3
19:19:17.847         | Gpu temperature: 65
19:19:17.847         | Gpu P-State: 3
19:20:17.851         | Gpu temperature: 65
19:20:17.851         | Gpu P-State: 3
19:21:17.856         | Gpu temperature: 65
19:21:17.856         | Gpu P-State: 3
19:22:17.863         | Gpu temperature: 65
19:22:17.863         | Gpu P-State: 3
19:23:17.868         | Gpu temperature: 73
19:23:17.868         | Gpu P-State: 3
19:24:17.870         | Gpu temperature: 69
19:24:17.870         | Gpu P-State: 3
19:25:17.871         | Gpu temperature: 67
19:25:17.871         | Gpu P-State: 3
19:26:17.870         | Gpu temperature: 66
19:26:17.870         | Gpu P-State: 3
19:27:17.872         | Gpu temperature: 65
19:27:17.872         | Gpu P-State: 3
19:28:17.875         | Gpu temperature: 65
19:28:17.876         | Gpu P-State: 3
19:29:17.877         | Gpu temperature: 65
19:29:17.877         | Gpu P-State: 3
19:30:17.878         | Gpu temperature: 64
19:30:17.878         | Gpu P-State: 3
19:31:17.878         | Gpu temperature: 64
19:31:17.878         | Gpu P-State: 3
19:32:17.831         | Gpu temperature: 64
19:32:17.831         | Gpu P-State: 3
19:33:17.830         | Gpu temperature: 63
19:33:17.830         | Gpu P-State: 3
19:34:17.833         | Gpu temperature: 63
19:34:17.833         | Gpu P-State: 3
19:35:17.833         | Gpu temperature: 63
19:35:17.833         | Gpu P-State: 3
19:36:17.834         | Gpu temperature: 62
19:36:17.834         | Gpu P-State: 3
19:37:17.836         | Gpu temperature: 62
19:37:17.836         | Gpu P-State: 3
19:38:17.837         | Gpu temperature: 62
19:38:17.837         | Gpu P-State: 3
19:39:17.840         | Gpu temperature: 62
19:39:17.840         | Gpu P-State: 3
19:40:17.844         | Gpu temperature: 62
19:40:17.844         | Gpu P-State: 3
19:41:17.843         | Gpu temperature: 62
19:41:17.844         | Gpu P-State: 3
19:42:17.845         | Gpu temperature: 61
19:42:17.845         | Gpu P-State: 3
19:43:17.846         | Gpu temperature: 62
19:43:17.847         | Gpu P-State: 3
19:44:17.846         | Gpu temperature: 62
19:44:17.846         | Gpu P-State: 3
19:45:17.848         | Gpu temperature: 62
19:45:17.848         | Gpu P-State: 3
19:46:17.848         | Gpu temperature: 61
19:46:17.848         | Gpu P-State: 3
19:47:17.848         | Gpu temperature: 61
19:47:17.848         | Gpu P-State: 3
19:48:17.849         | Gpu temperature: 62
19:48:17.849         | Gpu P-State: 3
19:49:17.856         | Gpu temperature: 62
19:49:17.856         | Gpu P-State: 3
19:50:17.861         | Gpu temperature: 61
19:50:17.861         | Gpu P-State: 3
19:51:17.866         | Gpu temperature: 61
19:51:17.866         | Gpu P-State: 3
19:52:17.867         | Gpu temperature: 61
19:52:17.867         | Gpu P-State: 3
19:53:17.868         | Gpu temperature: 62
19:53:17.868         | Gpu P-State: 3
19:54:17.869         | Gpu temperature: 61
19:54:17.869         | Gpu P-State: 3
19:55:17.874         | Gpu temperature: 62
19:55:17.874         | Gpu P-State: 3
19:56:17.876         | Gpu temperature: 62
19:56:17.876         | Gpu P-State: 3
19:57:17.876         | Gpu temperature: 62
19:57:17.876         | Gpu P-State: 3
19:58:17.880         | Gpu temperature: 61
19:58:17.880         | Gpu P-State: 3
19:59:17.887         | Gpu temperature: 61
19:59:17.887         | Gpu P-State: 3
20:00:17.889         | Gpu temperature: 61
20:00:17.889         | Gpu P-State: 3
20:01:17.889         | Gpu temperature: 61
20:01:17.889         | Gpu P-State: 3
20:02:17.889         | Gpu temperature: 61
20:02:17.890         | Gpu P-State: 3
20:03:17.890         | Gpu temperature: 61
20:03:17.890         | Gpu P-State: 3
20:04:17.897         | Gpu temperature: 61
20:04:17.897         | Gpu P-State: 3
20:05:17.900         | Gpu temperature: 61
20:05:17.900         | Gpu P-State: 3
20:06:17.900         | Gpu temperature: 61
20:06:17.900         | Gpu P-State: 3
20:07:17.902         | Gpu temperature: 60
20:07:17.902         | Gpu P-State: 3
20:08:17.903         | Gpu temperature: 61
20:08:17.903         | Gpu P-State: 3
20:09:17.906         | Gpu temperature: 61
20:09:17.906         | Gpu P-State: 3
20:10:17.908         | Gpu temperature: 61
20:10:17.908         | Gpu P-State: 3
20:11:17.908         | Gpu temperature: 61
20:11:17.908         | Gpu P-State: 3
20:12:17.912         | Gpu temperature: 61
20:12:17.912         | Gpu P-State: 3
20:13:17.912         | Gpu temperature: 61
20:13:17.912         | Gpu P-State: 3
20:14:17.918         | Gpu temperature: 61
20:14:17.918         | Gpu P-State: 3
20:15:17.917         | Gpu temperature: 61
20:15:17.917         | Gpu P-State: 3
20:16:17.986         | Gpu temperature: 61
20:16:17.986         | Gpu P-State: 3
20:17:17.986         | Gpu temperature: 61
20:17:17.986         | Gpu P-State: 3
20:18:17.990         | Gpu temperature: 61
20:18:17.990         | Gpu P-State: 3
20:19:17.994         | Gpu temperature: 61
20:19:17.994         | Gpu P-State: 3
20:20:17.992         | Gpu temperature: 62
20:20:17.992         | Gpu P-State: 3
20:21:17.994         | Gpu temperature: 61
20:21:17.994         | Gpu P-State: 3
20:22:17.997         | Gpu temperature: 61
20:22:17.997         | Gpu P-State: 3
20:23:17.998         | Gpu temperature: 61
20:23:17.998         | Gpu P-State: 3
20:24:17.997         | Gpu temperature: 61
20:24:17.997         | Gpu P-State: 3
20:25:18.001         | Gpu temperature: 61
20:25:18.001         | Gpu P-State: 3
20:26:17.999         | Gpu temperature: 61
20:26:17.999         | Gpu P-State: 3
20:27:18.004         | Gpu temperature: 61
20:27:18.004         | Gpu P-State: 3
20:28:18.010         | Gpu temperature: 61
20:28:18.010         | Gpu P-State: 3
20:29:18.008         | Gpu temperature: 61
20:29:18.008         | Gpu P-State: 3
20:30:18.009         | Gpu temperature: 61
20:30:18.009         | Gpu P-State: 3
20:31:18.015         | Gpu temperature: 61
20:31:18.015         | Gpu P-State: 3
20:32:10.551         | Gpu temperature: 62
20:32:10.551         | Gpu P-State: 3
20:33:10.558         | Gpu temperature: 62
20:33:10.558         | Gpu P-State: 3
20:34:10.567         | Gpu temperature: 63
20:34:10.567         | Gpu P-State: 3
20:35:10.650         | Gpu temperature: 59
20:35:10.650         | Gpu P-State: 5
20:36:10.689         | Gpu temperature: 54
20:36:10.689         | Gpu P-State: 3
20:37:10.713         | Gpu temperature: 51
20:37:10.713         | Gpu P-State: 5
20:38:10.735         | Gpu temperature: 51
20:38:10.735         | Gpu P-State: 5
20:39:10.756         | Gpu temperature: 51
20:39:10.756         | Gpu P-State: 3
20:40:10.819         | Gpu temperature: 48
20:40:10.820         | Gpu P-State: 5
20:41:10.819         | Gpu temperature: 48
20:41:10.819         | Gpu P-State: 5
20:42:10.847         | Gpu temperature: 49
20:42:10.847         | Gpu P-State: 3
20:43:10.862         | Gpu temperature: 49
20:43:10.862         | Gpu P-State: 3
20:44:10.911         | Gpu temperature: 47
20:44:10.911         | Gpu P-State: 5
20:45:10.946         | Gpu temperature: 47
20:45:10.946         | Gpu P-State: 5
20:46:10.950         | Gpu temperature: 49
20:46:10.950         | Gpu P-State: 3
20:47:10.887         | Gpu temperature: 73
20:47:10.888         | Gpu P-State: 0
20:48:10.847         | Gpu temperature: 74
20:48:10.847         | Gpu P-State: 0
20:49:10.782         | Gpu temperature: 77
20:49:10.782         | Gpu P-State: 0
20:50:10.903         | Gpu temperature: 61
20:50:10.903         | Gpu P-State: 5
20:51:10.926         | Gpu temperature: 54
20:51:10.926         | Gpu P-State: 5
20:52:11.036         | Gpu temperature: 52
20:52:11.036         | Gpu P-State: 5
20:53:11.081         | Gpu temperature: 53
20:53:11.081         | Gpu P-State: 3
20:54:11.097         | Gpu temperature: 52
20:54:11.097         | Gpu P-State: 5
20:55:11.122         | Gpu temperature: 55
20:55:11.124         | Gpu P-State: 0
20:56:11.142         | Gpu temperature: 54
20:56:11.142         | Gpu P-State: 5
20:57:11.071         | Gpu temperature: 75
20:57:11.071         | Gpu P-State: 0
20:58:10.976         | Gpu temperature: 77
20:58:10.976         | Gpu P-State: 0
20:59:10.938         | Gpu temperature: 78
20:59:10.938         | Gpu P-State: 0
21:00:10.813         | Gpu temperature: 78
21:00:10.813         | Gpu P-State: 0
21:01:10.818         | Gpu temperature: 79
21:01:10.818         | Gpu P-State: 0
21:02:10.692         | Gpu temperature: 81
21:02:10.692         | Gpu P-State: 0
21:03:10.690         | Gpu temperature: 82
21:03:10.690         | Gpu P-State: 0
21:04:10.534         | Gpu temperature: 84
21:04:10.534         | Gpu P-State: 0
21:05:10.591         | Gpu temperature: 65
21:05:10.591         | Gpu P-State: 5
21:06:10.552         | Gpu temperature: 74
21:06:10.552         | Gpu P-State: 0
21:07:10.635         | Gpu temperature: 68
21:07:10.635         | Gpu P-State: 0
