
--- Date: 2023-7-25 (Tue Jul 2023) UTC+03:00

17:24:47.606         | CreateDevice() using 'NVIDIA GeForce GTX 1650' adapter
17:24:47.606         | Adapter vendorId:                0x10de
17:24:47.606         | Adapter deviceId:                0x1f99
17:24:47.607         | Adapter driver date:             20.7.2022
17:24:47.607         | Adapter driver version:          31.00.15.1691
17:24:47.607         | Adapter dedicated video memory:  4154458112
17:24:47.607         | Adapter dedicated system memory: 0
17:24:47.607         | Adapter shared system memory:    4209512448
17:24:47.724         | NvApi initialized. Interface version: NVidia Complete Version 1.10. Driver version: 51691. Build branch: r515_00
17:24:48.410         | Driver features:
17:24:48.410         | 	DriverConcurrentCreates: true
17:24:48.410         | 	DriverCommandLists: true
17:24:48.410         | 	MapNoOverwriteOnDynamicConstantBuffer: true
17:24:48.410         | 	MapNoOverwriteOnDynamicSrv: true
17:24:48.410         | Gpu counters activated
17:24:48.410         | 
17:24:48.410         | ------------ Autodetecting defaults ------------
17:24:48.411         | OS: Windows 10 Home 22H2 (10.0.22621.1848) x64
17:24:48.411         | CPU: Intel(R) Core(TM) i5-10300H CPU @ 2.50GHz
17:24:48.411         | CPU cores: 4
17:24:48.411         | CPU threads: 8
17:24:48.411         | RAM: 8029 MB
17:24:48.411         | Memory Load: 85%
17:24:48.411         | Page File: 11975 MB used, 11046 MB available
17:24:48.411         | Log disk free space: 25.4 GB (10.47%)
17:24:48.411         | GPU: NVIDIA GeForce GTX 1650
17:24:48.411         | VRAM: 3962 MB
17:24:48.411         | Feature level: 11_1
17:24:48.411         | Auto-detected default graphics quality: [Good]
17:24:48.411         | ------------------------------------------------
17:24:48.411         | 
17:24:48.499         | CreateSwapChain(ModeDesc.Width = 1422, ModeDesc.Height = 693, BufferCount = 2, Flags = 0x802, SwapEffect = FlipSequential)
17:24:49.611         | Gpu temperature: 53
17:24:49.611         | Gpu P-State: 0
17:24:49.611         | ResizeBuffers(Width = 1422, Height = 720, Flags = 0x802)
17:24:49.630         | ChangeMode(DeviceMode(0, 0, 0, 0), BorderlessFullscreen, prevMode: Windowed)
17:24:49.671         | OutputRect: {x: 0, y: 0, width: 1920, height: 1080}
17:24:49.671         | WorkRect for reshape: {x: 0, y: 0, width: 1920, height: 1080, flags: 0}
17:24:49.673         | ResizeBuffers(Width = 1920, Height = 1080, Flags = 0x802)
17:24:50.512  WARNING| NVIDIA NGX not available on this hardware/platform., code = 0xbad00001, info: NVSDK_NGX_Result_FAIL_FeatureNotSupported
17:24:50.560         | Main view color buffer size changed to: {width: 1920, height: 1080}
17:24:54.757         | Gpu temperature: 51
17:24:54.757         | Gpu P-State: 8
17:24:55.897         | Initial settings:
    r_vsync = 0
    MainView.RenderScale = 1
    r_textureQuality = 1
    r_anisoLevel = 4
    car_skidmarks = 2
    cl_debrisQuality = 1
    cl_shellsQuality = 0
    Client.LightsQuality = 0
    Game.ImpactDecals = 1
    g_lodDistanceFactor = 100
    g_grassDensity = 0.35
    MainView.GrassMaxDistance = 300
    Client.PostEffectAntiAliasing = FxaaLow
    MainView.EnableShadows = 1
    MainView.EnableShadowsFiltering = 0
    MainView.ShadowMapResolution = 512
    MainView.LightsShadowsQuality = 1
    MainView.SSAO = 0
    Particles.RateFactorPreset = 1
    Client.UltraLowQuality = 0
    MainView.LightShaft = 1
    MainView.FSR = 0
    MainView.FSR.Sharpness = 0.2
    MainView.TAA = 0
    MainView.Sharpness = 2
    MainView.GI = 0
    MainView.SSLR = 2
    MainView.SSLR.Mode = 1
    MainView.ContactShadows = 2
    MainView.MotionBlur = 0
    MainView.MotionBlur.Intensity = 0.5
    MainView.PostProcessing.LensFlare = 1
    MainView.PostProcessing.Vignetting = 1
    MainView.DLSS.Mode = 1
    MainView.DLSS.RegularSharpness = 1

17:25:30.683         | Gpu temperature: 54
17:25:30.684         | Gpu P-State: 5
17:26:09.864         | Gpu temperature: 63
17:26:09.864         | Gpu P-State: 0
17:27:08.839         | Gpu temperature: 74
17:27:08.839         | Gpu P-State: 0
17:28:08.346         | Gpu temperature: 74
17:28:08.346         | Gpu P-State: 0
17:29:07.755         | Gpu temperature: 74
17:29:07.755         | Gpu P-State: 0
17:30:00.197         | Gpu temperature: 75
17:30:00.197         | Gpu P-State: 0
17:30:43.668         | Gpu temperature: 74
17:30:43.668         | Gpu P-State: 0
17:31:43.721         | Gpu temperature: 74
17:31:43.721         | Gpu P-State: 0
17:32:43.326         | Gpu temperature: 75
17:32:43.326         | Gpu P-State: 0
17:33:43.359         | Gpu temperature: 70
17:33:43.359         | Gpu P-State: 3
17:34:43.198         | Gpu temperature: 73
17:34:43.198         | Gpu P-State: 0
17:35:42.935         | Gpu temperature: 74
17:35:42.935         | Gpu P-State: 0
17:36:42.665         | Gpu temperature: 74
17:36:42.665         | Gpu P-State: 0
17:37:41.556         | Gpu temperature: 74
17:37:41.556         | Gpu P-State: 0
17:38:41.182         | Gpu temperature: 74
17:38:41.182         | Gpu P-State: 0
17:39:39.687         | Gpu temperature: 74
17:39:39.688         | Gpu P-State: 0
17:40:37.955         | Gpu temperature: 74
17:40:37.955         | Gpu P-State: 0
17:41:36.757         | Gpu temperature: 75
17:41:36.757         | Gpu P-State: 0
17:42:35.652         | Gpu temperature: 74
17:42:35.652         | Gpu P-State: 0
17:43:34.055         | Gpu temperature: 75
17:43:34.055         | Gpu P-State: 0
17:44:33.325         | Gpu temperature: 75
17:44:33.325         | Gpu P-State: 0
17:45:32.701         | Gpu temperature: 72
17:45:32.701         | Gpu P-State: 5
17:46:32.299         | Gpu temperature: 73
17:46:32.299         | Gpu P-State: 0
17:47:30.582         | Gpu temperature: 74
17:47:30.582         | Gpu P-State: 0
17:48:30.013         | Gpu temperature: 74
17:48:30.013         | Gpu P-State: 0
17:49:28.515         | Gpu temperature: 75
17:49:28.515         | Gpu P-State: 0
17:50:26.858         | Gpu temperature: 75
17:50:26.858         | Gpu P-State: 0
17:51:25.824         | Gpu temperature: 74
17:51:25.824         | Gpu P-State: 0
17:52:21.320         | Gpu temperature: 74
17:52:21.320         | Gpu P-State: 0
17:53:16.800         | Gpu temperature: 75
17:53:16.802         | Gpu P-State: 0
17:54:13.625         | Gpu temperature: 75
17:54:13.625         | Gpu P-State: 0
17:55:12.198         | Gpu temperature: 75
17:55:12.198         | Gpu P-State: 0
17:56:09.154         | Gpu temperature: 75
17:56:09.154         | Gpu P-State: 0
17:57:06.718         | Gpu temperature: 75
17:57:06.718         | Gpu P-State: 0
17:58:05.723         | Gpu temperature: 75
17:58:05.723         | Gpu P-State: 0
17:59:04.392         | Gpu temperature: 75
17:59:04.392         | Gpu P-State: 0
18:00:02.533         | Gpu temperature: 75
18:00:02.533         | Gpu P-State: 0
18:00:59.417         | Gpu temperature: 75
18:00:59.417         | Gpu P-State: 0
18:01:38.887         | Gpu temperature: 75
18:01:38.887         | Gpu P-State: 0
18:02:38.900         | Gpu temperature: 77
18:02:38.900         | Gpu P-State: 0
18:03:10.192         | Gpu temperature: 75
18:03:10.192         | Gpu P-State: 0
18:03:19.023         | Gpu temperature: 75
18:03:19.023         | Gpu P-State: 0
18:04:12.552         | Gpu temperature: 76
18:04:12.552         | Gpu P-State: 0
18:05:12.519         | Gpu temperature: 76
18:05:12.519         | Gpu P-State: 0
18:06:12.422         | Gpu temperature: 75
18:06:12.422         | Gpu P-State: 0
18:07:09.899         | Gpu temperature: 76
18:07:09.899         | Gpu P-State: 0
18:08:09.324         | Gpu temperature: 76
18:08:09.325         | Gpu P-State: 0
18:09:08.728         | Gpu temperature: 76
18:09:08.728         | Gpu P-State: 0
18:09:56.352         | Gpu temperature: 75
18:09:56.352         | Gpu P-State: 0
18:10:57.724         | Gpu temperature: 76
18:10:57.724         | Gpu P-State: 0
18:11:56.415         | Gpu temperature: 75
18:11:56.415         | Gpu P-State: 0
18:11:59.371         | Gpu temperature: 75
18:11:59.371         | Gpu P-State: 0
18:12:50.277         | Gpu temperature: 76
18:12:50.277         | Gpu P-State: 0
18:13:50.342         | Gpu temperature: 77
18:13:50.342         | Gpu P-State: 0
18:14:50.532         | Gpu temperature: 77
18:14:50.532         | Gpu P-State: 0
18:15:50.607         | Gpu temperature: 77
18:15:50.607         | Gpu P-State: 0
18:16:50.692         | Gpu temperature: 77
18:16:50.692         | Gpu P-State: 0
18:17:50.721         | Gpu temperature: 77
18:17:50.721         | Gpu P-State: 0
18:18:02.172         | Gpu temperature: 77
18:18:02.172         | Gpu P-State: 0
18:19:01.458         | Gpu temperature: 77
18:19:01.459         | Gpu P-State: 0
18:20:01.462         | Gpu temperature: 77
18:20:01.462         | Gpu P-State: 0
18:20:16.020         | Gpu temperature: 77
18:20:16.020         | Gpu P-State: 0
18:21:03.976         | Gpu temperature: 78
18:21:03.976         | Gpu P-State: 0
18:22:04.082         | Gpu temperature: 77
18:22:04.082         | Gpu P-State: 0
18:23:04.250         | Gpu temperature: 77
18:23:04.250         | Gpu P-State: 0
18:24:04.760         | Gpu temperature: 78
18:24:04.760         | Gpu P-State: 0
18:25:05.125         | Gpu temperature: 78
18:25:05.125         | Gpu P-State: 0
18:26:05.172         | Gpu temperature: 77
18:26:05.172         | Gpu P-State: 0
18:27:05.070         | Gpu temperature: 77
18:27:05.070         | Gpu P-State: 0
18:28:05.098         | Gpu temperature: 77
18:28:05.098         | Gpu P-State: 0
18:29:04.896         | Gpu temperature: 76
18:29:04.896         | Gpu P-State: 0
18:30:04.878         | Gpu temperature: 77
18:30:04.878         | Gpu P-State: 0
18:30:51.054         | Gpu temperature: 76
18:30:51.054         | Gpu P-State: 0
18:31:11.940         | Gpu temperature: 77
18:31:11.940         | Gpu P-State: 0
18:32:10.285         | Gpu temperature: 76
18:32:10.285         | Gpu P-State: 0
18:32:31.197         | Gpu temperature: 78
18:32:31.197         | Gpu P-State: 0
18:32:36.482         | Gpu temperature: 77
18:32:36.483         | Gpu P-State: 0
18:32:47.997         | Gpu temperature: 77
18:32:47.997         | Gpu P-State: 0
18:32:55.039         | Gpu temperature: 77
18:32:55.039         | Gpu P-State: 0
18:33:08.450         | Gpu temperature: 78
18:33:08.450         | Gpu P-State: 0
18:33:17.689         | Gpu temperature: 78
18:33:17.689         | Gpu P-State: 0
18:34:17.137         | Gpu temperature: 78
18:34:17.137         | Gpu P-State: 0
18:34:42.484         | Gpu temperature: 77
18:34:42.484         | Gpu P-State: 0
18:35:21.931         | Gpu temperature: 77
18:35:21.931         | Gpu P-State: 0
18:36:22.010         | Gpu temperature: 78
18:36:22.010         | Gpu P-State: 0
18:37:22.188         | Gpu temperature: 77
18:37:22.188         | Gpu P-State: 0
18:38:21.729         | Gpu temperature: 77
18:38:21.729         | Gpu P-State: 0
18:39:21.567         | Gpu temperature: 75
18:39:21.567         | Gpu P-State: 0
18:39:56.756         | Gpu temperature: 76
18:39:56.756         | Gpu P-State: 0
18:40:57.094         | Gpu temperature: 77
18:40:57.094         | Gpu P-State: 0
18:41:57.519         | Gpu temperature: 77
18:41:57.519         | Gpu P-State: 0
18:42:57.641         | Gpu temperature: 77
18:42:57.641         | Gpu P-State: 0
18:43:57.690         | Gpu temperature: 77
18:43:57.690         | Gpu P-State: 0
18:44:57.335         | Gpu temperature: 77
18:44:57.335         | Gpu P-State: 0
18:45:57.255         | Gpu temperature: 78
18:45:57.255         | Gpu P-State: 0
18:46:56.663         | Gpu temperature: 77
18:46:56.663         | Gpu P-State: 0
18:47:24.099         | Gpu temperature: 76
18:47:24.099         | Gpu P-State: 0
18:47:35.331         | Gpu temperature: 75
18:47:35.331         | Gpu P-State: 3
18:48:36.019         | Gpu temperature: 77
18:48:36.019         | Gpu P-State: 0
18:49:36.357         | Gpu temperature: 78
18:49:36.357         | Gpu P-State: 0
18:49:55.333         | Gpu temperature: 77
18:49:55.335         | Gpu P-State: 0
18:50:50.855         | Gpu temperature: 78
18:50:50.855         | Gpu P-State: 0
18:51:50.783         | Gpu temperature: 78
18:51:50.783         | Gpu P-State: 0
18:52:50.167         | Gpu temperature: 78
18:52:50.167         | Gpu P-State: 0
18:53:50.518         | Gpu temperature: 78
18:53:50.519         | Gpu P-State: 0
18:54:49.241         | Gpu temperature: 77
18:54:49.241         | Gpu P-State: 0
18:55:49.229         | Gpu temperature: 78
18:55:49.229         | Gpu P-State: 0
18:56:49.457         | Gpu temperature: 78
18:56:49.457         | Gpu P-State: 0
18:57:47.689         | Gpu temperature: 76
18:57:47.689         | Gpu P-State: 0
21:01:58.613         | Gpu temperature: 31
21:01:58.614         | Gpu P-State: 0
21:02:49.356         | Gpu temperature: 52
21:02:49.356         | Gpu P-State: 3
21:03:49.374         | Gpu temperature: 46
21:03:49.375         | Gpu P-State: 5
21:04:49.373         | Gpu temperature: 46
21:04:49.373         | Gpu P-State: 5
21:05:49.437         | Gpu temperature: 47
21:05:49.437         | Gpu P-State: 5
21:06:49.450         | Gpu temperature: 46
21:06:49.450         | Gpu P-State: 5
21:07:49.456         | Gpu temperature: 49
21:07:49.456         | Gpu P-State: 3
21:08:49.513         | Gpu temperature: 48
21:08:49.513         | Gpu P-State: 5
21:09:49.551         | Gpu temperature: 50
21:09:49.551         | Gpu P-State: 5
21:10:49.559         | Gpu temperature: 50
21:10:49.559         | Gpu P-State: 5
21:11:49.613         | Gpu temperature: 49
21:11:49.613         | Gpu P-State: 5
21:12:49.651         | Gpu temperature: 50
21:12:49.651         | Gpu P-State: 0
21:13:49.695         | Gpu temperature: 51
21:13:49.695         | Gpu P-State: 0
21:14:49.749         | Gpu temperature: 52
21:14:49.749         | Gpu P-State: 5
21:15:49.789         | Gpu temperature: 52
21:15:49.789         | Gpu P-State: 5
21:16:49.799         | Gpu temperature: 53
21:16:49.800         | Gpu P-State: 0
21:17:49.893         | Gpu temperature: 51
21:17:49.893         | Gpu P-State: 8
21:18:49.899         | Gpu temperature: 48
21:18:49.899         | Gpu P-State: 8
21:19:49.913         | Gpu temperature: 50
21:19:49.913         | Gpu P-State: 8
21:20:49.955         | Gpu temperature: 49
21:20:49.956         | Gpu P-State: 8
21:21:49.983         | Gpu temperature: 47
21:21:49.983         | Gpu P-State: 8
21:22:50.018         | Gpu temperature: 47
21:22:50.018         | Gpu P-State: 8
21:23:50.059         | Gpu temperature: 47
21:23:50.060         | Gpu P-State: 8
21:24:50.056         | Gpu temperature: 46
21:24:50.056         | Gpu P-State: 8
21:25:50.072         | Gpu temperature: 45
21:25:50.072         | Gpu P-State: 8
21:26:50.107         | Gpu temperature: 47
21:26:50.108         | Gpu P-State: 8
21:27:50.119         | Gpu temperature: 46
21:27:50.119         | Gpu P-State: 8
21:28:50.173         | Gpu temperature: 47
21:28:50.174         | Gpu P-State: 8
21:29:50.182         | Gpu temperature: 49
21:29:50.182         | Gpu P-State: 8
21:30:50.210         | Gpu temperature: 48
21:30:50.210         | Gpu P-State: 8
21:31:50.274         | Gpu temperature: 47
21:31:50.274         | Gpu P-State: 8
21:32:50.282         | Gpu temperature: 47
21:32:50.282         | Gpu P-State: 8
21:33:50.297         | Gpu temperature: 47
21:33:50.297         | Gpu P-State: 8
21:34:50.342         | Gpu temperature: 47
21:34:50.342         | Gpu P-State: 8
21:35:50.367         | Gpu temperature: 45
21:35:50.368         | Gpu P-State: 8
21:36:50.400         | Gpu temperature: 47
21:36:50.400         | Gpu P-State: 8
21:37:50.428         | Gpu temperature: 47
21:37:50.428         | Gpu P-State: 8
21:38:43.196         | Gpu temperature: 50
21:38:43.196         | Gpu P-State: 5
21:39:43.201         | Gpu temperature: 51
21:39:43.202         | Gpu P-State: 5
21:40:43.140         | Gpu temperature: 53
21:40:43.140         | Gpu P-State: 5
21:41:43.191         | Gpu temperature: 51
21:41:43.191         | Gpu P-State: 5
21:42:43.118         | Gpu temperature: 64
21:42:43.118         | Gpu P-State: 0
21:43:42.955         | Gpu temperature: 65
21:43:42.956         | Gpu P-State: 0
21:43:45.760         | Gpu temperature: 60
21:43:45.760         | Gpu P-State: 3
21:43:46.042         | Gpu temperature: 60
21:43:46.042         | Gpu P-State: 3
21:43:46.878         | Gpu temperature: 60
21:43:46.878         | Gpu P-State: 5
21:43:47.142         | Gpu temperature: 60
21:43:47.142         | Gpu P-State: 5
21:44:26.640         | Gpu temperature: 74
21:44:26.640         | Gpu P-State: 0
21:45:26.202         | Gpu temperature: 75
21:45:26.202         | Gpu P-State: 0
21:46:24.671         | Gpu temperature: 74
21:46:24.671         | Gpu P-State: 0
21:46:51.701         | Gpu temperature: 73
21:46:51.701         | Gpu P-State: 0
21:46:51.913         | Gpu temperature: 73
21:46:51.913         | Gpu P-State: 0
21:46:52.130         | Gpu temperature: 74
21:46:52.131         | Gpu P-State: 0
21:46:53.021         | Gpu temperature: 74
21:46:53.021         | Gpu P-State: 0
21:46:53.274         | Gpu temperature: 73
21:46:53.274         | Gpu P-State: 0
21:47:47.375         | Gpu temperature: 77
21:47:47.375         | Gpu P-State: 0
21:48:46.810         | Gpu temperature: 76
21:48:46.810         | Gpu P-State: 0
21:49:46.730         | Gpu temperature: 70
21:49:46.730         | Gpu P-State: 0
21:50:45.153         | Gpu temperature: 76
21:50:45.153         | Gpu P-State: 0
21:51:44.768         | Gpu temperature: 76
21:51:44.768         | Gpu P-State: 0
21:52:44.463         | Gpu temperature: 78
21:52:44.463         | Gpu P-State: 0
21:53:43.518         | Gpu temperature: 78
21:53:43.518         | Gpu P-State: 0
21:54:42.013         | Gpu temperature: 78
21:54:42.013         | Gpu P-State: 0
21:55:41.607         | Gpu temperature: 79
21:55:41.607         | Gpu P-State: 0
21:56:40.696         | Gpu temperature: 79
21:56:40.696         | Gpu P-State: 0
21:57:40.440         | Gpu temperature: 79
21:57:40.440         | Gpu P-State: 0
21:58:40.333         | Gpu temperature: 80
21:58:40.333         | Gpu P-State: 0
21:59:40.096         | Gpu temperature: 79
21:59:40.096         | Gpu P-State: 0
22:00:40.035         | Gpu temperature: 79
22:00:40.035         | Gpu P-State: 0
22:01:39.935         | Gpu temperature: 80
22:01:39.935         | Gpu P-State: 0
22:02:39.176         | Gpu temperature: 79
22:02:39.176         | Gpu P-State: 0
22:03:38.626         | Gpu temperature: 77
22:03:38.626         | Gpu P-State: 0
22:04:38.512         | Gpu temperature: 79
22:04:38.512         | Gpu P-State: 0
22:05:30.991         | Gpu temperature: 81
22:05:30.991         | Gpu P-State: 0
22:06:30.943         | Gpu temperature: 71
22:06:30.943         | Gpu P-State: 5
22:06:46.161         | Gpu temperature: 73
22:06:46.161         | Gpu P-State: 0
22:07:24.943         | Gpu temperature: 80
22:07:24.943         | Gpu P-State: 0
22:07:43.306         | Gpu temperature: 78
22:07:43.306         | Gpu P-State: 0
22:08:23.838         | Gpu temperature: 80
22:08:23.838         | Gpu P-State: 0
22:09:23.667         | Gpu temperature: 81
22:09:23.667         | Gpu P-State: 0
22:10:23.340         | Gpu temperature: 82
22:10:23.340         | Gpu P-State: 0
22:11:23.325         | Gpu temperature: 83
22:11:23.325         | Gpu P-State: 0
22:11:55.555         | Gpu temperature: 80
22:11:55.555         | Gpu P-State: 0
22:12:13.765         | Gpu temperature: 82
22:12:13.765         | Gpu P-State: 0
22:12:31.601         | Gpu temperature: 78
22:12:31.602         | Gpu P-State: 0
22:12:31.851         | Gpu temperature: 78
22:12:31.851         | Gpu P-State: 0
22:12:44.719         | Gpu temperature: 79
22:12:44.719         | Gpu P-State: 0
22:12:45.239         | Gpu temperature: 78
22:12:45.240         | Gpu P-State: 0
22:12:45.859         | Gpu temperature: 78
22:12:45.859         | Gpu P-State: 3
22:13:16.611         | Gpu temperature: 82
22:13:16.611         | Gpu P-State: 0
22:14:16.673         | Gpu temperature: 80
22:14:16.673         | Gpu P-State: 0
22:15:16.663         | Gpu temperature: 82
22:15:16.663         | Gpu P-State: 0
22:16:16.656         | Gpu temperature: 83
22:16:16.656         | Gpu P-State: 0
22:17:00.698         | Gpu temperature: 80
22:17:00.698         | Gpu P-State: 0
22:17:15.339         | Gpu temperature: 81
22:17:15.339         | Gpu P-State: 0
22:18:15.296         | Gpu temperature: 80
22:18:15.297         | Gpu P-State: 0
22:18:54.840         | Gpu temperature: 73
22:18:54.840         | Gpu P-State: 8
22:19:34.751         | Gpu temperature: 77
22:19:34.751         | Gpu P-State: 0
22:20:34.437         | Gpu temperature: 79
22:20:34.437         | Gpu P-State: 0
22:21:27.002         | Gpu temperature: 76
22:21:27.002         | Gpu P-State: 5
22:22:27.112         | Gpu temperature: 74
22:22:27.112         | Gpu P-State: 0
22:22:33.500         | Gpu temperature: 75
22:22:33.500         | Gpu P-State: 0
22:23:33.438         | Gpu temperature: 79
22:23:33.438         | Gpu P-State: 0
22:24:25.150         | Gpu temperature: 76
22:24:25.150         | Gpu P-State: 3
22:24:53.423         | Gpu temperature: 79
22:24:53.423         | Gpu P-State: 0
22:25:53.430         | Gpu temperature: 81
22:25:53.430         | Gpu P-State: 0
22:26:53.422         | Gpu temperature: 82
22:26:53.422         | Gpu P-State: 0
22:27:37.345         | Gpu temperature: 79
22:27:37.346         | Gpu P-State: 0
22:27:44.792         | Gpu temperature: 82
22:27:44.792         | Gpu P-State: 0
22:28:15.285         | Gpu temperature: 72
22:28:15.285         | Gpu P-State: 5
22:29:04.143         | Gpu temperature: 79
22:29:04.143         | Gpu P-State: 0
22:30:03.973         | Gpu temperature: 81
22:30:03.973         | Gpu P-State: 0
22:31:03.963         | Gpu temperature: 83
22:31:03.963         | Gpu P-State: 0
22:32:03.969         | Gpu temperature: 83
22:32:03.969         | Gpu P-State: 0
22:32:24.893         | Gpu temperature: 80
22:32:24.894         | Gpu P-State: 0
22:33:18.061         | Gpu temperature: 80
22:33:18.061         | Gpu P-State: 0
22:34:16.931         | Gpu temperature: 81
22:34:16.932         | Gpu P-State: 0
22:35:16.487         | Gpu temperature: 82
22:35:16.487         | Gpu P-State: 0
22:36:05.800         | Gpu temperature: 79
22:36:05.800         | Gpu P-State: 0
22:36:07.057         | Gpu temperature: 80
22:36:07.057         | Gpu P-State: 0
22:37:07.103         | Gpu temperature: 81
22:37:07.103         | Gpu P-State: 0
22:38:07.123         | Gpu temperature: 82
22:38:07.124         | Gpu P-State: 0
22:38:42.498         | Gpu temperature: 78
22:38:42.498         | Gpu P-State: 0
22:39:01.411         | Gpu temperature: 80
22:39:01.412         | Gpu P-State: 0
22:40:01.403         | Gpu temperature: 82
22:40:01.403         | Gpu P-State: 0
22:40:58.447         | Gpu temperature: 80
22:40:58.447         | Gpu P-State: 0
22:41:07.035         | Gpu temperature: 79
22:41:07.035         | Gpu P-State: 0
22:41:59.407         | Gpu temperature: 81
22:41:59.407         | Gpu P-State: 0
22:42:21.064         | Gpu temperature: 79
22:42:21.065         | Gpu P-State: 0
22:43:13.125         | Gpu temperature: 81
22:43:13.125         | Gpu P-State: 0
22:44:13.104         | Gpu temperature: 81
22:44:13.104         | Gpu P-State: 0
22:45:05.633         | Gpu temperature: 78
22:45:05.633         | Gpu P-State: 3
22:45:29.402         | Gpu temperature: 81
22:45:29.402         | Gpu P-State: 0
22:46:29.318         | Gpu temperature: 81
22:46:29.318         | Gpu P-State: 0
22:47:21.828         | Gpu temperature: 70
22:47:21.828         | Gpu P-State: 5
22:48:21.850         | Gpu temperature: 61
22:48:21.850         | Gpu P-State: 3
22:49:21.882         | Gpu temperature: 64
22:49:21.882         | Gpu P-State: 0
22:50:21.933         | Gpu temperature: 58
22:50:21.933         | Gpu P-State: 5
22:51:21.953         | Gpu temperature: 56
22:51:21.953         | Gpu P-State: 5
22:52:21.981         | Gpu temperature: 55
22:52:21.981         | Gpu P-State: 0
22:53:22.034         | Gpu temperature: 57
22:53:22.034         | Gpu P-State: 5
22:54:22.091         | Gpu temperature: 54
22:54:22.091         | Gpu P-State: 3
22:55:22.201         | Gpu temperature: 53
22:55:22.203         | Gpu P-State: 0
22:56:22.199         | Gpu temperature: 54
22:56:22.199         | Gpu P-State: 5
22:57:22.212         | Gpu temperature: 55
22:57:22.213         | Gpu P-State: 0
22:58:22.241         | Gpu temperature: 54
22:58:22.241         | Gpu P-State: 5
22:59:22.257         | Gpu temperature: 57
22:59:22.257         | Gpu P-State: 5
23:00:22.315         | Gpu temperature: 55
23:00:22.315         | Gpu P-State: 5
23:01:22.330         | Gpu temperature: 53
23:01:22.330         | Gpu P-State: 5
23:02:22.395         | Gpu temperature: 53
23:02:22.395         | Gpu P-State: 8
23:03:22.425         | Gpu temperature: 55
23:03:22.425         | Gpu P-State: 5
23:04:22.499         | Gpu temperature: 56
23:04:22.499         | Gpu P-State: 0
23:05:22.540         | Gpu temperature: 57
23:05:22.540         | Gpu P-State: 5
23:06:22.600         | Gpu temperature: 55
23:06:22.600         | Gpu P-State: 5
23:07:22.612         | Gpu temperature: 54
23:07:22.612         | Gpu P-State: 5
23:08:22.620         | Gpu temperature: 54
23:08:22.620         | Gpu P-State: 5
23:09:22.662         | Gpu temperature: 54
23:09:22.663         | Gpu P-State: 5
23:10:22.605         | Gpu temperature: 57
23:10:22.605         | Gpu P-State: 0
23:11:22.671         | Gpu temperature: 56
23:11:22.671         | Gpu P-State: 0
23:12:22.724         | Gpu temperature: 57
23:12:22.724         | Gpu P-State: 5
23:13:22.729         | Gpu temperature: 55
23:13:22.729         | Gpu P-State: 0
23:14:22.733         | Gpu temperature: 67
23:14:22.734         | Gpu P-State: 0
23:14:50.044         | Gpu temperature: 71
23:14:50.044         | Gpu P-State: 0
23:15:14.169         | Gpu temperature: 74
23:15:14.169         | Gpu P-State: 0
23:16:13.706         | Gpu temperature: 75
23:16:13.706         | Gpu P-State: 0
23:17:13.724         | Gpu temperature: 75
23:17:13.724         | Gpu P-State: 0
23:18:13.595         | Gpu temperature: 76
23:18:13.595         | Gpu P-State: 0
23:19:13.084         | Gpu temperature: 77
23:19:13.084         | Gpu P-State: 0
23:20:12.866         | Gpu temperature: 78
23:20:12.866         | Gpu P-State: 0
23:21:12.824         | Gpu temperature: 78
23:21:12.824         | Gpu P-State: 0
23:22:12.829         | Gpu temperature: 79
23:22:12.829         | Gpu P-State: 0
23:23:11.829         | Gpu temperature: 79
23:23:11.829         | Gpu P-State: 0
23:24:12.023         | Gpu temperature: 79
23:24:12.023         | Gpu P-State: 0
23:25:12.037         | Gpu temperature: 79
23:25:12.037         | Gpu P-State: 0
23:26:11.879         | Gpu temperature: 79
23:26:11.879         | Gpu P-State: 0
23:27:11.818         | Gpu temperature: 80
23:27:11.818         | Gpu P-State: 0
23:28:11.510         | Gpu temperature: 79
23:28:11.510         | Gpu P-State: 0
23:29:11.501         | Gpu temperature: 79
23:29:11.501         | Gpu P-State: 0
23:30:10.938         | Gpu temperature: 81
23:30:10.938         | Gpu P-State: 0
23:31:10.410         | Gpu temperature: 81
23:31:10.410         | Gpu P-State: 0
23:32:09.448         | Gpu temperature: 75
23:32:09.448         | Gpu P-State: 0
23:33:08.853         | Gpu temperature: 76
23:33:08.853         | Gpu P-State: 0
23:34:07.527         | Gpu temperature: 79
23:34:07.527         | Gpu P-State: 0
23:35:07.231         | Gpu temperature: 79
23:35:07.231         | Gpu P-State: 0
23:36:07.504         | Gpu temperature: 80
23:36:07.504         | Gpu P-State: 0
23:37:07.409         | Gpu temperature: 79
23:37:07.409         | Gpu P-State: 0
23:38:06.807         | Gpu temperature: 79
23:38:06.807         | Gpu P-State: 0
23:38:44.787         | Gpu temperature: 78
23:38:44.787         | Gpu P-State: 0
23:38:50.146         | Gpu temperature: 78
23:38:50.146         | Gpu P-State: 0
23:39:00.793         | Gpu temperature: 81
23:39:00.793         | Gpu P-State: 0
23:40:00.228         | Gpu temperature: 80
23:40:00.228         | Gpu P-State: 0
23:41:00.027         | Gpu temperature: 81
23:41:00.027         | Gpu P-State: 0
23:41:58.980         | Gpu temperature: 81
23:41:58.980         | Gpu P-State: 0
23:42:58.367         | Gpu temperature: 81
23:42:58.367         | Gpu P-State: 0
23:43:58.388         | Gpu temperature: 78
23:43:58.388         | Gpu P-State: 0
23:44:58.241         | Gpu temperature: 79
23:44:58.241         | Gpu P-State: 0
23:45:58.196         | Gpu temperature: 73
23:45:58.196         | Gpu P-State: 0
23:46:57.971         | Gpu temperature: 79
23:46:57.971         | Gpu P-State: 0
23:47:57.127         | Gpu temperature: 80
23:47:57.127         | Gpu P-State: 0
23:48:56.426         | Gpu temperature: 77
23:48:56.426         | Gpu P-State: 0
23:49:56.126         | Gpu temperature: 80
23:49:56.126         | Gpu P-State: 0
23:50:55.579         | Gpu temperature: 79
23:50:55.579         | Gpu P-State: 0
23:51:55.551         | Gpu temperature: 80
23:51:55.551         | Gpu P-State: 0
23:52:55.134         | Gpu temperature: 80
23:52:55.134         | Gpu P-State: 0
23:53:54.902         | Gpu temperature: 81
23:53:54.902         | Gpu P-State: 0
23:54:54.111         | Gpu temperature: 80
23:54:54.111         | Gpu P-State: 0
23:55:54.083         | Gpu temperature: 80
23:55:54.083         | Gpu P-State: 0
23:56:53.848         | Gpu temperature: 80
23:56:53.848         | Gpu P-State: 0
23:57:53.709         | Gpu temperature: 80
23:57:53.709         | Gpu P-State: 0
23:58:53.695         | Gpu temperature: 80
23:58:53.695         | Gpu P-State: 0
23:59:53.577         | Gpu temperature: 80
23:59:53.577         | Gpu P-State: 0

--- Date: 2023-7-26 (Wed Jul 2023) UTC+03:00

00:00:46.225         | Gpu temperature: 73
00:00:46.225         | Gpu P-State: 5
00:01:46.229         | Gpu temperature: 83
00:01:46.229         | Gpu P-State: 0
00:02:46.249         | Gpu temperature: 77
00:02:46.249         | Gpu P-State: 3
00:03:46.313         | Gpu temperature: 66
00:03:46.313         | Gpu P-State: 3
00:04:46.320         | Gpu temperature: 58
00:04:46.320         | Gpu P-State: 3
00:05:46.321         | Gpu temperature: 53
00:05:46.321         | Gpu P-State: 5
00:06:46.321         | Gpu temperature: 53
00:06:46.321         | Gpu P-State: 5
00:07:46.327         | Gpu temperature: 54
00:07:46.327         | Gpu P-State: 3
00:08:46.321         | Gpu temperature: 59
00:08:46.321         | Gpu P-State: 5
00:09:38.208         | Gpu temperature: 64
00:09:38.208         | Gpu P-State: 3
00:10:29.851         | Gpu temperature: 62
00:10:29.851         | Gpu P-State: 5
00:11:20.538         | Gpu temperature: 62
00:11:20.538         | Gpu P-State: 5
00:12:11.517         | Gpu temperature: 61
00:12:11.517         | Gpu P-State: 5
00:13:01.643         | Gpu temperature: 57
00:13:01.643         | Gpu P-State: 3
00:13:52.956         | Gpu temperature: 52
00:13:52.956         | Gpu P-State: 5
00:14:43.411         | Gpu temperature: 50
00:14:43.411         | Gpu P-State: 5
00:15:34.178         | Gpu temperature: 50
00:15:34.178         | Gpu P-State: 5
00:16:26.137         | Gpu temperature: 49
00:16:26.137         | Gpu P-State: 8
00:17:16.824         | Gpu temperature: 49
00:17:16.825         | Gpu P-State: 5
00:18:08.475         | Gpu temperature: 50
00:18:08.476         | Gpu P-State: 0
00:18:58.718         | Gpu temperature: 46
00:18:58.718         | Gpu P-State: 8
00:19:48.793         | Gpu temperature: 45
00:19:48.793         | Gpu P-State: 8
00:20:39.009         | Gpu temperature: 44
00:20:39.009         | Gpu P-State: 8
00:21:28.639         | Gpu temperature: 44
00:21:28.639         | Gpu P-State: 8
00:22:18.820         | Gpu temperature: 43
00:22:18.820         | Gpu P-State: 8
00:23:09.370         | Gpu temperature: 43
00:23:09.370         | Gpu P-State: 8
00:23:59.213         | Gpu temperature: 43
00:23:59.213         | Gpu P-State: 8
00:24:49.574         | Gpu temperature: 43
00:24:49.574         | Gpu P-State: 8
00:25:39.991         | Gpu temperature: 42
00:25:39.991         | Gpu P-State: 8
00:26:30.081         | Gpu temperature: 42
00:26:30.082         | Gpu P-State: 8
00:27:20.417         | Gpu temperature: 42
00:27:20.417         | Gpu P-State: 8
00:28:10.173         | Gpu temperature: 42
00:28:10.173         | Gpu P-State: 8
00:29:00.542         | Gpu temperature: 41
00:29:00.542         | Gpu P-State: 8
00:29:51.154         | Gpu temperature: 41
00:29:51.154         | Gpu P-State: 8
00:30:44.807         | Gpu temperature: 47
00:30:44.807         | Gpu P-State: 8
00:31:39.438         | Gpu temperature: 47
00:31:39.438         | Gpu P-State: 5
00:32:39.447         | Gpu temperature: 49
00:32:39.447         | Gpu P-State: 5
00:33:39.444         | Gpu temperature: 50
00:33:39.444         | Gpu P-State: 5
00:34:39.449         | Gpu temperature: 52
00:34:39.449         | Gpu P-State: 0
00:35:39.421         | Gpu temperature: 52
00:35:39.421         | Gpu P-State: 5
00:36:39.465         | Gpu temperature: 53
00:36:39.465         | Gpu P-State: 5
00:37:39.524         | Gpu temperature: 52
00:37:39.524         | Gpu P-State: 5
00:38:39.536         | Gpu temperature: 53
00:38:39.536         | Gpu P-State: 5
00:39:39.567         | Gpu temperature: 55
00:39:39.567         | Gpu P-State: 0
00:40:39.644         | Gpu temperature: 54
00:40:39.644         | Gpu P-State: 5
00:41:39.669         | Gpu temperature: 54
00:41:39.669         | Gpu P-State: 5
00:42:39.681         | Gpu temperature: 54
00:42:39.681         | Gpu P-State: 5
00:43:39.705         | Gpu temperature: 53
00:43:39.705         | Gpu P-State: 5
00:44:39.709         | Gpu temperature: 52
00:44:39.709         | Gpu P-State: 0
00:45:39.873         | Gpu temperature: 55
00:45:39.873         | Gpu P-State: 5
00:46:39.921         | Gpu temperature: 54
00:46:39.921         | Gpu P-State: 5
00:47:39.953         | Gpu temperature: 53
00:47:39.953         | Gpu P-State: 8
00:48:39.976         | Gpu temperature: 53
00:48:39.976         | Gpu P-State: 5
00:49:39.984         | Gpu temperature: 54
00:49:39.984         | Gpu P-State: 0
00:50:39.989         | Gpu temperature: 55
00:50:39.989         | Gpu P-State: 3
00:51:39.989         | Gpu temperature: 57
00:51:39.989         | Gpu P-State: 5
00:52:40.036         | Gpu temperature: 56
00:52:40.036         | Gpu P-State: 5
00:53:40.048         | Gpu temperature: 58
00:53:40.049         | Gpu P-State: 0
00:54:40.065         | Gpu temperature: 55
00:54:40.065         | Gpu P-State: 5
00:55:39.795         | Gpu temperature: 71
00:55:39.795         | Gpu P-State: 0
00:56:12.930         | Gpu temperature: 66
00:56:12.930         | Gpu P-State: 8
00:57:15.286         | Gpu temperature: 75
00:57:15.286         | Gpu P-State: 0
00:57:40.377         | Gpu temperature: 74
00:57:40.377         | Gpu P-State: 0
00:58:35.193         | Gpu temperature: 75
00:58:35.193         | Gpu P-State: 0
00:59:33.602         | Gpu temperature: 75
00:59:33.602         | Gpu P-State: 0
01:00:33.342         | Gpu temperature: 74
01:00:33.342         | Gpu P-State: 0
01:01:32.423         | Gpu temperature: 76
01:01:32.423         | Gpu P-State: 0
01:02:31.328         | Gpu temperature: 77
01:02:31.328         | Gpu P-State: 0
01:03:30.767         | Gpu temperature: 77
01:03:30.767         | Gpu P-State: 0
01:04:30.506         | Gpu temperature: 77
01:04:30.506         | Gpu P-State: 0
01:05:30.371         | Gpu temperature: 78
01:05:30.371         | Gpu P-State: 0
01:06:30.099         | Gpu temperature: 78
01:06:30.100         | Gpu P-State: 0
01:07:30.027         | Gpu temperature: 78
01:07:30.029         | Gpu P-State: 0
01:08:29.866         | Gpu temperature: 78
01:08:29.866         | Gpu P-State: 0
01:08:43.344         | Gpu temperature: 76
01:08:43.344         | Gpu P-State: 0
01:09:42.440         | Gpu temperature: 78
01:09:42.440         | Gpu P-State: 0
01:10:41.710         | Gpu temperature: 79
01:10:41.716         | Gpu P-State: 0
01:11:41.009         | Gpu temperature: 79
01:11:41.010         | Gpu P-State: 0
01:12:39.655         | Gpu temperature: 80
01:12:39.655         | Gpu P-State: 0
01:13:37.897         | Gpu temperature: 79
01:13:37.897         | Gpu P-State: 0
01:14:37.314         | Gpu temperature: 78
01:14:37.314         | Gpu P-State: 0
01:15:37.108         | Gpu temperature: 79
01:15:37.108         | Gpu P-State: 0
01:16:29.017         | Gpu temperature: 81
01:16:29.017         | Gpu P-State: 0
01:17:29.097         | Gpu temperature: 62
01:17:29.097         | Gpu P-State: 5
01:17:36.440         | Gpu temperature: 68
01:17:36.440         | Gpu P-State: 0
01:18:24.267         | Gpu temperature: 78
01:18:24.267         | Gpu P-State: 0
01:19:24.188         | Gpu temperature: 81
01:19:24.188         | Gpu P-State: 0
01:20:24.027         | Gpu temperature: 83
01:20:24.027         | Gpu P-State: 0
01:21:23.965         | Gpu temperature: 84
01:21:23.965         | Gpu P-State: 0
01:22:23.816         | Gpu temperature: 84
01:22:23.816         | Gpu P-State: 0
01:23:23.820         | Gpu temperature: 73
01:23:23.820         | Gpu P-State: 3
01:24:23.779         | Gpu temperature: 70
01:24:23.779         | Gpu P-State: 3
01:25:23.418         | Gpu temperature: 70
01:25:23.418         | Gpu P-State: 3
01:26:23.325         | Gpu temperature: 70
01:26:23.325         | Gpu P-State: 3
01:27:23.207         | Gpu temperature: 72
01:27:23.207         | Gpu P-State: 3
01:28:02.777         | Gpu temperature: 70
01:28:02.777         | Gpu P-State: 3
01:28:14.475         | Gpu temperature: 72
01:28:14.475         | Gpu P-State: 3
01:28:48.045         | Gpu temperature: 70
01:28:48.045         | Gpu P-State: 3
01:29:00.999         | Gpu temperature: 72
01:29:00.999         | Gpu P-State: 3
01:30:01.359         | Gpu temperature: 74
01:30:01.359         | Gpu P-State: 3
01:31:01.952         | Gpu temperature: 74
01:31:01.952         | Gpu P-State: 3
01:32:02.393         | Gpu temperature: 74
01:32:02.393         | Gpu P-State: 3
01:33:03.130         | Gpu temperature: 75
01:33:03.130         | Gpu P-State: 3
01:34:03.207         | Gpu temperature: 75
01:34:03.207         | Gpu P-State: 3
01:35:03.551         | Gpu temperature: 75
01:35:03.551         | Gpu P-State: 3
01:36:03.553         | Gpu temperature: 75
01:36:03.554         | Gpu P-State: 3
01:37:03.624         | Gpu temperature: 74
01:37:03.624         | Gpu P-State: 3
01:38:03.708         | Gpu temperature: 65
01:38:03.708         | Gpu P-State: 3
01:39:03.498         | Gpu temperature: 70
01:39:03.498         | Gpu P-State: 3
01:40:03.330         | Gpu temperature: 73
01:40:03.330         | Gpu P-State: 3
01:41:03.388         | Gpu temperature: 74
01:41:03.388         | Gpu P-State: 3
01:42:03.495         | Gpu temperature: 74
01:42:03.495         | Gpu P-State: 3
01:43:03.530         | Gpu temperature: 74
01:43:03.530         | Gpu P-State: 3
01:44:03.341         | Gpu temperature: 74
01:44:03.341         | Gpu P-State: 3
01:45:03.282         | Gpu temperature: 75
01:45:03.282         | Gpu P-State: 3
01:46:03.225         | Gpu temperature: 74
01:46:03.225         | Gpu P-State: 3
01:47:03.230         | Gpu temperature: 74
01:47:03.230         | Gpu P-State: 3
01:48:03.132         | Gpu temperature: 74
01:48:03.132         | Gpu P-State: 3
01:49:03.107         | Gpu temperature: 75
01:49:03.107         | Gpu P-State: 3
01:50:03.011         | Gpu temperature: 75
01:50:03.011         | Gpu P-State: 3
01:51:03.061         | Gpu temperature: 69
01:51:03.061         | Gpu P-State: 5
01:52:03.048         | Gpu temperature: 74
01:52:03.048         | Gpu P-State: 3
01:53:03.191         | Gpu temperature: 74
01:53:03.191         | Gpu P-State: 3
01:54:03.421         | Gpu temperature: 74
01:54:03.421         | Gpu P-State: 3
01:54:39.398         | Gpu temperature: 72
01:54:39.398         | Gpu P-State: 3
01:55:00.283         | Gpu temperature: 75
01:55:00.283         | Gpu P-State: 3
01:56:00.344         | Gpu temperature: 75
01:56:00.345         | Gpu P-State: 3
01:57:00.651         | Gpu temperature: 75
01:57:00.651         | Gpu P-State: 3
01:58:00.986         | Gpu temperature: 75
01:58:00.986         | Gpu P-State: 3
01:59:01.504         | Gpu temperature: 75
01:59:01.504         | Gpu P-State: 3
02:00:02.483         | Gpu temperature: 75
02:00:02.483         | Gpu P-State: 3
02:01:03.180         | Gpu temperature: 75
02:01:03.180         | Gpu P-State: 3
02:02:03.808         | Gpu temperature: 75
02:02:03.808         | Gpu P-State: 3
02:03:04.768         | Gpu temperature: 75
02:03:04.768         | Gpu P-State: 3
02:04:05.364         | Gpu temperature: 75
02:04:05.364         | Gpu P-State: 3
02:05:05.765         | Gpu temperature: 75
02:05:05.765         | Gpu P-State: 3
02:06:05.903         | Gpu temperature: 75
02:06:05.903         | Gpu P-State: 3
02:07:06.267         | Gpu temperature: 75
02:07:06.267         | Gpu P-State: 3
02:08:07.160         | Gpu temperature: 75
02:08:07.160         | Gpu P-State: 3
02:09:07.480         | Gpu temperature: 75
02:09:07.480         | Gpu P-State: 3
02:10:07.539         | Gpu temperature: 75
02:10:07.539         | Gpu P-State: 3
02:11:07.783         | Gpu temperature: 75
02:11:07.783         | Gpu P-State: 3
02:12:08.173         | Gpu temperature: 72
02:12:08.173         | Gpu P-State: 3
02:13:08.033         | Gpu temperature: 74
02:13:08.033         | Gpu P-State: 3
02:14:08.136         | Gpu temperature: 69
02:14:08.137         | Gpu P-State: 3
02:15:08.182         | Gpu temperature: 71
02:15:08.182         | Gpu P-State: 3
02:16:08.201         | Gpu temperature: 72
02:16:08.201         | Gpu P-State: 3
02:17:08.176         | Gpu temperature: 74
02:17:08.177         | Gpu P-State: 3
02:18:08.012         | Gpu temperature: 74
02:18:08.012         | Gpu P-State: 3
02:19:08.439         | Gpu temperature: 75
02:19:08.439         | Gpu P-State: 3
02:20:08.526         | Gpu temperature: 75
02:20:08.526         | Gpu P-State: 3
02:21:08.646         | Gpu temperature: 75
02:21:08.646         | Gpu P-State: 3
02:22:09.010         | Gpu temperature: 75
02:22:09.010         | Gpu P-State: 3
02:23:09.077         | Gpu temperature: 75
02:23:09.077         | Gpu P-State: 3
02:24:09.121         | Gpu temperature: 75
02:24:09.121         | Gpu P-State: 3
02:25:09.093         | Gpu temperature: 75
02:25:09.093         | Gpu P-State: 3
02:26:08.958         | Gpu temperature: 75
02:26:08.958         | Gpu P-State: 3
02:27:09.091         | Gpu temperature: 75
02:27:09.091         | Gpu P-State: 3
02:28:09.172         | Gpu temperature: 75
02:28:09.172         | Gpu P-State: 3
02:29:09.437         | Gpu temperature: 75
02:29:09.437         | Gpu P-State: 3
02:30:09.799         | Gpu temperature: 75
02:30:09.799         | Gpu P-State: 3
02:31:10.086         | Gpu temperature: 75
02:31:10.086         | Gpu P-State: 3
02:32:10.084         | Gpu temperature: 75
02:32:10.084         | Gpu P-State: 3
