
--- Date: 2023-7-24 (Mon Jul 2023) UTC+03:00

20:57:43.152         | CreateDevice() using 'NVIDIA GeForce GTX 1650' adapter
20:57:43.152         | Adapter vendorId:                0x10de
20:57:43.152         | Adapter deviceId:                0x1f99
20:57:43.153         | Adapter driver date:             20.7.2022
20:57:43.153         | Adapter driver version:          31.00.15.1691
20:57:43.153         | Adapter dedicated video memory:  4154458112
20:57:43.153         | Adapter dedicated system memory: 0
20:57:43.153         | Adapter shared system memory:    4209512448
20:57:43.307         | NvApi initialized. Interface version: NVidia Complete Version 1.10. Driver version: 51691. Build branch: r515_00
20:57:44.983         | Driver features:
20:57:44.983         | 	DriverConcurrentCreates: true
20:57:44.983         | 	DriverCommandLists: true
20:57:44.983         | 	MapNoOverwriteOnDynamicConstantBuffer: true
20:57:44.983         | 	MapNoOverwriteOnDynamicSrv: true
20:57:44.983         | Gpu counters activated
20:57:44.983         | 
20:57:44.983         | ------------ Autodetecting defaults ------------
20:57:44.984         | OS: Windows 10 Home 22H2 (10.0.22621.1848) x64
20:57:44.984         | CPU: Intel(R) Core(TM) i5-10300H CPU @ 2.50GHz
20:57:44.984         | CPU cores: 4
20:57:44.984         | CPU threads: 8
20:57:44.984         | RAM: 8029 MB
20:57:44.984         | Memory Load: 87%
20:57:44.984         | Page File: 10174 MB used, 16702 MB available
20:57:44.984         | Log disk free space: 55.4 GB (22.85%)
20:57:44.984         | GPU: NVIDIA GeForce GTX 1650
20:57:44.984         | VRAM: 3962 MB
20:57:44.984         | Feature level: 11_1
20:57:44.984         | Auto-detected default graphics quality: [Good]
20:57:44.984         | ------------------------------------------------
20:57:44.984         | 
20:57:45.075         | CreateSwapChain(ModeDesc.Width = 1422, ModeDesc.Height = 693, BufferCount = 2, Flags = 0x802, SwapEffect = FlipSequential)
20:57:46.276         | Gpu temperature: 47
20:57:46.276         | Gpu P-State: 0
20:57:46.276         | ResizeBuffers(Width = 1422, Height = 720, Flags = 0x802)
20:57:46.295         | ChangeMode(DeviceMode(0, 0, 0, 0), BorderlessFullscreen, prevMode: Windowed)
20:57:46.336         | OutputRect: {x: 0, y: 0, width: 1920, height: 1080}
20:57:46.336         | WorkRect for reshape: {x: 0, y: 0, width: 1920, height: 1080, flags: 0}
20:57:46.341         | ResizeBuffers(Width = 1920, Height = 1080, Flags = 0x802)
20:57:47.170  WARNING| NVIDIA NGX not available on this hardware/platform., code = 0xbad00001, info: NVSDK_NGX_Result_FAIL_FeatureNotSupported
20:57:47.274         | Main view color buffer size changed to: {width: 1920, height: 1080}
20:57:51.767         | Gpu temperature: 47
20:57:51.767         | Gpu P-State: 8
20:57:53.061         | Initial settings:
    r_vsync = 0
    MainView.RenderScale = 1
    r_textureQuality = 1
    r_anisoLevel = 4
    car_skidmarks = 2
    cl_debrisQuality = 1
    cl_shellsQuality = 0
    Client.LightsQuality = 0
    Game.ImpactDecals = 1
    g_lodDistanceFactor = 100
    g_grassDensity = 0.35
    MainView.GrassMaxDistance = 300
    Client.PostEffectAntiAliasing = FxaaLow
    MainView.EnableShadows = 1
    MainView.EnableShadowsFiltering = 0
    MainView.ShadowMapResolution = 512
    MainView.LightsShadowsQuality = 1
    MainView.SSAO = 0
    Particles.RateFactorPreset = 1
    Client.UltraLowQuality = 0
    MainView.LightShaft = 1
    MainView.FSR = 0
    MainView.FSR.Sharpness = 0.2
    MainView.TAA = 0
    MainView.Sharpness = 2
    MainView.GI = 0
    MainView.SSLR = 2
    MainView.SSLR.Mode = 1
    MainView.ContactShadows = 2
    MainView.MotionBlur = 0
    MainView.MotionBlur.Intensity = 0.5
    MainView.PostProcessing.LensFlare = 1
    MainView.PostProcessing.Vignetting = 1
    MainView.DLSS.Mode = 1
    MainView.DLSS.RegularSharpness = 1

20:58:23.944         | Gpu temperature: 68
20:58:23.944         | Gpu P-State: 0
20:59:23.738         | Gpu temperature: 74
20:59:23.739         | Gpu P-State: 0
21:00:23.707         | Gpu temperature: 74
21:00:23.707         | Gpu P-State: 0
21:01:23.699         | Gpu temperature: 75
21:01:23.699         | Gpu P-State: 0
21:02:23.695         | Gpu temperature: 76
21:02:23.695         | Gpu P-State: 0
21:03:23.699         | Gpu temperature: 77
21:03:23.699         | Gpu P-State: 0
21:04:23.686         | Gpu temperature: 78
21:04:23.686         | Gpu P-State: 0
21:04:48.558         | Gpu temperature: 76
21:04:48.558         | Gpu P-State: 0
21:05:18.607         | Gpu temperature: 78
21:05:18.607         | Gpu P-State: 0
21:06:18.591         | Gpu temperature: 78
21:06:18.591         | Gpu P-State: 0
21:07:18.598         | Gpu temperature: 78
21:07:18.598         | Gpu P-State: 0
21:08:18.535         | Gpu temperature: 77
21:08:18.535         | Gpu P-State: 0
21:09:18.542         | Gpu temperature: 77
21:09:18.542         | Gpu P-State: 0
21:10:18.545         | Gpu temperature: 77
21:10:18.545         | Gpu P-State: 0
21:11:18.521         | Gpu temperature: 78
21:11:18.521         | Gpu P-State: 0
21:12:18.522         | Gpu temperature: 78
21:12:18.522         | Gpu P-State: 0
21:13:18.521         | Gpu temperature: 78
21:13:18.521         | Gpu P-State: 0
21:14:18.444         | Gpu temperature: 79
21:14:18.444         | Gpu P-State: 0
21:15:18.297         | Gpu temperature: 79
21:15:18.297         | Gpu P-State: 0
21:15:33.345         | Gpu temperature: 77
21:15:33.346         | Gpu P-State: 0
21:16:06.792         | Gpu temperature: 80
21:16:06.792         | Gpu P-State: 0
21:17:06.512         | Gpu temperature: 80
21:17:06.512         | Gpu P-State: 0
21:18:06.236         | Gpu temperature: 80
21:18:06.236         | Gpu P-State: 0
21:18:58.382         | Gpu temperature: 81
21:18:58.382         | Gpu P-State: 0
21:19:58.272         | Gpu temperature: 82
21:19:58.272         | Gpu P-State: 0
21:20:58.163         | Gpu temperature: 82
21:20:58.163         | Gpu P-State: 0
21:21:58.059         | Gpu temperature: 83
21:21:58.059         | Gpu P-State: 0
21:22:57.926         | Gpu temperature: 83
21:22:57.926         | Gpu P-State: 0
21:23:57.807         | Gpu temperature: 83
21:23:57.807         | Gpu P-State: 0
21:24:57.572         | Gpu temperature: 84
21:24:57.572         | Gpu P-State: 0
21:25:57.634         | Gpu temperature: 72
21:25:57.634         | Gpu P-State: 3
21:26:57.691         | Gpu temperature: 73
21:26:57.691         | Gpu P-State: 5
21:27:57.699         | Gpu temperature: 64
21:27:57.699         | Gpu P-State: 0
21:28:57.755         | Gpu temperature: 68
21:28:57.755         | Gpu P-State: 0
21:29:57.697         | Gpu temperature: 78
21:29:57.697         | Gpu P-State: 0
21:30:57.681         | Gpu temperature: 81
21:30:57.681         | Gpu P-State: 0
21:31:57.661         | Gpu temperature: 82
21:31:57.661         | Gpu P-State: 0
21:32:57.636         | Gpu temperature: 82
21:32:57.636         | Gpu P-State: 0
21:33:57.625         | Gpu temperature: 83
21:33:57.625         | Gpu P-State: 0
21:34:57.595         | Gpu temperature: 83
21:34:57.595         | Gpu P-State: 0
21:35:57.592         | Gpu temperature: 83
21:35:57.592         | Gpu P-State: 0
21:36:57.593         | Gpu temperature: 83
21:36:57.593         | Gpu P-State: 0
21:37:57.584         | Gpu temperature: 84
21:37:57.585         | Gpu P-State: 0
21:38:57.570         | Gpu temperature: 84
21:38:57.570         | Gpu P-State: 0
21:39:57.619         | Gpu temperature: 83
21:39:57.619         | Gpu P-State: 0
21:40:57.584         | Gpu temperature: 84
21:40:57.585         | Gpu P-State: 0
21:41:57.540         | Gpu temperature: 83
21:41:57.540         | Gpu P-State: 0
21:42:57.510         | Gpu temperature: 84
21:42:57.510         | Gpu P-State: 0
21:43:52.248         | Gpu temperature: 76
21:43:52.248         | Gpu P-State: 3
21:43:55.753         | Gpu temperature: 77
21:43:55.753         | Gpu P-State: 3
21:44:55.791         | Gpu temperature: 77
21:44:55.792         | Gpu P-State: 3
21:45:55.782         | Gpu temperature: 76
21:45:55.782         | Gpu P-State: 3
21:46:55.792         | Gpu temperature: 74
21:46:55.792         | Gpu P-State: 3
21:47:17.855         | Gpu temperature: 73
21:47:17.855         | Gpu P-State: 3
21:47:37.586         | Gpu temperature: 73
21:47:37.587         | Gpu P-State: 3
21:48:37.592         | Gpu temperature: 75
21:48:37.592         | Gpu P-State: 3
21:49:37.596         | Gpu temperature: 74
21:49:37.596         | Gpu P-State: 3
21:50:37.598         | Gpu temperature: 73
21:50:37.598         | Gpu P-State: 3
21:51:04.236         | Gpu temperature: 73
21:51:04.236         | Gpu P-State: 3
21:51:21.339         | Gpu temperature: 74
21:51:21.339         | Gpu P-State: 3
21:52:21.498         | Gpu temperature: 75
21:52:21.498         | Gpu P-State: 3
21:53:21.572         | Gpu temperature: 74
21:53:21.572         | Gpu P-State: 3
21:54:14.062         | Gpu temperature: 71
21:54:14.062         | Gpu P-State: 3
21:55:14.062         | Gpu temperature: 70
21:55:14.062         | Gpu P-State: 3
21:56:14.069         | Gpu temperature: 71
21:56:14.069         | Gpu P-State: 3
21:57:14.069         | Gpu temperature: 72
21:57:14.069         | Gpu P-State: 3
21:58:14.031         | Gpu temperature: 70
21:58:14.031         | Gpu P-State: 3
21:59:14.092         | Gpu temperature: 59
21:59:14.092         | Gpu P-State: 3
22:00:14.099         | Gpu temperature: 55
22:00:14.100         | Gpu P-State: 5
22:00:40.000         | Gpu temperature: 58
22:00:40.000         | Gpu P-State: 3
22:01:29.727         | Gpu temperature: 68
22:01:29.727         | Gpu P-State: 3
22:02:29.731         | Gpu temperature: 70
22:02:29.731         | Gpu P-State: 3
22:03:26.851         | Gpu temperature: 68
22:03:26.851         | Gpu P-State: 3
22:03:40.885         | Gpu temperature: 69
22:03:40.885         | Gpu P-State: 3
22:04:36.061         | Gpu temperature: 61
22:04:36.061         | Gpu P-State: 3
22:05:36.108         | Gpu temperature: 54
22:05:36.108         | Gpu P-State: 3
22:06:36.220         | Gpu temperature: 52
22:06:36.220         | Gpu P-State: 8
22:07:36.235         | Gpu temperature: 53
22:07:36.235         | Gpu P-State: 3
22:08:36.290         | Gpu temperature: 52
22:08:36.290         | Gpu P-State: 5
22:09:36.327         | Gpu temperature: 51
22:09:36.328         | Gpu P-State: 5
22:10:36.346         | Gpu temperature: 54
22:10:36.346         | Gpu P-State: 3
22:11:36.362         | Gpu temperature: 53
22:11:36.362         | Gpu P-State: 5
22:12:36.341         | Gpu temperature: 53
22:12:36.341         | Gpu P-State: 3
22:13:36.377         | Gpu temperature: 53
22:13:36.377         | Gpu P-State: 5
22:14:36.424         | Gpu temperature: 60
22:14:36.424         | Gpu P-State: 5
22:15:36.464         | Gpu temperature: 63
22:15:36.464         | Gpu P-State: 3
22:16:36.510         | Gpu temperature: 61
22:16:36.510         | Gpu P-State: 5
22:17:36.548         | Gpu temperature: 62
22:17:36.548         | Gpu P-State: 5
22:18:36.572         | Gpu temperature: 61
22:18:36.572         | Gpu P-State: 5
22:19:36.608         | Gpu temperature: 62
22:19:36.608         | Gpu P-State: 5
22:20:24.971         | Gpu temperature: 67
22:20:24.971         | Gpu P-State: 3
22:20:43.740         | Gpu temperature: 65
22:20:43.740         | Gpu P-State: 3
22:21:01.768         | Gpu temperature: 68
22:21:01.768         | Gpu P-State: 3
22:21:51.063         | Gpu temperature: 70
22:21:51.063         | Gpu P-State: 3
22:22:51.002         | Gpu temperature: 71
22:22:51.002         | Gpu P-State: 3
22:23:43.655         | Gpu temperature: 67
22:23:43.655         | Gpu P-State: 5
22:23:59.047         | Gpu temperature: 68
22:23:59.047         | Gpu P-State: 3
22:24:56.841         | Gpu temperature: 72
22:24:56.841         | Gpu P-State: 3
22:25:56.838         | Gpu temperature: 72
22:25:56.838         | Gpu P-State: 3
22:26:49.380         | Gpu temperature: 73
22:26:49.380         | Gpu P-State: 3
22:27:01.738         | Gpu temperature: 72
22:27:01.738         | Gpu P-State: 3
22:27:56.782         | Gpu temperature: 73
22:27:56.783         | Gpu P-State: 3
22:28:56.771         | Gpu temperature: 73
22:28:56.771         | Gpu P-State: 3
22:29:56.785         | Gpu temperature: 73
22:29:56.785         | Gpu P-State: 3
22:30:49.603         | Gpu temperature: 73
22:30:49.603         | Gpu P-State: 3
22:31:49.599         | Gpu temperature: 73
22:31:49.599         | Gpu P-State: 3
22:32:47.935         | Gpu temperature: 73
22:32:47.935         | Gpu P-State: 3
22:33:40.962         | Gpu temperature: 74
22:33:40.962         | Gpu P-State: 3
22:34:40.973         | Gpu temperature: 73
22:34:40.973         | Gpu P-State: 3
22:34:53.199         | Gpu temperature: 73
22:34:53.199         | Gpu P-State: 3
22:35:49.043         | Gpu temperature: 74
22:35:49.043         | Gpu P-State: 3
22:36:49.046         | Gpu temperature: 73
22:36:49.046         | Gpu P-State: 3
22:37:48.570         | Gpu temperature: 73
22:37:48.570         | Gpu P-State: 3
22:38:34.268         | Gpu temperature: 69
22:38:34.268         | Gpu P-State: 3
22:39:14.574         | Gpu temperature: 65
22:39:14.574         | Gpu P-State: 3
22:39:45.502         | Gpu temperature: 73
22:39:45.502         | Gpu P-State: 3
22:40:45.523         | Gpu temperature: 73
22:40:45.523         | Gpu P-State: 3
22:41:45.575         | Gpu temperature: 63
22:41:45.575         | Gpu P-State: 5
22:42:45.538         | Gpu temperature: 57
22:42:45.538         | Gpu P-State: 5
22:43:45.583         | Gpu temperature: 53
22:43:45.583         | Gpu P-State: 5
22:44:37.688         | Gpu temperature: 62
22:44:37.688         | Gpu P-State: 3
22:45:31.360         | Gpu temperature: 62
22:45:31.360         | Gpu P-State: 3
22:45:38.615         | Gpu temperature: 65
22:45:38.616         | Gpu P-State: 3
22:46:38.616         | Gpu temperature: 71
22:46:38.616         | Gpu P-State: 3
22:47:23.732         | Gpu temperature: 71
22:47:23.732         | Gpu P-State: 3
22:48:23.785         | Gpu temperature: 72
22:48:23.785         | Gpu P-State: 3
22:49:19.420         | Gpu temperature: 72
22:49:19.420         | Gpu P-State: 3
22:50:16.516         | Gpu temperature: 62
22:50:16.517         | Gpu P-State: 5
22:51:16.522         | Gpu temperature: 69
22:51:16.522         | Gpu P-State: 3
22:52:16.477         | Gpu temperature: 72
22:52:16.477         | Gpu P-State: 3
22:53:09.242         | Gpu temperature: 72
22:53:09.242         | Gpu P-State: 3
22:53:33.297         | Gpu temperature: 72
22:53:33.297         | Gpu P-State: 3
22:54:33.153         | Gpu temperature: 72
22:54:33.153         | Gpu P-State: 3
22:55:33.160         | Gpu temperature: 73
22:55:33.160         | Gpu P-State: 3
22:56:25.253         | Gpu temperature: 64
22:56:25.253         | Gpu P-State: 3
22:57:25.281         | Gpu temperature: 60
22:57:25.281         | Gpu P-State: 3
22:58:25.313         | Gpu temperature: 56
22:58:25.313         | Gpu P-State: 3
22:59:25.235         | Gpu temperature: 64
22:59:25.235         | Gpu P-State: 3
22:59:36.374         | Gpu temperature: 67
22:59:36.374         | Gpu P-State: 3
23:00:34.444         | Gpu temperature: 71
23:00:34.444         | Gpu P-State: 3
23:01:34.444         | Gpu temperature: 71
23:01:34.444         | Gpu P-State: 3
23:02:18.135         | Gpu temperature: 71
23:02:18.135         | Gpu P-State: 3
23:02:40.790         | Gpu temperature: 72
23:02:40.790         | Gpu P-State: 3
23:03:40.468         | Gpu temperature: 72
23:03:40.468         | Gpu P-State: 3
23:04:35.203         | Gpu temperature: 72
23:04:35.203         | Gpu P-State: 3
23:04:47.698         | Gpu temperature: 72
23:04:47.698         | Gpu P-State: 3
23:05:47.648         | Gpu temperature: 73
23:05:47.648         | Gpu P-State: 3
23:06:47.756         | Gpu temperature: 70
23:06:47.756         | Gpu P-State: 3
23:07:47.806         | Gpu temperature: 57
23:07:47.807         | Gpu P-State: 5
23:08:40.309         | Gpu temperature: 72
23:08:40.309         | Gpu P-State: 3
23:09:40.102         | Gpu temperature: 72
23:09:40.102         | Gpu P-State: 3
23:10:40.036         | Gpu temperature: 72
23:10:40.036         | Gpu P-State: 3
23:10:57.142         | Gpu temperature: 72
23:10:57.142         | Gpu P-State: 3
23:11:56.949         | Gpu temperature: 73
23:11:56.949         | Gpu P-State: 3
23:12:57.009         | Gpu temperature: 73
23:12:57.009         | Gpu P-State: 3
23:13:14.745         | Gpu temperature: 73
23:13:14.745         | Gpu P-State: 3
23:14:01.581         | Gpu temperature: 74
23:14:01.581         | Gpu P-State: 3
23:15:01.574         | Gpu temperature: 73
23:15:01.574         | Gpu P-State: 3
23:15:53.930         | Gpu temperature: 73
23:15:53.931         | Gpu P-State: 3
23:16:53.999         | Gpu temperature: 67
23:16:54.000         | Gpu P-State: 3
23:17:54.012         | Gpu temperature: 72
23:17:54.012         | Gpu P-State: 3
23:18:53.921         | Gpu temperature: 73
23:18:53.921         | Gpu P-State: 3
23:19:53.899         | Gpu temperature: 73
23:19:53.899         | Gpu P-State: 3
23:20:53.903         | Gpu temperature: 73
23:20:53.903         | Gpu P-State: 3
23:21:53.849         | Gpu temperature: 74
23:21:53.849         | Gpu P-State: 3
23:22:53.852         | Gpu temperature: 74
23:22:53.852         | Gpu P-State: 3
23:23:53.858         | Gpu temperature: 74
23:23:53.858         | Gpu P-State: 3
23:24:53.860         | Gpu temperature: 74
23:24:53.860         | Gpu P-State: 3
23:25:53.944         | Gpu temperature: 61
23:25:53.944         | Gpu P-State: 5
23:26:54.017         | Gpu temperature: 56
23:26:54.017         | Gpu P-State: 5
23:27:54.057         | Gpu temperature: 61
23:27:54.058         | Gpu P-State: 5
23:28:54.094         | Gpu temperature: 60
23:28:54.095         | Gpu P-State: 3
23:29:53.861         | Gpu temperature: 56
23:29:53.863         | Gpu P-State: 5
23:30:53.873         | Gpu temperature: 54
23:30:53.873         | Gpu P-State: 5
23:31:53.871         | Gpu temperature: 55
23:31:53.871         | Gpu P-State: 8
23:32:53.896         | Gpu temperature: 53
23:32:53.896         | Gpu P-State: 5
23:33:54.134         | Gpu temperature: 55
23:33:54.134         | Gpu P-State: 5
23:34:54.201         | Gpu temperature: 55
23:34:54.201         | Gpu P-State: 5
23:35:54.208         | Gpu temperature: 67
23:35:54.208         | Gpu P-State: 0
23:36:54.343         | Gpu temperature: 62
23:36:54.344         | Gpu P-State: 5
23:37:54.373         | Gpu temperature: 56
23:37:54.373         | Gpu P-State: 5
23:38:54.423         | Gpu temperature: 54
23:38:54.423         | Gpu P-State: 5
23:39:54.489         | Gpu temperature: 53
23:39:54.489         | Gpu P-State: 5
23:40:54.518         | Gpu temperature: 53
23:40:54.518         | Gpu P-State: 5
23:41:54.536         | Gpu temperature: 53
23:41:54.536         | Gpu P-State: 5
23:42:54.546         | Gpu temperature: 56
23:42:54.546         | Gpu P-State: 5
23:43:54.571         | Gpu temperature: 56
23:43:54.571         | Gpu P-State: 5
23:44:54.589         | Gpu temperature: 55
23:44:54.589         | Gpu P-State: 5
23:45:54.603         | Gpu temperature: 56
23:45:54.603         | Gpu P-State: 5
23:46:54.688         | Gpu temperature: 58
23:46:54.688         | Gpu P-State: 0
23:47:54.706         | Gpu temperature: 57
23:47:54.706         | Gpu P-State: 5
23:48:54.776         | Gpu temperature: 58
23:48:54.776         | Gpu P-State: 0
23:49:49.853         | Gpu temperature: 61
23:49:49.853         | Gpu P-State: 3
23:50:26.097         | Gpu temperature: 70
23:50:26.097         | Gpu P-State: 5
23:51:24.181         | Gpu temperature: 74
23:51:24.181         | Gpu P-State: 0
23:52:24.185         | Gpu temperature: 74
23:52:24.185         | Gpu P-State: 0
23:53:21.777         | Gpu temperature: 73
23:53:21.777         | Gpu P-State: 0
23:54:16.752         | Gpu temperature: 63
23:54:16.752         | Gpu P-State: 0
23:55:16.785         | Gpu temperature: 59
23:55:16.785         | Gpu P-State: 5
23:56:16.846         | Gpu temperature: 59
23:56:16.846         | Gpu P-State: 0
23:57:16.894         | Gpu temperature: 56
23:57:16.894         | Gpu P-State: 5
23:58:16.943         | Gpu temperature: 55
23:58:16.943         | Gpu P-State: 0
23:59:15.589         | Gpu temperature: 53
23:59:15.589         | Gpu P-State: 5

--- Date: 2023-7-25 (Tue Jul 2023) UTC+03:00

00:00:15.640         | Gpu temperature: 54
00:00:15.641         | Gpu P-State: 3
00:01:15.674         | Gpu temperature: 54
00:01:15.674         | Gpu P-State: 0
00:02:15.718         | Gpu temperature: 54
00:02:15.718         | Gpu P-State: 5
00:03:15.750         | Gpu temperature: 53
00:03:15.750         | Gpu P-State: 5
00:04:15.782         | Gpu temperature: 54
00:04:15.782         | Gpu P-State: 5
00:05:15.833         | Gpu temperature: 54
00:05:15.833         | Gpu P-State: 5
00:06:15.865         | Gpu temperature: 54
00:06:15.865         | Gpu P-State: 5
00:07:14.936         | Gpu temperature: 55
00:07:14.936         | Gpu P-State: 0
00:08:14.974         | Gpu temperature: 55
00:08:14.974         | Gpu P-State: 0
00:09:08.978         | Gpu temperature: 64
00:09:08.978         | Gpu P-State: 0
00:09:15.491         | Gpu temperature: 67
00:09:15.491         | Gpu P-State: 0
00:10:10.082         | Gpu temperature: 56
00:10:10.082         | Gpu P-State: 5
00:11:09.552         | Gpu temperature: 62
00:11:09.552         | Gpu P-State: 0
00:12:09.585         | Gpu temperature: 56
00:12:09.585         | Gpu P-State: 5
00:13:09.631         | Gpu temperature: 63
00:13:09.632         | Gpu P-State: 5
00:14:09.568         | Gpu temperature: 73
00:14:09.569         | Gpu P-State: 3
00:14:24.106         | Gpu temperature: 71
00:14:24.106         | Gpu P-State: 0
00:15:07.834         | Gpu temperature: 74
00:15:07.834         | Gpu P-State: 0
00:16:00.351         | Gpu temperature: 75
00:16:00.351         | Gpu P-State: 0
00:16:30.295         | Gpu temperature: 70
00:16:30.295         | Gpu P-State: 5
00:16:30.522         | Gpu temperature: 70
00:16:30.522         | Gpu P-State: 5
00:17:15.332         | Gpu temperature: 75
00:17:15.332         | Gpu P-State: 0
00:17:33.125         | Gpu temperature: 74
00:17:33.126         | Gpu P-State: 0
00:18:12.666         | Gpu temperature: 74
00:18:12.666         | Gpu P-State: 0
00:19:12.764         | Gpu temperature: 74
00:19:12.764         | Gpu P-State: 0
00:19:28.768         | Gpu temperature: 74
00:19:28.768         | Gpu P-State: 0
00:19:35.497         | Gpu temperature: 74
00:19:35.497         | Gpu P-State: 0
00:19:39.755         | Gpu temperature: 74
00:19:39.755         | Gpu P-State: 0
00:20:37.369         | Gpu temperature: 59
00:20:37.369         | Gpu P-State: 5
00:21:07.960         | Gpu temperature: 64
00:21:07.960         | Gpu P-State: 0
00:21:44.238         | Gpu temperature: 74
00:21:44.238         | Gpu P-State: 0
00:22:43.951         | Gpu temperature: 74
00:22:43.951         | Gpu P-State: 0
00:23:43.934         | Gpu temperature: 74
00:23:43.935         | Gpu P-State: 0
00:24:43.846         | Gpu temperature: 75
00:24:43.846         | Gpu P-State: 0
00:25:43.856         | Gpu temperature: 75
00:25:43.856         | Gpu P-State: 0
00:26:43.901         | Gpu temperature: 75
00:26:43.901         | Gpu P-State: 0
00:27:43.830         | Gpu temperature: 75
00:27:43.830         | Gpu P-State: 0
00:28:36.446         | Gpu temperature: 74
00:28:36.446         | Gpu P-State: 0
00:29:36.351         | Gpu temperature: 76
00:29:36.353         | Gpu P-State: 0
00:30:36.314         | Gpu temperature: 77
00:30:36.314         | Gpu P-State: 0
00:31:36.369         | Gpu temperature: 74
00:31:36.369         | Gpu P-State: 0
00:32:36.371         | Gpu temperature: 79
00:32:36.371         | Gpu P-State: 0
00:33:36.426         | Gpu temperature: 71
00:33:36.426         | Gpu P-State: 0
00:33:51.452         | Gpu temperature: 72
00:33:51.452         | Gpu P-State: 0
00:34:41.087         | Gpu temperature: 75
00:34:41.087         | Gpu P-State: 0
00:35:41.083         | Gpu temperature: 76
00:35:41.083         | Gpu P-State: 0
00:36:41.093         | Gpu temperature: 77
00:36:41.093         | Gpu P-State: 0
00:37:33.631         | Gpu temperature: 79
00:37:33.631         | Gpu P-State: 0
00:38:33.475         | Gpu temperature: 80
00:38:33.475         | Gpu P-State: 0
00:39:33.356         | Gpu temperature: 81
00:39:33.356         | Gpu P-State: 0
00:40:21.598         | Gpu temperature: 78
00:40:21.598         | Gpu P-State: 0
00:40:48.628         | Gpu temperature: 78
00:40:48.628         | Gpu P-State: 0
00:41:48.591         | Gpu temperature: 78
00:41:48.592         | Gpu P-State: 0
00:42:48.444         | Gpu temperature: 78
00:42:48.444         | Gpu P-State: 0
00:43:48.459         | Gpu temperature: 72
00:43:48.459         | Gpu P-State: 5
00:44:48.268         | Gpu temperature: 77
00:44:48.268         | Gpu P-State: 0
00:45:48.237         | Gpu temperature: 77
00:45:48.237         | Gpu P-State: 0
00:46:48.330         | Gpu temperature: 77
00:46:48.331         | Gpu P-State: 0
00:47:48.389         | Gpu temperature: 77
00:47:48.390         | Gpu P-State: 0
00:48:48.392         | Gpu temperature: 77
00:48:48.392         | Gpu P-State: 0
00:49:48.406         | Gpu temperature: 78
00:49:48.406         | Gpu P-State: 0
00:50:48.417         | Gpu temperature: 78
00:50:48.417         | Gpu P-State: 0
00:51:48.418         | Gpu temperature: 77
00:51:48.418         | Gpu P-State: 0
00:52:48.413         | Gpu temperature: 78
00:52:48.413         | Gpu P-State: 0
00:53:48.429         | Gpu temperature: 77
00:53:48.429         | Gpu P-State: 0
00:54:48.402         | Gpu temperature: 77
00:54:48.402         | Gpu P-State: 0
00:55:48.503         | Gpu temperature: 70
00:55:48.503         | Gpu P-State: 8
00:56:48.605         | Gpu temperature: 74
00:56:48.605         | Gpu P-State: 0
00:57:48.616         | Gpu temperature: 77
00:57:48.616         | Gpu P-State: 0
00:58:48.648         | Gpu temperature: 77
00:58:48.648         | Gpu P-State: 0
00:59:48.678         | Gpu temperature: 77
00:59:48.678         | Gpu P-State: 0
01:00:48.747         | Gpu temperature: 76
01:00:48.747         | Gpu P-State: 0
01:01:48.813         | Gpu temperature: 76
01:01:48.813         | Gpu P-State: 0
01:02:42.290         | Gpu temperature: 75
01:02:42.290         | Gpu P-State: 0
01:03:41.440         | Gpu temperature: 71
01:03:41.440         | Gpu P-State: 0
01:04:40.733         | Gpu temperature: 77
01:04:40.733         | Gpu P-State: 0
01:05:11.487         | Gpu temperature: 76
01:05:11.487         | Gpu P-State: 0
01:05:51.605         | Gpu temperature: 72
01:05:51.605         | Gpu P-State: 3
01:06:15.800         | Gpu temperature: 75
01:06:15.800         | Gpu P-State: 0
01:06:19.140         | Gpu temperature: 76
01:06:19.140         | Gpu P-State: 0
01:07:19.104         | Gpu temperature: 76
01:07:19.104         | Gpu P-State: 0
01:08:19.121         | Gpu temperature: 76
01:08:19.121         | Gpu P-State: 0
01:09:11.826         | Gpu temperature: 78
01:09:11.826         | Gpu P-State: 0
01:09:48.937         | Gpu temperature: 74
01:09:48.937         | Gpu P-State: 0
01:10:20.945         | Gpu temperature: 74
01:10:20.945         | Gpu P-State: 0
01:11:20.960         | Gpu temperature: 76
01:11:20.960         | Gpu P-State: 0
01:11:44.033         | Gpu temperature: 75
01:11:44.033         | Gpu P-State: 0
01:12:26.521         | Gpu temperature: 75
01:12:26.521         | Gpu P-State: 0
01:13:26.485         | Gpu temperature: 75
01:13:26.486         | Gpu P-State: 0
01:14:24.981         | Gpu temperature: 75
01:14:24.981         | Gpu P-State: 0
01:14:54.584         | Gpu temperature: 74
01:14:54.584         | Gpu P-State: 0
01:15:54.611         | Gpu temperature: 75
01:15:54.611         | Gpu P-State: 0
01:16:54.611         | Gpu temperature: 77
01:16:54.611         | Gpu P-State: 0
01:17:14.347         | Gpu temperature: 76
01:17:14.347         | Gpu P-State: 0
01:17:55.910         | Gpu temperature: 76
01:17:55.910         | Gpu P-State: 0
01:18:55.941         | Gpu temperature: 75
01:18:55.941         | Gpu P-State: 0
01:19:48.647         | Gpu temperature: 78
01:19:48.647         | Gpu P-State: 0
01:19:55.844         | Gpu temperature: 75
01:19:55.844         | Gpu P-State: 3
01:20:54.820         | Gpu temperature: 76
01:20:54.820         | Gpu P-State: 0
01:21:49.246         | Gpu temperature: 75
01:21:49.246         | Gpu P-State: 0
01:22:47.651         | Gpu temperature: 67
01:22:47.651         | Gpu P-State: 5
01:23:47.699         | Gpu temperature: 58
01:23:47.700         | Gpu P-State: 0
01:24:44.281         | Gpu temperature: 64
01:24:44.281         | Gpu P-State: 0
01:25:26.106         | Gpu temperature: 75
01:25:26.106         | Gpu P-State: 0
01:26:26.094         | Gpu temperature: 74
01:26:26.095         | Gpu P-State: 0
01:27:24.835         | Gpu temperature: 74
01:27:24.835         | Gpu P-State: 0
01:27:38.641         | Gpu temperature: 74
01:27:38.641         | Gpu P-State: 0
01:28:38.516         | Gpu temperature: 75
01:28:38.516         | Gpu P-State: 0
01:29:38.450         | Gpu temperature: 76
01:29:38.450         | Gpu P-State: 0
01:30:29.423         | Gpu temperature: 69
01:30:29.423         | Gpu P-State: 0
01:30:56.683         | Gpu temperature: 74
01:30:56.683         | Gpu P-State: 0
01:31:56.695         | Gpu temperature: 75
01:31:56.695         | Gpu P-State: 0
01:32:49.101         | Gpu temperature: 77
01:32:49.101         | Gpu P-State: 0
01:33:48.934         | Gpu temperature: 78
01:33:48.935         | Gpu P-State: 0
01:34:48.597         | Gpu temperature: 78
01:34:48.597         | Gpu P-State: 0
01:35:02.593         | Gpu temperature: 77
01:35:02.593         | Gpu P-State: 0
01:35:21.078         | Gpu temperature: 78
01:35:21.079         | Gpu P-State: 0
01:35:57.789         | Gpu temperature: 76
01:35:57.789         | Gpu P-State: 0
01:35:58.033         | Gpu temperature: 76
01:35:58.034         | Gpu P-State: 0
01:36:33.623         | Gpu temperature: 78
01:36:33.623         | Gpu P-State: 0
01:37:33.657         | Gpu temperature: 78
01:37:33.657         | Gpu P-State: 0
01:38:33.604         | Gpu temperature: 78
01:38:33.604         | Gpu P-State: 0
01:39:33.550         | Gpu temperature: 78
01:39:33.550         | Gpu P-State: 0
01:40:33.585         | Gpu temperature: 78
01:40:33.585         | Gpu P-State: 0
01:41:13.458         | Gpu temperature: 77
01:41:13.458         | Gpu P-State: 0
01:41:33.412         | Gpu temperature: 77
01:41:33.412         | Gpu P-State: 0
01:42:33.518         | Gpu temperature: 77
01:42:33.518         | Gpu P-State: 0
01:43:33.552         | Gpu temperature: 77
01:43:33.552         | Gpu P-State: 0
01:44:33.549         | Gpu temperature: 77
01:44:33.549         | Gpu P-State: 0
01:45:33.588         | Gpu temperature: 77
01:45:33.588         | Gpu P-State: 0
01:46:33.621         | Gpu temperature: 78
01:46:33.621         | Gpu P-State: 0
01:47:34.046         | Gpu temperature: 77
01:47:34.047         | Gpu P-State: 0
01:48:34.442         | Gpu temperature: 78
01:48:34.442         | Gpu P-State: 0
01:49:34.484         | Gpu temperature: 77
01:49:34.484         | Gpu P-State: 0
01:50:34.548         | Gpu temperature: 76
01:50:34.548         | Gpu P-State: 0
01:51:34.549         | Gpu temperature: 76
01:51:34.549         | Gpu P-State: 0
01:52:34.649         | Gpu temperature: 76
01:52:34.649         | Gpu P-State: 0
01:53:34.682         | Gpu temperature: 76
01:53:34.682         | Gpu P-State: 0
01:54:34.688         | Gpu temperature: 76
01:54:34.688         | Gpu P-State: 0
01:55:34.679         | Gpu temperature: 76
01:55:34.679         | Gpu P-State: 0
01:56:27.380         | Gpu temperature: 76
01:56:27.380         | Gpu P-State: 0
01:57:27.243         | Gpu temperature: 81
01:57:27.243         | Gpu P-State: 0
