
--- Date: 2023-7-23 (Sun Jul 2023) UTC+03:00

23:24:37.347         | CreateDevice() using 'NVIDIA GeForce GTX 1650' adapter
23:24:37.347         | Adapter vendorId:                0x10de
23:24:37.347         | Adapter deviceId:                0x1f99
23:24:37.348         | Adapter driver date:             20.7.2022
23:24:37.348         | Adapter driver version:          31.00.15.1691
23:24:37.348         | Adapter dedicated video memory:  4154458112
23:24:37.348         | Adapter dedicated system memory: 0
23:24:37.348         | Adapter shared system memory:    4209512448
23:24:37.462         | NvApi initialized. Interface version: NVidia Complete Version 1.10. Driver version: 51691. Build branch: r515_00
23:24:39.057         | Driver features:
23:24:39.057         | 	DriverConcurrentCreates: true
23:24:39.057         | 	DriverCommandLists: true
23:24:39.057         | 	MapNoOverwriteOnDynamicConstantBuffer: true
23:24:39.057         | 	MapNoOverwriteOnDynamicSrv: true
23:24:39.057         | Gpu counters activated
23:24:39.057         | 
23:24:39.057         | ------------ Autodetecting defaults ------------
23:24:39.057         | OS: Windows 10 Home 22H2 (10.0.22621.1848) x64
23:24:39.057         | CPU: Intel(R) Core(TM) i5-10300H CPU @ 2.50GHz
23:24:39.057         | CPU cores: 4
23:24:39.057         | CPU threads: 8
23:24:39.057         | RAM: 8029 MB
23:24:39.057         | Memory Load: 66%
23:24:39.057         | Page File: 8839 MB used, 19358 MB available
23:24:39.057         | Log disk free space: 58.5 GB (24.12%)
23:24:39.057         | GPU: NVIDIA GeForce GTX 1650
23:24:39.057         | VRAM: 3962 MB
23:24:39.057         | Feature level: 11_1
23:24:39.057         | Auto-detected default graphics quality: [Good]
23:24:39.057         | ------------------------------------------------
23:24:39.057         | 
23:24:39.164         | CreateSwapChain(ModeDesc.Width = 1422, ModeDesc.Height = 693, BufferCount = 2, Flags = 0x802, SwapEffect = FlipSequential)
23:24:40.210         | Gpu temperature: 49
23:24:40.210         | Gpu P-State: 0
23:24:40.210         | ResizeBuffers(Width = 1422, Height = 720, Flags = 0x802)
23:24:40.228         | ChangeMode(DeviceMode(0, 0, 0, 0), BorderlessFullscreen, prevMode: Windowed)
23:24:40.269         | OutputRect: {x: 0, y: 0, width: 1920, height: 1080}
23:24:40.269         | WorkRect for reshape: {x: 0, y: 0, width: 1920, height: 1080, flags: 0}
23:24:40.272         | ResizeBuffers(Width = 1920, Height = 1080, Flags = 0x802)
23:24:41.045  WARNING| NVIDIA NGX not available on this hardware/platform., code = 0xbad00001, info: NVSDK_NGX_Result_FAIL_FeatureNotSupported
23:24:41.083         | Main view color buffer size changed to: {width: 1920, height: 1080}
23:24:45.244         | Gpu temperature: 48
23:24:45.244         | Gpu P-State: 8
23:24:46.336         | Initial settings:
    r_vsync = 0
    MainView.RenderScale = 1
    r_textureQuality = 1
    r_anisoLevel = 4
    car_skidmarks = 2
    cl_debrisQuality = 1
    cl_shellsQuality = 0
    Client.LightsQuality = 0
    Game.ImpactDecals = 1
    g_lodDistanceFactor = 100
    g_grassDensity = 0.35
    MainView.GrassMaxDistance = 300
    Client.PostEffectAntiAliasing = FxaaLow
    MainView.EnableShadows = 1
    MainView.EnableShadowsFiltering = 0
    MainView.ShadowMapResolution = 512
    MainView.LightsShadowsQuality = 1
    MainView.SSAO = 0
    Particles.RateFactorPreset = 1
    Client.UltraLowQuality = 0
    MainView.LightShaft = 1
    MainView.FSR = 0
    MainView.FSR.Sharpness = 0.2
    MainView.TAA = 0
    MainView.Sharpness = 2
    MainView.GI = 0
    MainView.SSLR = 2
    MainView.SSLR.Mode = 1
    MainView.ContactShadows = 2
    MainView.MotionBlur = 0
    MainView.MotionBlur.Intensity = 0.5
    MainView.PostProcessing.LensFlare = 1
    MainView.PostProcessing.Vignetting = 1
    MainView.DLSS.Mode = 1
    MainView.DLSS.RegularSharpness = 1

23:25:13.826         | Gpu temperature: 63
23:25:13.826         | Gpu P-State: 0
23:25:13.993         | Gpu temperature: 63
23:25:13.993         | Gpu P-State: 0
23:26:08.716         | Gpu temperature: 74
23:26:08.716         | Gpu P-State: 0
23:27:08.421         | Gpu temperature: 74
23:27:08.421         | Gpu P-State: 0
23:28:08.647         | Gpu temperature: 74
23:28:08.647         | Gpu P-State: 0
23:29:08.704         | Gpu temperature: 74
23:29:08.705         | Gpu P-State: 0
23:30:09.372         | Gpu temperature: 75
23:30:09.372         | Gpu P-State: 0
23:31:10.122         | Gpu temperature: 76
23:31:10.122         | Gpu P-State: 0
23:32:10.423         | Gpu temperature: 77
23:32:10.423         | Gpu P-State: 0
23:33:10.727         | Gpu temperature: 77
23:33:10.727         | Gpu P-State: 0
23:33:25.126         | Gpu temperature: 75
23:33:25.126         | Gpu P-State: 0
23:33:43.948         | Gpu temperature: 77
23:33:43.948         | Gpu P-State: 0
23:34:44.235         | Gpu temperature: 77
23:34:44.235         | Gpu P-State: 0
23:35:44.228         | Gpu temperature: 77
23:35:44.228         | Gpu P-State: 0
23:36:44.226         | Gpu temperature: 78
23:36:44.226         | Gpu P-State: 0
23:37:44.122         | Gpu temperature: 77
23:37:44.122         | Gpu P-State: 0
23:38:44.942         | Gpu temperature: 77
23:38:44.942         | Gpu P-State: 0
23:39:45.859         | Gpu temperature: 77
23:39:45.859         | Gpu P-State: 0
23:40:45.965         | Gpu temperature: 78
23:40:45.965         | Gpu P-State: 0
23:41:46.352         | Gpu temperature: 78
23:41:46.352         | Gpu P-State: 0
23:42:39.262         | Gpu temperature: 80
23:42:39.262         | Gpu P-State: 0
23:43:39.263         | Gpu temperature: 81
23:43:39.263         | Gpu P-State: 0
23:44:39.313         | Gpu temperature: 76
23:44:39.313         | Gpu P-State: 0
23:45:39.241         | Gpu temperature: 81
23:45:39.241         | Gpu P-State: 0
23:46:39.139         | Gpu temperature: 82
23:46:39.139         | Gpu P-State: 0
23:47:36.386         | Gpu temperature: 80
23:47:36.386         | Gpu P-State: 0
23:47:37.516         | Gpu temperature: 81
23:47:37.517         | Gpu P-State: 0
23:48:30.318         | Gpu temperature: 82
23:48:30.318         | Gpu P-State: 0
23:49:23.328         | Gpu temperature: 80
23:49:23.328         | Gpu P-State: 0
23:50:23.391         | Gpu temperature: 79
23:50:23.391         | Gpu P-State: 0
23:51:22.771         | Gpu temperature: 80
23:51:22.771         | Gpu P-State: 0
23:52:15.297         | Gpu temperature: 82
23:52:15.297         | Gpu P-State: 0
23:53:15.173         | Gpu temperature: 83
23:53:15.173         | Gpu P-State: 0
23:54:15.163         | Gpu temperature: 84
23:54:15.163         | Gpu P-State: 0
23:55:14.988         | Gpu temperature: 82
23:55:14.988         | Gpu P-State: 0
23:55:22.632         | Gpu temperature: 80
23:55:22.632         | Gpu P-State: 0
23:56:08.056         | Gpu temperature: 81
23:56:08.056         | Gpu P-State: 0
23:57:08.057         | Gpu temperature: 80
23:57:08.057         | Gpu P-State: 0
23:57:44.505         | Gpu temperature: 79
23:57:44.505         | Gpu P-State: 0
23:58:07.317         | Gpu temperature: 81
23:58:07.317         | Gpu P-State: 0
23:59:07.411         | Gpu temperature: 81
23:59:07.411         | Gpu P-State: 0

--- Date: 2023-7-24 (Mon Jul 2023) UTC+03:00

00:00:05.925         | Gpu temperature: 77
00:00:05.925         | Gpu P-State: 0
00:00:59.855         | Gpu temperature: 84
00:00:59.855         | Gpu P-State: 0
00:01:59.735         | Gpu temperature: 84
00:01:59.735         | Gpu P-State: 0
00:02:59.638         | Gpu temperature: 78
00:02:59.638         | Gpu P-State: 3
00:03:32.668         | Gpu temperature: 74
00:03:32.668         | Gpu P-State: 3
00:03:52.086         | Gpu temperature: 76
00:03:52.086         | Gpu P-State: 3
00:04:52.108         | Gpu temperature: 76
00:04:52.108         | Gpu P-State: 3
00:05:52.113         | Gpu temperature: 76
00:05:52.113         | Gpu P-State: 3
00:06:44.554         | Gpu temperature: 72
00:06:44.554         | Gpu P-State: 3
00:07:44.541         | Gpu temperature: 70
00:07:44.541         | Gpu P-State: 3
00:08:44.494         | Gpu temperature: 69
00:08:44.494         | Gpu P-State: 3
00:09:44.388         | Gpu temperature: 71
00:09:44.388         | Gpu P-State: 3
00:10:44.377         | Gpu temperature: 72
00:10:44.377         | Gpu P-State: 3
00:11:44.380         | Gpu temperature: 72
00:11:44.380         | Gpu P-State: 3
00:12:44.198         | Gpu temperature: 71
00:12:44.198         | Gpu P-State: 3
